2024-11-07 14:02:35.7207 loggerfile request https://localhost:44367/api/productos/bodegas 
2024-11-07 14:02:37.7418 loggerfile request https://localhost:44367/api/documentos/listpicking?bodegacode=TOLEDO&estado=A 
2024-11-07 14:02:47.4715 loggerfile request https://localhost:44367/api/documentos/8090?doctipo=2010 
2024-11-07 14:02:47.9956 loggerfile request https://localhost:44367/api/documentos/412468?doctipo=10 
2024-11-07 14:02:55.8791 loggerfile request https://localhost:44367/api/documentos/8090?doctipo=2010 
2024-11-07 14:02:55.9460 loggerfile request https://localhost:44367/api/documentos/412468?doctipo=10 
2024-11-07 14:02:56.1129 loggerfile request https://localhost:44367/api/documentos/picking/toledo?docentry=8090 
2024-11-07 14:04:19.6559 loggerfile request https://localhost:44367/api/documentos/8090?doctipo=2010 
2024-11-07 14:04:19.7282 loggerfile request https://localhost:44367/api/documentos/412468?doctipo=10 
2024-11-07 14:04:49.9236 loggerfile request https://localhost:44367/api/documentos/8090?doctipo=2010 
2024-11-07 14:06:10.4561 loggerfile request https://localhost:44367/api/documentos/412468?doctipo=10 
2024-11-07 14:09:33.7805 loggerfile request https://localhost:44367/api/documentos/picking/toledo?docentry=8090 
2024-11-07 14:10:49.3460 loggerfile request https://localhost:44367/api/documentos/8090?doctipo=2010 
2024-11-07 14:10:50.6996 loggerfile request https://localhost:44367/api/documentos/412468?doctipo=10 
2024-11-07 14:11:04.2125 loggerfile request https://localhost:44367/api/documentos/8090?doctipo=2010 
2024-11-07 14:11:05.5304 loggerfile request https://localhost:44367/api/documentos/412468?doctipo=10 
2024-11-07 14:11:05.6765 loggerfile request https://localhost:44367/api/documentos/picking/toledo?docentry=8090 
2024-11-07 14:17:23.3349 loggerfile request https://localhost:44367/api/documentos/8090?doctipo=2010 
2024-11-07 14:17:26.1245 loggerfile request https://localhost:44367/api/documentos/412468?doctipo=10 
2024-11-07 14:17:38.6716 loggerfile request https://localhost:44367/api/documentos/8090?doctipo=2010 
2024-11-07 14:17:38.7277 loggerfile request https://localhost:44367/api/documentos/412468?doctipo=10 
2024-11-07 14:17:38.8795 loggerfile request https://localhost:44367/api/documentos/picking/toledo?docentry=8090 
2024-11-07 14:18:02.4022 loggerfile request https://localhost:44367/api/documentos/8090?doctipo=2010 
2024-11-07 14:18:02.4710 loggerfile request https://localhost:44367/api/documentos/412468?doctipo=10 
2024-11-07 14:18:09.4070 loggerfile request https://localhost:44367/api/documentos/8090?doctipo=2010 
2024-11-07 14:18:09.4689 loggerfile request https://localhost:44367/api/documentos/412468?doctipo=10 
2024-11-07 14:18:09.6016 loggerfile request https://localhost:44367/api/documentos/picking/toledo?docentry=8090 
2024-11-07 14:18:47.8138 loggerfile request https://localhost:44367/api/documentos/8090?doctipo=2010 
2024-11-07 14:18:47.8714 loggerfile request https://localhost:44367/api/documentos/412468?doctipo=10 
2024-11-07 14:19:03.9958 loggerfile request https://localhost:44367/api/documentos/8090?doctipo=2010 
2024-11-07 14:19:04.0465 loggerfile request https://localhost:44367/api/documentos/412468?doctipo=10 
2024-11-07 14:19:04.1871 loggerfile request https://localhost:44367/api/documentos/picking/toledo?docentry=8090 
2024-11-07 14:19:49.0053 loggerfile request https://localhost:44367/api/documentos/8090?doctipo=2010 
2024-11-07 14:19:49.0755 loggerfile request https://localhost:44367/api/documentos/412468?doctipo=10 
2024-11-07 14:19:56.8287 loggerfile request https://localhost:44367/api/documentos/8090?doctipo=2010 
2024-11-07 14:19:56.8814 loggerfile request https://localhost:44367/api/documentos/412468?doctipo=10 
2024-11-07 14:19:57.0112 loggerfile request https://localhost:44367/api/documentos/picking/toledo?docentry=8090 
2024-11-07 14:20:38.7361 loggerfile request https://localhost:44367/api/documentos/8090?doctipo=2010 
2024-11-07 14:20:38.8025 loggerfile request https://localhost:44367/api/documentos/412468?doctipo=10 
2024-11-07 14:20:45.3288 loggerfile request https://localhost:44367/api/documentos/8090?doctipo=2010 
2024-11-07 14:20:45.3981 loggerfile request https://localhost:44367/api/documentos/412468?doctipo=10 
2024-11-07 14:20:45.5512 loggerfile request https://localhost:44367/api/documentos/picking/toledo?docentry=8090 
2024-11-07 14:23:28.0542 loggerfile request https://localhost:44367/api/documentos/8090?doctipo=2010 
2024-11-07 14:23:31.4998 loggerfile request https://localhost:44367/api/documentos/412468?doctipo=10 
2024-11-07 14:23:39.0931 loggerfile request https://localhost:44367/api/documentos/8090?doctipo=2010 
2024-11-07 14:23:39.6838 loggerfile request https://localhost:44367/api/documentos/412468?doctipo=10 
2024-11-07 14:23:39.9519 loggerfile request https://localhost:44367/api/documentos/picking/toledo?docentry=8090 
2024-11-07 14:25:23.9745 loggerfile request https://localhost:44367/api/documentos/8090?doctipo=2010 
2024-11-07 14:25:24.0416 loggerfile request https://localhost:44367/api/documentos/412468?doctipo=10 
2024-11-07 14:25:38.8737 loggerfile request https://localhost:44367/api/documentos/8090?doctipo=2010 
2024-11-07 14:25:39.7503 loggerfile request https://localhost:44367/api/documentos/412468?doctipo=10 
2024-11-07 14:29:35.4805 loggerfile request https://localhost:44367/api/productos/bodegas 
2024-11-07 14:29:37.9526 loggerfile request https://localhost:44367/api/documentos/listpicking?bodegacode=TOLEDO&estado=A 
2024-11-07 14:29:43.8436 loggerfile request https://localhost:44367/api/documentos/8090?doctipo=2010 
2024-11-07 14:29:44.0817 loggerfile request https://localhost:44367/api/documentos/412468?doctipo=10 
2024-11-07 14:29:56.2209 loggerfile request https://localhost:44367/api/documentos/8090?doctipo=2010 
2024-11-07 14:29:56.4945 loggerfile request https://localhost:44367/api/documentos/412468?doctipo=10 
2024-11-07 14:29:57.0382 loggerfile request https://localhost:44367/api/documentos/picking/toledo?docentry=8090 
2024-11-07 14:31:21.4220 loggerfile request https://localhost:44367/api/documentos/8090?doctipo=2010 
2024-11-07 14:31:21.5032 loggerfile request https://localhost:44367/api/documentos/412468?doctipo=10 
2024-11-07 14:31:31.7428 loggerfile request https://localhost:44367/api/documentos/8090?doctipo=2010 
2024-11-07 14:31:32.0735 loggerfile request https://localhost:44367/api/documentos/412468?doctipo=10 
2024-11-07 14:31:33.8847 loggerfile request https://localhost:44367/api/documentos/picking/toledo?docentry=8090 
2024-11-07 14:32:41.6529 loggerfile request https://localhost:44367/api/documentos/8090?doctipo=2010 
2024-11-07 14:32:41.7438 loggerfile request https://localhost:44367/api/documentos/412468?doctipo=10 
2024-11-07 14:32:51.9837 loggerfile request https://localhost:44367/api/documentos/8090?doctipo=2010 
2024-11-07 14:32:52.1733 loggerfile request https://localhost:44367/api/documentos/412468?doctipo=10 
2024-11-07 14:32:52.5507 loggerfile request https://localhost:44367/api/documentos/picking/toledo?docentry=8090 
2024-11-07 14:44:46.4629 loggerfile request https://localhost:44367/api/productos/bodegas 
2024-11-07 14:44:48.6664 loggerfile request https://localhost:44367/api/documentos/listpicking?bodegacode=PRODUCCION&estado=A 
2024-11-07 14:44:53.1220 loggerfile request https://localhost:44367/api/documentos/8535?doctipo=2010 
2024-11-07 14:44:53.3618 loggerfile request https://localhost:44367/api/documentos/20657?doctipo=3010 
2024-11-07 14:45:04.5454 loggerfile request https://localhost:44367/api/documentos/8535?doctipo=2010 
2024-11-07 14:45:05.8656 loggerfile request https://localhost:44367/api/documentos/20657?doctipo=3010 
2024-11-07 14:45:09.8498 loggerfile request https://localhost:44367/api/documentos/picking/produccion?docentry=8535 
2024-11-07 14:52:22.4580 loggerfile request https://localhost:44367/api/productos/bodegas 
2024-11-07 14:52:24.1501 loggerfile request https://localhost:44367/api/documentos/listpicking?bodegacode=PRODUCCION&estado=A 
2024-11-07 14:52:28.3254 loggerfile request https://localhost:44367/api/documentos/8535?doctipo=2010 
2024-11-07 14:52:28.4562 loggerfile request https://localhost:44367/api/documentos/20657?doctipo=3010 
2024-11-07 14:52:38.0256 loggerfile request https://localhost:44367/api/documentos/8535?doctipo=2010 
2024-11-07 14:52:38.2459 loggerfile request https://localhost:44367/api/documentos/20657?doctipo=3010 
2024-11-07 14:52:39.6234 loggerfile request https://localhost:44367/api/documentos/picking/produccion?docentry=8535 
2024-11-07 14:55:33.3405 loggerfile request https://localhost:44367/api/documentos/8535?doctipo=2010 
2024-11-07 14:55:33.4712 loggerfile request https://localhost:44367/api/documentos/20657?doctipo=3010 
2024-11-07 14:55:50.5935 loggerfile request https://localhost:44367/api/documentos/8535?doctipo=2010 
2024-11-07 14:55:50.7275 loggerfile request https://localhost:44367/api/documentos/20657?doctipo=3010 
2024-11-07 14:55:51.0210 loggerfile request https://localhost:44367/api/documentos/picking/produccion?docentry=8535 
2024-11-07 14:56:48.1022 loggerfile request https://localhost:44367/api/documentos/8535?doctipo=2010 
2024-11-07 14:56:48.3123 loggerfile request https://localhost:44367/api/documentos/20657?doctipo=3010 
2024-11-07 14:57:01.6276 loggerfile request https://localhost:44367/api/documentos/8535?doctipo=2010 
2024-11-07 14:57:01.9350 loggerfile request https://localhost:44367/api/documentos/20657?doctipo=3010 
2024-11-07 14:57:02.2297 loggerfile request https://localhost:44367/api/documentos/picking/produccion?docentry=8535 
2024-11-07 14:58:14.2185 loggerfile request https://localhost:44367/api/documentos/8535?doctipo=2010 
2024-11-07 14:58:14.3473 loggerfile request https://localhost:44367/api/documentos/20657?doctipo=3010 
2024-11-07 14:58:24.6356 loggerfile request https://localhost:44367/api/documentos/8535?doctipo=2010 
2024-11-07 14:58:24.7973 loggerfile request https://localhost:44367/api/documentos/20657?doctipo=3010 
2024-11-07 14:58:25.1701 loggerfile request https://localhost:44367/api/documentos/picking/produccion?docentry=8535 
2024-11-07 14:59:00.7807 loggerfile request https://localhost:44367/api/documentos/listpicking?bodegacode=TOLEDO&estado=A 
2024-11-07 14:59:11.6369 loggerfile request https://localhost:44367/api/documentos/8090?doctipo=2010 
2024-11-07 14:59:11.7091 loggerfile request https://localhost:44367/api/documentos/412468?doctipo=10 
2024-11-07 14:59:18.9924 loggerfile request https://localhost:44367/api/documentos/8479?doctipo=2010 
2024-11-07 14:59:19.0597 loggerfile request https://localhost:44367/api/documentos/412618?doctipo=10 
2024-11-07 14:59:26.3294 loggerfile request https://localhost:44367/api/documentos/8651?doctipo=2010 
2024-11-07 14:59:26.4032 loggerfile request https://localhost:44367/api/documentos/412909?doctipo=10 
2024-11-07 14:59:37.5635 loggerfile request https://localhost:44367/api/documentos/8651?doctipo=2010 
2024-11-07 14:59:37.6670 loggerfile request https://localhost:44367/api/documentos/412909?doctipo=10 
2024-11-07 14:59:37.8841 loggerfile request https://localhost:44367/api/documentos/picking/toledo?docentry=8651 
