2024-11-08 01:07:42.4523 loggerfile request https://localhost:44367/api/productos/bodegas 
2024-11-08 01:07:47.8264 loggerfile request https://localhost:44367/api/documentos/listpicking?bodegacode=TOLEDO&estado=A 
2024-11-08 01:07:53.9758 loggerfile request https://localhost:44367/api/documentos/8621?doctipo=2010 
2024-11-08 01:07:55.1290 loggerfile request https://localhost:44367/api/documentos/412895?doctipo=10 
2024-11-08 01:08:14.5167 loggerfile request https://localhost:44367/api/documentos/8621?doctipo=2010 
2024-11-08 01:08:15.1466 loggerfile request https://localhost:44367/api/documentos/412895?doctipo=10 
2024-11-08 01:08:15.4386 loggerfile request https://localhost:44367/api/documentos/picking/toledo?docentry=8621 
2024-11-08 01:09:51.7896 loggerfile request https://localhost:44367/api/documentos/listpicking?bodegacode=PRODUCCION&estado=A 
2024-11-08 01:09:54.9877 loggerfile request https://localhost:44367/api/documentos/8561?doctipo=2010 
2024-11-08 01:09:55.1368 loggerfile request https://localhost:44367/api/documentos/20727?doctipo=3010 
2024-11-08 01:10:03.8847 loggerfile request https://localhost:44367/api/documentos/8561?doctipo=2010 
2024-11-08 01:10:04.0114 loggerfile request https://localhost:44367/api/documentos/20727?doctipo=3010 
2024-11-08 01:10:04.1276 loggerfile request https://localhost:44367/api/documentos/picking/produccion?docentry=8561 
2024-11-08 01:10:47.3468 loggerfile request https://localhost:44367/api/documentos/8628?doctipo=2010 
2024-11-08 01:10:47.4276 loggerfile request https://localhost:44367/api/documentos/20736?doctipo=3010 
2024-11-08 01:10:57.4670 loggerfile request https://localhost:44367/api/documentos/8628?doctipo=2010 
2024-11-08 01:10:57.5594 loggerfile request https://localhost:44367/api/documentos/20736?doctipo=3010 
2024-11-08 01:10:57.8825 loggerfile request https://localhost:44367/api/documentos/picking/produccion?docentry=8628 
2024-11-08 01:31:47.0742 loggerfile request https://localhost:44367/api/productos/bodegas 
2024-11-08 01:31:49.0925 loggerfile request https://localhost:44367/api/documentos/listpicking?bodegacode=TOLEDO&estado=A 
2024-11-08 01:31:53.9320 loggerfile request https://localhost:44367/api/documentos/8657?doctipo=2010 
2024-11-08 01:31:54.5202 loggerfile request https://localhost:44367/api/documentos/412925?doctipo=10 
2024-11-08 01:32:06.7143 loggerfile request https://localhost:44367/api/documentos/8657?doctipo=2010 
2024-11-08 01:32:06.7856 loggerfile request https://localhost:44367/api/documentos/412925?doctipo=10 
2024-11-08 01:32:06.9522 loggerfile request https://localhost:44367/api/documentos/picking/toledo?docentry=8657 
2024-11-08 04:25:00.5774 loggerfile request https://localhost:44367/api/usuarios/list?idgrupo=CALIDAD&idgrupo2=OPERADOR-PROD 
2024-11-08 04:25:07.1584 loggerfile request https://localhost:44367/api/documentos/list?bodegacode=PRODUCCION&doctipo=3010&estado=A&estadooperativo=&vendedorcode=&fechaini=&fechafin= 
2024-11-08 04:26:16.0984 loggerfile request https://localhost:44367/api/documentos/20754?doctipo=3010 
2024-11-08 04:26:23.2295 loggerfile mensaje: Referencia a objeto no establecida como instancia de un objeto.. Data:    en Colonos.DataAccess.Repositorios.Repo_OPDC.Get(Int32 docentry) en D:\GitKraken\psb-romani\RomaniAPI\ColonosEndPoint\Colonos.DataAccess\Implement\Repositorios\Preparacion\Repo_OPDC.cs:línea 120
   en Colonos.Manager.ManagerProduccion.Get(Int32 docentry) en D:\GitKraken\psb-romani\RomaniAPI\ColonosEndPoint\Colonos.Manager\Implement\Preparacion\ManagerProduccion.cs:línea 91
   en Colonos.Manager.ManagerDocumentos.Get(Int32 docentry, Int32 doctipo) en D:\GitKraken\psb-romani\RomaniAPI\ColonosEndPoint\Colonos.Manager\Implement\Ventas\ManagerDocumentos.cs:línea 335 
2024-11-08 04:26:28.6759 loggerfile request https://localhost:44367/api/documentos/20754?doctipo=3010 
2024-11-08 05:23:13.2428 loggerfile request https://localhost:44367/api/documentos/20754?doctipo=3010 
2024-11-08 05:23:28.9775 loggerfile request https://localhost:44367/api/usuarios/list?idgrupo=CALIDAD&idgrupo2=OPERADOR-PROD 
2024-11-08 05:23:32.2959 loggerfile request https://localhost:44367/api/documentos/list?bodegacode=PRODUCCION&doctipo=3010&estado=A&estadooperativo=&vendedorcode=&fechaini=&fechafin= 
2024-11-08 05:23:38.0442 loggerfile request https://localhost:44367/api/documentos/20754?doctipo=3010 
2024-11-08 05:26:49.9646 loggerfile request https://localhost:44367/api/productos/search/stock?palabras=AGANGN1533&solorecetas=&maestro=S&bodegacode= 
2024-11-08 06:37:06.2400 loggerfile request https://localhost:44367/api/productos/bodegas 
2024-11-08 06:37:08.7921 loggerfile request https://localhost:44367/api/documentos/listpicking?bodegacode=PRODUCCION&estado=A 
2024-11-08 06:37:35.7269 loggerfile request https://localhost:44367/api/documentos/8707?doctipo=2010 
2024-11-08 06:37:36.5353 loggerfile request https://localhost:44367/api/documentos/20765?doctipo=3010 
2024-11-08 06:37:42.9231 loggerfile request https://localhost:44367/api/documentos/8707?doctipo=2010 
2024-11-08 06:37:46.5685 loggerfile request https://localhost:44367/api/documentos 
2024-11-08 06:38:09.4977 loggerfile request https://localhost:44367/api/documentos/listpicking?bodegacode=PRODUCCION&estado=A 
2024-11-08 06:38:20.7704 loggerfile request https://localhost:44367/api/documentos/listpicking?bodegacode=PRODUCCION&estado=A 
2024-11-08 06:38:26.0399 loggerfile request https://localhost:44367/api/usuarios/list?idgrupo=CALIDAD&idgrupo2=CAMARA 
2024-11-08 06:38:26.1852 loggerfile request https://localhost:44367/api/usuarios/list?idgrupo=OPERADOR-PROD&idgrupo2=OPERADOR-PROD 
2024-11-08 06:38:29.5990 loggerfile request https://localhost:44367/api/documentos/list?bodegacode=TOLEDO&doctipo=10&estado=A&estadooperativo=PREP&vendedorcode=&fechaini=&fechafin= 
2024-11-08 06:38:33.4164 loggerfile request https://localhost:44367/api/documentos/list?bodegacode=TOLEDO&doctipo=16&estado=A&estadooperativo=&vendedorcode=&fechaini=&fechafin= 
2024-11-08 06:38:46.6866 loggerfile request https://localhost:44367/api/documentos/412968?doctipo=10 
2024-11-08 06:38:54.4340 loggerfile request https://localhost:44367/api/documentos/412968?doctipo=10 
2024-11-08 06:38:54.6440 loggerfile request https://localhost:44367/api/parametros 
2024-11-08 06:38:57.8625 loggerfile request https://localhost:44367/api/documentos/412968?doctipo=10 
2024-11-08 06:38:58.0805 loggerfile request https://localhost:44367/api/parametros 
2024-11-08 06:38:58.1059 loggerfile request https://localhost:44367/api/documentos 
2024-11-08 06:38:58.3889 loggerfile mensaje: Pedido: 412968 ya tiene una Solicitud de Producción generada: 20765. Data:    en Colonos.Manager.ManagerProduccion.Add(Documento doc) en D:\GitKraken\psb-romani\RomaniAPI\ColonosEndPoint\Colonos.Manager\Implement\Preparacion\ManagerProduccion.cs:línea 41 
2024-11-08 06:40:19.3092 loggerfile request https://localhost:44367/api/usuarios/list?idgrupo=CALIDAD&idgrupo2=OPERADOR-PROD 
2024-11-08 06:40:27.3454 loggerfile request https://localhost:44367/api/documentos/list?bodegacode=PRODUCCION&doctipo=3010&estado=A&estadooperativo=&vendedorcode=&fechaini=&fechafin= 
2024-11-08 06:40:43.2206 loggerfile request https://localhost:44367/api/documentos/20765?doctipo=3010 
2024-11-08 06:45:26.9920 loggerfile request https://localhost:44367/api/documentos/20765?doctipo=3010 
2024-11-08 06:45:27.0969 loggerfile request https://localhost:44367/api/documentos/estadoitem 
2024-11-08 06:45:27.0998 loggerfile ModifyEstadoItem. json entrada: {"DocEntry":20765,"DocEstado":"A","DocTipo":3010,"DocFecha":"2024-11-07T00:00:00","SocioCode":"76456687-4C","RazonSocial":"PRECISIÓN EVENTOS Y SERVICIOS GASTRONÓMICO SP","DireccionCode":21512,"VendedorCode":"CALL CENTER 3","UsuarioCode":"0","Neto":899400.0,"Iva":170886.0,"Total":1070286.0,"FechaRegistro":"2024-11-07T16:22:19.077","Version":"V0.0.1","UsuarioNombre":"ARAMIREZ","Lineas":[{"DocEntry":20765,"DocLinea":934,"LineaItem":1,"DocTipo":3010,"LineaEstado":"C","ProdCode":"LCCDN22017","ProdNombre":"1 LC LC 0 FILETE PORCIONADO 200 GR","CantidadSolicitada":60.0,"PrecioUnitario":14000.0,"PrecioVolumen":13580.0,"FactorPrecio":1.0,"MargenRegla":0.3,"Disponible":0.0,"BodegaCode":"PRODUCCION","PrecioFinal":14990.0,"Descuento":0.0,"CantidadPendiente":60.0,"CantidadReal":0.0,"BaseEntry":412968,"BaseLinea":4967,"BaseTipo":10,"FamiliaCode":132,"AnimalCode":1022,"TipoCode":"B","Medida":"KILO","Margen":0.34,"Costo":9800.0,"FormatoVtaCode":0,"Volumen":100.0,"TotalSolicitado":899400.0,"TotalReal":0.0,"RefrigeraCode":1,"MarcaCode":36,"OrigenCode":0,"RefrigeraNombre":"FRESCO","MarcaNombre":"LCDN","OrigenNombre":"","FrmtoVentaNombre":"PORCIONADO","AnimalNombre":"VACUNO ","FamiliaNombre":"FILETE PORCIONADO","SolicitadoAnterior":0.0,"CantidadEntregada":0.0,"Completado":0.0,"StockActual":0.0}],"FechaEntrega":"2024-11-11T00:00:00","RetiraCliente":false,"BaseEntry":412968,"BaseTipo":10,"FechaIngresoPrep":"2024-11-07T15:50:34.043"} 
2024-11-08 06:55:54.9778 loggerfile request https://localhost:44367/api/documentos/listpicking?bodegacode=PRODUCCION&estado=A 
2024-11-08 06:57:16.4586 loggerfile request https://localhost:44367/api/documentos/8561?doctipo=2010 
2024-11-08 06:57:17.4168 loggerfile request https://localhost:44367/api/documentos/20727?doctipo=3010 
2024-11-08 06:57:24.1927 loggerfile request https://localhost:44367/api/documentos/8561?doctipo=2010 
2024-11-08 06:57:26.7651 loggerfile request https://localhost:44367/api/documentos 
2024-11-08 06:57:41.0478 loggerfile request https://localhost:44367/api/documentos/listpicking?bodegacode=PRODUCCION&estado=A 
2024-11-08 06:57:58.8128 loggerfile request https://localhost:44367/api/usuarios/list?idgrupo=CALIDAD&idgrupo2=OPERADOR-PROD 
2024-11-08 06:57:58.9222 loggerfile request https://localhost:44367/api/documentos/list?bodegacode=PRODUCCION&doctipo=3010&estado=A&estadooperativo=&vendedorcode=&fechaini=&fechafin= 
2024-11-08 06:58:04.1553 loggerfile request https://localhost:44367/api/documentos/20727?doctipo=3010 
2024-11-08 06:58:18.0799 loggerfile request https://localhost:44367/api/documentos/20727?doctipo=3010 
2024-11-08 06:58:31.3703 loggerfile request https://localhost:44367/api/documentos/estadoitem 
2024-11-08 06:58:31.3703 loggerfile ModifyEstadoItem. json entrada: {"DocEntry":20727,"DocEstado":"A","DocTipo":3010,"DocFecha":"2024-11-06T00:00:00","SocioCode":"77266566-0C","RazonSocial":"LAGARDERE TRAVEL RETAIL FOODSERVICES CHILE SPA","DireccionCode":9834,"VendedorCode":"CALL CENTER 3","UsuarioCode":"0","Neto":567200.0,"Iva":107768.0,"Total":674968.0,"FechaRegistro":"2024-11-06T22:38:20.773","Version":"V0.0.1","UsuarioNombre":"ARAMIREZ","Lineas":[{"DocEntry":20727,"DocLinea":892,"LineaItem":2,"DocTipo":3010,"LineaEstado":"C","ProdCode":"CECERNUC07","ProdNombre":"2 LC LC O LOMO TUNGO","CantidadSolicitada":40.0,"PrecioUnitario":4412.0,"PrecioVolumen":4324.0,"FactorPrecio":1.0,"MargenRegla":0.32,"Disponible":0.0,"BodegaCode":"PRODUCCION","PrecioFinal":5690.0,"Descuento":0.0,"CantidadPendiente":40.0,"CantidadReal":0.0,"BaseEntry":412793,"BaseLinea":4677,"BaseTipo":10,"FamiliaCode":33,"AnimalCode":1,"TipoCode":"B","Medida":"KILO","Margen":0.47,"Costo":3000.0,"FormatoVtaCode":0,"Volumen":100.0,"TotalSolicitado":227600.0,"TotalReal":0.0,"RefrigeraCode":2,"MarcaCode":36,"OrigenCode":5,"RefrigeraNombre":"CONGELADO","MarcaNombre":"LCDN","OrigenNombre":"NACIONAL","FrmtoVentaNombre":"-","AnimalNombre":"VACUNO","FamiliaNombre":"LOMO TUNGO","SolicitadoAnterior":0.0,"CantidadEntregada":0.0,"Completado":0.0,"StockActual":0.0}],"FechaEntrega":"2024-11-07T00:00:00","RetiraCliente":false,"BaseEntry":412793,"BaseTipo":10,"FechaIngresoPrep":"2024-11-06T14:22:19.563"} 
2024-11-08 06:59:38.6553 loggerfile request https://localhost:44367/api/documentos/list?bodegacode=PRODUCCION&doctipo=3010&estado=A&estadooperativo=&vendedorcode=&fechaini=&fechafin= 
2024-11-08 06:59:46.8052 loggerfile request https://localhost:44367/api/usuarios/list?idgrupo=CALIDAD&idgrupo2=CAMARA 
2024-11-08 06:59:46.8492 loggerfile request https://localhost:44367/api/usuarios/list?idgrupo=OPERADOR-PROD&idgrupo2=OPERADOR-PROD 
2024-11-08 06:59:46.8814 loggerfile request https://localhost:44367/api/documentos/list?bodegacode=TOLEDO&doctipo=10&estado=A&estadooperativo=PREP&vendedorcode=&fechaini=&fechafin= 
2024-11-08 06:59:47.3009 loggerfile request https://localhost:44367/api/documentos/list?bodegacode=TOLEDO&doctipo=16&estado=A&estadooperativo=&vendedorcode=&fechaini=&fechafin= 
2024-11-08 06:59:52.7414 loggerfile request https://localhost:44367/api/documentos/412793?doctipo=10 
2024-11-08 07:00:19.0437 loggerfile request https://localhost:44367/api/documentos/412793?doctipo=10 
2024-11-08 07:00:19.2912 loggerfile request https://localhost:44367/api/parametros 
2024-11-08 07:00:22.0035 loggerfile request https://localhost:44367/api/documentos/412793?doctipo=10 
2024-11-08 07:00:22.2739 loggerfile request https://localhost:44367/api/parametros 
2024-11-08 07:00:22.3003 loggerfile request https://localhost:44367/api/documentos 
2024-11-08 07:00:22.5261 loggerfile mensaje: Pedido: 412793 ya tiene una Solicitud de Producción generada: 20727. Data:    en Colonos.Manager.ManagerProduccion.Add(Documento doc) 
2024-11-08 07:01:30.3571 loggerfile request https://localhost:44367/api/documentos/412793?doctipo=10 
2024-11-08 07:01:30.6188 loggerfile request https://localhost:44367/api/parametros 
2024-11-08 07:01:30.6452 loggerfile request https://localhost:44367/api/documentos 
2024-11-08 07:01:36.4617 loggerfile request https://localhost:44367/api/documentos/list?bodegacode=TOLEDO&doctipo=10&estado=A&estadooperativo=PREP&vendedorcode=&fechaini=&fechafin= 
2024-11-08 07:01:36.8641 loggerfile request https://localhost:44367/api/documentos/list?bodegacode=TOLEDO&doctipo=16&estado=A&estadooperativo=&vendedorcode=&fechaini=&fechafin= 
2024-11-08 07:01:46.0711 loggerfile request https://localhost:44367/api/usuarios/list?idgrupo=CALIDAD&idgrupo2=OPERADOR-PROD 
2024-11-08 07:01:46.0974 loggerfile request https://localhost:44367/api/documentos/list?bodegacode=PRODUCCION&doctipo=3010&estado=A&estadooperativo=&vendedorcode=&fechaini=&fechafin= 
2024-11-08 07:01:50.1226 loggerfile request https://localhost:44367/api/documentos/20771?doctipo=3010 
