2024-08-30 00:13:59.8207 loggerfile request https://localhost:44366/api/usuarios/list?idgrupo=COMERCIAL&idgrupo2= 
2024-08-30 00:14:00.9315 loggerfile request https://localhost:44366/api/documentos/list?doctipo=10&estado=&estadooperativo=&pendiente=-1&usuario=Admin&desde=2024-08-01&hasta=2024-08-30 
2024-08-30 00:14:05.2279 loggerfile request https://localhost:44366/api/documentos/410091?doctipo=10 
2024-08-30 00:14:05.4679 loggerfile request https://localhost:44366/api/socios/77676401-9C/ 
2024-08-30 00:14:05.6001 loggerfile request https://localhost:44366/api/socios/propiedades 
2024-08-30 00:14:05.9788 loggerfile request https://localhost:44366/api/socios/77676401-9C/TopFamilia 
2024-08-30 00:14:06.0247 loggerfile request https://localhost:44366/api/socios/77676401-9C/TopRubro 
2024-08-30 00:14:06.0794 loggerfile request https://localhost:44366/api/socios/77676401-9C/TopVentas 
2024-08-30 00:20:33.3274 loggerfile request https://localhost:44366/api/usuarios/list?idgrupo=COMERCIAL&idgrupo2= 
2024-08-30 00:20:34.4009 loggerfile request https://localhost:44366/api/documentos/list?doctipo=10&estado=&estadooperativo=&pendiente=-1&usuario=Admin&desde=2024-08-01&hasta=2024-08-30 
2024-08-30 00:20:45.7794 loggerfile request https://localhost:44366/api/documentos/410091?doctipo=10 
2024-08-30 00:20:46.0483 loggerfile request https://localhost:44366/api/socios/77676401-9C/ 
2024-08-30 00:20:46.1771 loggerfile request https://localhost:44366/api/socios/propiedades 
2024-08-30 00:20:46.5295 loggerfile request https://localhost:44366/api/socios/77676401-9C/TopFamilia 
2024-08-30 00:20:46.5812 loggerfile request https://localhost:44366/api/socios/77676401-9C/TopRubro 
2024-08-30 00:20:46.6232 loggerfile request https://localhost:44366/api/socios/77676401-9C/TopVentas 
2024-08-30 00:29:37.1158 loggerfile request https://localhost:44366/api/usuarios/list?idgrupo=COMERCIAL&idgrupo2= 
2024-08-30 00:29:38.1755 loggerfile request https://localhost:44366/api/documentos/list?doctipo=10&estado=&estadooperativo=&pendiente=-1&usuario=Admin&desde=2024-08-01&hasta=2024-08-30 
2024-08-30 00:29:52.1369 loggerfile request https://localhost:44366/api/documentos/410091?doctipo=10 
2024-08-30 00:29:52.3643 loggerfile request https://localhost:44366/api/socios/77676401-9C/ 
2024-08-30 00:29:52.4912 loggerfile request https://localhost:44366/api/socios/propiedades 
2024-08-30 00:29:52.8094 loggerfile request https://localhost:44366/api/socios/77676401-9C/TopFamilia 
2024-08-30 00:29:52.8582 loggerfile request https://localhost:44366/api/socios/77676401-9C/TopRubro 
2024-08-30 00:29:52.9001 loggerfile request https://localhost:44366/api/socios/77676401-9C/TopVentas 
2024-08-30 00:30:57.0269 loggerfile request https://localhost:44366/api/usuarios/list?idgrupo=COMERCIAL&idgrupo2= 
2024-08-30 00:30:57.0617 loggerfile request https://localhost:44366/api/documentos/list?doctipo=10&estado=&estadooperativo=&pendiente=-1&usuario=Admin&desde=2024-08-01&hasta=2024-08-30 
2024-08-30 00:31:00.4075 loggerfile request https://localhost:44366/api/documentos/410091?doctipo=10 
2024-08-30 00:31:00.8649 loggerfile request https://localhost:44366/api/socios/77676401-9C/ 
2024-08-30 00:31:00.9895 loggerfile request https://localhost:44366/api/socios/propiedades 
2024-08-30 00:31:01.2423 loggerfile request https://localhost:44366/api/socios/77676401-9C/TopFamilia 
2024-08-30 00:31:01.3133 loggerfile request https://localhost:44366/api/socios/77676401-9C/TopRubro 
2024-08-30 00:31:01.4354 loggerfile request https://localhost:44366/api/socios/77676401-9C/TopVentas 
2024-08-30 00:44:49.2139 loggerfile request https://localhost:44366/api/usuarios/list?idgrupo=COMERCIAL&idgrupo2= 
2024-08-30 00:44:50.0216 loggerfile request https://localhost:44366/api/documentos/list?doctipo=10&estado=&estadooperativo=&pendiente=-1&usuario=Admin&desde=2024-08-01&hasta=2024-08-30 
2024-08-30 00:45:00.8156 loggerfile request https://localhost:44366/api/documentos/410091?doctipo=10 
2024-08-30 00:45:01.0401 loggerfile request https://localhost:44366/api/socios/77676401-9C/ 
2024-08-30 00:45:01.1652 loggerfile request https://localhost:44366/api/socios/propiedades 
2024-08-30 00:45:01.5053 loggerfile request https://localhost:44366/api/socios/77676401-9C/TopFamilia 
2024-08-30 00:45:01.5547 loggerfile request https://localhost:44366/api/socios/77676401-9C/TopRubro 
2024-08-30 00:45:01.6025 loggerfile request https://localhost:44366/api/socios/77676401-9C/TopVentas 
2024-08-30 00:48:43.8576 loggerfile request https://localhost:44366/api/usuarios/list?idgrupo=COMERCIAL&idgrupo2= 
2024-08-30 00:48:44.7832 loggerfile request https://localhost:44366/api/documentos/list?doctipo=10&estado=&estadooperativo=&pendiente=-1&usuario=Admin&desde=2024-08-01&hasta=2024-08-30 
2024-08-30 00:48:47.9901 loggerfile request https://localhost:44366/api/documentos/410091?doctipo=10 
2024-08-30 00:48:48.2312 loggerfile request https://localhost:44366/api/socios/77676401-9C/ 
2024-08-30 00:48:48.3909 loggerfile request https://localhost:44366/api/socios/propiedades 
2024-08-30 00:48:48.7154 loggerfile request https://localhost:44366/api/socios/77676401-9C/TopFamilia 
2024-08-30 00:48:48.7788 loggerfile request https://localhost:44366/api/socios/77676401-9C/TopRubro 
2024-08-30 00:48:48.8345 loggerfile request https://localhost:44366/api/socios/77676401-9C/TopVentas 
2024-08-30 00:50:59.7058 loggerfile request https://localhost:44366/api/usuarios/list?idgrupo=COMERCIAL&idgrupo2= 
2024-08-30 00:50:59.7762 loggerfile request https://localhost:44366/api/documentos/list?doctipo=10&estado=&estadooperativo=&pendiente=-1&usuario=Admin&desde=2024-08-01&hasta=2024-08-30 
2024-08-30 00:51:12.1892 loggerfile request https://localhost:44366/api/documentos/410091?doctipo=10 
2024-08-30 00:51:12.3622 loggerfile request https://localhost:44366/api/socios/77676401-9C/ 
2024-08-30 00:51:12.4559 loggerfile request https://localhost:44366/api/socios/propiedades 
2024-08-30 00:51:12.6137 loggerfile request https://localhost:44366/api/socios/77676401-9C/TopFamilia 
2024-08-30 00:51:12.6518 loggerfile request https://localhost:44366/api/socios/77676401-9C/TopRubro 
2024-08-30 00:51:12.6840 loggerfile request https://localhost:44366/api/socios/77676401-9C/TopVentas 
2024-08-30 00:58:41.4931 loggerfile request https://localhost:44366/api/usuarios/list?idgrupo=COMERCIAL&idgrupo2= 
2024-08-30 00:58:42.4942 loggerfile request https://localhost:44366/api/documentos/list?doctipo=10&estado=&estadooperativo=&pendiente=-1&usuario=Admin&desde=2024-08-01&hasta=2024-08-30 
2024-08-30 00:58:47.2074 loggerfile request https://localhost:44366/api/documentos/410091?doctipo=10 
2024-08-30 00:58:47.4515 loggerfile request https://localhost:44366/api/socios/77676401-9C/ 
2024-08-30 00:58:47.5820 loggerfile request https://localhost:44366/api/socios/propiedades 
2024-08-30 00:58:47.9029 loggerfile request https://localhost:44366/api/socios/77676401-9C/TopFamilia 
2024-08-30 00:58:47.9462 loggerfile request https://localhost:44366/api/socios/77676401-9C/TopRubro 
2024-08-30 00:58:47.9862 loggerfile request https://localhost:44366/api/socios/77676401-9C/TopVentas 
2024-08-30 01:10:18.7364 loggerfile request https://localhost:44366/api/usuarios/list?idgrupo=COMERCIAL&idgrupo2= 
2024-08-30 01:10:19.6910 loggerfile request https://localhost:44366/api/documentos/list?doctipo=10&estado=&estadooperativo=&pendiente=-1&usuario=Admin&desde=2024-08-01&hasta=2024-08-30 
2024-08-30 01:10:46.4301 loggerfile request https://localhost:44366/api/documentos/410091?doctipo=10 
2024-08-30 01:10:46.6737 loggerfile request https://localhost:44366/api/socios/77676401-9C/ 
2024-08-30 01:10:46.8208 loggerfile request https://localhost:44366/api/socios/propiedades 
2024-08-30 01:10:47.2864 loggerfile request https://localhost:44366/api/socios/77676401-9C/TopFamilia 
2024-08-30 01:10:47.4062 loggerfile request https://localhost:44366/api/socios/77676401-9C/TopRubro 
2024-08-30 01:10:47.4535 loggerfile request https://localhost:44366/api/socios/77676401-9C/TopVentas 
2024-08-30 01:15:10.6867 loggerfile request https://localhost:44366/api/productos/search?palabras=pollo&solorecetas=&maestro=&bodegacode= 
2024-08-30 01:25:39.6715 loggerfile request https://localhost:44366/api/usuarios/list?idgrupo=COMERCIAL&idgrupo2= 
2024-08-30 01:25:39.9498 loggerfile request https://localhost:44366/api/documentos/list?doctipo=10&estado=&estadooperativo=&pendiente=-1&usuario=Admin&desde=2024-08-01&hasta=2024-08-30 
2024-08-30 01:25:56.0957 loggerfile request https://localhost:44366/api/documentos/410123?doctipo=10 
2024-08-30 01:25:56.3554 loggerfile request https://localhost:44366/api/socios/05603828-0C/ 
2024-08-30 01:25:56.5003 loggerfile request https://localhost:44366/api/socios/propiedades 
2024-08-30 01:25:56.6477 loggerfile request https://localhost:44366/api/socios/05603828-0C/TopFamilia 
2024-08-30 01:25:56.6926 loggerfile request https://localhost:44366/api/socios/05603828-0C/TopRubro 
2024-08-30 01:25:56.7342 loggerfile request https://localhost:44366/api/socios/05603828-0C/TopVentas 
2024-08-30 01:26:25.2111 loggerfile request https://localhost:44366/api/productos/search?palabras=pollo&solorecetas=&maestro=&bodegacode= 
2024-08-30 01:26:59.8733 loggerfile request https://localhost:44366/api/documentos/410123?doctipo=10 
2024-08-30 01:27:00.0176 loggerfile request https://localhost:44366/api/documentos/410123?doctipo=10 
2024-08-30 01:27:00.1953 loggerfile request https://localhost:44366/api/documentos 
2024-08-30 01:27:01.6364 loggerfile request https://localhost:44366/api/documentos/410123?doctipo=10 
2024-08-30 01:27:01.7858 loggerfile request https://localhost:44366/api/socios/05603828-0C/ 
2024-08-30 01:27:01.8794 loggerfile request https://localhost:44366/api/socios/propiedades 
2024-08-30 01:27:02.0073 loggerfile request https://localhost:44366/api/socios/05603828-0C/TopFamilia 
2024-08-30 01:27:02.0444 loggerfile request https://localhost:44366/api/socios/05603828-0C/TopRubro 
2024-08-30 01:27:02.0805 loggerfile request https://localhost:44366/api/socios/05603828-0C/TopVentas 
2024-08-30 01:28:51.6294 loggerfile request https://localhost:44366/api/documentos/410123?doctipo=10 
2024-08-30 01:28:51.7872 loggerfile request https://localhost:44366/api/documentos/410123?doctipo=10 
2024-08-30 01:28:51.9331 loggerfile request https://localhost:44366/api/documentos 
2024-08-30 01:28:52.5830 loggerfile request https://localhost:44366/api/documentos/410123?doctipo=10 
2024-08-30 01:28:52.7588 loggerfile request https://localhost:44366/api/socios/05603828-0C/ 
2024-08-30 01:28:52.8588 loggerfile request https://localhost:44366/api/socios/propiedades 
2024-08-30 01:28:52.9946 loggerfile request https://localhost:44366/api/socios/05603828-0C/TopFamilia 
2024-08-30 01:28:53.0307 loggerfile request https://localhost:44366/api/socios/05603828-0C/TopRubro 
2024-08-30 01:28:53.0668 loggerfile request https://localhost:44366/api/socios/05603828-0C/TopVentas 
2024-08-30 01:29:07.9188 loggerfile request https://localhost:44366/api/documentos 
2024-08-30 01:29:08.0021 loggerfile Input incial OPED.  Random: 14, DocEntry: 0 {
  "DocEntry": 0,
  "DocEstado": "A",
  "DocTipo": 10,
  "DocFecha": "2024-08-30T00:00:00-04:00",
  "SocioCode": "05603828-0C",
  "ContactoCode": 1,
  "CondicionCode": null,
  "DireccionCode": 0,
  "VendedorCode": "V_ASTUDILLO",
  "UsuarioCode": "0",
  "Neto": 36305.0,
  "Iva": 6898.0,
  "Total": 43203.0,
  "Observaciones": "",
  "EstadoOperativo": "ING",
  "FechaRegistro": "2024-08-30T01:29:07.912033-04:00",
  "Version": "V0.0.1",
  "UsuarioNombre": "Admin",
  "EstadoCliente": "ACTIVO",
  "RazonSocial": "GUSTAVO FRANCISCO GARCES YACKSIC",
  "FechaEntrega": "2024-08-30T00:00:00",
  "RetiraCliente": true,
  "AutorizacionEspecial": null,
  "Costo": 32248.0,
  "Margen": 0.1117476931552127806087315797,
  "BandejaCode": null,
  "MotivoRechazo": null,
  "AutorizadoEspecial": null,
  "CondicionNombre": "CHEQUE 30 DIAS",
  "FechaIngresoPrep": null,
  "Completado": null,
  "BaseEntry": null,
  "BaseTipo": null,
  "clientFileDF": null,
  "CondicionDF": "CHEQUE_30_DIAS",
  "Facturado": null,
  "Etiquetado": null,
  "Etiqueta": null,
  "Instrucciones": "",
  "PED1": []
} 
2024-08-30 01:29:08.0802 loggerfile Completando Lineas.  Random: 14, DocEntry: 0, ProdCode: VCLVTLVEA8 {
  "DocEntry": 0,
  "DocLinea": 0,
  "LineaEstado": "A",
  "ProdCode": "VCLVTLVEA8",
  "ProdNombre": "1 SU CHB V LOMO VETADO",
  "PrecioFinal": 11000.0,
  "Descuento": 0.0,
  "CantidadPendiente": 3.0,
  "CantidadReal": 0.0,
  "BaseEntry": null,
  "BaseLinea": null,
  "UsuarioCodeConfirma": null,
  "FechaConfirma": null,
  "FamiliaCode": 34,
  "AnimalCode": 1,
  "TipoCode": "A",
  "Medida": "KILO",
  "FormatoVtaCode": 0,
  "Margen": 0.101,
  "Costo": 9890.00,
  "LineaItem": 1,
  "Volumen": 100.0,
  "CantidadSolicitada": 3.0,
  "TotalSolicitado": 33000.0,
  "TotalReal": null,
  "PrecioUnitario": 13187.0,
  "PrecioVolumen": 11736.0,
  "FactorPrecio": 1.0,
  "MargenRegla": 0.25,
  "Disponible": 931.26,
  "BodegaCode": "TOLEDO",
  "RefrigeraCode": 1,
  "RefrigeraNombre": "FRESCO",
  "OrigenCode": 6,
  "OrigenNombre": "PARAGUAY",
  "MarcaCode": 15,
  "MarcaNombre": "CHORTY BEEF",
  "FrmtoVentaNombre": "ENTERO",
  "AnimalNombre": "VACUNO",
  "FamiliaNombre": "LOMO VETADO",
  "SolicitadoAnterior": 3.0,
  "CantidadEntregada": null,
  "Completado": null,
  "BaseTipo": null,
  "DocTipo": 10,
  "OPED": null
} 
2024-08-30 01:29:08.0978 loggerfile Completando Lineas.  Random: 14, DocEntry: 0, ProdCode: AVPOLPEC01 {
  "DocEntry": 0,
  "DocLinea": 0,
  "LineaEstado": "A",
  "ProdCode": "AVPOLPEC01",
  "ProdNombre": "2 AG AG O PECHUGA POLLO ENTERA",
  "PrecioFinal": 3305.0,
  "Descuento": 0.0,
  "CantidadPendiente": 1.0,
  "CantidadReal": 0.0,
  "BaseEntry": null,
  "BaseLinea": null,
  "UsuarioCodeConfirma": null,
  "FechaConfirma": null,
  "FamiliaCode": 178,
  "AnimalCode": 3,
  "TipoCode": "A",
  "Medida": "KILO",
  "FormatoVtaCode": 0,
  "Margen": 0.220,
  "Costo": 2577.72,
  "LineaItem": 2,
  "Volumen": 100.0,
  "CantidadSolicitada": 1.0,
  "TotalSolicitado": 3305.0,
  "TotalReal": null,
  "PrecioUnitario": 3305.0,
  "PrecioVolumen": 3239.0,
  "FactorPrecio": 1.0,
  "MargenRegla": 0.22,
  "Disponible": 163.83,
  "BodegaCode": "TOLEDO",
  "RefrigeraCode": 2,
  "RefrigeraNombre": "CONGELADO",
  "OrigenCode": 5,
  "OrigenNombre": "NACIONAL",
  "MarcaCode": 4,
  "MarcaNombre": "AGROSUPER",
  "FrmtoVentaNombre": "ENTERO",
  "AnimalNombre": "AVE",
  "FamiliaNombre": "PECHUGA POLLO ENTERO",
  "SolicitadoAnterior": 1.0,
  "CantidadEntregada": null,
  "Completado": null,
  "BaseTipo": null,
  "DocTipo": 10,
  "OPED": null
} 
2024-08-30 01:29:08.0978 loggerfile Antes de enviar a DB. Random: 14, DocEntry: 0 {
  "DocEntry": 0,
  "DocEstado": "A",
  "DocTipo": 10,
  "DocFecha": "2024-08-30T00:00:00-04:00",
  "SocioCode": "05603828-0C",
  "ContactoCode": 1,
  "CondicionCode": null,
  "DireccionCode": 0,
  "VendedorCode": "V_ASTUDILLO",
  "UsuarioCode": "0",
  "Neto": 36305.0,
  "Iva": 6898.0,
  "Total": 43203.0,
  "Observaciones": "",
  "EstadoOperativo": "ING",
  "FechaRegistro": "2024-08-30T01:29:07.912033-04:00",
  "Version": "V0.0.1",
  "UsuarioNombre": "Admin",
  "EstadoCliente": "ACTIVO",
  "RazonSocial": "GUSTAVO FRANCISCO GARCES YACKSIC",
  "FechaEntrega": "2024-08-30T00:00:00",
  "RetiraCliente": true,
  "AutorizacionEspecial": null,
  "Costo": 32248.0,
  "Margen": 0.1117476931552127806087315797,
  "BandejaCode": null,
  "MotivoRechazo": null,
  "AutorizadoEspecial": null,
  "CondicionNombre": "CHEQUE 30 DIAS",
  "FechaIngresoPrep": null,
  "Completado": null,
  "BaseEntry": null,
  "BaseTipo": null,
  "clientFileDF": null,
  "CondicionDF": "CHEQUE_30_DIAS",
  "Facturado": null,
  "Etiquetado": null,
  "Etiqueta": null,
  "Instrucciones": "",
  "PED1": [
    {
      "DocEntry": 0,
      "DocLinea": 0,
      "LineaEstado": "A",
      "ProdCode": "VCLVTLVEA8",
      "ProdNombre": "1 SU CHB V LOMO VETADO",
      "PrecioFinal": 11000.0,
      "Descuento": 0.0,
      "CantidadPendiente": 3.0,
      "CantidadReal": 0.0,
      "BaseEntry": null,
      "BaseLinea": null,
      "UsuarioCodeConfirma": null,
      "FechaConfirma": null,
      "FamiliaCode": 34,
      "AnimalCode": 1,
      "TipoCode": "A",
      "Medida": "KILO",
      "FormatoVtaCode": 0,
      "Margen": 0.101,
      "Costo": 9890.00,
      "LineaItem": 1,
      "Volumen": 100.0,
      "CantidadSolicitada": 3.0,
      "TotalSolicitado": 33000.0,
      "TotalReal": null,
      "PrecioUnitario": 13187.0,
      "PrecioVolumen": 11736.0,
      "FactorPrecio": 1.0,
      "MargenRegla": 0.25,
      "Disponible": 931.26,
      "BodegaCode": "TOLEDO",
      "RefrigeraCode": 1,
      "RefrigeraNombre": "FRESCO",
      "OrigenCode": 6,
      "OrigenNombre": "PARAGUAY",
      "MarcaCode": 15,
      "MarcaNombre": "CHORTY BEEF",
      "FrmtoVentaNombre": "ENTERO",
      "AnimalNombre": "VACUNO",
      "FamiliaNombre": "LOMO VETADO",
      "SolicitadoAnterior": 3.0,
      "CantidadEntregada": null,
      "Completado": null,
      "BaseTipo": null,
      "DocTipo": 10,
      "OPED": null
    },
    {
      "DocEntry": 0,
      "DocLinea": 0,
      "LineaEstado": "A",
      "ProdCode": "AVPOLPEC01",
      "ProdNombre": "2 AG AG O PECHUGA POLLO ENTERA",
      "PrecioFinal": 3305.0,
      "Descuento": 0.0,
      "CantidadPendiente": 1.0,
      "CantidadReal": 0.0,
      "BaseEntry": null,
      "BaseLinea": null,
      "UsuarioCodeConfirma": null,
      "FechaConfirma": null,
      "FamiliaCode": 178,
      "AnimalCode": 3,
      "TipoCode": "A",
      "Medida": "KILO",
      "FormatoVtaCode": 0,
      "Margen": 0.220,
      "Costo": 2577.72,
      "LineaItem": 2,
      "Volumen": 100.0,
      "CantidadSolicitada": 1.0,
      "TotalSolicitado": 3305.0,
      "TotalReal": null,
      "PrecioUnitario": 3305.0,
      "PrecioVolumen": 3239.0,
      "FactorPrecio": 1.0,
      "MargenRegla": 0.22,
      "Disponible": 163.83,
      "BodegaCode": "TOLEDO",
      "RefrigeraCode": 2,
      "RefrigeraNombre": "CONGELADO",
      "OrigenCode": 5,
      "OrigenNombre": "NACIONAL",
      "MarcaCode": 4,
      "MarcaNombre": "AGROSUPER",
      "FrmtoVentaNombre": "ENTERO",
      "AnimalNombre": "AVE",
      "FamiliaNombre": "PECHUGA POLLO ENTERO",
      "SolicitadoAnterior": 1.0,
      "CantidadEntregada": null,
      "Completado": null,
      "BaseTipo": null,
      "DocTipo": 10,
      "OPED": null
    }
  ]
} 
2024-08-30 01:29:08.0978 loggerfile Despues de enviar a DB. Random: 14, DocEntry: 0 {
  "DocEntry": 0,
  "DocEstado": "A",
  "DocTipo": 10,
  "DocFecha": "2024-08-30T00:00:00-04:00",
  "SocioCode": "05603828-0C",
  "ContactoCode": 1,
  "CondicionCode": null,
  "DireccionCode": 0,
  "VendedorCode": "V_ASTUDILLO",
  "UsuarioCode": "0",
  "Neto": 36305.0,
  "Iva": 6898.0,
  "Total": 43203.0,
  "Observaciones": "",
  "EstadoOperativo": "ING",
  "FechaRegistro": "2024-08-30T01:29:07.912033-04:00",
  "Version": "V0.0.1",
  "UsuarioNombre": "Admin",
  "EstadoCliente": "ACTIVO",
  "RazonSocial": "GUSTAVO FRANCISCO GARCES YACKSIC",
  "FechaEntrega": "2024-08-30T00:00:00",
  "RetiraCliente": true,
  "AutorizacionEspecial": null,
  "Costo": 32248.0,
  "Margen": 0.1117476931552127806087315797,
  "BandejaCode": null,
  "MotivoRechazo": null,
  "AutorizadoEspecial": null,
  "CondicionNombre": "CHEQUE 30 DIAS",
  "FechaIngresoPrep": null,
  "Completado": null,
  "BaseEntry": null,
  "BaseTipo": null,
  "clientFileDF": null,
  "CondicionDF": "CHEQUE_30_DIAS",
  "Facturado": null,
  "Etiquetado": null,
  "Etiqueta": null,
  "Instrucciones": "",
  "PED1": [
    {
      "DocEntry": 0,
      "DocLinea": 0,
      "LineaEstado": "A",
      "ProdCode": "VCLVTLVEA8",
      "ProdNombre": "1 SU CHB V LOMO VETADO",
      "PrecioFinal": 11000.0,
      "Descuento": 0.0,
      "CantidadPendiente": 3.0,
      "CantidadReal": 0.0,
      "BaseEntry": null,
      "BaseLinea": null,
      "UsuarioCodeConfirma": null,
      "FechaConfirma": null,
      "FamiliaCode": 34,
      "AnimalCode": 1,
      "TipoCode": "A",
      "Medida": "KILO",
      "FormatoVtaCode": 0,
      "Margen": 0.101,
      "Costo": 9890.00,
      "LineaItem": 1,
      "Volumen": 100.0,
      "CantidadSolicitada": 3.0,
      "TotalSolicitado": 33000.0,
      "TotalReal": null,
      "PrecioUnitario": 13187.0,
      "PrecioVolumen": 11736.0,
      "FactorPrecio": 1.0,
      "MargenRegla": 0.25,
      "Disponible": 931.26,
      "BodegaCode": "TOLEDO",
      "RefrigeraCode": 1,
      "RefrigeraNombre": "FRESCO",
      "OrigenCode": 6,
      "OrigenNombre": "PARAGUAY",
      "MarcaCode": 15,
      "MarcaNombre": "CHORTY BEEF",
      "FrmtoVentaNombre": "ENTERO",
      "AnimalNombre": "VACUNO",
      "FamiliaNombre": "LOMO VETADO",
      "SolicitadoAnterior": 3.0,
      "CantidadEntregada": null,
      "Completado": null,
      "BaseTipo": null,
      "DocTipo": 10
    },
    {
      "DocEntry": 0,
      "DocLinea": 0,
      "LineaEstado": "A",
      "ProdCode": "AVPOLPEC01",
      "ProdNombre": "2 AG AG O PECHUGA POLLO ENTERA",
      "PrecioFinal": 3305.0,
      "Descuento": 0.0,
      "CantidadPendiente": 1.0,
      "CantidadReal": 0.0,
      "BaseEntry": null,
      "BaseLinea": null,
      "UsuarioCodeConfirma": null,
      "FechaConfirma": null,
      "FamiliaCode": 178,
      "AnimalCode": 3,
      "TipoCode": "A",
      "Medida": "KILO",
      "FormatoVtaCode": 0,
      "Margen": 0.220,
      "Costo": 2577.72,
      "LineaItem": 2,
      "Volumen": 100.0,
      "CantidadSolicitada": 1.0,
      "TotalSolicitado": 3305.0,
      "TotalReal": null,
      "PrecioUnitario": 3305.0,
      "PrecioVolumen": 3239.0,
      "FactorPrecio": 1.0,
      "MargenRegla": 0.22,
      "Disponible": 163.83,
      "BodegaCode": "TOLEDO",
      "RefrigeraCode": 2,
      "RefrigeraNombre": "CONGELADO",
      "OrigenCode": 5,
      "OrigenNombre": "NACIONAL",
      "MarcaCode": 4,
      "MarcaNombre": "AGROSUPER",
      "FrmtoVentaNombre": "ENTERO",
      "AnimalNombre": "AVE",
      "FamiliaNombre": "PECHUGA POLLO ENTERO",
      "SolicitadoAnterior": 1.0,
      "CantidadEntregada": null,
      "Completado": null,
      "BaseTipo": null,
      "DocTipo": 10
    }
  ]
} 
2024-08-30 01:29:08.2098 loggerfile SaveChanges enviar a DB. Random: 14, DocEntry: 410131 {
  "DocEntry": 410131,
  "DocEstado": "A",
  "DocTipo": 10,
  "DocFecha": "2024-08-30T00:00:00-04:00",
  "SocioCode": "05603828-0C",
  "ContactoCode": 1,
  "CondicionCode": null,
  "DireccionCode": 0,
  "VendedorCode": "V_ASTUDILLO",
  "UsuarioCode": "0",
  "Neto": 36305.0,
  "Iva": 6898.0,
  "Total": 43203.0,
  "Observaciones": "",
  "EstadoOperativo": "ING",
  "FechaRegistro": "2024-08-30T01:29:07.912033-04:00",
  "Version": "V0.0.1",
  "UsuarioNombre": "Admin",
  "EstadoCliente": "ACTIVO",
  "RazonSocial": "GUSTAVO FRANCISCO GARCES YACKSIC",
  "FechaEntrega": "2024-08-30T00:00:00",
  "RetiraCliente": true,
  "AutorizacionEspecial": null,
  "Costo": 32248.0,
  "Margen": 0.1117476931552127806087315797,
  "BandejaCode": null,
  "MotivoRechazo": null,
  "AutorizadoEspecial": null,
  "CondicionNombre": "CHEQUE 30 DIAS",
  "FechaIngresoPrep": null,
  "Completado": null,
  "BaseEntry": null,
  "BaseTipo": null,
  "clientFileDF": null,
  "CondicionDF": "CHEQUE_30_DIAS",
  "Facturado": null,
  "Etiquetado": null,
  "Etiqueta": null,
  "Instrucciones": "",
  "PED1": [
    {
      "DocEntry": 410131,
      "DocLinea": 203,
      "LineaEstado": "A",
      "ProdCode": "VCLVTLVEA8",
      "ProdNombre": "1 SU CHB V LOMO VETADO",
      "PrecioFinal": 11000.0,
      "Descuento": 0.0,
      "CantidadPendiente": 3.0,
      "CantidadReal": 0.0,
      "BaseEntry": null,
      "BaseLinea": null,
      "UsuarioCodeConfirma": null,
      "FechaConfirma": null,
      "FamiliaCode": 34,
      "AnimalCode": 1,
      "TipoCode": "A",
      "Medida": "KILO",
      "FormatoVtaCode": 0,
      "Margen": 0.101,
      "Costo": 9890.00,
      "LineaItem": 1,
      "Volumen": 100.0,
      "CantidadSolicitada": 3.0,
      "TotalSolicitado": 33000.0,
      "TotalReal": null,
      "PrecioUnitario": 13187.0,
      "PrecioVolumen": 11736.0,
      "FactorPrecio": 1.0,
      "MargenRegla": 0.25,
      "Disponible": 931.26,
      "BodegaCode": "TOLEDO",
      "RefrigeraCode": 1,
      "RefrigeraNombre": "FRESCO",
      "OrigenCode": 6,
      "OrigenNombre": "PARAGUAY",
      "MarcaCode": 15,
      "MarcaNombre": "CHORTY BEEF",
      "FrmtoVentaNombre": "ENTERO",
      "AnimalNombre": "VACUNO",
      "FamiliaNombre": "LOMO VETADO",
      "SolicitadoAnterior": 3.0,
      "CantidadEntregada": null,
      "Completado": null,
      "BaseTipo": null,
      "DocTipo": 10
    },
    {
      "DocEntry": 410131,
      "DocLinea": 204,
      "LineaEstado": "A",
      "ProdCode": "AVPOLPEC01",
      "ProdNombre": "2 AG AG O PECHUGA POLLO ENTERA",
      "PrecioFinal": 3305.0,
      "Descuento": 0.0,
      "CantidadPendiente": 1.0,
      "CantidadReal": 0.0,
      "BaseEntry": null,
      "BaseLinea": null,
      "UsuarioCodeConfirma": null,
      "FechaConfirma": null,
      "FamiliaCode": 178,
      "AnimalCode": 3,
      "TipoCode": "A",
      "Medida": "KILO",
      "FormatoVtaCode": 0,
      "Margen": 0.220,
      "Costo": 2577.72,
      "LineaItem": 2,
      "Volumen": 100.0,
      "CantidadSolicitada": 1.0,
      "TotalSolicitado": 3305.0,
      "TotalReal": null,
      "PrecioUnitario": 3305.0,
      "PrecioVolumen": 3239.0,
      "FactorPrecio": 1.0,
      "MargenRegla": 0.22,
      "Disponible": 163.83,
      "BodegaCode": "TOLEDO",
      "RefrigeraCode": 2,
      "RefrigeraNombre": "CONGELADO",
      "OrigenCode": 5,
      "OrigenNombre": "NACIONAL",
      "MarcaCode": 4,
      "MarcaNombre": "AGROSUPER",
      "FrmtoVentaNombre": "ENTERO",
      "AnimalNombre": "AVE",
      "FamiliaNombre": "PECHUGA POLLO ENTERO",
      "SolicitadoAnterior": 1.0,
      "CantidadEntregada": null,
      "Completado": null,
      "BaseTipo": null,
      "DocTipo": 10
    }
  ]
} 
2024-08-30 01:29:08.7307 loggerfile request https://localhost:44366/api/documentos/410131?doctipo=10 
2024-08-30 01:29:08.8800 loggerfile request https://localhost:44366/api/socios/05603828-0C/ 
2024-08-30 01:29:08.9601 loggerfile request https://localhost:44366/api/socios/propiedades 
2024-08-30 01:29:09.0938 loggerfile request https://localhost:44366/api/socios/05603828-0C/TopFamilia 
2024-08-30 01:29:09.1260 loggerfile request https://localhost:44366/api/socios/05603828-0C/TopRubro 
2024-08-30 01:29:09.1572 loggerfile request https://localhost:44366/api/socios/05603828-0C/TopVentas 
2024-08-30 06:22:41.9884 loggerfile request https://localhost:44366/api/usuarios/list?idgrupo=COMERCIAL&idgrupo2= 
2024-08-30 06:22:44.4475 loggerfile request https://localhost:44366/api/documentos/list?doctipo=10&estado=&estadooperativo=&pendiente=-1&usuario=Admin&desde=2024-08-01&hasta=2024-08-30 
2024-08-30 06:22:57.8407 loggerfile request https://localhost:44366/api/documentos/410092?doctipo=10 
2024-08-30 06:22:59.6553 loggerfile request https://localhost:44366/api/socios/77676401-9C/ 
2024-08-30 06:23:01.1120 loggerfile request https://localhost:44366/api/socios/propiedades 
2024-08-30 06:23:01.9182 loggerfile request https://localhost:44366/api/socios/77676401-9C/TopFamilia 
2024-08-30 06:23:01.9960 loggerfile request https://localhost:44366/api/socios/77676401-9C/TopRubro 
2024-08-30 06:23:02.0594 loggerfile request https://localhost:44366/api/socios/77676401-9C/TopVentas 
2024-08-30 06:27:41.7401 loggerfile request https://localhost:44366/api/usuarios/list?idgrupo=COMERCIAL&idgrupo2= 
2024-08-30 06:27:43.3213 loggerfile request https://localhost:44366/api/documentos/list?doctipo=10&estado=&estadooperativo=&pendiente=-1&usuario=Admin&desde=2024-08-01&hasta=2024-08-30 
2024-08-30 13:15:24.6891 loggerfile request https://localhost:44366/api/usuarios/list?idgrupo=COMERCIAL&idgrupo2= 
2024-08-30 13:15:33.2446 loggerfile request https://localhost:44366/api/documentos/list?doctipo=10&estado=&estadooperativo=&pendiente=-1&usuario=Admin&desde=2024-08-01&hasta=2024-08-30 
2024-08-30 13:16:22.6598 loggerfile request https://localhost:44366/api/socios/search?palabras=victor wil 
2024-08-30 13:16:28.6931 loggerfile request https://localhost:44366/api/socios/22582203-4C/ 
2024-08-30 13:16:29.9061 loggerfile request https://localhost:44366/api/socios/propiedades 
2024-08-30 13:16:31.5877 loggerfile request https://localhost:44366/api/socios/22582203-4C/TopFamilia 
2024-08-30 13:16:32.1108 loggerfile request https://localhost:44366/api/socios/22582203-4C/TopRubro 
2024-08-30 13:16:34.7844 loggerfile request https://localhost:44366/api/socios/22582203-4C/TopVentas 
2024-08-30 13:16:47.9762 loggerfile request https://localhost:44366/api/productos/search?palabras=LOMO&solorecetas=&maestro=&bodegacode= 
2024-08-30 13:17:22.2485 loggerfile request https://localhost:44366/api/documentos 
2024-08-30 13:17:22.9649 loggerfile Input incial OPED.  Random: 21, DocEntry: 0 {
  "DocEntry": 0,
  "DocEstado": "A",
  "DocTipo": 10,
  "DocFecha": "2024-08-30T00:00:00-04:00",
  "SocioCode": "22582203-4C",
  "ContactoCode": 0,
  "CondicionCode": null,
  "DireccionCode": 0,
  "VendedorCode": "CALL_CENTER_COLONOS1",
  "UsuarioCode": "0",
  "Neto": 9012.0,
  "Iva": 1712.0,
  "Total": 10724.0,
  "Observaciones": "ES UNA PRUEBA",
  "EstadoOperativo": "ING",
  "FechaRegistro": "2024-08-30T13:17:21.6626567-04:00",
  "Version": "V0.0.1",
  "UsuarioNombre": "Admin",
  "EstadoCliente": "ACTIVO",
  "RazonSocial": "VICTOR WILLIAM LIZA OLIVOS",
  "FechaEntrega": "2024-08-30T00:00:00",
  "RetiraCliente": true,
  "AutorizacionEspecial": null,
  "Costo": 7390.0,
  "Margen": 0.1799822458943630714602751886,
  "BandejaCode": null,
  "MotivoRechazo": null,
  "AutorizadoEspecial": null,
  "CondicionNombre": "CREDITO 7 DÍAS",
  "FechaIngresoPrep": null,
  "Completado": null,
  "BaseEntry": null,
  "BaseTipo": null,
  "clientFileDF": null,
  "CondicionDF": "CREDITO 7 DÍAS",
  "Facturado": null,
  "Etiquetado": null,
  "Etiqueta": null,
  "Instrucciones": "",
  "PED1": []
} 
2024-08-30 13:17:23.6494 loggerfile Completando Lineas.  Random: 21, DocEntry: 0, ProdCode: VALOM21008 {
  "DocEntry": 0,
  "DocLinea": 1,
  "LineaEstado": "A",
  "ProdCode": "VALOM21008",
  "ProdNombre": "1 FR PANT V LOMO VETADO ",
  "PrecioFinal": 9012.0,
  "Descuento": 0.0,
  "CantidadPendiente": 1.0,
  "CantidadReal": 0.0,
  "BaseEntry": null,
  "BaseLinea": null,
  "UsuarioCodeConfirma": null,
  "FechaConfirma": null,
  "FamiliaCode": 153,
  "AnimalCode": 1022,
  "TipoCode": "A",
  "Medida": "KILO",
  "FormatoVtaCode": 0,
  "Margen": 0.180,
  "Costo": 7390.00,
  "LineaItem": 1,
  "Volumen": 100.0,
  "CantidadSolicitada": 1.0,
  "TotalSolicitado": 9012.0,
  "TotalReal": null,
  "PrecioUnitario": 9012.0,
  "PrecioVolumen": 8922.0,
  "FactorPrecio": 1.0,
  "MargenRegla": 0.18,
  "Disponible": 817.57,
  "BodegaCode": "TOLEDO",
  "RefrigeraCode": 1,
  "RefrigeraNombre": "FRESCO",
  "OrigenCode": 2,
  "OrigenNombre": "BRASIL",
  "MarcaCode": 207,
  "MarcaNombre": "PANTANAL",
  "FrmtoVentaNombre": "AL VACIO",
  "AnimalNombre": "VACUNO ",
  "FamiliaNombre": "LOMO VETADO ENTERO",
  "SolicitadoAnterior": 0.0,
  "CantidadEntregada": null,
  "Completado": null,
  "BaseTipo": null,
  "DocTipo": 10,
  "OPED": null
} 
2024-08-30 13:17:23.7077 loggerfile Antes de enviar a DB. Random: 21, DocEntry: 0 {
  "DocEntry": 0,
  "DocEstado": "A",
  "DocTipo": 10,
  "DocFecha": "2024-08-30T00:00:00-04:00",
  "SocioCode": "22582203-4C",
  "ContactoCode": 0,
  "CondicionCode": null,
  "DireccionCode": 0,
  "VendedorCode": "CALL_CENTER_COLONOS1",
  "UsuarioCode": "0",
  "Neto": 9012.0,
  "Iva": 1712.0,
  "Total": 10724.0,
  "Observaciones": "ES UNA PRUEBA",
  "EstadoOperativo": "ING",
  "FechaRegistro": "2024-08-30T13:17:21.6626567-04:00",
  "Version": "V0.0.1",
  "UsuarioNombre": "Admin",
  "EstadoCliente": "ACTIVO",
  "RazonSocial": "VICTOR WILLIAM LIZA OLIVOS",
  "FechaEntrega": "2024-08-30T00:00:00",
  "RetiraCliente": true,
  "AutorizacionEspecial": null,
  "Costo": 7390.0,
  "Margen": 0.1799822458943630714602751886,
  "BandejaCode": null,
  "MotivoRechazo": null,
  "AutorizadoEspecial": null,
  "CondicionNombre": "CREDITO 7 DÍAS",
  "FechaIngresoPrep": null,
  "Completado": null,
  "BaseEntry": null,
  "BaseTipo": null,
  "clientFileDF": null,
  "CondicionDF": "CREDITO 7 DÍAS",
  "Facturado": null,
  "Etiquetado": null,
  "Etiqueta": null,
  "Instrucciones": "",
  "PED1": [
    {
      "DocEntry": 0,
      "DocLinea": 1,
      "LineaEstado": "A",
      "ProdCode": "VALOM21008",
      "ProdNombre": "1 FR PANT V LOMO VETADO ",
      "PrecioFinal": 9012.0,
      "Descuento": 0.0,
      "CantidadPendiente": 1.0,
      "CantidadReal": 0.0,
      "BaseEntry": null,
      "BaseLinea": null,
      "UsuarioCodeConfirma": null,
      "FechaConfirma": null,
      "FamiliaCode": 153,
      "AnimalCode": 1022,
      "TipoCode": "A",
      "Medida": "KILO",
      "FormatoVtaCode": 0,
      "Margen": 0.180,
      "Costo": 7390.00,
      "LineaItem": 1,
      "Volumen": 100.0,
      "CantidadSolicitada": 1.0,
      "TotalSolicitado": 9012.0,
      "TotalReal": null,
      "PrecioUnitario": 9012.0,
      "PrecioVolumen": 8922.0,
      "FactorPrecio": 1.0,
      "MargenRegla": 0.18,
      "Disponible": 817.57,
      "BodegaCode": "TOLEDO",
      "RefrigeraCode": 1,
      "RefrigeraNombre": "FRESCO",
      "OrigenCode": 2,
      "OrigenNombre": "BRASIL",
      "MarcaCode": 207,
      "MarcaNombre": "PANTANAL",
      "FrmtoVentaNombre": "AL VACIO",
      "AnimalNombre": "VACUNO ",
      "FamiliaNombre": "LOMO VETADO ENTERO",
      "SolicitadoAnterior": 0.0,
      "CantidadEntregada": null,
      "Completado": null,
      "BaseTipo": null,
      "DocTipo": 10,
      "OPED": null
    }
  ]
} 
2024-08-30 13:17:24.1104 loggerfile Despues de enviar a DB. Random: 21, DocEntry: 0 {
  "DocEntry": 0,
  "DocEstado": "A",
  "DocTipo": 10,
  "DocFecha": "2024-08-30T00:00:00-04:00",
  "SocioCode": "22582203-4C",
  "ContactoCode": 0,
  "CondicionCode": null,
  "DireccionCode": 0,
  "VendedorCode": "CALL_CENTER_COLONOS1",
  "UsuarioCode": "0",
  "Neto": 9012.0,
  "Iva": 1712.0,
  "Total": 10724.0,
  "Observaciones": "ES UNA PRUEBA",
  "EstadoOperativo": "ING",
  "FechaRegistro": "2024-08-30T13:17:21.6626567-04:00",
  "Version": "V0.0.1",
  "UsuarioNombre": "Admin",
  "EstadoCliente": "ACTIVO",
  "RazonSocial": "VICTOR WILLIAM LIZA OLIVOS",
  "FechaEntrega": "2024-08-30T00:00:00",
  "RetiraCliente": true,
  "AutorizacionEspecial": null,
  "Costo": 7390.0,
  "Margen": 0.1799822458943630714602751886,
  "BandejaCode": null,
  "MotivoRechazo": null,
  "AutorizadoEspecial": null,
  "CondicionNombre": "CREDITO 7 DÍAS",
  "FechaIngresoPrep": null,
  "Completado": null,
  "BaseEntry": null,
  "BaseTipo": null,
  "clientFileDF": null,
  "CondicionDF": "CREDITO 7 DÍAS",
  "Facturado": null,
  "Etiquetado": null,
  "Etiqueta": null,
  "Instrucciones": "",
  "PED1": [
    {
      "DocEntry": 0,
      "DocLinea": 1,
      "LineaEstado": "A",
      "ProdCode": "VALOM21008",
      "ProdNombre": "1 FR PANT V LOMO VETADO ",
      "PrecioFinal": 9012.0,
      "Descuento": 0.0,
      "CantidadPendiente": 1.0,
      "CantidadReal": 0.0,
      "BaseEntry": null,
      "BaseLinea": null,
      "UsuarioCodeConfirma": null,
      "FechaConfirma": null,
      "FamiliaCode": 153,
      "AnimalCode": 1022,
      "TipoCode": "A",
      "Medida": "KILO",
      "FormatoVtaCode": 0,
      "Margen": 0.180,
      "Costo": 7390.00,
      "LineaItem": 1,
      "Volumen": 100.0,
      "CantidadSolicitada": 1.0,
      "TotalSolicitado": 9012.0,
      "TotalReal": null,
      "PrecioUnitario": 9012.0,
      "PrecioVolumen": 8922.0,
      "FactorPrecio": 1.0,
      "MargenRegla": 0.18,
      "Disponible": 817.57,
      "BodegaCode": "TOLEDO",
      "RefrigeraCode": 1,
      "RefrigeraNombre": "FRESCO",
      "OrigenCode": 2,
      "OrigenNombre": "BRASIL",
      "MarcaCode": 207,
      "MarcaNombre": "PANTANAL",
      "FrmtoVentaNombre": "AL VACIO",
      "AnimalNombre": "VACUNO ",
      "FamiliaNombre": "LOMO VETADO ENTERO",
      "SolicitadoAnterior": 0.0,
      "CantidadEntregada": null,
      "Completado": null,
      "BaseTipo": null,
      "DocTipo": 10
    }
  ]
} 
2024-08-30 13:17:25.8304 loggerfile SaveChanges enviar a DB. Random: 21, DocEntry: 410142 {
  "DocEntry": 410142,
  "DocEstado": "A",
  "DocTipo": 10,
  "DocFecha": "2024-08-30T00:00:00-04:00",
  "SocioCode": "22582203-4C",
  "ContactoCode": 0,
  "CondicionCode": null,
  "DireccionCode": 0,
  "VendedorCode": "CALL_CENTER_COLONOS1",
  "UsuarioCode": "0",
  "Neto": 9012.0,
  "Iva": 1712.0,
  "Total": 10724.0,
  "Observaciones": "ES UNA PRUEBA",
  "EstadoOperativo": "ING",
  "FechaRegistro": "2024-08-30T13:17:21.6626567-04:00",
  "Version": "V0.0.1",
  "UsuarioNombre": "Admin",
  "EstadoCliente": "ACTIVO",
  "RazonSocial": "VICTOR WILLIAM LIZA OLIVOS",
  "FechaEntrega": "2024-08-30T00:00:00",
  "RetiraCliente": true,
  "AutorizacionEspecial": null,
  "Costo": 7390.0,
  "Margen": 0.1799822458943630714602751886,
  "BandejaCode": null,
  "MotivoRechazo": null,
  "AutorizadoEspecial": null,
  "CondicionNombre": "CREDITO 7 DÍAS",
  "FechaIngresoPrep": null,
  "Completado": null,
  "BaseEntry": null,
  "BaseTipo": null,
  "clientFileDF": null,
  "CondicionDF": "CREDITO 7 DÍAS",
  "Facturado": null,
  "Etiquetado": null,
  "Etiqueta": null,
  "Instrucciones": "",
  "PED1": [
    {
      "DocEntry": 410142,
      "DocLinea": 219,
      "LineaEstado": "A",
      "ProdCode": "VALOM21008",
      "ProdNombre": "1 FR PANT V LOMO VETADO ",
      "PrecioFinal": 9012.0,
      "Descuento": 0.0,
      "CantidadPendiente": 1.0,
      "CantidadReal": 0.0,
      "BaseEntry": null,
      "BaseLinea": null,
      "UsuarioCodeConfirma": null,
      "FechaConfirma": null,
      "FamiliaCode": 153,
      "AnimalCode": 1022,
      "TipoCode": "A",
      "Medida": "KILO",
      "FormatoVtaCode": 0,
      "Margen": 0.180,
      "Costo": 7390.00,
      "LineaItem": 1,
      "Volumen": 100.0,
      "CantidadSolicitada": 1.0,
      "TotalSolicitado": 9012.0,
      "TotalReal": null,
      "PrecioUnitario": 9012.0,
      "PrecioVolumen": 8922.0,
      "FactorPrecio": 1.0,
      "MargenRegla": 0.18,
      "Disponible": 817.57,
      "BodegaCode": "TOLEDO",
      "RefrigeraCode": 1,
      "RefrigeraNombre": "FRESCO",
      "OrigenCode": 2,
      "OrigenNombre": "BRASIL",
      "MarcaCode": 207,
      "MarcaNombre": "PANTANAL",
      "FrmtoVentaNombre": "AL VACIO",
      "AnimalNombre": "VACUNO ",
      "FamiliaNombre": "LOMO VETADO ENTERO",
      "SolicitadoAnterior": 0.0,
      "CantidadEntregada": null,
      "Completado": null,
      "BaseTipo": null,
      "DocTipo": 10
    }
  ]
} 
