2024-11-27 05:48:06.7700 loggerfile request https://localhost:44367/api/documentos/list?doctipo=10&estado=A&bodegacode=TOLEDO 
2024-11-27 05:56:54.8709 loggerfile request https://localhost:44367/api/documentos/list?doctipo=10&estado=A&bodegacode=TOLEDO 
2024-11-27 06:11:35.2649 loggerfile request https://localhost:44367/api/usuarios/list?idgrupo=CALIDAD&idgrupo2=CAMARA 
2024-11-27 06:11:39.1049 loggerfile request https://localhost:44367/api/usuarios/list?idgrupo=OPERADOR-PROD&idgrupo2=OPERADOR-PROD 
2024-11-27 06:11:39.1786 loggerfile request https://localhost:44367/api/documentos/list?bodegacode=TOLEDO&doctipo=10&estado=A&estadooperativo=PREP&vendedorcode=&fechaini=&fechafin= 
2024-11-27 06:12:19.5687 loggerfile request https://localhost:44367/api/documentos/list?bodegacode=TOLEDO&doctipo=10&estado=A&estadooperativo=PREP&vendedorcode=&fechaini=&fechafin= 
2024-11-27 06:12:24.7161 loggerfile request https://localhost:44367/api/documentos/list?bodegacode=TOLEDO&doctipo=10&estado=A&estadooperativo=PREP&vendedorcode=&fechaini=&fechafin= 
2024-11-27 06:12:30.0965 loggerfile request https://localhost:44367/api/documentos/list?bodegacode=TOLEDO&doctipo=10&estado=A&estadooperativo=PREP&vendedorcode=&fechaini=&fechafin= 
2024-11-27 06:12:47.7912 loggerfile request https://localhost:44367/api/documentos/list?bodegacode=TOLEDO&doctipo=10&estado=A&estadooperativo=PREP&vendedorcode=&fechaini=&fechafin= 
2024-11-27 06:14:22.2372 loggerfile request https://localhost:44367/api/usuarios/list?idgrupo=CALIDAD&idgrupo2=CAMARA 
2024-11-27 06:14:22.2528 loggerfile request https://localhost:44367/api/usuarios/list?idgrupo=OPERADOR-PROD&idgrupo2=OPERADOR-PROD 
2024-11-27 06:14:22.2733 loggerfile request https://localhost:44367/api/documentos/list?bodegacode=TOLEDO&doctipo=10&estado=A&estadooperativo=PREP&vendedorcode=&fechaini=&fechafin= 
2024-11-27 06:15:54.7545 loggerfile request https://localhost:44367/api/usuarios/list?idgrupo=CALIDAD&idgrupo2=CAMARA 
2024-11-27 06:15:54.7750 loggerfile request https://localhost:44367/api/usuarios/list?idgrupo=OPERADOR-PROD&idgrupo2=OPERADOR-PROD 
2024-11-27 06:15:54.7916 loggerfile request https://localhost:44367/api/documentos/list?bodegacode=TOLEDO&doctipo=10&estado=A&estadooperativo=PREP&vendedorcode=&fechaini=&fechafin= 
2024-11-27 06:16:29.3634 loggerfile request https://localhost:44367/api/usuarios/list?idgrupo=CALIDAD&idgrupo2=CAMARA 
2024-11-27 06:16:29.3800 loggerfile request https://localhost:44367/api/usuarios/list?idgrupo=OPERADOR-PROD&idgrupo2=OPERADOR-PROD 
2024-11-27 06:16:29.3947 loggerfile request https://localhost:44367/api/documentos/list?bodegacode=TOLEDO&doctipo=10&estado=A&estadooperativo=PREP&vendedorcode=&fechaini=&fechafin= 
2024-11-27 06:16:57.1849 loggerfile request https://localhost:44367/api/usuarios/list?idgrupo=CALIDAD&idgrupo2=CAMARA 
2024-11-27 06:16:57.2015 loggerfile request https://localhost:44367/api/usuarios/list?idgrupo=OPERADOR-PROD&idgrupo2=OPERADOR-PROD 
2024-11-27 06:16:57.2152 loggerfile request https://localhost:44367/api/documentos/list?bodegacode=TOLEDO&doctipo=10&estado=A&estadooperativo=PREP&vendedorcode=&fechaini=&fechafin= 
2024-11-27 06:17:30.2411 loggerfile request https://localhost:44367/api/usuarios/list?idgrupo=CALIDAD&idgrupo2=CAMARA 
2024-11-27 06:17:30.2557 loggerfile request https://localhost:44367/api/usuarios/list?idgrupo=OPERADOR-PROD&idgrupo2=OPERADOR-PROD 
2024-11-27 06:17:30.2694 loggerfile request https://localhost:44367/api/documentos/list?bodegacode=TOLEDO&doctipo=10&estado=A&estadooperativo=PREP&vendedorcode=&fechaini=&fechafin= 
2024-11-27 06:17:52.9848 loggerfile request https://localhost:44367/api/documentos/list?bodegacode=TOLEDO&doctipo=10&estado=A&estadooperativo=PREP&vendedorcode=&fechaini=&fechafin= 
2024-11-27 06:18:29.6287 loggerfile request https://localhost:44367/api/usuarios/list?idgrupo=CALIDAD&idgrupo2=CAMARA 
2024-11-27 06:18:29.6443 loggerfile request https://localhost:44367/api/usuarios/list?idgrupo=OPERADOR-PROD&idgrupo2=OPERADOR-PROD 
2024-11-27 06:18:29.6599 loggerfile request https://localhost:44367/api/documentos/list?bodegacode=TOLEDO&doctipo=10&estado=A&estadooperativo=PREP&vendedorcode=&fechaini=&fechafin= 
2024-11-27 06:18:35.9202 loggerfile request https://localhost:44367/api/documentos/list?bodegacode=TOLEDO&doctipo=10&estado=A&estadooperativo=PREP&vendedorcode=&fechaini=&fechafin= 
2024-11-27 06:19:14.1020 loggerfile request https://localhost:44367/api/usuarios/list?idgrupo=CALIDAD&idgrupo2=CAMARA 
2024-11-27 06:19:14.1225 loggerfile request https://localhost:44367/api/usuarios/list?idgrupo=OPERADOR-PROD&idgrupo2=OPERADOR-PROD 
2024-11-27 06:19:14.1401 loggerfile request https://localhost:44367/api/documentos/list?bodegacode=TOLEDO&doctipo=10&estado=A&estadooperativo=PREP&vendedorcode=&fechaini=&fechafin= 
2024-11-27 06:19:56.7026 loggerfile request https://localhost:44367/api/usuarios/list?idgrupo=CALIDAD&idgrupo2=CAMARA 
2024-11-27 06:19:56.7192 loggerfile request https://localhost:44367/api/usuarios/list?idgrupo=OPERADOR-PROD&idgrupo2=OPERADOR-PROD 
2024-11-27 06:19:56.7319 loggerfile request https://localhost:44367/api/documentos/list?bodegacode=TOLEDO&doctipo=10&estado=A&estadooperativo=PREP&vendedorcode=&fechaini=&fechafin= 
2024-11-27 06:20:26.4753 loggerfile request https://localhost:44367/api/usuarios/list?idgrupo=CALIDAD&idgrupo2=CAMARA 
2024-11-27 06:20:26.4938 loggerfile request https://localhost:44367/api/usuarios/list?idgrupo=OPERADOR-PROD&idgrupo2=OPERADOR-PROD 
2024-11-27 06:20:26.5094 loggerfile request https://localhost:44367/api/documentos/list?bodegacode=TOLEDO&doctipo=10&estado=A&estadooperativo=PREP&vendedorcode=&fechaini=&fechafin= 
2024-11-27 06:21:07.9739 loggerfile request https://localhost:44367/api/usuarios/list?idgrupo=CALIDAD&idgrupo2=CAMARA 
2024-11-27 06:21:07.9885 loggerfile request https://localhost:44367/api/usuarios/list?idgrupo=OPERADOR-PROD&idgrupo2=OPERADOR-PROD 
2024-11-27 06:21:08.0051 loggerfile request https://localhost:44367/api/documentos/list?bodegacode=TOLEDO&doctipo=10&estado=A&estadooperativo=PREP&vendedorcode=&fechaini=&fechafin= 
2024-11-27 06:23:17.6864 loggerfile request https://localhost:44367/api/usuarios/list?idgrupo=CALIDAD&idgrupo2=OPERADOR-PROD 
2024-11-27 06:23:17.7049 loggerfile request https://localhost:44367/api/documentos/list?bodegacode=PRODUCCION&doctipo=3010&estado=A&estadooperativo=&vendedorcode=&fechaini=&fechafin= 
2024-11-27 06:23:57.6798 loggerfile request https://localhost:44367/api/usuarios/list?idgrupo=CALIDAD&idgrupo2=OPERADOR-PROD 
2024-11-27 06:23:57.6964 loggerfile request https://localhost:44367/api/documentos/list?bodegacode=PRODUCCION&doctipo=3010&estado=A&estadooperativo=&vendedorcode=&fechaini=&fechafin= 
2024-11-27 06:24:42.9843 loggerfile request https://localhost:44367/api/documentos/list?doctipo=10&estado=A&estadooperativo=PREP&pendiente=1&usuario=&desde=&hasta= 
2024-11-27 06:29:02.9181 loggerfile request https://localhost:44367/api/documentos/list?doctipo=10&estado=A&estadooperativo=PREP&pendiente=1&usuario=&desde=&hasta= 
2024-11-27 06:32:01.7697 loggerfile request https://localhost:44367/api/documentos/list?doctipo=10&estado=A&estadooperativo=PREP&pendiente=1&usuario=&desde=&hasta= 
2024-11-27 06:33:14.9045 loggerfile request https://localhost:44367/api/documentos/list?doctipo=10&estado=A&estadooperativo=PREP&pendiente=1&usuario=&desde=&hasta= 
2024-11-27 06:34:25.7952 loggerfile request https://localhost:44367/api/documentos/list?doctipo=10&estado=A&estadooperativo=PREP&pendiente=1&usuario=&desde=&hasta= 
2024-11-27 06:35:33.4327 loggerfile request https://localhost:44367/api/documentos/list?doctipo=10&estado=A&estadooperativo=PREP&pendiente=1&usuario=&desde=&hasta= 
2024-11-27 06:35:37.6456 loggerfile request https://localhost:44367/api/documentos/list?doctipo=10&estado=A&estadooperativo=PREP&pendiente=1&usuario=&desde=&hasta= 
2024-11-27 06:35:41.3092 loggerfile request https://localhost:44367/api/documentos/list?doctipo=10&estado=A&estadooperativo=PREP&pendiente=1&usuario=&desde=&hasta= 
2024-11-27 06:37:57.0790 loggerfile request https://localhost:44367/api/documentos/list?doctipo=10&estado=A&estadooperativo=PREP&pendiente=1&usuario=&desde=&hasta= 
2024-11-27 06:38:04.9380 loggerfile request https://localhost:44367/api/documentos/414857?doctipo=10 
2024-11-27 06:38:16.8579 loggerfile request https://localhost:44367/api/documentos/418024?doctipo=10 
2024-11-27 07:02:36.0694 loggerfile request https://localhost:44367/api/documentos/list?doctipo=10&estado=A&estadooperativo=PREP&pendiente=1&usuario=&desde=&hasta= 
2024-11-27 07:02:47.8714 loggerfile request https://localhost:44367/api/documentos/list?doctipo=10&estado=A&estadooperativo=PREP&pendiente=1&usuario=&desde=&hasta= 
2024-11-27 07:03:42.5989 loggerfile request https://localhost:44367/api/documentos/list?doctipo=10&estado=A&estadooperativo=PREP&pendiente=1&usuario=&desde=&hasta= 
2024-11-27 07:05:59.1488 loggerfile request https://localhost:44367/api/vehiculos 
2024-11-27 07:06:00.1342 loggerfile request https://localhost:44367/api/documentos/list?bodegacode=&doctipo=12&estado=A&estadooperativo=&vendedorcode=&fechaini=&fechafin= 
2024-11-27 07:31:12.7122 loggerfile request https://localhost:44367/api/documentos/list?doctipo=10&estado=A&estadooperativo=PREP&pendiente=1&usuario=&desde=&hasta= 
2024-11-27 07:31:37.5633 loggerfile request https://localhost:44367/api/vehiculos 
2024-11-27 07:31:38.5596 loggerfile request https://localhost:44367/api/documentos/list?bodegacode=&doctipo=12&estado=A&estadooperativo=&vendedorcode=&fechaini=&fechafin= 
2024-11-27 07:33:23.5484 loggerfile request https://localhost:44367/api/documentos/list?bodegacode=&doctipo=12&estado=A&estadooperativo=&vendedorcode=&fechaini=&fechafin= 
2024-11-27 07:33:50.6264 loggerfile request https://localhost:44367/api/documentos/72408?doctipo=12 
2024-11-27 07:34:51.3447 loggerfile request https://localhost:44367/api/vehiculos 
2024-11-27 07:34:52.2994 loggerfile request https://localhost:44367/api/documentos/list?bodegacode=&doctipo=12&estado=A&estadooperativo=&vendedorcode=&fechaini=&fechafin= 
2024-11-27 07:36:07.2499 loggerfile request https://localhost:44367/api/vehiculos 
2024-11-27 07:36:07.5252 loggerfile request https://localhost:44367/api/documentos/list?bodegacode=&doctipo=12&estado=A&estadooperativo=&vendedorcode=&fechaini=&fechafin= 
2024-11-27 07:37:24.2746 loggerfile request https://localhost:44367/api/vehiculos 
2024-11-27 07:37:24.5519 loggerfile request https://localhost:44367/api/documentos/list?bodegacode=&doctipo=12&estado=A&estadooperativo=&vendedorcode=&fechaini=&fechafin= 
2024-11-27 07:39:58.6599 loggerfile request https://localhost:44367/api/vehiculos 
2024-11-27 07:39:59.3624 loggerfile request https://localhost:44367/api/documentos/list?bodegacode=&doctipo=12&estado=A&estadooperativo=&vendedorcode=&fechaini=&fechafin= 
2024-11-27 07:41:09.3596 loggerfile request https://localhost:44367/api/vehiculos 
2024-11-27 07:41:09.6429 loggerfile request https://localhost:44367/api/documentos/list?bodegacode=&doctipo=12&estado=A&estadooperativo=&vendedorcode=&fechaini=&fechafin= 
2024-11-27 07:41:42.6316 loggerfile request https://localhost:44367/api/vehiculos 
2024-11-27 07:41:42.8892 loggerfile request https://localhost:44367/api/documentos/list?bodegacode=&doctipo=12&estado=A&estadooperativo=&vendedorcode=&fechaini=&fechafin= 
2024-11-27 07:42:41.1401 loggerfile request https://localhost:44367/api/vehiculos 
2024-11-27 07:42:41.3807 loggerfile request https://localhost:44367/api/documentos/list?bodegacode=&doctipo=12&estado=A&estadooperativo=&vendedorcode=&fechaini=&fechafin= 
2024-11-27 07:44:19.3682 loggerfile request https://localhost:44367/api/vehiculos 
2024-11-27 07:44:19.8036 loggerfile request https://localhost:44367/api/documentos/list?bodegacode=&doctipo=12&estado=A&estadooperativo=&vendedorcode=&fechaini=&fechafin= 
2024-11-27 07:47:43.6608 loggerfile request https://localhost:44367/api/vehiculos 
2024-11-27 07:47:44.5230 loggerfile request https://localhost:44367/api/documentos/list?bodegacode=&doctipo=12&estado=A&estadooperativo=&vendedorcode=&fechaini=&fechafin= 
2024-11-27 07:48:41.1483 loggerfile request https://localhost:44367/api/documentos/list?bodegacode=&doctipo=12&estado=A&estadooperativo=&vendedorcode=&fechaini=&fechafin= 
2024-11-27 07:52:49.3709 loggerfile request https://localhost:44367/api/informes/resumenpedidosdeldia?fecha=2024-11-27 
2024-11-27 07:55:58.4806 loggerfile request https://localhost:44367/api/informes/resumenpedidosdeldia?fecha=2024-11-27 
2024-11-27 07:58:28.5297 loggerfile request https://localhost:44367/api/informes/resumenpedidosdeldia?fecha=2024-11-27 
2024-11-27 07:59:14.8662 loggerfile request https://localhost:44367/api/informes/resumenpedidosdeldia?fecha=2024-11-26 
2024-11-27 08:02:29.1161 loggerfile request https://localhost:44367/api/informes/resumenpedidosdeldia?fecha=2024-11-27 
