2024-12-04 01:18:23.0091 loggerfile request https://localhost:44367/api/vehiculos 
2024-12-04 01:18:24.4677 loggerfile request https://localhost:44367/api/documentos/list?bodegacode=&doctipo=12&estado=A&estadooperativo=&vendedorcode=&fechaini=&fechafin= 
2024-12-04 01:34:15.6506 loggerfile request https://localhost:44367/api/vehiculos 
2024-12-04 01:34:38.7349 loggerfile Drivin ExecuteGet. url: https://app2-qa.driv.in/api/external/v2/vehicles 
2024-12-04 01:34:39.2396 loggerfile X-API-Key: 81caa6ab-e2e1-4179-82de-a699ee309c32 
2024-12-04 01:35:05.5223 loggerfile Drivin ExecuteGet. response.Content: Forbidden {"status":"error","response":{"description":"Invalid API key"}} 
2024-12-04 01:45:33.9845 loggerfile request https://localhost:44367/api/vehiculos 
2024-12-04 01:45:41.7900 loggerfile Drivin ExecuteGet. url: https://app2-qa.driv.in/api/external/v2/vehicles 
2024-12-04 01:45:42.0049 loggerfile X-API-Key: 81caa6ab-e2e1-4179-82de-a699ee309c32 
2024-12-04 01:45:45.0232 loggerfile Drivin ExecuteGet. response.Content: Forbidden {"status":"error","response":{"description":"Invalid API key"}} 
2024-12-04 01:45:53.5708 loggerfile mensaje: {"status":"error","response":{"description":"Invalid API key"}}. Data:  
2024-12-04 01:45:59.2302 loggerfile request https://localhost:44367/api/documentos/list?bodegacode=&doctipo=12&estado=A&estadooperativo=&vendedorcode=&fechaini=&fechafin= 
2024-12-04 12:48:07.8790 loggerfile request https://localhost:44367/api/productos/bodegas 
2024-12-04 12:48:09.8832 loggerfile request https://localhost:44367/api/documentos/listpicking?bodegacode=PRODUCCION&estado=A 
2024-12-04 12:48:19.2326 loggerfile request https://localhost:44367/api/documentos/listpicking?bodegacode=PRODUCCION&estado=A 
2024-12-04 12:48:23.9986 loggerfile request https://localhost:44367/api/documentos/10352?doctipo=2010 
2024-12-04 12:48:24.5556 loggerfile request https://localhost:44367/api/documentos/21917?doctipo=3010 
2024-12-04 12:48:34.0674 loggerfile request https://localhost:44367/api/documentos/10352?doctipo=2010 
2024-12-04 12:48:45.5302 loggerfile request https://localhost:44367/api/documentos 
2024-12-04 12:48:46.6867 loggerfile Ajuste inventario en DF: {0} 
 {2} 
2024-12-04 12:48:46.7091 loggerfile RenovarToken... 
2024-12-04 12:48:46.7091 loggerfile RenovarToken, url: https://replapi.defontana.com/api/auth?client=GVLIMITADA&company=GVLIMITADA&user=INTEGRACION&password=2 
2024-12-04 12:48:47.9028 loggerfile response.ErrorMessage:  
2024-12-04 12:48:47.9028 loggerfile response.ErrorException:  
2024-12-04 12:48:47.9028 loggerfile response.ProtocolVersion: 1.1 
2024-12-04 12:48:47.9028 loggerfile response.StatusCode: OK 
2024-12-04 12:48:47.9028 loggerfile response.StatusDescription: OK 
2024-12-04 12:48:47.9028 loggerfile response.Content: {"success":true,"message":null,"access_token":"eyJ0eXAiOiJKV1QiLCJhbGciOiJIUzI1NiJ9.eyJuYW1laWQiOiJBRDEyM0ZULUhHREY1Ni1LSTIzS0wtS0pUUDk4NzYtSEdUMTIiLCJ1bmlxdWVfbmFtZSI6ImNsaWVudC5sZWdhY3lAZGVmb250YW5hLmNvbSIsImh0dHA6Ly9zY2hlbWFzLm1pY3Jvc29mdC5jb20vYWNjZXNzY29udHJvbHNlcnZpY2UvMjAxMC8wNy9jbGFpbXMvaWRlbnRpdHlwcm92aWRlciI6IkFTUC5ORVQgSWRlbnRpdHkiLCJBc3BOZXQuSWRlbnRpdHkuU2VjdXJpdHlTdGFtcCI6IkdIVEQyMzQtS0xISjc4NjgtRkc0OTIzLUhKRzA4RlQ1NiIsImNvbXBhbnkiOiJHVkxJTUlUQURBIiwiY2xpZW50IjoiR1ZMSU1JVEFEQSIsIm9sZHNlcnZpY2UiOiJwbGF0aW51bSIsInVzZXIiOiJJTlRFR1JBQ0lPTiIsInNlc3Npb24iOiIxNzMzMzI3MzI3Iiwic2VydmljZSI6InBsYXRpbnVtIiwiY291bnRyeSI6IkNMIiwiY29tcGFueV9uYW1lIjoiU2VydmljaW9zIHkgUmVudGFzIEcuVi4gU3BBIiwiY29tcGFueV9jb3VudHJ5IjoiQ0wiLCJ1c2VyX25hbWUiOiJJTlRFR1JBQ0lPTiIsImV4cGlyYXRpb25fZGF0ZSI6MTc1NDY5NzYwMCwiY2xpZW50X2NvbmRpdGlvbiI6IlMiLCJyb2xlc1BvcyI6IltcInVzdWFyaW9cIixcInVzdWFyaW9lcnBcIl0iLCJydXRfdXN1YXJpbyI6IjE2LjA0MS4xNjktNCIsImlzcyI6Imh0dHBzOi8vKi5kZWZvbnRhbmEuY29tIiwiYXVkIjoiMDk5MTUzYzI2MjUxNDliYzhlY2IzZTg1ZTAzZjAwMjIiLCJleHAiOjE3NjQ4NjMzMjcsIm5iZiI6MTczMzMyNzMyN30.C45B63BfVx_XmrqGQOEfFSW2C5OHPJnAwHrEOzUEnsY","expires_in":31535999,"token_type":"bearer"} 
2024-12-04 12:49:36.1868 loggerfile request https://localhost:44367/api/documentos/listpicking?bodegacode=PRODUCCION&estado=A 
2024-12-04 12:49:40.9425 loggerfile request https://localhost:44367/api/usuarios/list?idgrupo=CALIDAD&idgrupo2=CAMARA 
2024-12-04 12:49:41.0350 loggerfile request https://localhost:44367/api/usuarios/list?idgrupo=OPERADOR-PROD&idgrupo2=OPERADOR-PROD 
2024-12-04 12:49:41.0633 loggerfile request https://localhost:44367/api/documentos/list?bodegacode=TOLEDO&doctipo=10&estado=A&estadooperativo=PREP&vendedorcode=&fechaini=&fechafin= 
2024-12-04 12:51:49.2484 loggerfile request https://localhost:44367/api/documentos/listpicking?bodegacode=PRODUCCION&estado=A 
2024-12-04 12:52:36.2836 loggerfile request https://localhost:44367/api/documentos/10353?doctipo=2010 
2024-12-04 12:52:36.4087 loggerfile request https://localhost:44367/api/documentos/21922?doctipo=3010 
2024-12-04 12:52:45.8304 loggerfile request https://localhost:44367/api/documentos/10353?doctipo=2010 
2024-12-04 12:52:48.6229 loggerfile request https://localhost:44367/api/documentos 
2024-12-04 12:52:48.9315 loggerfile Ajuste inventario en DF: {0} 
 {2} 
2024-12-04 12:52:48.9315 loggerfile RenovarToken... 
2024-12-04 12:52:48.9315 loggerfile RenovarToken, url: https://replapi.defontana.com/api/auth?client=GVLIMITADA&company=GVLIMITADA&user=INTEGRACION&password=2 
2024-12-04 12:52:49.9343 loggerfile response.ErrorMessage:  
2024-12-04 12:52:49.9343 loggerfile response.ErrorException:  
2024-12-04 12:52:49.9343 loggerfile response.ProtocolVersion: 1.1 
2024-12-04 12:52:49.9343 loggerfile response.StatusCode: OK 
2024-12-04 12:52:49.9343 loggerfile response.StatusDescription: OK 
2024-12-04 12:52:49.9343 loggerfile response.Content: {"success":true,"message":null,"access_token":"eyJ0eXAiOiJKV1QiLCJhbGciOiJIUzI1NiJ9.eyJuYW1laWQiOiJBRDEyM0ZULUhHREY1Ni1LSTIzS0wtS0pUUDk4NzYtSEdUMTIiLCJ1bmlxdWVfbmFtZSI6ImNsaWVudC5sZWdhY3lAZGVmb250YW5hLmNvbSIsImh0dHA6Ly9zY2hlbWFzLm1pY3Jvc29mdC5jb20vYWNjZXNzY29udHJvbHNlcnZpY2UvMjAxMC8wNy9jbGFpbXMvaWRlbnRpdHlwcm92aWRlciI6IkFTUC5ORVQgSWRlbnRpdHkiLCJBc3BOZXQuSWRlbnRpdHkuU2VjdXJpdHlTdGFtcCI6IkdIVEQyMzQtS0xISjc4NjgtRkc0OTIzLUhKRzA4RlQ1NiIsImNvbXBhbnkiOiJHVkxJTUlUQURBIiwiY2xpZW50IjoiR1ZMSU1JVEFEQSIsIm9sZHNlcnZpY2UiOiJwbGF0aW51bSIsInVzZXIiOiJJTlRFR1JBQ0lPTiIsInNlc3Npb24iOiIxNzMzMzI3MzI3Iiwic2VydmljZSI6InBsYXRpbnVtIiwiY291bnRyeSI6IkNMIiwiY29tcGFueV9uYW1lIjoiU2VydmljaW9zIHkgUmVudGFzIEcuVi4gU3BBIiwiY29tcGFueV9jb3VudHJ5IjoiQ0wiLCJ1c2VyX25hbWUiOiJJTlRFR1JBQ0lPTiIsImV4cGlyYXRpb25fZGF0ZSI6MTc1NDY5NzYwMCwiY2xpZW50X2NvbmRpdGlvbiI6IlMiLCJyb2xlc1BvcyI6IltcInVzdWFyaW9cIixcInVzdWFyaW9lcnBcIl0iLCJydXRfdXN1YXJpbyI6IjE2LjA0MS4xNjktNCIsImlzcyI6Imh0dHBzOi8vKi5kZWZvbnRhbmEuY29tIiwiYXVkIjoiMDk5MTUzYzI2MjUxNDliYzhlY2IzZTg1ZTAzZjAwMjIiLCJleHAiOjE3NjQ4NjM1NjksIm5iZiI6MTczMzMyNzU2OX0.1Lhnv6SV5B6H2-icUyLh3u0tWaH6yg8yW21Iyz9Vfvg","expires_in":31535999,"token_type":"bearer"} 
2024-12-04 12:52:53.4477 loggerfile Ajuste inventario en DF: {0} 
 {2} 
2024-12-04 12:52:53.4477 loggerfile RenovarToken... 
2024-12-04 12:52:53.4477 loggerfile RenovarToken, url: https://replapi.defontana.com/api/auth?client=GVLIMITADA&company=GVLIMITADA&user=INTEGRACION&password=2 
2024-12-04 12:52:53.6458 loggerfile response.ErrorMessage:  
2024-12-04 12:52:53.6458 loggerfile response.ErrorException:  
2024-12-04 12:52:53.6458 loggerfile response.ProtocolVersion: 1.1 
2024-12-04 12:52:53.6458 loggerfile response.StatusCode: OK 
2024-12-04 12:52:53.6458 loggerfile response.StatusDescription: OK 
2024-12-04 12:52:53.6458 loggerfile response.Content: {"success":true,"message":null,"access_token":"eyJ0eXAiOiJKV1QiLCJhbGciOiJIUzI1NiJ9.eyJuYW1laWQiOiJBRDEyM0ZULUhHREY1Ni1LSTIzS0wtS0pUUDk4NzYtSEdUMTIiLCJ1bmlxdWVfbmFtZSI6ImNsaWVudC5sZWdhY3lAZGVmb250YW5hLmNvbSIsImh0dHA6Ly9zY2hlbWFzLm1pY3Jvc29mdC5jb20vYWNjZXNzY29udHJvbHNlcnZpY2UvMjAxMC8wNy9jbGFpbXMvaWRlbnRpdHlwcm92aWRlciI6IkFTUC5ORVQgSWRlbnRpdHkiLCJBc3BOZXQuSWRlbnRpdHkuU2VjdXJpdHlTdGFtcCI6IkdIVEQyMzQtS0xISjc4NjgtRkc0OTIzLUhKRzA4RlQ1NiIsImNvbXBhbnkiOiJHVkxJTUlUQURBIiwiY2xpZW50IjoiR1ZMSU1JVEFEQSIsIm9sZHNlcnZpY2UiOiJwbGF0aW51bSIsInVzZXIiOiJJTlRFR1JBQ0lPTiIsInNlc3Npb24iOiIxNzMzMzI3MzI3Iiwic2VydmljZSI6InBsYXRpbnVtIiwiY291bnRyeSI6IkNMIiwiY29tcGFueV9uYW1lIjoiU2VydmljaW9zIHkgUmVudGFzIEcuVi4gU3BBIiwiY29tcGFueV9jb3VudHJ5IjoiQ0wiLCJ1c2VyX25hbWUiOiJJTlRFR1JBQ0lPTiIsImV4cGlyYXRpb25fZGF0ZSI6MTc1NDY5NzYwMCwiY2xpZW50X2NvbmRpdGlvbiI6IlMiLCJyb2xlc1BvcyI6IltcInVzdWFyaW9cIixcInVzdWFyaW9lcnBcIl0iLCJydXRfdXN1YXJpbyI6IjE2LjA0MS4xNjktNCIsImlzcyI6Imh0dHBzOi8vKi5kZWZvbnRhbmEuY29tIiwiYXVkIjoiMDk5MTUzYzI2MjUxNDliYzhlY2IzZTg1ZTAzZjAwMjIiLCJleHAiOjE3NjQ4NjM1NzMsIm5iZiI6MTczMzMyNzU3M30.tYaLl9CTtstkDKRr8d5RGjaPkBytK8Yb5uRVp2oHZxo","expires_in":31535999,"token_type":"bearer"} 
2024-12-04 13:10:54.2541 loggerfile request https://localhost:44367/api/documentos/listpicking?bodegacode=PRODUCCION&estado=A 
2024-12-04 13:11:35.1760 loggerfile request https://localhost:44367/api/documentos/listpicking?bodegacode=PRODUCCION&estado=A 
2024-12-04 13:11:37.8526 loggerfile request https://localhost:44367/api/usuarios/list?idgrupo=CALIDAD&idgrupo2=OPERADOR-PROD 
2024-12-04 13:11:37.8702 loggerfile request https://localhost:44367/api/documentos/list?bodegacode=PRODUCCION&doctipo=3010&estado=A&estadooperativo=&vendedorcode=&fechaini=&fechafin= 
2024-12-04 13:11:43.4426 loggerfile request https://localhost:44367/api/documentos/21922?doctipo=3010 
2024-12-04 13:12:12.5911 loggerfile request https://localhost:44367/api/documentos/21922?doctipo=3010 
2024-12-04 13:12:13.5115 loggerfile request https://localhost:44367/api/productos/LCCDNVET90 
2024-12-04 13:12:13.6214 loggerfile request https://localhost:44367/api/documentos 
2024-12-04 13:12:14.0572 loggerfile request https://localhost:44367/api/documentos/list?bodegacode=PRODUCCION&doctipo=3010&estado=A&estadooperativo=&vendedorcode=&fechaini=&fechafin= 
2024-12-04 13:12:20.0599 loggerfile request https://localhost:44367/api/documentos/listpicking?bodegacode=PRODUCCION&estado=A 
2024-12-04 13:12:23.0973 loggerfile request https://localhost:44367/api/documentos/10469?doctipo=2010 
2024-12-04 13:12:23.1588 loggerfile request https://localhost:44367/api/documentos/21922?doctipo=3010 
2024-12-04 13:32:25.5194 loggerfile request https://localhost:44367/api/documentos/10469?doctipo=2010 
2024-12-04 13:32:29.3105 loggerfile request https://localhost:44367/api/documentos 
2024-12-04 13:32:33.9296 loggerfile request https://localhost:44367/api/documentos/listpicking?bodegacode=PRODUCCION&estado=A 
2024-12-04 13:32:39.1282 loggerfile request https://localhost:44367/api/usuarios/list?idgrupo=CALIDAD&idgrupo2=OPERADOR-PROD 
2024-12-04 13:32:39.1566 loggerfile request https://localhost:44367/api/documentos/list?bodegacode=PRODUCCION&doctipo=3010&estado=A&estadooperativo=&vendedorcode=&fechaini=&fechafin= 
2024-12-04 13:32:56.4911 loggerfile request https://localhost:44367/api/documentos/list?bodegacode=PRODUCCION&doctipo=3010&estado=A&estadooperativo=&vendedorcode=&fechaini=&fechafin= 
2024-12-04 13:32:57.6562 loggerfile request https://localhost:44367/api/documentos/list?bodegacode=PRODUCCION&doctipo=3010&estado=A&estadooperativo=&vendedorcode=&fechaini=&fechafin= 
2024-12-04 13:33:10.5465 loggerfile request https://localhost:44367/api/documentos/listpicking?bodegacode=PRODUCCION&estado=A 
2024-12-04 13:33:19.3794 loggerfile request https://localhost:44367/api/usuarios/list?idgrupo=CALIDAD&idgrupo2=CAMARA 
2024-12-04 13:33:19.4149 loggerfile request https://localhost:44367/api/usuarios/list?idgrupo=OPERADOR-PROD&idgrupo2=OPERADOR-PROD 
2024-12-04 13:33:19.4559 loggerfile request https://localhost:44367/api/documentos/list?bodegacode=TOLEDO&doctipo=10&estado=A&estadooperativo=PREP&vendedorcode=&fechaini=&fechafin= 
2024-12-04 13:33:29.2775 loggerfile request https://localhost:44367/api/documentos/418486?doctipo=10 
2024-12-04 13:34:19.5941 loggerfile request https://localhost:44367/api/documentos/418486?doctipo=10 
2024-12-04 13:34:19.8619 loggerfile request https://localhost:44367/api/parametros 
2024-12-04 13:34:25.2313 loggerfile request https://localhost:44367/api/documentos/418486?doctipo=10 
2024-12-04 13:34:25.5109 loggerfile request https://localhost:44367/api/parametros 
2024-12-04 13:34:25.5280 loggerfile request https://localhost:44367/api/documentos 
2024-12-04 13:34:31.1276 loggerfile request https://localhost:44367/api/documentos/list?bodegacode=TOLEDO&doctipo=10&estado=A&estadooperativo=PREP&vendedorcode=&fechaini=&fechafin= 
2024-12-04 13:34:36.1584 loggerfile request https://localhost:44367/api/usuarios/list?idgrupo=CALIDAD&idgrupo2=OPERADOR-PROD 
2024-12-04 13:34:36.1910 loggerfile request https://localhost:44367/api/documentos/list?bodegacode=PRODUCCION&doctipo=3010&estado=A&estadooperativo=&vendedorcode=&fechaini=&fechafin= 
2024-12-04 13:34:43.3148 loggerfile request https://localhost:44367/api/documentos/list?bodegacode=PRODUCCION&doctipo=3010&estado=A&estadooperativo=&vendedorcode=&fechaini=&fechafin= 
2024-12-04 13:34:48.5041 loggerfile request https://localhost:44367/api/documentos/list?bodegacode=PRODUCCION&doctipo=3010&estado=A&estadooperativo=&vendedorcode=&fechaini=&fechafin= 
2024-12-04 13:34:49.5310 loggerfile request https://localhost:44367/api/documentos/list?bodegacode=PRODUCCION&doctipo=3010&estado=A&estadooperativo=&vendedorcode=&fechaini=&fechafin= 
2024-12-04 13:34:53.5647 loggerfile request https://localhost:44367/api/documentos/21949?doctipo=3010 
2024-12-04 13:35:03.1320 loggerfile request https://localhost:44367/api/documentos/21949?doctipo=3010 
2024-12-04 13:35:05.2557 loggerfile request https://localhost:44367/api/productos/LCCDNVET90 
2024-12-04 13:35:05.2957 loggerfile request https://localhost:44367/api/documentos 
2024-12-04 13:35:05.6036 loggerfile request https://localhost:44367/api/documentos/list?bodegacode=PRODUCCION&doctipo=3010&estado=A&estadooperativo=&vendedorcode=&fechaini=&fechafin= 
2024-12-04 13:35:10.8890 loggerfile request https://localhost:44367/api/documentos/listpicking?bodegacode=PRODUCCION&estado=A 
2024-12-04 13:35:14.5616 loggerfile request https://localhost:44367/api/documentos/10470?doctipo=2010 
2024-12-04 13:35:14.6647 loggerfile request https://localhost:44367/api/documentos/21949?doctipo=3010 
2024-12-04 13:35:19.3762 loggerfile request https://localhost:44367/api/documentos/10470?doctipo=2010 
2024-12-04 13:35:27.2776 loggerfile request https://localhost:44367/api/documentos 
2024-12-04 13:37:10.8380 loggerfile request https://localhost:44367/api/documentos/listpicking?bodegacode=PRODUCCION&estado=A 
2024-12-04 13:37:20.1675 loggerfile request https://localhost:44367/api/documentos/listpicking?bodegacode=PRODUCCION&estado=A 
2024-12-04 13:37:21.9813 loggerfile request https://localhost:44367/api/usuarios/list?idgrupo=CALIDAD&idgrupo2=OPERADOR-PROD 
2024-12-04 13:37:22.0099 loggerfile request https://localhost:44367/api/documentos/list?bodegacode=PRODUCCION&doctipo=3010&estado=A&estadooperativo=&vendedorcode=&fechaini=&fechafin= 
2024-12-04 13:37:29.8261 loggerfile request https://localhost:44367/api/documentos/list?bodegacode=PRODUCCION&doctipo=3010&estado=A&estadooperativo=&vendedorcode=&fechaini=&fechafin= 
2024-12-04 13:37:32.5916 loggerfile request https://localhost:44367/api/documentos/list?bodegacode=PRODUCCION&doctipo=3010&estado=A&estadooperativo=&vendedorcode=&fechaini=&fechafin= 
2024-12-04 13:37:36.6258 loggerfile request https://localhost:44367/api/documentos/21949?doctipo=3010 
2024-12-04 13:38:45.0773 loggerfile request https://localhost:44367/api/documentos/21949?doctipo=3010 
2024-12-04 13:38:52.3298 loggerfile request https://localhost:44367/api/documentos/estadoitem 
2024-12-04 13:38:58.2192 loggerfile ModifyEstadoItem. json entrada: {"DocEntry":21949,"DocEstado":"A","DocTipo":3010,"DocFecha":"2024-11-28T00:00:00","SocioCode":"76456687-4C","RazonSocial":"PRECISIÓN EVENTOS Y SERVICIOS GASTRONÓMICO SP","DireccionCode":21512,"VendedorCode":"CALL CENTER 3","UsuarioCode":"0","Neto":1526640.0,"Iva":290062.0,"Total":1816702.0,"FechaRegistro":"2024-12-04T13:34:25.61","Version":"V0.0.1","UsuarioNombre":"ARAMIREZ","Lineas":[{"DocEntry":21949,"DocLinea":2159,"LineaItem":1,"DocTipo":3010,"LineaEstado":"C","ProdCode":"LCCDNVET90","ProdNombre":"1 LC LC O LOMO VETADO PORCIONADO 200GR","CantidadSolicitada":16.0,"PrecioUnitario":11667.0,"PrecioVolumen":11317.0,"FactorPrecio":1.0,"MargenRegla":0.4,"Disponible":0.0,"BodegaCode":"PRODUCCION","PrecioFinal":12990.0,"Descuento":0.0,"CantidadPendiente":16.0,"CantidadReal":0.0,"BaseEntry":418486,"BaseLinea":10518,"BaseTipo":10,"FamiliaCode":154,"AnimalCode":1,"TipoCode":"B","Medida":"KILO","Margen":0.46,"Costo":7000.0,"FormatoVtaCode":0,"Volumen":100.0,"TotalSolicitado":207840.0,"TotalReal":0.0,"RefrigeraCode":1,"MarcaCode":36,"OrigenCode":5,"RefrigeraNombre":"FRESCO","MarcaNombre":"LCDN","OrigenNombre":"NACIONAL","FrmtoVentaNombre":"PORCIONADO","AnimalNombre":"VACUNO","FamiliaNombre":"LOMO VETADO PORCIONADO","SolicitadoAnterior":0.0,"CantidadEntregada":0.0,"Completado":0.0,"StockActual":0.0}],"FechaEntrega":"2024-12-02T00:00:00","RetiraCliente":false,"BaseEntry":418486,"BaseTipo":10,"FechaIngresoPrep":"2024-11-28T13:23:11.803"} 
2024-12-04 13:39:53.0938 loggerfile request https://localhost:44367/api/documentos/list?bodegacode=PRODUCCION&doctipo=3010&estado=A&estadooperativo=&vendedorcode=&fechaini=&fechafin= 
2024-12-04 13:40:04.2904 loggerfile request https://localhost:44367/api/documentos/list?bodegacode=PRODUCCION&doctipo=3010&estado=A&estadooperativo=&vendedorcode=&fechaini=&fechafin= 
2024-12-04 13:40:07.7642 loggerfile request https://localhost:44367/api/usuarios/list?idgrupo=CALIDAD&idgrupo2=CAMARA 
2024-12-04 13:40:07.7906 loggerfile request https://localhost:44367/api/usuarios/list?idgrupo=OPERADOR-PROD&idgrupo2=OPERADOR-PROD 
2024-12-04 13:40:07.8273 loggerfile request https://localhost:44367/api/documentos/list?bodegacode=TOLEDO&doctipo=10&estado=A&estadooperativo=PREP&vendedorcode=&fechaini=&fechafin= 
2024-12-04 13:40:13.4084 loggerfile request https://localhost:44367/api/documentos/418486?doctipo=10 
2024-12-04 14:07:06.2559 loggerfile request https://localhost:44367/api/vehiculos 
2024-12-04 14:07:09.1936 loggerfile Drivin ExecuteGet. url: https://app2-qa.driv.in/api/external/v2/vehicles 
2024-12-04 14:07:09.1936 loggerfile X-API-Key: 81caa6ab-e2e1-4179-82de-a699ee309c32 
2024-12-04 14:07:10.0558 loggerfile Drivin ExecuteGet. response.Content: Forbidden {"status":"error","response":{"description":"Invalid API key"}} 
2024-12-04 14:07:10.0558 loggerfile mensaje: {"status":"error","response":{"description":"Invalid API key"}}. Data:  
2024-12-04 14:07:14.0467 loggerfile request https://localhost:44367/api/documentos/list?bodegacode=&doctipo=12&estado=A&estadooperativo=&vendedorcode=&fechaini=&fechafin= 
2024-12-04 14:10:41.8013 loggerfile request https://localhost:44367/api/vehiculos 
2024-12-04 14:10:42.0072 loggerfile Drivin ExecuteGet. url: https://external.driv.in/api/external/v2/vehicles 
2024-12-04 14:10:42.0072 loggerfile X-API-Key: 518d4333-9d1a-4f03-b17a-9ca3e323a1af 
2024-12-04 14:10:43.1900 loggerfile Drivin ExecuteGet. response.Content: OK {"status":"OK","response":[{"id":10418162,"code":"AVILLARREAL","description":null,"detail":null,"model":null,"year":null,"peoneta_id":null,"assistant_2_id":null,"assistant_3_id":null,"device_number":"","priority":1,"custom_1":null,"custom_2":null,"kinesis_redirect":false,"is_active":true,"capacity_1":1800.0,"capacity_2":0.0,"capacity_3":0.0,"capacity_4":null,"shift_start":"2000-01-01T07:00:00.000Z","shift_end":"2000-01-01T22:00:00.000Z","reload_time":0,"speed_factor":0.0,"days":"1,1,1,1,1,0,0","driver":{"email":"avillarreal@loscolonosdelnorte.cl","first_name":"Avillarreal","last_name":"41","phone":"","dni":null},"tags":[],"cost_allocation_tags":[],"device_type":"drivin_app","vehicle_tpye":null,"fleets":"COLONOS"},{"id":10417525,"code":"CCERPA","description":null,"detail":null,"model":null,"year":null,"peoneta_id":null,"assistant_2_id":null,"assistant_3_id":null,"device_number":"","priority":1,"custom_1":null,"custom_2":null,"kinesis_redirect":false,"is_active":true,"capacity_1":1800.0,"capacity_2":0.0,"capacity_3":0.0,"capacity_4":null,"shift_start":"2000-01-01T07:00:00.000Z","shift_end":"2000-01-01T22:00:00.000Z","reload_time":0,"speed_factor":0.0,"days":"1,1,1,1,1,0,0","driver":{"email":"ccerpa@loscolonosdelnorte.cl","first_name":"Ccerpa","last_name":"51","phone":"","dni":null},"tags":[],"cost_allocation_tags":[],"device_type":"drivin_app","vehicle_tpye":null,"fleets":"COLONOS"},{"id":10457148,"code":"CCERPA2","description":null,"detail":null,"model":null,"year":null,"peoneta_id":null,"assistant_2_id":null,"assistant_3_id":null,"device_number":"","priority":1,"custom_1":null,"custom_2":null,"kinesis_redirect":false,"is_active":true,"capacity_1":4000.0,"capacity_2":0.0,"capacity_3":0.0,"capacity_4":null,"shift_start":"2000-01-01T07:00:00.000Z","shift_end":"2000-01-01T23:59:00.000Z","reload_time":0,"speed_factor":0.0,"days":"1,1,1,1,1,0,0","driver":{"email":"ccerpa2@loscolonosdelnorte.cl","first_name":"Ccerpa2","last_name":"30","phone":"","dni":null},"tags":[],"cost_allocation_tags":[],"device_type":"drivin_app","vehicle_tpye":null,"fleets":"COLONOS"},{"id":10424777,"code":"EDGAR","description":null,"detail":null,"model":null,"year":null,"peoneta_id":null,"assistant_2_id":null,"assistant_3_id":null,"device_number":"","priority":1,"custom_1":null,"custom_2":null,"kinesis_redirect":false,"is_active":true,"capacity_1":3000.0,"capacity_2":0.0,"capacity_3":0.0,"capacity_4":null,"shift_start":"2000-01-01T07:00:00.000Z","shift_end":"2000-01-01T23:59:00.000Z","reload_time":0,"speed_factor":0.0,"days":"1,1,1,1,1,0,0","driver":{"email":"edgar@loscolonosdelnorte.cl","first_name":"Edgar","last_name":"87","phone":"","dni":null},"tags":[],"cost_allocation_tags":[],"device_type":"drivin_app","vehicle_tpye":null,"fleets":"COLONOS"},{"id":10417502,"code":"EOJEDA","description":null,"detail":null,"model":null,"year":null,"peoneta_id":null,"assistant_2_id":null,"assistant_3_id":null,"device_number":"","priority":1,"custom_1":null,"custom_2":null,"kinesis_redirect":false,"is_active":true,"capacity_1":4000.0,"capacity_2":0.0,"capacity_3":0.0,"capacity_4":null,"shift_start":"2000-01-01T07:00:00.000Z","shift_end":"2000-01-01T22:00:00.000Z","reload_time":0,"speed_factor":0.0,"days":"1,1,1,1,1,0,0","driver":{"email":"eojeda@loscolonosdelnorte.cl","first_name":"Eojeda","last_name":"47","phone":"","dni":null},"tags":[],"cost_allocation_tags":[],"device_type":"drivin_app","vehicle_tpye":null,"fleets":"COLONOS"},{"id":10410229,"code":"HRUBIO","description":null,"detail":null,"model":null,"year":null,"peoneta_id":null,"assistant_2_id":null,"assistant_3_id":null,"device_number":"","priority":1,"custom_1":null,"custom_2":null,"kinesis_redirect":false,"is_active":true,"capacity_1":3000.0,"capacity_2":0.0,"capacity_3":0.0,"capacity_4":null,"shift_start":"2000-01-01T07:00:00.000Z","shift_end":"2000-01-01T22:00:00.000Z","reload_time":0,"speed_factor":0.0,"days":"1,1,1,1,1,0,0","driver":{"email":"hrubio@loscolonosdelnorte.cl","first_name":"Hans","last_name":"Rubio","phone":"","dni":null},"tags":[],"cost_allocation_tags":[],"device_type":"drivin_app","vehicle_tpye":null,"fleets":"COLONOS"},{"id":10417524,"code":"HVERGARA","description":null,"detail":null,"model":null,"year":null,"peoneta_id":null,"assistant_2_id":null,"assistant_3_id":null,"device_number":"","priority":1,"custom_1":null,"custom_2":null,"kinesis_redirect":false,"is_active":true,"capacity_1":3000.0,"capacity_2":0.0,"capacity_3":0.0,"capacity_4":null,"shift_start":"2000-01-01T07:00:00.000Z","shift_end":"2000-01-01T22:00:00.000Z","reload_time":0,"speed_factor":0.0,"days":"1,1,1,1,1,0,0","driver":{"email":"hvergara@loscolonosdelnorte.cl","first_name":"Hvergara","last_name":"60","phone":"","dni":null},"tags":[],"cost_allocation_tags":[],"device_type":"drivin_app","vehicle_tpye":null,"fleets":"COLONOS"},{"id":10417527,"code":"JMOLINA","description":null,"detail":null,"model":null,"year":null,"peoneta_id":null,"assistant_2_id":null,"assistant_3_id":null,"device_number":"","priority":1,"custom_1":null,"custom_2":null,"kinesis_redirect":false,"is_active":true,"capacity_1":3000.0,"capacity_2":0.0,"capacity_3":0.0,"capacity_4":null,"shift_start":"2000-01-01T07:00:00.000Z","shift_end":"2000-01-01T22:00:00.000Z","reload_time":0,"speed_factor":0.0,"days":"1,1,1,1,1,0,0","driver":{"email":"jmolina@loscolonosdelnorte.cl","first_name":"Jmolina","last_name":"90","phone":"","dni":null},"tags":[],"cost_allocation_tags":[],"device_type":"drivin_app","vehicle_tpye":null,"fleets":"COLONOS"},{"id":10417521,"code":"QS","description":null,"detail":null,"model":null,"year":null,"peoneta_id":null,"assistant_2_id":null,"assistant_3_id":null,"device_number":"","priority":1,"custom_1":null,"custom_2":null,"kinesis_redirect":false,"is_active":true,"capacity_1":3000.0,"capacity_2":0.0,"capacity_3":0.0,"capacity_4":null,"shift_start":"2000-01-01T07:00:00.000Z","shift_end":"2000-01-01T22:00:00.000Z","reload_time":0,"speed_factor":0.0,"days":"1,1,1,1,1,0,0","driver":{"email":"qs@loscolonosdelnorte.cl","first_name":"QS","last_name":"","phone":"","dni":null},"tags":[],"cost_allocation_tags":[],"device_type":"drivin_app","vehicle_tpye":null,"fleets":"COLONOS"},{"id":10417522,"code":"SRIOS1","description":null,"detail":null,"model":null,"year":null,"peoneta_id":null,"assistant_2_id":null,"assistant_3_id":null,"device_number":"","priority":1,"custom_1":null,"custom_2":null,"kinesis_redirect":false,"is_active":false,"capacity_1":3000.0,"capacity_2":0.0,"capacity_3":0.0,"capacity_4":null,"shift_start":"2000-01-01T07:00:00.000Z","shift_end":"2000-01-01T22:00:00.000Z","reload_time":0,"speed_factor":0.0,"days":"1,1,1,1,1,0,0","driver":{"email":"srios1@loscolonosdelnorte.cl","first_name":"SEBASTIAN","last_name":"RIOS 1","phone":"","dni":null},"tags":[],"cost_allocation_tags":[],"device_type":"drivin_app","vehicle_tpye":null,"fleets":"COLONOS"},{"id":10417523,"code":"SRIOS2","description":null,"detail":null,"model":null,"year":null,"peoneta_id":null,"assistant_2_id":null,"assistant_3_id":null,"device_number":"","priority":1,"custom_1":null,"custom_2":null,"kinesis_redirect":false,"is_active":false,"capacity_1":3000.0,"capacity_2":0.0,"capacity_3":0.0,"capacity_4":null,"shift_start":"2000-01-01T06:00:00.000Z","shift_end":"2000-01-01T23:00:00.000Z","reload_time":0,"speed_factor":0.0,"days":"1,1,1,1,1,0,0","driver":{"email":"srios2@loscolonosdelnorte.cl","first_name":"SEBASTIAN","last_name":"RIOS 2","phone":"","dni":null},"tags":[],"cost_allocation_tags":[],"device_type":"drivin_app","vehicle_tpye":null,"fleets":"COLONOS"},{"id":10619784,"code":"TFEMOTRI","description":null,"detail":null,"model":null,"year":null,"peoneta_id":null,"assistant_2_id":null,"assistant_3_id":null,"device_number":"","priority":1,"custom_1":null,"custom_2":null,"kinesis_redirect":false,"is_active":true,"capacity_1":3000.0,"capacity_2":0.0,"capacity_3":0.0,"capacity_4":null,"shift_start":"2000-01-01T00:00:00.000Z","shift_end":"2000-01-01T23:59:00.000Z","reload_time":0,"speed_factor":0.0,"days":"1,1,1,1,1,0,0","driver":{"email":"tfemotri@loscolonosdelnorte.cl","first_name":"TFEMOTRI 23","last_name":"","phone":"","dni":"TFEMOTRI"},"tags":[],"cost_allocation_tags":[],"device_type":"drivin_app","vehicle_tpye":null,"fleets":"COLONOS"},{"id":10677811,"code":"TGiron20","description":null,"detail":null,"model":null,"year":null,"peoneta_id":null,"assistant_2_id":null,"assistant_3_id":null,"device_number":"","priority":1,"custom_1":null,"custom_2":null,"kinesis_redirect":false,"is_active":true,"capacity_1":2000.0,"capacity_2":0.0,"capacity_3":0.0,"capacity_4":null,"shift_start":"2000-01-01T00:00:00.000Z","shift_end":"2000-01-01T23:59:00.000Z","reload_time":0,"speed_factor":0.0,"days":"1,1,1,1,1,0,0","driver":{"email":"tgiron@loscolonosdelnorte.cl","first_name":"TGiron20","last_name":"","phone":"","dni":null},"tags":[],"cost_allocation_tags":[],"device_type":"drivin_app","vehicle_tpye":null,"fleets":"COLONOS"},{"id":10491991,"code":"TH","description":null,"detail":null,"model":null,"year":null,"peoneta_id":null,"assistant_2_id":null,"assistant_3_id":null,"device_number":"","priority":1,"custom_1":null,"custom_2":null,"kinesis_redirect":false,"is_active":true,"capacity_1":5000.0,"capacity_2":0.0,"capacity_3":0.0,"capacity_4":null,"shift_start":"2000-01-01T00:00:00.000Z","shift_end":"2000-01-01T23:59:00.000Z","reload_time":0,"speed_factor":0.0,"days":"1,1,1,1,1,0,0","driver":{"email":"th@loscolonosdelnorte.cl","first_name":"TH","last_name":"11","phone":"","dni":null},"tags":[],"cost_allocation_tags":[],"device_type":"drivin_app","vehicle_tpye":null,"fleets":"COLONOS"},{"id":10492137,"code":"TKC","description":null,"detail":null,"model":null,"year":null,"peoneta_id":null,"assistant_2_id":null,"assistant_3_id":null,"device_number":"","priority":1,"custom_1":null,"custom_2":null,"kinesis_redirect":false,"is_active":true,"capacity_1":5000.0,"capacity_2":0.0,"capacity_3":0.0,"capacity_4":null,"shift_start":"2000-01-01T00:00:00.000Z","shift_end":"2000-01-01T23:59:00.000Z","reload_time":0,"speed_factor":0.0,"days":"1,1,1,1,1,0,0","driver":{"email":"tkc@loscolonosdelnorte.cl","first_name":"TKC","last_name":"","phone":"","dni":null},"tags":[],"cost_allocation_tags":[],"device_type":"drivin_app","vehicle_tpye":null,"fleets":"COLONOS"},{"id":10665470,"code":"tpascal","description":null,"detail":null,"model":null,"year":null,"peoneta_id":null,"assistant_2_id":null,"assistant_3_id":null,"device_number":"","priority":1,"custom_1":null,"custom_2":null,"kinesis_redirect":false,"is_active":true,"capacity_1":1500.0,"capacity_2":0.0,"capacity_3":0.0,"capacity_4":null,"shift_start":"2000-01-01T00:00:00.000Z","shift_end":"2000-01-01T23:59:00.000Z","reload_time":0,"speed_factor":0.0,"days":"1,1,1,1,1,0,0","driver":{"email":"tpascal@loscolonosdelnorte.cl","first_name":"tpascal","last_name":"12","phone":"+56986606083","dni":""},"tags":[],"cost_allocation_tags":[],"device_type":"drivin_app","vehicle_tpye":null,"fleets":"COLONOS"},{"id":10560778,"code":"TSUSANA","description":null,"detail":null,"model":null,"year":null,"peoneta_id":null,"assistant_2_id":null,"assistant_3_id":null,"device_number":"","priority":1,"custom_1":null,"custom_2":null,"kinesis_redirect":false,"is_active":true,"capacity_1":5000.0,"capacity_2":0.0,"capacity_3":0.0,"capacity_4":null,"shift_start":"2000-01-01T00:00:00.000Z","shift_end":"2000-01-01T23:59:00.000Z","reload_time":0,"speed_factor":0.0,"days":"1,1,1,1,1,0,0","driver":{"email":"tsusana@loscolonosdelnorte.cl","first_name":"TSusana","last_name":"84","phone":"+56933780248","dni":null},"tags":[],"cost_allocation_tags":[],"device_type":"drivin_app","vehicle_tpye":null,"fleets":"COLONOS"},{"id":10582013,"code":"TSUSANA2","description":null,"detail":null,"model":null,"year":null,"peoneta_id":null,"assistant_2_id":null,"assistant_3_id":null,"device_number":"","priority":1,"custom_1":null,"custom_2":null,"kinesis_redirect":false,"is_active":true,"capacity_1":5000.0,"capacity_2":0.0,"capacity_3":0.0,"capacity_4":null,"shift_start":"2000-01-01T00:00:00.000Z","shift_end":"2000-01-01T23:59:00.000Z","reload_time":0,"speed_factor":0.0,"days":"1,1,1,1,1,0,0","driver":{"email":"tsusana2@loscolonosdelnorte.cl","first_name":"tsusana2","last_name":"","phone":"","dni":null},"tags":[],"cost_allocation_tags":[],"device_type":"drivin_app","vehicle_tpye":null,"fleets":"COLONOS"},{"id":10565276,"code":"TY&M","description":null,"detail":null,"model":null,"year":null,"peoneta_id":null,"assistant_2_id":null,"assistant_3_id":null,"device_number":"","priority":1,"custom_1":null,"custom_2":null,"kinesis_redirect":false,"is_active":true,"capacity_1":5000.0,"capacity_2":0.0,"capacity_3":0.0,"capacity_4":null,"shift_start":"2000-01-01T00:00:00.000Z","shift_end":"2000-01-01T23:59:00.000Z","reload_time":0,"speed_factor":0.0,"days":"1,1,1,1,1,0,0","driver":{"email":"tmyv@loscolonosdelnorte.cl","first_name":"TY&M","last_name":"51","phone":"","dni":null},"tags":[],"cost_allocation_tags":[],"device_type":"drivin_app","vehicle_tpye":null,"fleets":"COLONOS"},{"id":10616996,"code":"TY&M2 13","description":null,"detail":null,"model":null,"year":null,"peoneta_id":null,"assistant_2_id":null,"assistant_3_id":null,"device_number":"","priority":1,"custom_1":null,"custom_2":null,"kinesis_redirect":false,"is_active":true,"capacity_1":5000.0,"capacity_2":0.0,"capacity_3":0.0,"capacity_4":null,"shift_start":"2000-01-01T00:00:00.000Z","shift_end":"2000-01-01T23:59:00.000Z","reload_time":0,"speed_factor":0.0,"days":"1,1,1,1,1,0,0","driver":{"email":"tyym2@loscolonosdelnorte.cl","first_name":"TY&M2 13","last_name":"","phone":"","dni":null},"tags":[],"cost_allocation_tags":[],"device_type":"drivin_app","vehicle_tpye":null,"fleets":"COLONOS"},{"id":10454855,"code":"WDELGADO","description":null,"detail":null,"model":null,"year":null,"peoneta_id":null,"assistant_2_id":null,"assistant_3_id":null,"device_number":"","priority":1,"custom_1":null,"custom_2":null,"kinesis_redirect":false,"is_active":true,"capacity_1":3000.0,"capacity_2":0.0,"capacity_3":0.0,"capacity_4":null,"shift_start":"2000-01-01T07:00:00.000Z","shift_end":"2000-01-01T23:59:00.000Z","reload_time":0,"speed_factor":0.0,"days":"1,1,1,1,1,0,0","driver":{"email":"wdelgado@loscolonosdelnorte.cl","first_name":"WDelgado","last_name":"20","phone":"","dni":null},"tags":[],"cost_allocation_tags":[],"device_type":"drivin_app","vehicle_tpye":null,"fleets":"COLONOS"}]} 
2024-12-04 14:10:44.4933 loggerfile request https://localhost:44367/api/documentos/list?bodegacode=&doctipo=12&estado=A&estadooperativo=&vendedorcode=&fechaini=&fechafin= 
2024-12-04 14:11:20.6477 loggerfile request https://localhost:44367/api/documentos/77764?doctipo=12 
2024-12-04 14:11:21.9845 loggerfile request https://localhost:44367/api/documentos/77760?doctipo=12 
2024-12-04 14:11:22.0235 loggerfile request https://localhost:44367/api/documentos/77752?doctipo=12 
2024-12-04 14:11:22.0836 loggerfile request https://localhost:44367/api/documentos 
2024-12-04 14:11:25.0299 loggerfile Drivin ExecutePost. url: https://external.driv.in/api/external/v2/scenarios 
2024-12-04 14:11:25.0299 loggerfile Drivin ExecutePost. json: {
  "description": "04-12-2024 AVILLARREAL",
  "date": "2024-12-04",
  "schema_name": "Asignación"
} 
2024-12-04 14:11:25.0299 loggerfile X-API-Key: 518d4333-9d1a-4f03-b17a-9ca3e323a1af 
2024-12-04 14:11:26.4242 loggerfile Drivin ExecutePost. response.Content: OK {"success":true,"status":"OK","response":{"scenario_token":"a42483e3-5983-44c8-bbc6-7c4bdf67a04c","addresses_count":0,"orders_count":0,"items_count":0,"vehicles_count":21,"added":[]}} 
2024-12-04 14:11:32.9317 loggerfile Drivin ExecutePost. url: https://external.driv.in/api/external/v2/routes?token=a42483e3-5983-44c8-bbc6-7c4bdf67a04c 
2024-12-04 14:11:32.9317 loggerfile Drivin ExecutePost. json: {
  "vehicle_code": "AVILLARREAL",
  "clients": [
    {
      "code": "17580283-5",
      "address": "llongol 298 ",
      "reference": "",
      "city": "SANTIAGO",
      "county": "PUDAHUEL",
      "country": "Chile",
      "lat": -33.4622635000,
      "lng": -70.7421807000,
      "client_name": "JUAN IGNACIO PINEDA PARADA",
      "contact_name": "",
      "contact_email": "",
      "time_windows": [
        {
          "start": "9:00",
          "end": "18:00"
        }
      ],
      "orders": [
        {
          "code": "336395",
          "description": "JUAN IGNACIO PINEDA PARADA",
          "name": null,
          "supplier_name": "LCDN |  | JUAN IGNACIO PINEDA PARADA",
          "items": [
            {
              "code": "LCCDN22036",
              "description": "1 LC ALB V S48 GANSO ARGENTINO",
              "units_1": 2426430.0
            },
            {
              "code": "LCCDN22019",
              "description": "1 LC ALB V S48 POSTA DE PALETA ARGENTINA",
              "units_1": 3858000.0
            }
          ]
        }
      ]
    },
    {
      "code": "76308827-8",
      "address": "AVENIDA EL PARRON 345 ",
      "reference": "",
      "city": "SANTIAGO",
      "county": "LA CISTERNA",
      "country": "Chile",
      "lat": -33.5273071000,
      "lng": -70.6575158000,
      "client_name": "COMERCIAL RAMIREZ S.A.",
      "contact_name": "",
      "contact_email": "",
      "time_windows": [
        {
          "start": "9:00",
          "end": "18:00"
        }
      ],
      "orders": [
        {
          "code": "336391",
          "description": "COMERCIAL RAMIREZ S.A.",
          "name": null,
          "supplier_name": "LCDN |  | COMERCIAL RAMIREZ S.A.",
          "items": [
            {
              "code": "LCCDN22025",
              "description": "1 LC ALB V S48 POSTA NEGRA ARGENTINO ",
              "units_1": 6795240.0
            }
          ]
        }
      ]
    },
    {
      "code": "76025703-6",
      "address": "AVENIDA EL SALTO 5000 ",
      "reference": "colación de 13 a 14hrs",
      "city": "SANTIAGO",
      "county": "HUECHURABA",
      "country": "Chile",
      "lat": -33.3843355000,
      "lng": -70.6231740000,
      "client_name": "SOCIEDAD PRODUCTORA DE CARNES S.A.",
      "contact_name": "",
      "contact_email": "simon.fernandez@meatfood.cl",
      "time_windows": [
        {
          "start": "08:00",
          "end": "16:00"
        }
      ],
      "orders": [
        {
          "code": "336383",
          "description": "SOCIEDAD PRODUCTORA DE CARNES S.A.",
          "name": null,
          "supplier_name": "LCDN |  | SOCIEDAD PRODUCTORA DE CARNES S.A.",
          "items": [
            {
              "code": "VAFIL22045",
              "description": "2 CS FRIB V FILETE S/CORDON 3/4",
              "units_1": 7464437.0
            }
          ]
        }
      ]
    }
  ]
} 
2024-12-04 14:11:32.9317 loggerfile X-API-Key: 518d4333-9d1a-4f03-b17a-9ca3e323a1af 
2024-12-04 14:11:37.7704 loggerfile Drivin ExecutePost. response.Content: OK {"success":true,"status":"OK","response":{"scenario_token":"a42483e3-5983-44c8-bbc6-7c4bdf67a04c"}} 
2024-12-04 14:11:39.1323 loggerfile request https://localhost:44367/api/documentos/list?bodegacode=&doctipo=12&estado=A&estadooperativo=&vendedorcode=&fechaini=&fechafin= 
2024-12-04 14:15:37.0919 loggerfile request https://localhost:44367/api/documentos/list?bodegacode=&doctipo=12&estado=A&estadooperativo=&vendedorcode=&fechaini=&fechafin= 
2024-12-04 14:15:38.3445 loggerfile request https://localhost:44367/api/documentos/list?bodegacode=&doctipo=12&estado=A&estadooperativo=&vendedorcode=&fechaini=&fechafin= 
2024-12-04 14:15:39.6518 loggerfile request https://localhost:44367/api/documentos/list?bodegacode=&doctipo=12&estado=A&estadooperativo=&vendedorcode=&fechaini=&fechafin= 
2024-12-04 14:16:28.0850 loggerfile request https://localhost:44367/api/documentos/list?bodegacode=&doctipo=12&estado=A&estadooperativo=&vendedorcode=&fechaini=&fechafin= 
2024-12-04 14:16:28.7486 loggerfile request https://localhost:44367/api/documentos/list?bodegacode=&doctipo=12&estado=A&estadooperativo=&vendedorcode=&fechaini=&fechafin= 
2024-12-04 14:16:36.9307 loggerfile request https://localhost:44367/api/documentos/77710?doctipo=12 
2024-12-04 14:16:36.9987 loggerfile request https://localhost:44367/api/documentos 
2024-12-04 14:16:41.2072 loggerfile Drivin ExecutePost. url: https://external.driv.in/api/external/v2/scenarios 
2024-12-04 14:16:41.2072 loggerfile Drivin ExecutePost. json: {
  "description": "04-12-2024 AVILLARREAL",
  "date": "2024-12-04",
  "schema_name": "Asignación"
} 
2024-12-04 14:16:41.2072 loggerfile X-API-Key: 518d4333-9d1a-4f03-b17a-9ca3e323a1af 
2024-12-04 14:16:43.0560 loggerfile Drivin ExecutePost. response.Content: OK {"success":true,"status":"OK","response":{"scenario_token":"cc317906-7d9a-48e9-ba68-3abee15380c7","addresses_count":0,"orders_count":0,"items_count":0,"vehicles_count":21,"added":[]}} 
2024-12-04 14:16:43.1282 loggerfile Drivin ExecutePost. url: https://external.driv.in/api/external/v2/routes?token=cc317906-7d9a-48e9-ba68-3abee15380c7 
2024-12-04 14:16:43.1282 loggerfile Drivin ExecutePost. json: {
  "vehicle_code": "AVILLARREAL",
  "clients": [
    {
      "code": "76299170-5",
      "address": "PANAMERICANA SUR KM 57 ",
      "reference": "MONTICELLO (COLACION 14 A 15 HRS",
      "city": "SANTIAGO",
      "county": "SAN FRANCISCO DE MOSTAZAL",
      "country": "Chile",
      "lat": -33.9212910000,
      "lng": -70.7220230000,
      "client_name": "SAN FRANCISCO INVESTMENT SA",
      "contact_name": "",
      "contact_email": "nacastro@monticello.cl",
      "time_windows": [
        {
          "start": "9:00",
          "end": "18:00"
        }
      ],
      "orders": [
        {
          "code": "336338",
          "description": "SAN FRANCISCO INVESTMENT SA",
          "name": null,
          "supplier_name": "LCDN |  | SAN FRANCISCO INVESTMENT SA",
          "items": [
            {
              "code": "CECER22036",
              "description": "2 G&C SM S46 COSTILLAR DE CERDO SMITHFIELD USA ",
              "units_1": 496594.0
            },
            {
              "code": "VAASI22027",
              "description": "1 ÑU LP V ASIENTO ARGENTINO ",
              "units_1": 1800225.0
            },
            {
              "code": "VALOM22062",
              "description": "1 ÑU LP V LOMO LISO ARGENTINO ",
              "units_1": 3089305.0
            }
          ]
        }
      ]
    }
  ]
} 
2024-12-04 14:16:43.1282 loggerfile X-API-Key: 518d4333-9d1a-4f03-b17a-9ca3e323a1af 
2024-12-04 14:16:45.0404 loggerfile Drivin ExecutePost. response.Content: OK {"success":true,"status":"OK","response":{"scenario_token":"cc317906-7d9a-48e9-ba68-3abee15380c7"}} 
2024-12-04 14:16:45.4451 loggerfile request https://localhost:44367/api/documentos/list?bodegacode=&doctipo=12&estado=A&estadooperativo=&vendedorcode=&fechaini=&fechafin= 
2024-12-04 18:02:46.4790 loggerfile request https://localhost:44367/api/vehiculos 
2024-12-04 18:02:46.7787 loggerfile Drivin ExecuteGet. url: https://external.driv.in/api/external/v2/vehicles 
2024-12-04 18:02:46.7787 loggerfile X-API-Key: 518d4333-9d1a-4f03-b17a-9ca3e323a1af 
2024-12-04 18:02:47.9250 loggerfile Drivin ExecuteGet. response.Content: OK {"status":"OK","response":[{"id":10418162,"code":"AVILLARREAL","description":null,"detail":null,"model":null,"year":null,"peoneta_id":null,"assistant_2_id":null,"assistant_3_id":null,"device_number":"","priority":1,"custom_1":null,"custom_2":null,"kinesis_redirect":false,"is_active":true,"capacity_1":1800.0,"capacity_2":0.0,"capacity_3":0.0,"capacity_4":null,"shift_start":"2000-01-01T07:00:00.000Z","shift_end":"2000-01-01T22:00:00.000Z","reload_time":0,"speed_factor":0.0,"days":"1,1,1,1,1,0,0","driver":{"email":"avillarreal@loscolonosdelnorte.cl","first_name":"Avillarreal","last_name":"41","phone":"","dni":null},"tags":[],"cost_allocation_tags":[],"device_type":"drivin_app","vehicle_tpye":null,"fleets":"COLONOS"},{"id":10417525,"code":"CCERPA","description":null,"detail":null,"model":null,"year":null,"peoneta_id":null,"assistant_2_id":null,"assistant_3_id":null,"device_number":"","priority":1,"custom_1":null,"custom_2":null,"kinesis_redirect":false,"is_active":true,"capacity_1":1800.0,"capacity_2":0.0,"capacity_3":0.0,"capacity_4":null,"shift_start":"2000-01-01T07:00:00.000Z","shift_end":"2000-01-01T22:00:00.000Z","reload_time":0,"speed_factor":0.0,"days":"1,1,1,1,1,0,0","driver":{"email":"ccerpa@loscolonosdelnorte.cl","first_name":"Ccerpa","last_name":"51","phone":"","dni":null},"tags":[],"cost_allocation_tags":[],"device_type":"drivin_app","vehicle_tpye":null,"fleets":"COLONOS"},{"id":10457148,"code":"CCERPA2","description":null,"detail":null,"model":null,"year":null,"peoneta_id":null,"assistant_2_id":null,"assistant_3_id":null,"device_number":"","priority":1,"custom_1":null,"custom_2":null,"kinesis_redirect":false,"is_active":true,"capacity_1":4000.0,"capacity_2":0.0,"capacity_3":0.0,"capacity_4":null,"shift_start":"2000-01-01T07:00:00.000Z","shift_end":"2000-01-01T23:59:00.000Z","reload_time":0,"speed_factor":0.0,"days":"1,1,1,1,1,0,0","driver":{"email":"ccerpa2@loscolonosdelnorte.cl","first_name":"Ccerpa2","last_name":"30","phone":"","dni":null},"tags":[],"cost_allocation_tags":[],"device_type":"drivin_app","vehicle_tpye":null,"fleets":"COLONOS"},{"id":10424777,"code":"EDGAR","description":null,"detail":null,"model":null,"year":null,"peoneta_id":null,"assistant_2_id":null,"assistant_3_id":null,"device_number":"","priority":1,"custom_1":null,"custom_2":null,"kinesis_redirect":false,"is_active":true,"capacity_1":3000.0,"capacity_2":0.0,"capacity_3":0.0,"capacity_4":null,"shift_start":"2000-01-01T07:00:00.000Z","shift_end":"2000-01-01T23:59:00.000Z","reload_time":0,"speed_factor":0.0,"days":"1,1,1,1,1,0,0","driver":{"email":"edgar@loscolonosdelnorte.cl","first_name":"Edgar","last_name":"87","phone":"","dni":null},"tags":[],"cost_allocation_tags":[],"device_type":"drivin_app","vehicle_tpye":null,"fleets":"COLONOS"},{"id":10417502,"code":"EOJEDA","description":null,"detail":null,"model":null,"year":null,"peoneta_id":null,"assistant_2_id":null,"assistant_3_id":null,"device_number":"","priority":1,"custom_1":null,"custom_2":null,"kinesis_redirect":false,"is_active":true,"capacity_1":4000.0,"capacity_2":0.0,"capacity_3":0.0,"capacity_4":null,"shift_start":"2000-01-01T07:00:00.000Z","shift_end":"2000-01-01T22:00:00.000Z","reload_time":0,"speed_factor":0.0,"days":"1,1,1,1,1,0,0","driver":{"email":"eojeda@loscolonosdelnorte.cl","first_name":"Eojeda","last_name":"47","phone":"","dni":null},"tags":[],"cost_allocation_tags":[],"device_type":"drivin_app","vehicle_tpye":null,"fleets":"COLONOS"},{"id":10410229,"code":"HRUBIO","description":null,"detail":null,"model":null,"year":null,"peoneta_id":null,"assistant_2_id":null,"assistant_3_id":null,"device_number":"","priority":1,"custom_1":null,"custom_2":null,"kinesis_redirect":false,"is_active":true,"capacity_1":3000.0,"capacity_2":0.0,"capacity_3":0.0,"capacity_4":null,"shift_start":"2000-01-01T07:00:00.000Z","shift_end":"2000-01-01T22:00:00.000Z","reload_time":0,"speed_factor":0.0,"days":"1,1,1,1,1,0,0","driver":{"email":"hrubio@loscolonosdelnorte.cl","first_name":"Hans","last_name":"Rubio","phone":"","dni":null},"tags":[],"cost_allocation_tags":[],"device_type":"drivin_app","vehicle_tpye":null,"fleets":"COLONOS"},{"id":10417524,"code":"HVERGARA","description":null,"detail":null,"model":null,"year":null,"peoneta_id":null,"assistant_2_id":null,"assistant_3_id":null,"device_number":"","priority":1,"custom_1":null,"custom_2":null,"kinesis_redirect":false,"is_active":true,"capacity_1":3000.0,"capacity_2":0.0,"capacity_3":0.0,"capacity_4":null,"shift_start":"2000-01-01T07:00:00.000Z","shift_end":"2000-01-01T22:00:00.000Z","reload_time":0,"speed_factor":0.0,"days":"1,1,1,1,1,0,0","driver":{"email":"hvergara@loscolonosdelnorte.cl","first_name":"Hvergara","last_name":"60","phone":"","dni":null},"tags":[],"cost_allocation_tags":[],"device_type":"drivin_app","vehicle_tpye":null,"fleets":"COLONOS"},{"id":10417527,"code":"JMOLINA","description":null,"detail":null,"model":null,"year":null,"peoneta_id":null,"assistant_2_id":null,"assistant_3_id":null,"device_number":"","priority":1,"custom_1":null,"custom_2":null,"kinesis_redirect":false,"is_active":true,"capacity_1":3000.0,"capacity_2":0.0,"capacity_3":0.0,"capacity_4":null,"shift_start":"2000-01-01T07:00:00.000Z","shift_end":"2000-01-01T22:00:00.000Z","reload_time":0,"speed_factor":0.0,"days":"1,1,1,1,1,0,0","driver":{"email":"jmolina@loscolonosdelnorte.cl","first_name":"Jmolina","last_name":"90","phone":"","dni":null},"tags":[],"cost_allocation_tags":[],"device_type":"drivin_app","vehicle_tpye":null,"fleets":"COLONOS"},{"id":10417521,"code":"QS","description":null,"detail":null,"model":null,"year":null,"peoneta_id":null,"assistant_2_id":null,"assistant_3_id":null,"device_number":"","priority":1,"custom_1":null,"custom_2":null,"kinesis_redirect":false,"is_active":true,"capacity_1":3000.0,"capacity_2":0.0,"capacity_3":0.0,"capacity_4":null,"shift_start":"2000-01-01T07:00:00.000Z","shift_end":"2000-01-01T22:00:00.000Z","reload_time":0,"speed_factor":0.0,"days":"1,1,1,1,1,0,0","driver":{"email":"qs@loscolonosdelnorte.cl","first_name":"QS","last_name":"","phone":"","dni":null},"tags":[],"cost_allocation_tags":[],"device_type":"drivin_app","vehicle_tpye":null,"fleets":"COLONOS"},{"id":10417522,"code":"SRIOS1","description":null,"detail":null,"model":null,"year":null,"peoneta_id":null,"assistant_2_id":null,"assistant_3_id":null,"device_number":"","priority":1,"custom_1":null,"custom_2":null,"kinesis_redirect":false,"is_active":false,"capacity_1":3000.0,"capacity_2":0.0,"capacity_3":0.0,"capacity_4":null,"shift_start":"2000-01-01T07:00:00.000Z","shift_end":"2000-01-01T22:00:00.000Z","reload_time":0,"speed_factor":0.0,"days":"1,1,1,1,1,0,0","driver":{"email":"srios1@loscolonosdelnorte.cl","first_name":"SEBASTIAN","last_name":"RIOS 1","phone":"","dni":null},"tags":[],"cost_allocation_tags":[],"device_type":"drivin_app","vehicle_tpye":null,"fleets":"COLONOS"},{"id":10417523,"code":"SRIOS2","description":null,"detail":null,"model":null,"year":null,"peoneta_id":null,"assistant_2_id":null,"assistant_3_id":null,"device_number":"","priority":1,"custom_1":null,"custom_2":null,"kinesis_redirect":false,"is_active":false,"capacity_1":3000.0,"capacity_2":0.0,"capacity_3":0.0,"capacity_4":null,"shift_start":"2000-01-01T06:00:00.000Z","shift_end":"2000-01-01T23:00:00.000Z","reload_time":0,"speed_factor":0.0,"days":"1,1,1,1,1,0,0","driver":{"email":"srios2@loscolonosdelnorte.cl","first_name":"SEBASTIAN","last_name":"RIOS 2","phone":"","dni":null},"tags":[],"cost_allocation_tags":[],"device_type":"drivin_app","vehicle_tpye":null,"fleets":"COLONOS"},{"id":10619784,"code":"TFEMOTRI","description":null,"detail":null,"model":null,"year":null,"peoneta_id":null,"assistant_2_id":null,"assistant_3_id":null,"device_number":"","priority":1,"custom_1":null,"custom_2":null,"kinesis_redirect":false,"is_active":true,"capacity_1":3000.0,"capacity_2":0.0,"capacity_3":0.0,"capacity_4":null,"shift_start":"2000-01-01T00:00:00.000Z","shift_end":"2000-01-01T23:59:00.000Z","reload_time":0,"speed_factor":0.0,"days":"1,1,1,1,1,0,0","driver":{"email":"tfemotri@loscolonosdelnorte.cl","first_name":"TFEMOTRI 23","last_name":"","phone":"","dni":"TFEMOTRI"},"tags":[],"cost_allocation_tags":[],"device_type":"drivin_app","vehicle_tpye":null,"fleets":"COLONOS"},{"id":10677811,"code":"TGiron20","description":null,"detail":null,"model":null,"year":null,"peoneta_id":null,"assistant_2_id":null,"assistant_3_id":null,"device_number":"","priority":1,"custom_1":null,"custom_2":null,"kinesis_redirect":false,"is_active":true,"capacity_1":2000.0,"capacity_2":0.0,"capacity_3":0.0,"capacity_4":null,"shift_start":"2000-01-01T00:00:00.000Z","shift_end":"2000-01-01T23:59:00.000Z","reload_time":0,"speed_factor":0.0,"days":"1,1,1,1,1,0,0","driver":{"email":"tgiron@loscolonosdelnorte.cl","first_name":"TGiron20","last_name":"","phone":"","dni":null},"tags":[],"cost_allocation_tags":[],"device_type":"drivin_app","vehicle_tpye":null,"fleets":"COLONOS"},{"id":10491991,"code":"TH","description":null,"detail":null,"model":null,"year":null,"peoneta_id":null,"assistant_2_id":null,"assistant_3_id":null,"device_number":"","priority":1,"custom_1":null,"custom_2":null,"kinesis_redirect":false,"is_active":true,"capacity_1":5000.0,"capacity_2":0.0,"capacity_3":0.0,"capacity_4":null,"shift_start":"2000-01-01T00:00:00.000Z","shift_end":"2000-01-01T23:59:00.000Z","reload_time":0,"speed_factor":0.0,"days":"1,1,1,1,1,0,0","driver":{"email":"th@loscolonosdelnorte.cl","first_name":"TH","last_name":"11","phone":"","dni":null},"tags":[],"cost_allocation_tags":[],"device_type":"drivin_app","vehicle_tpye":null,"fleets":"COLONOS"},{"id":10492137,"code":"TKC","description":null,"detail":null,"model":null,"year":null,"peoneta_id":null,"assistant_2_id":null,"assistant_3_id":null,"device_number":"","priority":1,"custom_1":null,"custom_2":null,"kinesis_redirect":false,"is_active":true,"capacity_1":5000.0,"capacity_2":0.0,"capacity_3":0.0,"capacity_4":null,"shift_start":"2000-01-01T00:00:00.000Z","shift_end":"2000-01-01T23:59:00.000Z","reload_time":0,"speed_factor":0.0,"days":"1,1,1,1,1,0,0","driver":{"email":"tkc@loscolonosdelnorte.cl","first_name":"TKC","last_name":"","phone":"","dni":null},"tags":[],"cost_allocation_tags":[],"device_type":"drivin_app","vehicle_tpye":null,"fleets":"COLONOS"},{"id":10665470,"code":"tpascal","description":null,"detail":null,"model":null,"year":null,"peoneta_id":null,"assistant_2_id":null,"assistant_3_id":null,"device_number":"","priority":1,"custom_1":null,"custom_2":null,"kinesis_redirect":false,"is_active":true,"capacity_1":1500.0,"capacity_2":0.0,"capacity_3":0.0,"capacity_4":null,"shift_start":"2000-01-01T00:00:00.000Z","shift_end":"2000-01-01T23:59:00.000Z","reload_time":0,"speed_factor":0.0,"days":"1,1,1,1,1,0,0","driver":{"email":"tpascal@loscolonosdelnorte.cl","first_name":"tpascal","last_name":"12","phone":"+56986606083","dni":""},"tags":[],"cost_allocation_tags":[],"device_type":"drivin_app","vehicle_tpye":null,"fleets":"COLONOS"},{"id":10560778,"code":"TSUSANA","description":null,"detail":null,"model":null,"year":null,"peoneta_id":null,"assistant_2_id":null,"assistant_3_id":null,"device_number":"","priority":1,"custom_1":null,"custom_2":null,"kinesis_redirect":false,"is_active":true,"capacity_1":5000.0,"capacity_2":0.0,"capacity_3":0.0,"capacity_4":null,"shift_start":"2000-01-01T00:00:00.000Z","shift_end":"2000-01-01T23:59:00.000Z","reload_time":0,"speed_factor":0.0,"days":"1,1,1,1,1,0,0","driver":{"email":"tsusana@loscolonosdelnorte.cl","first_name":"TSusana","last_name":"84","phone":"+56933780248","dni":null},"tags":[],"cost_allocation_tags":[],"device_type":"drivin_app","vehicle_tpye":null,"fleets":"COLONOS"},{"id":10582013,"code":"TSUSANA2","description":null,"detail":null,"model":null,"year":null,"peoneta_id":null,"assistant_2_id":null,"assistant_3_id":null,"device_number":"","priority":1,"custom_1":null,"custom_2":null,"kinesis_redirect":false,"is_active":true,"capacity_1":5000.0,"capacity_2":0.0,"capacity_3":0.0,"capacity_4":null,"shift_start":"2000-01-01T00:00:00.000Z","shift_end":"2000-01-01T23:59:00.000Z","reload_time":0,"speed_factor":0.0,"days":"1,1,1,1,1,0,0","driver":{"email":"tsusana2@loscolonosdelnorte.cl","first_name":"tsusana2","last_name":"","phone":"","dni":null},"tags":[],"cost_allocation_tags":[],"device_type":"drivin_app","vehicle_tpye":null,"fleets":"COLONOS"},{"id":10565276,"code":"TY&M","description":null,"detail":null,"model":null,"year":null,"peoneta_id":null,"assistant_2_id":null,"assistant_3_id":null,"device_number":"","priority":1,"custom_1":null,"custom_2":null,"kinesis_redirect":false,"is_active":true,"capacity_1":5000.0,"capacity_2":0.0,"capacity_3":0.0,"capacity_4":null,"shift_start":"2000-01-01T00:00:00.000Z","shift_end":"2000-01-01T23:59:00.000Z","reload_time":0,"speed_factor":0.0,"days":"1,1,1,1,1,0,0","driver":{"email":"tmyv@loscolonosdelnorte.cl","first_name":"TY&M","last_name":"51","phone":"","dni":null},"tags":[],"cost_allocation_tags":[],"device_type":"drivin_app","vehicle_tpye":null,"fleets":"COLONOS"},{"id":10616996,"code":"TY&M2 13","description":null,"detail":null,"model":null,"year":null,"peoneta_id":null,"assistant_2_id":null,"assistant_3_id":null,"device_number":"","priority":1,"custom_1":null,"custom_2":null,"kinesis_redirect":false,"is_active":true,"capacity_1":5000.0,"capacity_2":0.0,"capacity_3":0.0,"capacity_4":null,"shift_start":"2000-01-01T00:00:00.000Z","shift_end":"2000-01-01T23:59:00.000Z","reload_time":0,"speed_factor":0.0,"days":"1,1,1,1,1,0,0","driver":{"email":"tyym2@loscolonosdelnorte.cl","first_name":"TY&M2 13","last_name":"","phone":"","dni":null},"tags":[],"cost_allocation_tags":[],"device_type":"drivin_app","vehicle_tpye":null,"fleets":"COLONOS"},{"id":10454855,"code":"WDELGADO","description":null,"detail":null,"model":null,"year":null,"peoneta_id":null,"assistant_2_id":null,"assistant_3_id":null,"device_number":"","priority":1,"custom_1":null,"custom_2":null,"kinesis_redirect":false,"is_active":true,"capacity_1":3000.0,"capacity_2":0.0,"capacity_3":0.0,"capacity_4":null,"shift_start":"2000-01-01T07:00:00.000Z","shift_end":"2000-01-01T23:59:00.000Z","reload_time":0,"speed_factor":0.0,"days":"1,1,1,1,1,0,0","driver":{"email":"wdelgado@loscolonosdelnorte.cl","first_name":"WDelgado","last_name":"20","phone":"","dni":null},"tags":[],"cost_allocation_tags":[],"device_type":"drivin_app","vehicle_tpye":null,"fleets":"COLONOS"}]} 
2024-12-04 18:02:48.0518 loggerfile request https://localhost:44367/api/documentos/list?bodegacode=&doctipo=12&estado=A&estadooperativo=&vendedorcode=&fechaini=&fechafin= 
2024-12-04 18:03:01.5450 loggerfile request https://localhost:44367/api/documentos/77763?doctipo=12 
2024-12-04 18:03:03.0155 loggerfile request https://localhost:44367/api/documentos/77694?doctipo=12 
2024-12-04 18:03:03.0604 loggerfile request https://localhost:44367/api/documentos/77734?doctipo=12 
2024-12-04 18:03:55.0842 loggerfile request https://localhost:44367/api/documentos 
2024-12-04 18:03:55.1095 loggerfile Drivin ExecutePost. url: https://external.driv.in/api/external/v2/scenarios 
2024-12-04 18:03:55.1095 loggerfile Drivin ExecutePost. json: {
  "description": "04-12-2024 AVILLARREAL",
  "date": "2024-12-04",
  "schema_name": "Asignación"
} 
2024-12-04 18:03:55.1095 loggerfile X-API-Key: 518d4333-9d1a-4f03-b17a-9ca3e323a1af 
2024-12-04 18:03:57.4133 loggerfile Drivin ExecutePost. response.Content: OK {"success":true,"status":"OK","response":{"scenario_token":"e1cda313-068a-4fc6-a5ff-fe5e1b5dbb16","addresses_count":0,"orders_count":0,"items_count":0,"vehicles_count":21,"added":[]}} 
2024-12-04 18:03:58.0339 loggerfile Drivin ExecutePost. url: https://external.driv.in/api/external/v2/routes?token=e1cda313-068a-4fc6-a5ff-fe5e1b5dbb16 
2024-12-04 18:03:58.0339 loggerfile Drivin ExecutePost. json: {
  "vehicle_code": "AVILLARREAL",
  "clients": [
    {
      "code": "77177430-K",
      "address": "CALLE LIMACHE 4865",
      "reference": "PLANTA LIMACHE EL SALTO SANTA BRASA (COLACION 12:00 A 15:00)",
      "city": "VALPARAISO",
      "county": "VIÑA DEL MAR",
      "country": "Chile",
      "lat": 0.0000000000,
      "lng": 0.0000000000,
      "client_name": "ALIMENTOS SAN MARTIN SPA.",
      "contact_name": "",
      "contact_email": "",
      "time_windows": [
        {
          "start": "09:00",
          "end": "17:00"
        }
      ],
      "orders": [
        {
          "code": "336394",
          "description": "ALIMENTOS SAN MARTIN SPA.",
          "name": null,
          "supplier_name": "LCDN |  | ALIMENTOS SAN MARTIN SPA.",
          "items": [
            {
              "code": "LCCDN22035",
              "description": "1 LC ALB V S48 TAPABARRIGA ARGENTINO",
              "units_1": 164824.0
            },
            {
              "code": "LCCDN22022",
              "description": "1 LC ALB V S48 PUNTA DE PICANA ARGENTINA ",
              "units_1": 151683.0
            },
            {
              "code": "LCCDN22014",
              "description": "1 LC ALB V S48 LOMO VETADO ARGENTINO ",
              "units_1": 6735960.0
            }
          ]
        }
      ]
    },
    {
      "code": "77171330-0",
      "address": "Cienfuegos 280 ",
      "reference": "hrsgm",
      "city": "SANTIAGO",
      "county": "SANTIAGO",
      "country": "Chile",
      "lat": -33.4411226000,
      "lng": -70.6637252000,
      "client_name": "SOCIEDAD GASTRONOMICA LAS VACAS GORDAS LTDA.",
      "contact_name": "",
      "contact_email": "juanfernandofritztoledo@gmail.com",
      "time_windows": [
        {
          "start": "07:00",
          "end": "16:30"
        }
      ],
      "orders": [
        {
          "code": "336322",
          "description": "SOCIEDAD GASTRONOMICA LAS VACAS GORDAS LTDA.",
          "name": null,
          "supplier_name": "LCDN |  | SOCIEDAD GASTRONOMICA LAS VACAS GORDAS LTDA.",
          "items": [
            {
              "code": "VAENT22026",
              "description": "2 G&C 5STAR V S46 ENTRAÑA AMERICANA CHOICE ",
              "units_1": 6148980.0
            }
          ]
        }
      ]
    },
    {
      "code": "76299170-5",
      "address": "PANAMERICANA SUR KM 57 ",
      "reference": "MONTICELLO (COLACION 14 A 15 HRS",
      "city": "SANTIAGO",
      "county": "SAN FRANCISCO DE MOSTAZAL",
      "country": "Chile",
      "lat": -33.9212910000,
      "lng": -70.7220230000,
      "client_name": "SAN FRANCISCO INVESTMENT SA",
      "contact_name": "",
      "contact_email": "nacastro@monticello.cl",
      "time_windows": [
        {
          "start": "9:00",
          "end": "18:00"
        }
      ],
      "orders": [
        {
          "code": "336364",
          "description": "SAN FRANCISCO INVESTMENT SA",
          "name": null,
          "supplier_name": "LCDN |  | SAN FRANCISCO INVESTMENT SA",
          "items": [
            {
              "code": "VAABA22016",
              "description": "1 TJ FVA V ABASTERO",
              "units_1": 1198054.0
            },
            {
              "code": "VAABATER24",
              "description": "1 CYR NE V ABASTERO",
              "units_1": 776529.0
            }
          ]
        }
      ]
    }
  ]
} 
2024-12-04 18:03:58.0339 loggerfile X-API-Key: 518d4333-9d1a-4f03-b17a-9ca3e323a1af 
2024-12-04 18:03:59.8191 loggerfile Drivin ExecutePost. response.Content: OK {"success":true,"status":"OK","response":{"scenario_token":"e1cda313-068a-4fc6-a5ff-fe5e1b5dbb16"}} 
2024-12-04 18:09:02.2197 loggerfile request https://localhost:44367/api/documentos/list?bodegacode=&doctipo=12&estado=A&estadooperativo=&vendedorcode=&fechaini=&fechafin= 
2024-12-04 18:09:08.2646 loggerfile request https://localhost:44367/api/vehiculos 
2024-12-04 18:09:08.2646 loggerfile Drivin ExecuteGet. url: https://external.driv.in/api/external/v2/vehicles 
2024-12-04 18:09:08.2646 loggerfile X-API-Key: 518d4333-9d1a-4f03-b17a-9ca3e323a1af 
2024-12-04 18:09:09.0527 loggerfile Drivin ExecuteGet. response.Content: OK {"status":"OK","response":[{"id":10418162,"code":"AVILLARREAL","description":null,"detail":null,"model":null,"year":null,"peoneta_id":null,"assistant_2_id":null,"assistant_3_id":null,"device_number":"","priority":1,"custom_1":null,"custom_2":null,"kinesis_redirect":false,"is_active":true,"capacity_1":1800.0,"capacity_2":0.0,"capacity_3":0.0,"capacity_4":null,"shift_start":"2000-01-01T07:00:00.000Z","shift_end":"2000-01-01T22:00:00.000Z","reload_time":0,"speed_factor":0.0,"days":"1,1,1,1,1,0,0","driver":{"email":"avillarreal@loscolonosdelnorte.cl","first_name":"Avillarreal","last_name":"41","phone":"","dni":null},"tags":[],"cost_allocation_tags":[],"device_type":"drivin_app","vehicle_tpye":null,"fleets":"COLONOS"},{"id":10417525,"code":"CCERPA","description":null,"detail":null,"model":null,"year":null,"peoneta_id":null,"assistant_2_id":null,"assistant_3_id":null,"device_number":"","priority":1,"custom_1":null,"custom_2":null,"kinesis_redirect":false,"is_active":true,"capacity_1":1800.0,"capacity_2":0.0,"capacity_3":0.0,"capacity_4":null,"shift_start":"2000-01-01T07:00:00.000Z","shift_end":"2000-01-01T22:00:00.000Z","reload_time":0,"speed_factor":0.0,"days":"1,1,1,1,1,0,0","driver":{"email":"ccerpa@loscolonosdelnorte.cl","first_name":"Ccerpa","last_name":"51","phone":"","dni":null},"tags":[],"cost_allocation_tags":[],"device_type":"drivin_app","vehicle_tpye":null,"fleets":"COLONOS"},{"id":10457148,"code":"CCERPA2","description":null,"detail":null,"model":null,"year":null,"peoneta_id":null,"assistant_2_id":null,"assistant_3_id":null,"device_number":"","priority":1,"custom_1":null,"custom_2":null,"kinesis_redirect":false,"is_active":true,"capacity_1":4000.0,"capacity_2":0.0,"capacity_3":0.0,"capacity_4":null,"shift_start":"2000-01-01T07:00:00.000Z","shift_end":"2000-01-01T23:59:00.000Z","reload_time":0,"speed_factor":0.0,"days":"1,1,1,1,1,0,0","driver":{"email":"ccerpa2@loscolonosdelnorte.cl","first_name":"Ccerpa2","last_name":"30","phone":"","dni":null},"tags":[],"cost_allocation_tags":[],"device_type":"drivin_app","vehicle_tpye":null,"fleets":"COLONOS"},{"id":10424777,"code":"EDGAR","description":null,"detail":null,"model":null,"year":null,"peoneta_id":null,"assistant_2_id":null,"assistant_3_id":null,"device_number":"","priority":1,"custom_1":null,"custom_2":null,"kinesis_redirect":false,"is_active":true,"capacity_1":3000.0,"capacity_2":0.0,"capacity_3":0.0,"capacity_4":null,"shift_start":"2000-01-01T07:00:00.000Z","shift_end":"2000-01-01T23:59:00.000Z","reload_time":0,"speed_factor":0.0,"days":"1,1,1,1,1,0,0","driver":{"email":"edgar@loscolonosdelnorte.cl","first_name":"Edgar","last_name":"87","phone":"","dni":null},"tags":[],"cost_allocation_tags":[],"device_type":"drivin_app","vehicle_tpye":null,"fleets":"COLONOS"},{"id":10417502,"code":"EOJEDA","description":null,"detail":null,"model":null,"year":null,"peoneta_id":null,"assistant_2_id":null,"assistant_3_id":null,"device_number":"","priority":1,"custom_1":null,"custom_2":null,"kinesis_redirect":false,"is_active":true,"capacity_1":4000.0,"capacity_2":0.0,"capacity_3":0.0,"capacity_4":null,"shift_start":"2000-01-01T07:00:00.000Z","shift_end":"2000-01-01T22:00:00.000Z","reload_time":0,"speed_factor":0.0,"days":"1,1,1,1,1,0,0","driver":{"email":"eojeda@loscolonosdelnorte.cl","first_name":"Eojeda","last_name":"47","phone":"","dni":null},"tags":[],"cost_allocation_tags":[],"device_type":"drivin_app","vehicle_tpye":null,"fleets":"COLONOS"},{"id":10410229,"code":"HRUBIO","description":null,"detail":null,"model":null,"year":null,"peoneta_id":null,"assistant_2_id":null,"assistant_3_id":null,"device_number":"","priority":1,"custom_1":null,"custom_2":null,"kinesis_redirect":false,"is_active":true,"capacity_1":3000.0,"capacity_2":0.0,"capacity_3":0.0,"capacity_4":null,"shift_start":"2000-01-01T07:00:00.000Z","shift_end":"2000-01-01T22:00:00.000Z","reload_time":0,"speed_factor":0.0,"days":"1,1,1,1,1,0,0","driver":{"email":"hrubio@loscolonosdelnorte.cl","first_name":"Hans","last_name":"Rubio","phone":"","dni":null},"tags":[],"cost_allocation_tags":[],"device_type":"drivin_app","vehicle_tpye":null,"fleets":"COLONOS"},{"id":10417524,"code":"HVERGARA","description":null,"detail":null,"model":null,"year":null,"peoneta_id":null,"assistant_2_id":null,"assistant_3_id":null,"device_number":"","priority":1,"custom_1":null,"custom_2":null,"kinesis_redirect":false,"is_active":true,"capacity_1":3000.0,"capacity_2":0.0,"capacity_3":0.0,"capacity_4":null,"shift_start":"2000-01-01T07:00:00.000Z","shift_end":"2000-01-01T22:00:00.000Z","reload_time":0,"speed_factor":0.0,"days":"1,1,1,1,1,0,0","driver":{"email":"hvergara@loscolonosdelnorte.cl","first_name":"Hvergara","last_name":"60","phone":"","dni":null},"tags":[],"cost_allocation_tags":[],"device_type":"drivin_app","vehicle_tpye":null,"fleets":"COLONOS"},{"id":10417527,"code":"JMOLINA","description":null,"detail":null,"model":null,"year":null,"peoneta_id":null,"assistant_2_id":null,"assistant_3_id":null,"device_number":"","priority":1,"custom_1":null,"custom_2":null,"kinesis_redirect":false,"is_active":true,"capacity_1":3000.0,"capacity_2":0.0,"capacity_3":0.0,"capacity_4":null,"shift_start":"2000-01-01T07:00:00.000Z","shift_end":"2000-01-01T22:00:00.000Z","reload_time":0,"speed_factor":0.0,"days":"1,1,1,1,1,0,0","driver":{"email":"jmolina@loscolonosdelnorte.cl","first_name":"Jmolina","last_name":"90","phone":"","dni":null},"tags":[],"cost_allocation_tags":[],"device_type":"drivin_app","vehicle_tpye":null,"fleets":"COLONOS"},{"id":10417521,"code":"QS","description":null,"detail":null,"model":null,"year":null,"peoneta_id":null,"assistant_2_id":null,"assistant_3_id":null,"device_number":"","priority":1,"custom_1":null,"custom_2":null,"kinesis_redirect":false,"is_active":true,"capacity_1":3000.0,"capacity_2":0.0,"capacity_3":0.0,"capacity_4":null,"shift_start":"2000-01-01T07:00:00.000Z","shift_end":"2000-01-01T22:00:00.000Z","reload_time":0,"speed_factor":0.0,"days":"1,1,1,1,1,0,0","driver":{"email":"qs@loscolonosdelnorte.cl","first_name":"QS","last_name":"","phone":"","dni":null},"tags":[],"cost_allocation_tags":[],"device_type":"drivin_app","vehicle_tpye":null,"fleets":"COLONOS"},{"id":10417522,"code":"SRIOS1","description":null,"detail":null,"model":null,"year":null,"peoneta_id":null,"assistant_2_id":null,"assistant_3_id":null,"device_number":"","priority":1,"custom_1":null,"custom_2":null,"kinesis_redirect":false,"is_active":false,"capacity_1":3000.0,"capacity_2":0.0,"capacity_3":0.0,"capacity_4":null,"shift_start":"2000-01-01T07:00:00.000Z","shift_end":"2000-01-01T22:00:00.000Z","reload_time":0,"speed_factor":0.0,"days":"1,1,1,1,1,0,0","driver":{"email":"srios1@loscolonosdelnorte.cl","first_name":"SEBASTIAN","last_name":"RIOS 1","phone":"","dni":null},"tags":[],"cost_allocation_tags":[],"device_type":"drivin_app","vehicle_tpye":null,"fleets":"COLONOS"},{"id":10417523,"code":"SRIOS2","description":null,"detail":null,"model":null,"year":null,"peoneta_id":null,"assistant_2_id":null,"assistant_3_id":null,"device_number":"","priority":1,"custom_1":null,"custom_2":null,"kinesis_redirect":false,"is_active":false,"capacity_1":3000.0,"capacity_2":0.0,"capacity_3":0.0,"capacity_4":null,"shift_start":"2000-01-01T06:00:00.000Z","shift_end":"2000-01-01T23:00:00.000Z","reload_time":0,"speed_factor":0.0,"days":"1,1,1,1,1,0,0","driver":{"email":"srios2@loscolonosdelnorte.cl","first_name":"SEBASTIAN","last_name":"RIOS 2","phone":"","dni":null},"tags":[],"cost_allocation_tags":[],"device_type":"drivin_app","vehicle_tpye":null,"fleets":"COLONOS"},{"id":10619784,"code":"TFEMOTRI","description":null,"detail":null,"model":null,"year":null,"peoneta_id":null,"assistant_2_id":null,"assistant_3_id":null,"device_number":"","priority":1,"custom_1":null,"custom_2":null,"kinesis_redirect":false,"is_active":true,"capacity_1":3000.0,"capacity_2":0.0,"capacity_3":0.0,"capacity_4":null,"shift_start":"2000-01-01T00:00:00.000Z","shift_end":"2000-01-01T23:59:00.000Z","reload_time":0,"speed_factor":0.0,"days":"1,1,1,1,1,0,0","driver":{"email":"tfemotri@loscolonosdelnorte.cl","first_name":"TFEMOTRI 23","last_name":"","phone":"","dni":"TFEMOTRI"},"tags":[],"cost_allocation_tags":[],"device_type":"drivin_app","vehicle_tpye":null,"fleets":"COLONOS"},{"id":10677811,"code":"TGiron20","description":null,"detail":null,"model":null,"year":null,"peoneta_id":null,"assistant_2_id":null,"assistant_3_id":null,"device_number":"","priority":1,"custom_1":null,"custom_2":null,"kinesis_redirect":false,"is_active":true,"capacity_1":2000.0,"capacity_2":0.0,"capacity_3":0.0,"capacity_4":null,"shift_start":"2000-01-01T00:00:00.000Z","shift_end":"2000-01-01T23:59:00.000Z","reload_time":0,"speed_factor":0.0,"days":"1,1,1,1,1,0,0","driver":{"email":"tgiron@loscolonosdelnorte.cl","first_name":"TGiron20","last_name":"","phone":"","dni":null},"tags":[],"cost_allocation_tags":[],"device_type":"drivin_app","vehicle_tpye":null,"fleets":"COLONOS"},{"id":10491991,"code":"TH","description":null,"detail":null,"model":null,"year":null,"peoneta_id":null,"assistant_2_id":null,"assistant_3_id":null,"device_number":"","priority":1,"custom_1":null,"custom_2":null,"kinesis_redirect":false,"is_active":true,"capacity_1":5000.0,"capacity_2":0.0,"capacity_3":0.0,"capacity_4":null,"shift_start":"2000-01-01T00:00:00.000Z","shift_end":"2000-01-01T23:59:00.000Z","reload_time":0,"speed_factor":0.0,"days":"1,1,1,1,1,0,0","driver":{"email":"th@loscolonosdelnorte.cl","first_name":"TH","last_name":"11","phone":"","dni":null},"tags":[],"cost_allocation_tags":[],"device_type":"drivin_app","vehicle_tpye":null,"fleets":"COLONOS"},{"id":10492137,"code":"TKC","description":null,"detail":null,"model":null,"year":null,"peoneta_id":null,"assistant_2_id":null,"assistant_3_id":null,"device_number":"","priority":1,"custom_1":null,"custom_2":null,"kinesis_redirect":false,"is_active":true,"capacity_1":5000.0,"capacity_2":0.0,"capacity_3":0.0,"capacity_4":null,"shift_start":"2000-01-01T00:00:00.000Z","shift_end":"2000-01-01T23:59:00.000Z","reload_time":0,"speed_factor":0.0,"days":"1,1,1,1,1,0,0","driver":{"email":"tkc@loscolonosdelnorte.cl","first_name":"TKC","last_name":"","phone":"","dni":null},"tags":[],"cost_allocation_tags":[],"device_type":"drivin_app","vehicle_tpye":null,"fleets":"COLONOS"},{"id":10665470,"code":"tpascal","description":null,"detail":null,"model":null,"year":null,"peoneta_id":null,"assistant_2_id":null,"assistant_3_id":null,"device_number":"","priority":1,"custom_1":null,"custom_2":null,"kinesis_redirect":false,"is_active":true,"capacity_1":1500.0,"capacity_2":0.0,"capacity_3":0.0,"capacity_4":null,"shift_start":"2000-01-01T00:00:00.000Z","shift_end":"2000-01-01T23:59:00.000Z","reload_time":0,"speed_factor":0.0,"days":"1,1,1,1,1,0,0","driver":{"email":"tpascal@loscolonosdelnorte.cl","first_name":"tpascal","last_name":"12","phone":"+56986606083","dni":""},"tags":[],"cost_allocation_tags":[],"device_type":"drivin_app","vehicle_tpye":null,"fleets":"COLONOS"},{"id":10560778,"code":"TSUSANA","description":null,"detail":null,"model":null,"year":null,"peoneta_id":null,"assistant_2_id":null,"assistant_3_id":null,"device_number":"","priority":1,"custom_1":null,"custom_2":null,"kinesis_redirect":false,"is_active":true,"capacity_1":5000.0,"capacity_2":0.0,"capacity_3":0.0,"capacity_4":null,"shift_start":"2000-01-01T00:00:00.000Z","shift_end":"2000-01-01T23:59:00.000Z","reload_time":0,"speed_factor":0.0,"days":"1,1,1,1,1,0,0","driver":{"email":"tsusana@loscolonosdelnorte.cl","first_name":"TSusana","last_name":"84","phone":"+56933780248","dni":null},"tags":[],"cost_allocation_tags":[],"device_type":"drivin_app","vehicle_tpye":null,"fleets":"COLONOS"},{"id":10582013,"code":"TSUSANA2","description":null,"detail":null,"model":null,"year":null,"peoneta_id":null,"assistant_2_id":null,"assistant_3_id":null,"device_number":"","priority":1,"custom_1":null,"custom_2":null,"kinesis_redirect":false,"is_active":true,"capacity_1":5000.0,"capacity_2":0.0,"capacity_3":0.0,"capacity_4":null,"shift_start":"2000-01-01T00:00:00.000Z","shift_end":"2000-01-01T23:59:00.000Z","reload_time":0,"speed_factor":0.0,"days":"1,1,1,1,1,0,0","driver":{"email":"tsusana2@loscolonosdelnorte.cl","first_name":"tsusana2","last_name":"","phone":"","dni":null},"tags":[],"cost_allocation_tags":[],"device_type":"drivin_app","vehicle_tpye":null,"fleets":"COLONOS"},{"id":10565276,"code":"TY&M","description":null,"detail":null,"model":null,"year":null,"peoneta_id":null,"assistant_2_id":null,"assistant_3_id":null,"device_number":"","priority":1,"custom_1":null,"custom_2":null,"kinesis_redirect":false,"is_active":true,"capacity_1":5000.0,"capacity_2":0.0,"capacity_3":0.0,"capacity_4":null,"shift_start":"2000-01-01T00:00:00.000Z","shift_end":"2000-01-01T23:59:00.000Z","reload_time":0,"speed_factor":0.0,"days":"1,1,1,1,1,0,0","driver":{"email":"tmyv@loscolonosdelnorte.cl","first_name":"TY&M","last_name":"51","phone":"","dni":null},"tags":[],"cost_allocation_tags":[],"device_type":"drivin_app","vehicle_tpye":null,"fleets":"COLONOS"},{"id":10616996,"code":"TY&M2 13","description":null,"detail":null,"model":null,"year":null,"peoneta_id":null,"assistant_2_id":null,"assistant_3_id":null,"device_number":"","priority":1,"custom_1":null,"custom_2":null,"kinesis_redirect":false,"is_active":true,"capacity_1":5000.0,"capacity_2":0.0,"capacity_3":0.0,"capacity_4":null,"shift_start":"2000-01-01T00:00:00.000Z","shift_end":"2000-01-01T23:59:00.000Z","reload_time":0,"speed_factor":0.0,"days":"1,1,1,1,1,0,0","driver":{"email":"tyym2@loscolonosdelnorte.cl","first_name":"TY&M2 13","last_name":"","phone":"","dni":null},"tags":[],"cost_allocation_tags":[],"device_type":"drivin_app","vehicle_tpye":null,"fleets":"COLONOS"},{"id":10454855,"code":"WDELGADO","description":null,"detail":null,"model":null,"year":null,"peoneta_id":null,"assistant_2_id":null,"assistant_3_id":null,"device_number":"","priority":1,"custom_1":null,"custom_2":null,"kinesis_redirect":false,"is_active":true,"capacity_1":3000.0,"capacity_2":0.0,"capacity_3":0.0,"capacity_4":null,"shift_start":"2000-01-01T07:00:00.000Z","shift_end":"2000-01-01T23:59:00.000Z","reload_time":0,"speed_factor":0.0,"days":"1,1,1,1,1,0,0","driver":{"email":"wdelgado@loscolonosdelnorte.cl","first_name":"WDelgado","last_name":"20","phone":"","dni":null},"tags":[],"cost_allocation_tags":[],"device_type":"drivin_app","vehicle_tpye":null,"fleets":"COLONOS"}]} 
2024-12-04 18:09:09.0654 loggerfile request https://localhost:44367/api/documentos/list?bodegacode=&doctipo=12&estado=A&estadooperativo=&vendedorcode=&fechaini=&fechafin= 
2024-12-04 18:09:19.5380 loggerfile request https://localhost:44367/api/documentos/77744?doctipo=12 
2024-12-04 18:09:19.6284 loggerfile request https://localhost:44367/api/documentos/77726?doctipo=12 
2024-12-04 18:09:23.0065 loggerfile request https://localhost:44367/api/documentos 
2024-12-04 18:09:23.0065 loggerfile Drivin ExecutePost. url: https://external.driv.in/api/external/v2/scenarios 
2024-12-04 18:09:23.0065 loggerfile Drivin ExecutePost. json: {
  "description": "04-12-2024 AVILLARREAL",
  "date": "2024-12-04",
  "schema_name": "Asignación"
} 
2024-12-04 18:09:23.0065 loggerfile X-API-Key: 518d4333-9d1a-4f03-b17a-9ca3e323a1af 
2024-12-04 18:09:24.9601 loggerfile Drivin ExecutePost. response.Content: OK {"success":true,"status":"OK","response":{"scenario_token":"8e1941bc-a4c2-4ac5-b309-f0c1132a97cf","addresses_count":0,"orders_count":0,"items_count":0,"vehicles_count":21,"added":[]}} 
2024-12-04 18:09:25.4005 loggerfile Drivin ExecutePost. url: https://external.driv.in/api/external/v2/routes?token=8e1941bc-a4c2-4ac5-b309-f0c1132a97cf 
2024-12-04 18:09:25.4005 loggerfile Drivin ExecutePost. json: {
  "vehicle_code": "AVILLARREAL",
  "clients": [
    {
      "code": "76520024-5",
      "address": "Poeta Pedro Prado  1689",
      "reference": "",
      "city": "SANTIAGO",
      "county": "QUINTA NORMAL",
      "country": "Chile",
      "lat": 0.0000000000,
      "lng": 0.0000000000,
      "client_name": "SOCIEDAD BRAVO Y HERMANOS SPA",
      "contact_name": "",
      "contact_email": "francisco@bravoyhermanos.cl",
      "time_windows": [
        {
          "start": "09:00",
          "end": "16:00"
        }
      ],
      "orders": [
        {
          "code": "336374",
          "description": "SOCIEDAD BRAVO Y HERMANOS SPA",
          "name": null,
          "supplier_name": "LCDN |  | SOCIEDAD BRAVO Y HERMANOS SPA",
          "items": [
            {
              "code": "VAENT22028",
              "description": "1 HU AL V ENTRAÑA ARGENTINA",
              "units_1": 3726936.0
            }
          ]
        }
      ]
    },
    {
      "code": "76299170-5",
      "address": "PANAMERICANA SUR KM 57 ",
      "reference": "MONTICELLO (COLACION 14 A 15 HRS",
      "city": "SANTIAGO",
      "county": "SAN FRANCISCO DE MOSTAZAL",
      "country": "Chile",
      "lat": -33.9212910000,
      "lng": -70.7220230000,
      "client_name": "SAN FRANCISCO INVESTMENT SA",
      "contact_name": "",
      "contact_email": "nacastro@monticello.cl",
      "time_windows": [
        {
          "start": "9:00",
          "end": "18:00"
        }
      ],
      "orders": [
        {
          "code": "336356",
          "description": "SAN FRANCISCO INVESTMENT SA",
          "name": null,
          "supplier_name": "LCDN |  | SAN FRANCISCO INVESTMENT SA",
          "items": [
            {
              "code": "VALOM22058",
              "description": "1 FR FRIB V LOMO VETADO",
              "units_1": 2090707.0
            }
          ]
        }
      ]
    }
  ]
} 
2024-12-04 18:09:25.4005 loggerfile X-API-Key: 518d4333-9d1a-4f03-b17a-9ca3e323a1af 
2024-12-04 18:09:30.6231 loggerfile Drivin ExecutePost. response.Content: OK {"success":true,"status":"OK","response":{"scenario_token":"8e1941bc-a4c2-4ac5-b309-f0c1132a97cf"}} 
2024-12-04 18:09:33.4185 loggerfile request https://localhost:44367/api/documentos/list?bodegacode=&doctipo=12&estado=A&estadooperativo=&vendedorcode=&fechaini=&fechafin= 
2024-12-04 20:42:35.4480 loggerfile request https://localhost:44367/api/productos/bodegas 
2024-12-04 20:42:38.0287 loggerfile request https://localhost:44367/api/documentos/listpicking?bodegacode=PRODUCCION&estado=A 
2024-12-04 20:42:57.8671 loggerfile request https://localhost:44367/api/documentos/listpicking?bodegacode=TOLEDO&estado=A 
2024-12-04 20:43:07.0548 loggerfile request https://localhost:44367/api/documentos/10254?doctipo=2010 
2024-12-04 20:43:07.9739 loggerfile request https://localhost:44367/api/documentos/418182?doctipo=10 
2024-12-04 20:43:24.3824 loggerfile request https://localhost:44367/api/documentos/10254?doctipo=2010 
2024-12-04 20:43:24.5406 loggerfile request https://localhost:44367/api/documentos/418182?doctipo=10 
2024-12-04 20:43:32.6560 loggerfile request https://localhost:44367/api/documentos/10419?doctipo=2010 
2024-12-04 20:43:32.7697 loggerfile request https://localhost:44367/api/documentos/418555?doctipo=10 
2024-12-04 20:43:39.5875 loggerfile request https://localhost:44367/api/documentos/listpicking?bodegacode=TOLEDO&estado=A 
2024-12-04 20:43:48.9490 loggerfile request https://localhost:44367/api/usuarios/list?idgrupo=CALIDAD&idgrupo2=OPERADOR-PROD 
2024-12-04 20:43:49.0270 loggerfile request https://localhost:44367/api/documentos/list?bodegacode=PRODUCCION&doctipo=3010&estado=A&estadooperativo=&vendedorcode=&fechaini=&fechafin= 
2024-12-04 20:43:51.7575 loggerfile request https://localhost:44367/api/documentos/list?doctipo=10&estado=A&estadooperativo=PREP&pendiente=1&usuario=&desde=&hasta= 
2024-12-04 20:56:18.6166 loggerfile request https://localhost:44367/api/documentos/list?doctipo=10&estado=A&estadooperativo=PREP&pendiente=1&usuario=&desde=&hasta= 
2024-12-04 20:57:31.2744 loggerfile request https://localhost:44367/api/documentos/418032?doctipo=10 
2024-12-04 20:57:54.2928 loggerfile request https://localhost:44367/api/documentos/list?doctipo=10&estado=A&estadooperativo=PREP&pendiente=1&usuario=&desde=&hasta= 
2024-12-04 20:58:29.3349 loggerfile request https://localhost:44367/api/documentos/418032?doctipo=10 
