2024-12-05 06:15:23.2021 loggerfile request https://localhost:44367/api/usuarios/list?idgrupo=CALIDAD&idgrupo2=CAMARA 
2024-12-05 06:15:24.9083 loggerfile request https://localhost:44367/api/usuarios/list?idgrupo=OPERADOR-PROD&idgrupo2=OPERADOR-PROD 
2024-12-05 06:15:24.9693 loggerfile request https://localhost:44367/api/documentos/list?bodegacode=TOLEDO&doctipo=10&estado=A&estadooperativo=PREP&vendedorcode=&fechaini=&fechafin= 
2024-12-05 06:15:50.9481 loggerfile request https://localhost:44367/api/productos/bodegas 
2024-12-05 06:15:51.0252 loggerfile request https://localhost:44367/api/documentos/listpicking?bodegacode=TOLEDO&estado=A 
2024-12-05 06:15:59.5344 loggerfile request https://localhost:44367/api/usuarios/list?idgrupo=CALIDAD&idgrupo2=OPERADOR-PROD 
2024-12-05 06:15:59.5490 loggerfile request https://localhost:44367/api/documentos/list?bodegacode=PRODUCCION&doctipo=3010&estado=A&estadooperativo=&vendedorcode=&fechaini=&fechafin= 
2024-12-05 06:16:22.6834 loggerfile request https://localhost:44367/api/documentos/listpicking?bodegacode=PRODUCCION&estado=A 
2024-12-05 06:16:49.9169 loggerfile request https://localhost:44367/api/documentos/listpicking?bodegacode=TOLEDO&estado=A 
2024-12-05 06:16:59.7677 loggerfile request https://localhost:44367/api/usuarios/list?idgrupo=CALIDAD&idgrupo2=CAMARA 
2024-12-05 06:16:59.8204 loggerfile request https://localhost:44367/api/usuarios/list?idgrupo=OPERADOR-PROD&idgrupo2=OPERADOR-PROD 
2024-12-05 06:16:59.8600 loggerfile request https://localhost:44367/api/documentos/list?bodegacode=TOLEDO&doctipo=10&estado=A&estadooperativo=PREP&vendedorcode=&fechaini=&fechafin= 
2024-12-05 06:17:05.4718 loggerfile request https://localhost:44367/api/usuarios/list?idgrupo=CALIDAD&idgrupo2=OPERADOR-PROD 
2024-12-05 06:17:05.5251 loggerfile request https://localhost:44367/api/documentos/list?bodegacode=PRODUCCION&doctipo=3010&estado=A&estadooperativo=&vendedorcode=&fechaini=&fechafin= 
2024-12-05 06:17:15.1037 loggerfile request https://localhost:44367/api/usuarios/list?idgrupo=CALIDAD&idgrupo2=CAMARA 
2024-12-05 06:17:15.1272 loggerfile request https://localhost:44367/api/usuarios/list?idgrupo=OPERADOR-PROD&idgrupo2=OPERADOR-PROD 
2024-12-05 06:17:15.1467 loggerfile request https://localhost:44367/api/documentos/list?bodegacode=TOLEDO&doctipo=10&estado=A&estadooperativo=PREP&vendedorcode=&fechaini=&fechafin= 
2024-12-05 06:17:25.4024 loggerfile request https://localhost:44367/api/usuarios/list?idgrupo=CALIDAD&idgrupo2=OPERADOR-PROD 
2024-12-05 06:17:25.4248 loggerfile request https://localhost:44367/api/documentos/list?bodegacode=PRODUCCION&doctipo=3010&estado=A&estadooperativo=&vendedorcode=&fechaini=&fechafin= 
2024-12-05 06:29:35.9838 loggerfile request https://localhost:44367/api/documentos/list?bodegacode=PRODUCCION&doctipo=3010&estado=A&estadooperativo=&vendedorcode=&fechaini=&fechafin= 
2024-12-05 06:29:58.8189 loggerfile request https://localhost:44367/api/documentos/list?doctipo=10&estado=A&estadooperativo=PREP&pendiente=1&usuario=&desde=&hasta= 
2024-12-05 12:02:11.9966 loggerfile request https://localhost:44367/api/usuarios/list?idgrupo=&idgrupo2= 
2024-12-05 12:02:19.6814 loggerfile request https://localhost:44367/api/documentos/list?doctipo=10&estado=&estadooperativo=&pendiente=-1&usuario=CALL_CENTER_COLONOS&desde=2024-12-05&hasta=2024-12-05 
2024-12-05 12:02:31.7622 loggerfile request https://localhost:44367/api/documentos/list?doctipo=10&estado=&estadooperativo=&pendiente=-1&usuario=CALL_CENTER_COLONOS&desde=2024-12-05&hasta=2024-12-05 
2024-12-05 12:02:38.0470 loggerfile request https://localhost:44367/api/documentos/list?doctipo=10&estado=&estadooperativo=&pendiente=-1&usuario=CALL_CENTER_COLONOS&desde=2024-12-02&hasta=2024-12-05 
2024-12-05 12:02:42.2283 loggerfile request https://localhost:44367/api/documentos/list?doctipo=10&estado=&estadooperativo=&pendiente=-1&usuario=CALL_CENTER_COLONOS&desde=2024-12-02&hasta=2024-12-05 
2024-12-05 12:02:44.3126 loggerfile request https://localhost:44367/api/documentos/list?doctipo=10&estado=&estadooperativo=&pendiente=-1&usuario=CALL_CENTER_COLONOS&desde=2024-12-02&hasta=2024-12-05 
2024-12-05 12:02:48.7079 loggerfile request https://localhost:44367/api/documentos/list?doctipo=10&estado=&estadooperativo=&pendiente=-1&usuario=CALL_CENTER_COLONOS&desde=2024-12-02&hasta=2024-12-05 
2024-12-05 12:03:12.3259 loggerfile request https://localhost:44367/api/usuarios/list?idgrupo=&idgrupo2= 
2024-12-05 12:03:12.4040 loggerfile request https://localhost:44367/api/documentos/list?doctipo=10&estado=&estadooperativo=&pendiente=-1&usuario=CALL_CENTER_COLONOS&desde=2024-12-05&hasta=2024-12-05 
2024-12-05 12:03:17.4310 loggerfile request https://localhost:44367/api/usuarios/list?idgrupo=&idgrupo2= 
2024-12-05 12:03:20.7480 loggerfile request https://localhost:44367/api/informes/seguimientooperacion?usuario=CALL_CENTER_COLONOS&fechaini=20241125&fechafin=20241205 
2024-12-05 12:07:14.8035 loggerfile request https://localhost:44367/api/documentos/list?doctipo=10&estado=&estadooperativo=&pendiente=-1&usuario=CALL_CENTER_COLONOS&desde=2024-12-02&hasta=2024-12-05 
2024-12-05 12:07:42.0039 loggerfile request https://localhost:44367/api/documentos/list?doctipo=10&estado=&estadooperativo=&pendiente=-1&usuario=CALL_CENTER_COLONOS&desde=2024-12-02&hasta=2024-12-05 
2024-12-05 12:09:58.4714 loggerfile request https://localhost:44367/api/documentos/list?doctipo=10&estado=&estadooperativo=&pendiente=-1&usuario=CALL_CENTER_COLONOS&desde=2024-12-02&hasta=2024-12-05 
2024-12-05 12:10:21.1210 loggerfile request https://localhost:44367/api/documentos/list?doctipo=10&estado=&estadooperativo=&pendiente=-1&usuario=CALL_CENTER_COLONOS&desde=2024-12-02&hasta=2024-12-05 
2024-12-05 12:14:50.4037 loggerfile request https://localhost:44367/api/documentos/list?doctipo=10&estado=&estadooperativo=&pendiente=-1&usuario=CALL_CENTER_COLONOS&desde=2024-12-02&hasta=2024-12-05 
2024-12-05 12:15:16.6755 loggerfile request https://localhost:44367/api/documentos/list?doctipo=10&estado=&estadooperativo=&pendiente=-1&usuario=CALL_CENTER_COLONOS&desde=2024-12-02&hasta=2024-12-05 
2024-12-05 12:19:13.0883 loggerfile request https://localhost:44367/api/documentos/list?doctipo=10&estado=&estadooperativo=&pendiente=-1&vendedorcode=CALL_CENTER_COLONOS&desde=2024-11-25&hasta=2024-12-05 
2024-12-05 12:20:30.7173 loggerfile request https://localhost:44367/api/documentos/list?doctipo=10&estado=&estadooperativo=&pendiente=-1&vendedorcode=CALL_CENTER_COLONOS&desde=2024-11-25&hasta=2024-12-05 
2024-12-05 12:22:57.2369 loggerfile request https://localhost:44367/api/documentos/list?doctipo=10&estado=&estadooperativo=&pendiente=-1&vendedorcode=CALL_CENTER_COLONOS&desde=2024-11-25&hasta=2024-12-05 
2024-12-05 12:24:25.6533 loggerfile request https://localhost:44367/api/documentos/418017?doctipo=10 
2024-12-05 12:24:30.0448 loggerfile request https://localhost:44367/api/socios/12.890.243-0C/ 
2024-12-05 12:24:30.9157 loggerfile request https://localhost:44367/api/socios/propiedades 
2024-12-05 12:24:32.9743 loggerfile request https://localhost:44367/api/socios/12.890.243-0C/TopFamilia 
2024-12-05 12:24:33.1539 loggerfile request https://localhost:44367/api/socios/12.890.243-0C/TopRubro 
2024-12-05 12:24:33.2955 loggerfile request https://localhost:44367/api/socios/12.890.243-0C/TopVentas 
2024-12-05 12:25:19.1050 loggerfile request https://localhost:44367/api/productos/stock?prodcode=LCCDNALB08&bodegacode=TOLEDO 
2024-12-05 12:25:19.1831 loggerfile request https://localhost:44367/api/productos/stock?prodcode=CCCCVCHOR3&bodegacode=TOLEDO 
2024-12-05 12:25:37.2147 loggerfile request https://localhost:44367/api/documentos 
2024-12-05 12:25:37.5317 loggerfile Input incial OPED.  Random: 10, DocEntry: 0 {
  "DocEntry": 0,
  "DocEstado": "A",
  "DocTipo": 10,
  "DocFecha": "2024-12-05T00:00:00-03:00",
  "SocioCode": "12.890.243-0C",
  "ContactoCode": 0,
  "CondicionCode": null,
  "DireccionCode": 22639,
  "VendedorCode": "CALL_CENTER_COLONOS",
  "UsuarioCode": "0",
  "Neto": 819400.0,
  "Iva": 155686.0,
  "Total": 975086.0,
  "Observaciones": "",
  "EstadoOperativo": "ING",
  "FechaRegistro": "2024-12-05T12:25:37.4282563-03:00",
  "Version": "V0.0.1",
  "UsuarioNombre": "VARANCIBIA",
  "EstadoCliente": "ACTIVO",
  "RazonSocial": "LUIS ALFREDO BECERRA BOSSI",
  "FechaEntrega": "2024-12-05T00:00:00",
  "RetiraCliente": true,
  "AutorizacionEspecial": null,
  "Costo": 430724.0,
  "Margen": 0.474342201610934830363680742,
  "BandejaCode": null,
  "MotivoRechazo": null,
  "AutorizadoEspecial": null,
  "CondicionNombre": "TRANSFERENCIA PREVIA",
  "FechaIngresoPrep": null,
  "Completado": null,
  "BaseEntry": null,
  "BaseTipo": null,
  "clientFileDF": null,
  "CondicionDF": "TRANSFERENCIA",
  "Facturado": null,
  "Etiquetado": null,
  "Etiqueta": null,
  "Instrucciones": "",
  "VendedorNombre": "VALERIA ARANCIBIA",
  "PED1": []
} 
2024-12-05 12:25:37.8479 loggerfile Completando Lineas.  Random: 10, DocEntry: 0, ProdCode: LCCDNALB08 {
  "DocEntry": 0,
  "DocLinea": 1,
  "LineaEstado": "A",
  "ProdCode": "LCCDNALB08",
  "ProdNombre": "1 LC ALB V ENTRAÑA ARGENTINA",
  "PrecioFinal": 14990.0,
  "Descuento": 0.0,
  "CantidadPendiente": 40.0,
  "CantidadReal": 0.0,
  "BaseEntry": null,
  "BaseLinea": null,
  "UsuarioCodeConfirma": null,
  "FechaConfirma": null,
  "FamiliaCode": 19,
  "AnimalCode": 1,
  "TipoCode": "A",
  "Medida": "KILO",
  "FormatoVtaCode": 0,
  "Margen": 0.465,
  "Costo": 8018.10,
  "LineaItem": 1,
  "Volumen": 100.0,
  "CantidadSolicitada": 40.0,
  "TotalSolicitado": 599600.0,
  "TotalReal": null,
  "PrecioUnitario": 10280.0,
  "PrecioVolumen": 10074.0,
  "FactorPrecio": 1.0,
  "MargenRegla": 0.22,
  "Disponible": 0.0,
  "BodegaCode": "TOLEDO",
  "RefrigeraCode": 1,
  "RefrigeraNombre": "FRESCO",
  "OrigenCode": 1,
  "OrigenNombre": "ARGENTINA",
  "MarcaCode": 5,
  "MarcaNombre": "ALBERDI",
  "FrmtoVentaNombre": "-",
  "AnimalNombre": "VACUNO",
  "FamiliaNombre": "ENTRAÑA",
  "SolicitadoAnterior": 40.0,
  "CantidadEntregada": null,
  "Completado": null,
  "BaseTipo": null,
  "DocTipo": 10,
  "EnProduccion": null,
  "OPED": null
} 
2024-12-05 12:25:37.8674 loggerfile Completando Lineas.  Random: 10, DocEntry: 0, ProdCode: CCCCVCHOR3 {
  "DocEntry": 0,
  "DocLinea": 2,
  "LineaEstado": "A",
  "ProdCode": "CCCCVCHOR3",
  "ProdNombre": "1 LC LC O ANTICUCHO DE WAGYU",
  "PrecioFinal": 10990.0,
  "Descuento": 0.0,
  "CantidadPendiente": 20.0,
  "CantidadReal": 0.0,
  "BaseEntry": null,
  "BaseLinea": null,
  "UsuarioCodeConfirma": null,
  "FechaConfirma": null,
  "FamiliaCode": 86,
  "AnimalCode": 1,
  "TipoCode": "B",
  "Medida": "KILO",
  "FormatoVtaCode": 0,
  "Margen": 0.500,
  "Costo": 5500.00,
  "LineaItem": 2,
  "Volumen": 100.0,
  "CantidadSolicitada": 20.0,
  "TotalSolicitado": 219800.0,
  "TotalReal": null,
  "PrecioUnitario": 9167.0,
  "PrecioVolumen": 8892.0,
  "FactorPrecio": 1.0,
  "MargenRegla": 0.4,
  "Disponible": 0.0,
  "BodegaCode": "TOLEDO",
  "RefrigeraCode": 1,
  "RefrigeraNombre": "FRESCO",
  "OrigenCode": 5,
  "OrigenNombre": "NACIONAL",
  "MarcaCode": 36,
  "MarcaNombre": "LCDN",
  "FrmtoVentaNombre": "-",
  "AnimalNombre": "VACUNO",
  "FamiliaNombre": "ANTICUCHO",
  "SolicitadoAnterior": 20.0,
  "CantidadEntregada": null,
  "Completado": null,
  "BaseTipo": null,
  "DocTipo": 10,
  "EnProduccion": null,
  "OPED": null
} 
2024-12-05 12:25:37.8703 loggerfile Antes de enviar a DB. Random: 10, DocEntry: 0 {
  "DocEntry": 0,
  "DocEstado": "A",
  "DocTipo": 10,
  "DocFecha": "2024-12-05T00:00:00-03:00",
  "SocioCode": "12.890.243-0C",
  "ContactoCode": 0,
  "CondicionCode": null,
  "DireccionCode": 22639,
  "VendedorCode": "CALL_CENTER_COLONOS",
  "UsuarioCode": "0",
  "Neto": 819400.0,
  "Iva": 155686.0,
  "Total": 975086.0,
  "Observaciones": "",
  "EstadoOperativo": "ING",
  "FechaRegistro": "2024-12-05T12:25:37.4282563-03:00",
  "Version": "V0.0.1",
  "UsuarioNombre": "VARANCIBIA",
  "EstadoCliente": "ACTIVO",
  "RazonSocial": "LUIS ALFREDO BECERRA BOSSI",
  "FechaEntrega": "2024-12-05T00:00:00",
  "RetiraCliente": true,
  "AutorizacionEspecial": null,
  "Costo": 430724.0,
  "Margen": 0.474342201610934830363680742,
  "BandejaCode": null,
  "MotivoRechazo": null,
  "AutorizadoEspecial": null,
  "CondicionNombre": "TRANSFERENCIA PREVIA",
  "FechaIngresoPrep": null,
  "Completado": null,
  "BaseEntry": null,
  "BaseTipo": null,
  "clientFileDF": null,
  "CondicionDF": "TRANSFERENCIA",
  "Facturado": null,
  "Etiquetado": null,
  "Etiqueta": null,
  "Instrucciones": "",
  "VendedorNombre": "VALERIA ARANCIBIA",
  "PED1": [
    {
      "DocEntry": 0,
      "DocLinea": 1,
      "LineaEstado": "A",
      "ProdCode": "LCCDNALB08",
      "ProdNombre": "1 LC ALB V ENTRAÑA ARGENTINA",
      "PrecioFinal": 14990.0,
      "Descuento": 0.0,
      "CantidadPendiente": 40.0,
      "CantidadReal": 0.0,
      "BaseEntry": null,
      "BaseLinea": null,
      "UsuarioCodeConfirma": null,
      "FechaConfirma": null,
      "FamiliaCode": 19,
      "AnimalCode": 1,
      "TipoCode": "A",
      "Medida": "KILO",
      "FormatoVtaCode": 0,
      "Margen": 0.465,
      "Costo": 8018.10,
      "LineaItem": 1,
      "Volumen": 100.0,
      "CantidadSolicitada": 40.0,
      "TotalSolicitado": 599600.0,
      "TotalReal": null,
      "PrecioUnitario": 10280.0,
      "PrecioVolumen": 10074.0,
      "FactorPrecio": 1.0,
      "MargenRegla": 0.22,
      "Disponible": 0.0,
      "BodegaCode": "TOLEDO",
      "RefrigeraCode": 1,
      "RefrigeraNombre": "FRESCO",
      "OrigenCode": 1,
      "OrigenNombre": "ARGENTINA",
      "MarcaCode": 5,
      "MarcaNombre": "ALBERDI",
      "FrmtoVentaNombre": "-",
      "AnimalNombre": "VACUNO",
      "FamiliaNombre": "ENTRAÑA",
      "SolicitadoAnterior": 40.0,
      "CantidadEntregada": null,
      "Completado": null,
      "BaseTipo": null,
      "DocTipo": 10,
      "EnProduccion": null,
      "OPED": null
    },
    {
      "DocEntry": 0,
      "DocLinea": 2,
      "LineaEstado": "A",
      "ProdCode": "CCCCVCHOR3",
      "ProdNombre": "1 LC LC O ANTICUCHO DE WAGYU",
      "PrecioFinal": 10990.0,
      "Descuento": 0.0,
      "CantidadPendiente": 20.0,
      "CantidadReal": 0.0,
      "BaseEntry": null,
      "BaseLinea": null,
      "UsuarioCodeConfirma": null,
      "FechaConfirma": null,
      "FamiliaCode": 86,
      "AnimalCode": 1,
      "TipoCode": "B",
      "Medida": "KILO",
      "FormatoVtaCode": 0,
      "Margen": 0.500,
      "Costo": 5500.00,
      "LineaItem": 2,
      "Volumen": 100.0,
      "CantidadSolicitada": 20.0,
      "TotalSolicitado": 219800.0,
      "TotalReal": null,
      "PrecioUnitario": 9167.0,
      "PrecioVolumen": 8892.0,
      "FactorPrecio": 1.0,
      "MargenRegla": 0.4,
      "Disponible": 0.0,
      "BodegaCode": "TOLEDO",
      "RefrigeraCode": 1,
      "RefrigeraNombre": "FRESCO",
      "OrigenCode": 5,
      "OrigenNombre": "NACIONAL",
      "MarcaCode": 36,
      "MarcaNombre": "LCDN",
      "FrmtoVentaNombre": "-",
      "AnimalNombre": "VACUNO",
      "FamiliaNombre": "ANTICUCHO",
      "SolicitadoAnterior": 20.0,
      "CantidadEntregada": null,
      "Completado": null,
      "BaseTipo": null,
      "DocTipo": 10,
      "EnProduccion": null,
      "OPED": null
    }
  ]
} 
2024-12-05 12:25:37.8703 loggerfile Despues de enviar a DB. Random: 10, DocEntry: 0 {
  "DocEntry": 0,
  "DocEstado": "A",
  "DocTipo": 10,
  "DocFecha": "2024-12-05T00:00:00-03:00",
  "SocioCode": "12.890.243-0C",
  "ContactoCode": 0,
  "CondicionCode": null,
  "DireccionCode": 22639,
  "VendedorCode": "CALL_CENTER_COLONOS",
  "UsuarioCode": "0",
  "Neto": 819400.0,
  "Iva": 155686.0,
  "Total": 975086.0,
  "Observaciones": "",
  "EstadoOperativo": "ING",
  "FechaRegistro": "2024-12-05T12:25:37.4282563-03:00",
  "Version": "V0.0.1",
  "UsuarioNombre": "VARANCIBIA",
  "EstadoCliente": "ACTIVO",
  "RazonSocial": "LUIS ALFREDO BECERRA BOSSI",
  "FechaEntrega": "2024-12-05T00:00:00",
  "RetiraCliente": true,
  "AutorizacionEspecial": null,
  "Costo": 430724.0,
  "Margen": 0.474342201610934830363680742,
  "BandejaCode": null,
  "MotivoRechazo": null,
  "AutorizadoEspecial": null,
  "CondicionNombre": "TRANSFERENCIA PREVIA",
  "FechaIngresoPrep": null,
  "Completado": null,
  "BaseEntry": null,
  "BaseTipo": null,
  "clientFileDF": null,
  "CondicionDF": "TRANSFERENCIA",
  "Facturado": null,
  "Etiquetado": null,
  "Etiqueta": null,
  "Instrucciones": "",
  "VendedorNombre": "VALERIA ARANCIBIA",
  "PED1": [
    {
      "DocEntry": 0,
      "DocLinea": 1,
      "LineaEstado": "A",
      "ProdCode": "LCCDNALB08",
      "ProdNombre": "1 LC ALB V ENTRAÑA ARGENTINA",
      "PrecioFinal": 14990.0,
      "Descuento": 0.0,
      "CantidadPendiente": 40.0,
      "CantidadReal": 0.0,
      "BaseEntry": null,
      "BaseLinea": null,
      "UsuarioCodeConfirma": null,
      "FechaConfirma": null,
      "FamiliaCode": 19,
      "AnimalCode": 1,
      "TipoCode": "A",
      "Medida": "KILO",
      "FormatoVtaCode": 0,
      "Margen": 0.465,
      "Costo": 8018.10,
      "LineaItem": 1,
      "Volumen": 100.0,
      "CantidadSolicitada": 40.0,
      "TotalSolicitado": 599600.0,
      "TotalReal": null,
      "PrecioUnitario": 10280.0,
      "PrecioVolumen": 10074.0,
      "FactorPrecio": 1.0,
      "MargenRegla": 0.22,
      "Disponible": 0.0,
      "BodegaCode": "TOLEDO",
      "RefrigeraCode": 1,
      "RefrigeraNombre": "FRESCO",
      "OrigenCode": 1,
      "OrigenNombre": "ARGENTINA",
      "MarcaCode": 5,
      "MarcaNombre": "ALBERDI",
      "FrmtoVentaNombre": "-",
      "AnimalNombre": "VACUNO",
      "FamiliaNombre": "ENTRAÑA",
      "SolicitadoAnterior": 40.0,
      "CantidadEntregada": null,
      "Completado": null,
      "BaseTipo": null,
      "DocTipo": 10,
      "EnProduccion": null
    },
    {
      "DocEntry": 0,
      "DocLinea": 2,
      "LineaEstado": "A",
      "ProdCode": "CCCCVCHOR3",
      "ProdNombre": "1 LC LC O ANTICUCHO DE WAGYU",
      "PrecioFinal": 10990.0,
      "Descuento": 0.0,
      "CantidadPendiente": 20.0,
      "CantidadReal": 0.0,
      "BaseEntry": null,
      "BaseLinea": null,
      "UsuarioCodeConfirma": null,
      "FechaConfirma": null,
      "FamiliaCode": 86,
      "AnimalCode": 1,
      "TipoCode": "B",
      "Medida": "KILO",
      "FormatoVtaCode": 0,
      "Margen": 0.500,
      "Costo": 5500.00,
      "LineaItem": 2,
      "Volumen": 100.0,
      "CantidadSolicitada": 20.0,
      "TotalSolicitado": 219800.0,
      "TotalReal": null,
      "PrecioUnitario": 9167.0,
      "PrecioVolumen": 8892.0,
      "FactorPrecio": 1.0,
      "MargenRegla": 0.4,
      "Disponible": 0.0,
      "BodegaCode": "TOLEDO",
      "RefrigeraCode": 1,
      "RefrigeraNombre": "FRESCO",
      "OrigenCode": 5,
      "OrigenNombre": "NACIONAL",
      "MarcaCode": 36,
      "MarcaNombre": "LCDN",
      "FrmtoVentaNombre": "-",
      "AnimalNombre": "VACUNO",
      "FamiliaNombre": "ANTICUCHO",
      "SolicitadoAnterior": 20.0,
      "CantidadEntregada": null,
      "Completado": null,
      "BaseTipo": null,
      "DocTipo": 10,
      "EnProduccion": null
    }
  ]
} 
2024-12-05 12:25:38.6703 loggerfile SaveChanges enviar a DB. Random: 10, DocEntry: 418630 {
  "DocEntry": 418630,
  "DocEstado": "A",
  "DocTipo": 10,
  "DocFecha": "2024-12-05T00:00:00-03:00",
  "SocioCode": "12.890.243-0C",
  "ContactoCode": 0,
  "CondicionCode": null,
  "DireccionCode": 22639,
  "VendedorCode": "CALL_CENTER_COLONOS",
  "UsuarioCode": "0",
  "Neto": 819400.0,
  "Iva": 155686.0,
  "Total": 975086.0,
  "Observaciones": "",
  "EstadoOperativo": "ING",
  "FechaRegistro": "2024-12-05T12:25:37.4282563-03:00",
  "Version": "V0.0.1",
  "UsuarioNombre": "VARANCIBIA",
  "EstadoCliente": "ACTIVO",
  "RazonSocial": "LUIS ALFREDO BECERRA BOSSI",
  "FechaEntrega": "2024-12-05T00:00:00",
  "RetiraCliente": true,
  "AutorizacionEspecial": null,
  "Costo": 430724.0,
  "Margen": 0.474342201610934830363680742,
  "BandejaCode": null,
  "MotivoRechazo": null,
  "AutorizadoEspecial": null,
  "CondicionNombre": "TRANSFERENCIA PREVIA",
  "FechaIngresoPrep": null,
  "Completado": null,
  "BaseEntry": null,
  "BaseTipo": null,
  "clientFileDF": null,
  "CondicionDF": "TRANSFERENCIA",
  "Facturado": null,
  "Etiquetado": null,
  "Etiqueta": null,
  "Instrucciones": "",
  "VendedorNombre": "VALERIA ARANCIBIA",
  "PED1": [
    {
      "DocEntry": 418630,
      "DocLinea": 10753,
      "LineaEstado": "A",
      "ProdCode": "LCCDNALB08",
      "ProdNombre": "1 LC ALB V ENTRAÑA ARGENTINA",
      "PrecioFinal": 14990.0,
      "Descuento": 0.0,
      "CantidadPendiente": 40.0,
      "CantidadReal": 0.0,
      "BaseEntry": null,
      "BaseLinea": null,
      "UsuarioCodeConfirma": null,
      "FechaConfirma": null,
      "FamiliaCode": 19,
      "AnimalCode": 1,
      "TipoCode": "A",
      "Medida": "KILO",
      "FormatoVtaCode": 0,
      "Margen": 0.465,
      "Costo": 8018.10,
      "LineaItem": 1,
      "Volumen": 100.0,
      "CantidadSolicitada": 40.0,
      "TotalSolicitado": 599600.0,
      "TotalReal": null,
      "PrecioUnitario": 10280.0,
      "PrecioVolumen": 10074.0,
      "FactorPrecio": 1.0,
      "MargenRegla": 0.22,
      "Disponible": 0.0,
      "BodegaCode": "TOLEDO",
      "RefrigeraCode": 1,
      "RefrigeraNombre": "FRESCO",
      "OrigenCode": 1,
      "OrigenNombre": "ARGENTINA",
      "MarcaCode": 5,
      "MarcaNombre": "ALBERDI",
      "FrmtoVentaNombre": "-",
      "AnimalNombre": "VACUNO",
      "FamiliaNombre": "ENTRAÑA",
      "SolicitadoAnterior": 40.0,
      "CantidadEntregada": null,
      "Completado": null,
      "BaseTipo": null,
      "DocTipo": 10,
      "EnProduccion": null
    },
    {
      "DocEntry": 418630,
      "DocLinea": 10754,
      "LineaEstado": "A",
      "ProdCode": "CCCCVCHOR3",
      "ProdNombre": "1 LC LC O ANTICUCHO DE WAGYU",
      "PrecioFinal": 10990.0,
      "Descuento": 0.0,
      "CantidadPendiente": 20.0,
      "CantidadReal": 0.0,
      "BaseEntry": null,
      "BaseLinea": null,
      "UsuarioCodeConfirma": null,
      "FechaConfirma": null,
      "FamiliaCode": 86,
      "AnimalCode": 1,
      "TipoCode": "B",
      "Medida": "KILO",
      "FormatoVtaCode": 0,
      "Margen": 0.500,
      "Costo": 5500.00,
      "LineaItem": 2,
      "Volumen": 100.0,
      "CantidadSolicitada": 20.0,
      "TotalSolicitado": 219800.0,
      "TotalReal": null,
      "PrecioUnitario": 9167.0,
      "PrecioVolumen": 8892.0,
      "FactorPrecio": 1.0,
      "MargenRegla": 0.4,
      "Disponible": 0.0,
      "BodegaCode": "TOLEDO",
      "RefrigeraCode": 1,
      "RefrigeraNombre": "FRESCO",
      "OrigenCode": 5,
      "OrigenNombre": "NACIONAL",
      "MarcaCode": 36,
      "MarcaNombre": "LCDN",
      "FrmtoVentaNombre": "-",
      "AnimalNombre": "VACUNO",
      "FamiliaNombre": "ANTICUCHO",
      "SolicitadoAnterior": 20.0,
      "CantidadEntregada": null,
      "Completado": null,
      "BaseTipo": null,
      "DocTipo": 10,
      "EnProduccion": null
    }
  ]
} 
2024-12-05 12:25:40.7066 loggerfile request https://localhost:44367/api/documentos/418630?doctipo=10 
2024-12-05 12:25:41.1820 loggerfile request https://localhost:44367/api/socios/12.890.243-0C/ 
2024-12-05 12:25:41.3059 loggerfile request https://localhost:44367/api/socios/propiedades 
2024-12-05 12:25:41.5295 loggerfile request https://localhost:44367/api/socios/12.890.243-0C/TopFamilia 
2024-12-05 12:25:41.6691 loggerfile request https://localhost:44367/api/socios/12.890.243-0C/TopRubro 
2024-12-05 12:25:41.7706 loggerfile request https://localhost:44367/api/socios/12.890.243-0C/TopVentas 
2024-12-05 12:25:50.1023 loggerfile request https://localhost:44367/api/usuarios/list?idgrupo=&idgrupo2= 
2024-12-05 12:25:53.5420 loggerfile request https://localhost:44367/api/documentos/list?doctipo=10&estado=&estadooperativo=&pendiente=-1&vendedorcode=CALL_CENTER_COLONOS&desde=2024-12-05&hasta=2024-12-05 
2024-12-05 12:26:28.0513 loggerfile request https://localhost:44367/api/socios/search?palabras=gustavo&usuario=VARANCIBIA 
2024-12-05 12:26:39.6192 loggerfile request https://localhost:44367/api/socios/search?palabras=gusta&usuario=VARANCIBIA 
2024-12-05 12:26:49.2775 loggerfile request https://localhost:44367/api/socios/search?palabras=limitada&usuario=VARANCIBIA 
2024-12-05 12:26:58.8255 loggerfile request https://localhost:44367/api/socios/search?palabras=gustav&usuario=VARANCIBIA 
2024-12-05 12:27:06.7496 loggerfile request https://localhost:44367/api/socios/search?palabras=eliec&usuario=VARANCIBIA 
2024-12-05 12:27:14.1499 loggerfile request https://localhost:44367/api/socios/search?palabras=juan&usuario=VARANCIBIA 
2024-12-05 12:27:17.0453 loggerfile request https://localhost:44367/api/socios/77.490.714-9C/ 
2024-12-05 12:27:17.1444 loggerfile request https://localhost:44367/api/socios/propiedades 
2024-12-05 12:27:17.3909 loggerfile request https://localhost:44367/api/socios/77.490.714-9C/TopFamilia 
2024-12-05 12:27:17.4788 loggerfile request https://localhost:44367/api/socios/77.490.714-9C/TopRubro 
2024-12-05 12:27:17.5861 loggerfile request https://localhost:44367/api/socios/77.490.714-9C/TopVentas 
2024-12-05 12:27:28.3265 loggerfile request https://localhost:44367/api/productos/search?palabras=lomo&solorecetas=&maestro=&bodegacode= 
2024-12-05 12:27:56.7966 loggerfile request https://localhost:44367/api/documentos 
2024-12-05 12:27:56.8649 loggerfile Input incial OPED.  Random: 17, DocEntry: 0 {
  "DocEntry": 0,
  "DocEstado": "A",
  "DocTipo": 10,
  "DocFecha": "2024-12-05T00:00:00-03:00",
  "SocioCode": "77.490.714-9C",
  "ContactoCode": 0,
  "CondicionCode": null,
  "DireccionCode": 0,
  "VendedorCode": "CALL_CENTER_COLONOS",
  "UsuarioCode": "0",
  "Neto": 110000.0,
  "Iva": 20900.0,
  "Total": 130900.0,
  "Observaciones": "",
  "EstadoOperativo": "ING",
  "FechaRegistro": "2024-12-05T12:27:56.8415282-03:00",
  "Version": "V0.0.1",
  "UsuarioNombre": "VARANCIBIA",
  "EstadoCliente": "ACTIVO",
  "RazonSocial": "DAMAJUANA GASTRONOMÍA SPA",
  "FechaEntrega": "2024-12-05T00:00:00",
  "RetiraCliente": true,
  "AutorizacionEspecial": null,
  "Costo": 71180.0,
  "Margen": 0.3529090909090909090909090909,
  "BandejaCode": null,
  "MotivoRechazo": null,
  "AutorizadoEspecial": null,
  "CondicionNombre": "TRANSFERENCIA PREVIA",
  "FechaIngresoPrep": null,
  "Completado": null,
  "BaseEntry": null,
  "BaseTipo": null,
  "clientFileDF": null,
  "CondicionDF": "TRANSFERENCIA",
  "Facturado": null,
  "Etiquetado": null,
  "Etiqueta": null,
  "Instrucciones": "",
  "VendedorNombre": "VALERIA ARANCIBIA",
  "PED1": []
} 
2024-12-05 12:27:56.8805 loggerfile Completando Lineas.  Random: 17, DocEntry: 0, ProdCode: LCCDN22015 {
  "DocEntry": 0,
  "DocLinea": 1,
  "LineaEstado": "A",
  "ProdCode": "LCCDN22015",
  "ProdNombre": "1 LC ALB V S48 LOMO LISO ARGENTINO",
  "PrecioFinal": 11000.0,
  "Descuento": 0.0,
  "CantidadPendiente": 10.0,
  "CantidadReal": 0.0,
  "BaseEntry": null,
  "BaseLinea": null,
  "UsuarioCodeConfirma": null,
  "FechaConfirma": null,
  "FamiliaCode": 148,
  "AnimalCode": 1022,
  "TipoCode": "A",
  "Medida": "KILO",
  "FormatoVtaCode": 0,
  "Margen": 0.353,
  "Costo": 7118.00,
  "LineaItem": 1,
  "Volumen": 100.0,
  "CantidadSolicitada": 10.0,
  "TotalSolicitado": 110000.0,
  "TotalReal": null,
  "PrecioUnitario": 11990.0,
  "PrecioVolumen": 11990.0,
  "FactorPrecio": 1.0,
  "MargenRegla": 0.2,
  "Disponible": 1475.84,
  "BodegaCode": "TOLEDO",
  "RefrigeraCode": 1,
  "RefrigeraNombre": "FRESCO",
  "OrigenCode": 1,
  "OrigenNombre": "ARGENTINA",
  "MarcaCode": 5,
  "MarcaNombre": "ALBERDI",
  "FrmtoVentaNombre": "ENTERO",
  "AnimalNombre": "VACUNO ",
  "FamiliaNombre": "LOMO LISO ENTERO",
  "SolicitadoAnterior": 10.0,
  "CantidadEntregada": null,
  "Completado": null,
  "BaseTipo": null,
  "DocTipo": 10,
  "EnProduccion": null,
  "OPED": null
} 
2024-12-05 12:27:56.8805 loggerfile Antes de enviar a DB. Random: 17, DocEntry: 0 {
  "DocEntry": 0,
  "DocEstado": "A",
  "DocTipo": 10,
  "DocFecha": "2024-12-05T00:00:00-03:00",
  "SocioCode": "77.490.714-9C",
  "ContactoCode": 0,
  "CondicionCode": null,
  "DireccionCode": 0,
  "VendedorCode": "CALL_CENTER_COLONOS",
  "UsuarioCode": "0",
  "Neto": 110000.0,
  "Iva": 20900.0,
  "Total": 130900.0,
  "Observaciones": "",
  "EstadoOperativo": "ING",
  "FechaRegistro": "2024-12-05T12:27:56.8415282-03:00",
  "Version": "V0.0.1",
  "UsuarioNombre": "VARANCIBIA",
  "EstadoCliente": "ACTIVO",
  "RazonSocial": "DAMAJUANA GASTRONOMÍA SPA",
  "FechaEntrega": "2024-12-05T00:00:00",
  "RetiraCliente": true,
  "AutorizacionEspecial": null,
  "Costo": 71180.0,
  "Margen": 0.3529090909090909090909090909,
  "BandejaCode": null,
  "MotivoRechazo": null,
  "AutorizadoEspecial": null,
  "CondicionNombre": "TRANSFERENCIA PREVIA",
  "FechaIngresoPrep": null,
  "Completado": null,
  "BaseEntry": null,
  "BaseTipo": null,
  "clientFileDF": null,
  "CondicionDF": "TRANSFERENCIA",
  "Facturado": null,
  "Etiquetado": null,
  "Etiqueta": null,
  "Instrucciones": "",
  "VendedorNombre": "VALERIA ARANCIBIA",
  "PED1": [
    {
      "DocEntry": 0,
      "DocLinea": 1,
      "LineaEstado": "A",
      "ProdCode": "LCCDN22015",
      "ProdNombre": "1 LC ALB V S48 LOMO LISO ARGENTINO",
      "PrecioFinal": 11000.0,
      "Descuento": 0.0,
      "CantidadPendiente": 10.0,
      "CantidadReal": 0.0,
      "BaseEntry": null,
      "BaseLinea": null,
      "UsuarioCodeConfirma": null,
      "FechaConfirma": null,
      "FamiliaCode": 148,
      "AnimalCode": 1022,
      "TipoCode": "A",
      "Medida": "KILO",
      "FormatoVtaCode": 0,
      "Margen": 0.353,
      "Costo": 7118.00,
      "LineaItem": 1,
      "Volumen": 100.0,
      "CantidadSolicitada": 10.0,
      "TotalSolicitado": 110000.0,
      "TotalReal": null,
      "PrecioUnitario": 11990.0,
      "PrecioVolumen": 11990.0,
      "FactorPrecio": 1.0,
      "MargenRegla": 0.2,
      "Disponible": 1475.84,
      "BodegaCode": "TOLEDO",
      "RefrigeraCode": 1,
      "RefrigeraNombre": "FRESCO",
      "OrigenCode": 1,
      "OrigenNombre": "ARGENTINA",
      "MarcaCode": 5,
      "MarcaNombre": "ALBERDI",
      "FrmtoVentaNombre": "ENTERO",
      "AnimalNombre": "VACUNO ",
      "FamiliaNombre": "LOMO LISO ENTERO",
      "SolicitadoAnterior": 10.0,
      "CantidadEntregada": null,
      "Completado": null,
      "BaseTipo": null,
      "DocTipo": 10,
      "EnProduccion": null,
      "OPED": null
    }
  ]
} 
2024-12-05 12:27:56.8805 loggerfile Despues de enviar a DB. Random: 17, DocEntry: 0 {
  "DocEntry": 0,
  "DocEstado": "A",
  "DocTipo": 10,
  "DocFecha": "2024-12-05T00:00:00-03:00",
  "SocioCode": "77.490.714-9C",
  "ContactoCode": 0,
  "CondicionCode": null,
  "DireccionCode": 0,
  "VendedorCode": "CALL_CENTER_COLONOS",
  "UsuarioCode": "0",
  "Neto": 110000.0,
  "Iva": 20900.0,
  "Total": 130900.0,
  "Observaciones": "",
  "EstadoOperativo": "ING",
  "FechaRegistro": "2024-12-05T12:27:56.8415282-03:00",
  "Version": "V0.0.1",
  "UsuarioNombre": "VARANCIBIA",
  "EstadoCliente": "ACTIVO",
  "RazonSocial": "DAMAJUANA GASTRONOMÍA SPA",
  "FechaEntrega": "2024-12-05T00:00:00",
  "RetiraCliente": true,
  "AutorizacionEspecial": null,
  "Costo": 71180.0,
  "Margen": 0.3529090909090909090909090909,
  "BandejaCode": null,
  "MotivoRechazo": null,
  "AutorizadoEspecial": null,
  "CondicionNombre": "TRANSFERENCIA PREVIA",
  "FechaIngresoPrep": null,
  "Completado": null,
  "BaseEntry": null,
  "BaseTipo": null,
  "clientFileDF": null,
  "CondicionDF": "TRANSFERENCIA",
  "Facturado": null,
  "Etiquetado": null,
  "Etiqueta": null,
  "Instrucciones": "",
  "VendedorNombre": "VALERIA ARANCIBIA",
  "PED1": [
    {
      "DocEntry": 0,
      "DocLinea": 1,
      "LineaEstado": "A",
      "ProdCode": "LCCDN22015",
      "ProdNombre": "1 LC ALB V S48 LOMO LISO ARGENTINO",
      "PrecioFinal": 11000.0,
      "Descuento": 0.0,
      "CantidadPendiente": 10.0,
      "CantidadReal": 0.0,
      "BaseEntry": null,
      "BaseLinea": null,
      "UsuarioCodeConfirma": null,
      "FechaConfirma": null,
      "FamiliaCode": 148,
      "AnimalCode": 1022,
      "TipoCode": "A",
      "Medida": "KILO",
      "FormatoVtaCode": 0,
      "Margen": 0.353,
      "Costo": 7118.00,
      "LineaItem": 1,
      "Volumen": 100.0,
      "CantidadSolicitada": 10.0,
      "TotalSolicitado": 110000.0,
      "TotalReal": null,
      "PrecioUnitario": 11990.0,
      "PrecioVolumen": 11990.0,
      "FactorPrecio": 1.0,
      "MargenRegla": 0.2,
      "Disponible": 1475.84,
      "BodegaCode": "TOLEDO",
      "RefrigeraCode": 1,
      "RefrigeraNombre": "FRESCO",
      "OrigenCode": 1,
      "OrigenNombre": "ARGENTINA",
      "MarcaCode": 5,
      "MarcaNombre": "ALBERDI",
      "FrmtoVentaNombre": "ENTERO",
      "AnimalNombre": "VACUNO ",
      "FamiliaNombre": "LOMO LISO ENTERO",
      "SolicitadoAnterior": 10.0,
      "CantidadEntregada": null,
      "Completado": null,
      "BaseTipo": null,
      "DocTipo": 10,
      "EnProduccion": null
    }
  ]
} 
2024-12-05 12:27:57.0552 loggerfile SaveChanges enviar a DB. Random: 17, DocEntry: 418631 {
  "DocEntry": 418631,
  "DocEstado": "A",
  "DocTipo": 10,
  "DocFecha": "2024-12-05T00:00:00-03:00",
  "SocioCode": "77.490.714-9C",
  "ContactoCode": 0,
  "CondicionCode": null,
  "DireccionCode": 0,
  "VendedorCode": "CALL_CENTER_COLONOS",
  "UsuarioCode": "0",
  "Neto": 110000.0,
  "Iva": 20900.0,
  "Total": 130900.0,
  "Observaciones": "",
  "EstadoOperativo": "ING",
  "FechaRegistro": "2024-12-05T12:27:56.8415282-03:00",
  "Version": "V0.0.1",
  "UsuarioNombre": "VARANCIBIA",
  "EstadoCliente": "ACTIVO",
  "RazonSocial": "DAMAJUANA GASTRONOMÍA SPA",
  "FechaEntrega": "2024-12-05T00:00:00",
  "RetiraCliente": true,
  "AutorizacionEspecial": null,
  "Costo": 71180.0,
  "Margen": 0.3529090909090909090909090909,
  "BandejaCode": null,
  "MotivoRechazo": null,
  "AutorizadoEspecial": null,
  "CondicionNombre": "TRANSFERENCIA PREVIA",
  "FechaIngresoPrep": null,
  "Completado": null,
  "BaseEntry": null,
  "BaseTipo": null,
  "clientFileDF": null,
  "CondicionDF": "TRANSFERENCIA",
  "Facturado": null,
  "Etiquetado": null,
  "Etiqueta": null,
  "Instrucciones": "",
  "VendedorNombre": "VALERIA ARANCIBIA",
  "PED1": [
    {
      "DocEntry": 418631,
      "DocLinea": 10755,
      "LineaEstado": "A",
      "ProdCode": "LCCDN22015",
      "ProdNombre": "1 LC ALB V S48 LOMO LISO ARGENTINO",
      "PrecioFinal": 11000.0,
      "Descuento": 0.0,
      "CantidadPendiente": 10.0,
      "CantidadReal": 0.0,
      "BaseEntry": null,
      "BaseLinea": null,
      "UsuarioCodeConfirma": null,
      "FechaConfirma": null,
      "FamiliaCode": 148,
      "AnimalCode": 1022,
      "TipoCode": "A",
      "Medida": "KILO",
      "FormatoVtaCode": 0,
      "Margen": 0.353,
      "Costo": 7118.00,
      "LineaItem": 1,
      "Volumen": 100.0,
      "CantidadSolicitada": 10.0,
      "TotalSolicitado": 110000.0,
      "TotalReal": null,
      "PrecioUnitario": 11990.0,
      "PrecioVolumen": 11990.0,
      "FactorPrecio": 1.0,
      "MargenRegla": 0.2,
      "Disponible": 1475.84,
      "BodegaCode": "TOLEDO",
      "RefrigeraCode": 1,
      "RefrigeraNombre": "FRESCO",
      "OrigenCode": 1,
      "OrigenNombre": "ARGENTINA",
      "MarcaCode": 5,
      "MarcaNombre": "ALBERDI",
      "FrmtoVentaNombre": "ENTERO",
      "AnimalNombre": "VACUNO ",
      "FamiliaNombre": "LOMO LISO ENTERO",
      "SolicitadoAnterior": 10.0,
      "CantidadEntregada": null,
      "Completado": null,
      "BaseTipo": null,
      "DocTipo": 10,
      "EnProduccion": null
    }
  ]
} 
2024-12-05 12:27:57.5902 loggerfile request https://localhost:44367/api/documentos/418631?doctipo=10 
2024-12-05 12:27:57.8274 loggerfile request https://localhost:44367/api/socios/77.490.714-9C/ 
2024-12-05 12:27:57.9377 loggerfile request https://localhost:44367/api/socios/propiedades 
2024-12-05 12:27:58.1231 loggerfile request https://localhost:44367/api/socios/77.490.714-9C/TopFamilia 
2024-12-05 12:27:58.2666 loggerfile request https://localhost:44367/api/socios/77.490.714-9C/TopRubro 
2024-12-05 12:27:58.3515 loggerfile request https://localhost:44367/api/socios/77.490.714-9C/TopVentas 
2024-12-05 12:28:14.6493 loggerfile request https://localhost:44367/api/usuarios/list?idgrupo=&idgrupo2= 
2024-12-05 12:28:20.0631 loggerfile request https://localhost:44367/api/documentos/list?doctipo=10&estado=&estadooperativo=&pendiente=-1&vendedorcode=CALL_CENTER_COLONOS&desde=2024-12-05&hasta=2024-12-05 
