2024-10-15 19:30:34.3454 loggerfile request https://localhost:44367/api/productos/bodegas 
2024-10-15 19:30:37.1780 loggerfile request https://localhost:44367/api/documentos/listpicking?bodegacode=TOLEDO&estado=A 
2024-10-15 19:30:44.6568 loggerfile request https://localhost:44367/api/usuarios/list?idgrupo=CALIDAD&idgrupo2=CAMARA 
2024-10-15 19:30:44.7144 loggerfile request https://localhost:44367/api/usuarios/list?idgrupo=OPERADOR-PROD&idgrupo2=OPERADOR-PROD 
2024-10-15 19:30:44.7388 loggerfile request https://localhost:44367/api/documentos/list?bodegacode=TOLEDO&doctipo=10&estado=A&estadooperativo=PREP&vendedorcode=&fechaini=&fechafin= 
2024-10-15 19:30:44.9486 loggerfile request https://localhost:44367/api/documentos/list?bodegacode=TOLEDO&doctipo=16&estado=A&estadooperativo=&vendedorcode=&fechaini=&fechafin= 
2024-10-15 19:30:52.6079 loggerfile request https://localhost:44367/api/documentos/listpicking?bodegacode=TOLEDO&estado=A 
2024-10-15 19:33:49.3419 loggerfile request https://localhost:44367/api/usuarios/list?idgrupo=CALIDAD&idgrupo2=CAMARA 
2024-10-15 19:33:49.3586 loggerfile request https://localhost:44367/api/usuarios/list?idgrupo=OPERADOR-PROD&idgrupo2=OPERADOR-PROD 
2024-10-15 19:33:49.3751 loggerfile request https://localhost:44367/api/documentos/list?bodegacode=TOLEDO&doctipo=10&estado=A&estadooperativo=PREP&vendedorcode=&fechaini=&fechafin= 
2024-10-15 19:33:49.5186 loggerfile request https://localhost:44367/api/documentos/list?bodegacode=TOLEDO&doctipo=16&estado=A&estadooperativo=&vendedorcode=&fechaini=&fechafin= 
2024-10-15 19:33:57.8653 loggerfile request https://localhost:44367/api/usuarios/list?idgrupo=CALIDAD&idgrupo2=OPERADOR-PROD 
2024-10-15 19:33:57.8872 loggerfile request https://localhost:44367/api/documentos/list?bodegacode=PRODUCCION&doctipo=3010&estado=A&estadooperativo=&vendedorcode=&fechaini=&fechafin= 
2024-10-15 19:34:08.0422 loggerfile request https://localhost:44367/api/documentos/listpicking?bodegacode=PRODUCCION&estado=A 
2024-10-15 19:42:10.9345 loggerfile request https://localhost:44367/api/usuarios/list?idgrupo=CALIDAD&idgrupo2=CAMARA 
2024-10-15 19:42:10.9930 loggerfile request https://localhost:44367/api/usuarios/list?idgrupo=OPERADOR-PROD&idgrupo2=OPERADOR-PROD 
2024-10-15 19:42:11.0106 loggerfile request https://localhost:44367/api/documentos/list?bodegacode=TOLEDO&doctipo=10&estado=A&estadooperativo=PREP&vendedorcode=&fechaini=&fechafin= 
2024-10-15 19:42:11.1580 loggerfile request https://localhost:44367/api/documentos/list?bodegacode=TOLEDO&doctipo=16&estado=A&estadooperativo=&vendedorcode=&fechaini=&fechafin= 
2024-10-15 19:42:13.4657 loggerfile request https://localhost:44367/api/documentos/411115?doctipo=10 
2024-10-15 19:42:37.6325 loggerfile request https://localhost:44367/api/documentos/411207?doctipo=10 
2024-10-15 19:46:16.6931 loggerfile request https://localhost:44367/api/usuarios/list?idgrupo=CALIDAD&idgrupo2=CAMARA 
2024-10-15 19:46:16.7166 loggerfile request https://localhost:44367/api/usuarios/list?idgrupo=OPERADOR-PROD&idgrupo2=OPERADOR-PROD 
2024-10-15 19:46:16.9518 loggerfile request https://localhost:44367/api/documentos/list?bodegacode=TOLEDO&doctipo=10&estado=A&estadooperativo=PREP&vendedorcode=&fechaini=&fechafin= 
2024-10-15 19:46:17.3804 loggerfile request https://localhost:44367/api/documentos/list?bodegacode=TOLEDO&doctipo=16&estado=A&estadooperativo=&vendedorcode=&fechaini=&fechafin= 
2024-10-15 19:46:34.7836 loggerfile request https://localhost:44367/api/documentos/411115?doctipo=10 
2024-10-15 19:47:01.3017 loggerfile request https://localhost:44367/api/usuarios/list?idgrupo=CALIDAD&idgrupo2=CAMARA 
2024-10-15 19:47:01.3203 loggerfile request https://localhost:44367/api/usuarios/list?idgrupo=OPERADOR-PROD&idgrupo2=OPERADOR-PROD 
2024-10-15 19:47:01.3344 loggerfile request https://localhost:44367/api/documentos/list?bodegacode=TOLEDO&doctipo=10&estado=A&estadooperativo=PREP&vendedorcode=&fechaini=&fechafin= 
2024-10-15 19:47:01.4808 loggerfile request https://localhost:44367/api/documentos/list?bodegacode=TOLEDO&doctipo=16&estado=A&estadooperativo=&vendedorcode=&fechaini=&fechafin= 
2024-10-15 19:47:05.7833 loggerfile request https://localhost:44367/api/usuarios/list?idgrupo=CALIDAD&idgrupo2=CAMARA 
2024-10-15 19:47:05.8077 loggerfile request https://localhost:44367/api/usuarios/list?idgrupo=OPERADOR-PROD&idgrupo2=OPERADOR-PROD 
2024-10-15 19:47:05.8272 loggerfile request https://localhost:44367/api/documentos/list?bodegacode=TOLEDO&doctipo=10&estado=A&estadooperativo=PREP&vendedorcode=&fechaini=&fechafin= 
2024-10-15 19:47:05.9831 loggerfile request https://localhost:44367/api/documentos/list?bodegacode=TOLEDO&doctipo=16&estado=A&estadooperativo=&vendedorcode=&fechaini=&fechafin= 
2024-10-15 19:47:09.2297 loggerfile request https://localhost:44367/api/documentos/411177?doctipo=10 
2024-10-15 19:47:21.3795 loggerfile request https://localhost:44367/api/documentos/411169?doctipo=10 
2024-10-15 20:01:52.6436 loggerfile request https://localhost:44367/api/usuarios/list?idgrupo=CALIDAD&idgrupo2=CAMARA 
2024-10-15 20:01:54.3293 loggerfile request https://localhost:44367/api/usuarios/list?idgrupo=OPERADOR-PROD&idgrupo2=OPERADOR-PROD 
2024-10-15 20:01:54.3913 loggerfile request https://localhost:44367/api/documentos/list?bodegacode=TOLEDO&doctipo=10&estado=A&estadooperativo=PREP&vendedorcode=&fechaini=&fechafin= 
2024-10-15 20:01:54.6997 loggerfile request https://localhost:44367/api/documentos/list?bodegacode=TOLEDO&doctipo=16&estado=A&estadooperativo=&vendedorcode=&fechaini=&fechafin= 
2024-10-15 20:01:57.3276 loggerfile request https://localhost:44367/api/documentos/411115?doctipo=10 
2024-10-15 20:02:31.5890 loggerfile request https://localhost:44367/api/usuarios/list?idgrupo=CALIDAD&idgrupo2=CAMARA 
2024-10-15 20:02:31.6046 loggerfile request https://localhost:44367/api/usuarios/list?idgrupo=OPERADOR-PROD&idgrupo2=OPERADOR-PROD 
2024-10-15 20:02:31.6222 loggerfile request https://localhost:44367/api/documentos/list?bodegacode=TOLEDO&doctipo=10&estado=A&estadooperativo=PREP&vendedorcode=&fechaini=&fechafin= 
2024-10-15 20:02:31.7918 loggerfile request https://localhost:44367/api/documentos/list?bodegacode=TOLEDO&doctipo=16&estado=A&estadooperativo=&vendedorcode=&fechaini=&fechafin= 
2024-10-15 20:02:43.0512 loggerfile request https://localhost:44367/api/documentos/411115?doctipo=10 
2024-10-15 20:05:04.0215 loggerfile request https://localhost:44367/api/usuarios/list?idgrupo=CALIDAD&idgrupo2=CAMARA 
2024-10-15 20:05:04.0566 loggerfile request https://localhost:44367/api/usuarios/list?idgrupo=OPERADOR-PROD&idgrupo2=OPERADOR-PROD 
2024-10-15 20:05:04.0820 loggerfile request https://localhost:44367/api/documentos/list?bodegacode=TOLEDO&doctipo=10&estado=A&estadooperativo=PREP&vendedorcode=&fechaini=&fechafin= 
2024-10-15 20:05:04.2157 loggerfile request https://localhost:44367/api/documentos/list?bodegacode=TOLEDO&doctipo=16&estado=A&estadooperativo=&vendedorcode=&fechaini=&fechafin= 
2024-10-15 20:05:06.3433 loggerfile request https://localhost:44367/api/documentos/411115?doctipo=10 
2024-10-15 20:05:36.1745 loggerfile request https://localhost:44367/api/documentos/411209?doctipo=10 
2024-10-15 20:05:41.6175 loggerfile request https://localhost:44367/api/documentos/list?bodegacode=TOLEDO&doctipo=10&estado=A&estadooperativo=PREP&vendedorcode=&fechaini=&fechafin= 
2024-10-15 20:05:41.7483 loggerfile request https://localhost:44367/api/documentos/list?bodegacode=TOLEDO&doctipo=16&estado=A&estadooperativo=&vendedorcode=&fechaini=&fechafin= 
2024-10-15 20:05:42.9300 loggerfile request https://localhost:44367/api/documentos/410959?doctipo=10 
2024-10-15 20:05:49.1958 loggerfile request https://localhost:44367/api/documentos/411017?doctipo=10 
2024-10-15 20:06:24.3696 loggerfile request https://localhost:44367/api/documentos/411049?doctipo=10 
2024-10-15 20:06:29.2478 loggerfile request https://localhost:44367/api/documentos/411057?doctipo=10 
2024-10-15 20:52:20.6781 loggerfile request https://localhost:44367/api/usuarios/list?idgrupo=CALIDAD&idgrupo2=CAMARA 
2024-10-15 20:52:22.8955 loggerfile request https://localhost:44367/api/usuarios/list?idgrupo=OPERADOR-PROD&idgrupo2=OPERADOR-PROD 
2024-10-15 20:52:22.9887 loggerfile request https://localhost:44367/api/documentos/list?bodegacode=TOLEDO&doctipo=10&estado=A&estadooperativo=PREP&vendedorcode=&fechaini=&fechafin= 
2024-10-15 20:52:23.4597 loggerfile request https://localhost:44367/api/documentos/list?bodegacode=TOLEDO&doctipo=16&estado=A&estadooperativo=&vendedorcode=&fechaini=&fechafin= 
2024-10-15 20:52:28.6958 loggerfile request https://localhost:44367/api/documentos/411004?doctipo=10 
2024-10-15 21:09:48.2372 loggerfile request https://localhost:44367/api/usuarios/list?idgrupo=CALIDAD&idgrupo2=CAMARA 
2024-10-15 21:09:49.0908 loggerfile request https://localhost:44367/api/usuarios/list?idgrupo=OPERADOR-PROD&idgrupo2=OPERADOR-PROD 
2024-10-15 21:09:49.1278 loggerfile request https://localhost:44367/api/documentos/list?bodegacode=TOLEDO&doctipo=10&estado=A&estadooperativo=PREP&vendedorcode=&fechaini=&fechafin= 
2024-10-15 21:09:49.3640 loggerfile request https://localhost:44367/api/documentos/list?bodegacode=TOLEDO&doctipo=16&estado=A&estadooperativo=&vendedorcode=&fechaini=&fechafin= 
2024-10-15 21:09:52.9971 loggerfile request https://localhost:44367/api/documentos/411004?doctipo=10 
2024-10-15 21:10:00.9946 loggerfile request https://localhost:44367/api/documentos/411009?doctipo=10 
2024-10-15 21:10:05.5876 loggerfile request https://localhost:44367/api/documentos/list?bodegacode=TOLEDO&doctipo=10&estado=A&estadooperativo=PREP&vendedorcode=&fechaini=&fechafin= 
2024-10-15 21:10:05.6834 loggerfile request https://localhost:44367/api/documentos/list?bodegacode=TOLEDO&doctipo=16&estado=A&estadooperativo=&vendedorcode=&fechaini=&fechafin= 
2024-10-15 21:10:08.3098 loggerfile request https://localhost:44367/api/documentos/411003?doctipo=10 
2024-10-15 21:10:53.7331 loggerfile request https://localhost:44367/api/documentos/411003?doctipo=10 
2024-10-15 21:11:06.1248 loggerfile request https://localhost:44367/api/documentos/411003?doctipo=10 
2024-10-15 21:11:06.3579 loggerfile request https://localhost:44367/api/parametros 
2024-10-15 21:11:19.1052 loggerfile request https://localhost:44367/api/documentos/411003?doctipo=10 
2024-10-15 21:11:27.3019 loggerfile request https://localhost:44367/api/documentos/411003?doctipo=10 
2024-10-15 21:11:28.5155 loggerfile request https://localhost:44367/api/parametros 
2024-10-15 21:13:16.9244 loggerfile request https://localhost:44367/api/documentos/411003?doctipo=10 
2024-10-15 21:13:17.1813 loggerfile request https://localhost:44367/api/parametros 
2024-10-15 21:15:38.8929 loggerfile request https://localhost:44367/api/usuarios/list?idgrupo=CALIDAD&idgrupo2=CAMARA 
2024-10-15 21:15:38.9144 loggerfile request https://localhost:44367/api/usuarios/list?idgrupo=OPERADOR-PROD&idgrupo2=OPERADOR-PROD 
2024-10-15 21:15:38.9290 loggerfile request https://localhost:44367/api/documentos/list?bodegacode=TOLEDO&doctipo=10&estado=A&estadooperativo=PREP&vendedorcode=&fechaini=&fechafin= 
2024-10-15 21:15:39.0344 loggerfile request https://localhost:44367/api/documentos/list?bodegacode=TOLEDO&doctipo=16&estado=A&estadooperativo=&vendedorcode=&fechaini=&fechafin= 
2024-10-15 21:15:51.1274 loggerfile request https://localhost:44367/api/documentos/list?bodegacode=TOLEDO&doctipo=10&estado=A&estadooperativo=PREP&vendedorcode=&fechaini=&fechafin= 
2024-10-15 21:15:51.2182 loggerfile request https://localhost:44367/api/documentos/list?bodegacode=TOLEDO&doctipo=16&estado=A&estadooperativo=&vendedorcode=&fechaini=&fechafin= 
2024-10-15 21:15:52.3225 loggerfile request https://localhost:44367/api/documentos/411003?doctipo=10 
2024-10-15 21:15:55.6688 loggerfile request https://localhost:44367/api/documentos/411003?doctipo=10 
2024-10-15 21:15:55.9460 loggerfile request https://localhost:44367/api/parametros 
2024-10-15 21:17:07.3886 loggerfile request https://localhost:44367/api/documentos/411000?doctipo=10 
2024-10-15 21:17:13.6558 loggerfile request https://localhost:44367/api/documentos/411000?doctipo=10 
2024-10-15 21:17:13.9854 loggerfile request https://localhost:44367/api/parametros 
2024-10-15 21:18:45.4614 loggerfile request https://localhost:44367/api/documentos/411003?doctipo=10 
2024-10-15 21:18:48.0092 loggerfile request https://localhost:44367/api/documentos/411003?doctipo=10 
2024-10-15 21:18:48.2522 loggerfile request https://localhost:44367/api/parametros 
2024-10-15 21:18:52.6167 loggerfile request https://localhost:44367/api/documentos/411000?doctipo=10 
2024-10-15 21:18:56.6403 loggerfile request https://localhost:44367/api/documentos/410994?doctipo=10 
2024-10-15 21:19:00.2944 loggerfile request https://localhost:44367/api/documentos/410981?doctipo=10 
2024-10-15 21:19:03.6421 loggerfile request https://localhost:44367/api/documentos/410981?doctipo=10 
2024-10-15 21:19:08.0048 loggerfile request https://localhost:44367/api/documentos/411003?doctipo=10 
2024-10-15 21:19:45.9887 loggerfile request https://localhost:44367/api/documentos/411003?doctipo=10 
2024-10-15 21:19:48.5388 loggerfile request https://localhost:44367/api/documentos/411003?doctipo=10 
2024-10-15 21:19:48.7571 loggerfile request https://localhost:44367/api/parametros 
2024-10-15 21:24:36.1547 loggerfile request https://localhost:44367/api/documentos/411003?doctipo=10 
2024-10-15 21:24:38.8861 loggerfile request https://localhost:44367/api/documentos/411003?doctipo=10 
2024-10-15 21:24:39.1097 loggerfile request https://localhost:44367/api/parametros 
2024-10-15 21:24:48.9774 loggerfile request https://localhost:44367/api/documentos/411003?doctipo=10 
2024-10-15 21:24:49.9144 loggerfile request https://localhost:44367/api/parametros 
2024-10-15 21:25:36.6188 loggerfile request https://localhost:44367/api/documentos/411003?doctipo=10 
2024-10-15 21:25:36.8355 loggerfile request https://localhost:44367/api/parametros 
2024-10-15 21:36:29.6161 loggerfile request https://localhost:44367/api/productos/bodegas 
2024-10-15 21:36:30.7453 loggerfile request https://localhost:44367/api/documentos/listpicking?bodegacode=TOLEDO&estado=A 
2024-10-15 21:36:39.7158 loggerfile request https://localhost:44367/api/usuarios/list?idgrupo=CALIDAD&idgrupo2=CAMARA 
2024-10-15 21:36:39.7354 loggerfile request https://localhost:44367/api/usuarios/list?idgrupo=OPERADOR-PROD&idgrupo2=OPERADOR-PROD 
2024-10-15 21:36:39.7559 loggerfile request https://localhost:44367/api/documentos/list?bodegacode=TOLEDO&doctipo=10&estado=A&estadooperativo=PREP&vendedorcode=&fechaini=&fechafin= 
2024-10-15 21:36:39.8532 loggerfile request https://localhost:44367/api/documentos/list?bodegacode=TOLEDO&doctipo=16&estado=A&estadooperativo=&vendedorcode=&fechaini=&fechafin= 
2024-10-15 21:36:42.4316 loggerfile request https://localhost:44367/api/documentos/list?bodegacode=TOLEDO&doctipo=10&estado=A&estadooperativo=PREP&vendedorcode=&fechaini=&fechafin= 
2024-10-15 21:36:42.5307 loggerfile request https://localhost:44367/api/documentos/list?bodegacode=TOLEDO&doctipo=16&estado=A&estadooperativo=&vendedorcode=&fechaini=&fechafin= 
2024-10-15 21:36:43.9520 loggerfile request https://localhost:44367/api/documentos/411003?doctipo=10 
2024-10-15 21:36:46.0088 loggerfile request https://localhost:44367/api/documentos/411003?doctipo=10 
2024-10-15 21:36:46.2402 loggerfile request https://localhost:44367/api/parametros 
2024-10-15 21:37:22.6612 loggerfile request https://localhost:44367/api/documentos/411003?doctipo=10 
2024-10-15 21:37:23.0594 loggerfile request https://localhost:44367/api/parametros 
2024-10-15 21:41:00.2661 loggerfile request https://localhost:44367/api/usuarios/list?idgrupo=CALIDAD&idgrupo2=CAMARA 
2024-10-15 21:41:00.2858 loggerfile request https://localhost:44367/api/usuarios/list?idgrupo=OPERADOR-PROD&idgrupo2=OPERADOR-PROD 
2024-10-15 21:41:00.3063 loggerfile request https://localhost:44367/api/documentos/list?bodegacode=TOLEDO&doctipo=10&estado=A&estadooperativo=PREP&vendedorcode=&fechaini=&fechafin= 
2024-10-15 21:41:00.4094 loggerfile request https://localhost:44367/api/documentos/list?bodegacode=TOLEDO&doctipo=16&estado=A&estadooperativo=&vendedorcode=&fechaini=&fechafin= 
2024-10-15 21:41:02.9782 loggerfile request https://localhost:44367/api/documentos/list?bodegacode=TOLEDO&doctipo=10&estado=A&estadooperativo=PREP&vendedorcode=&fechaini=&fechafin= 
2024-10-15 21:41:03.1261 loggerfile request https://localhost:44367/api/documentos/list?bodegacode=TOLEDO&doctipo=16&estado=A&estadooperativo=&vendedorcode=&fechaini=&fechafin= 
2024-10-15 21:41:04.2242 loggerfile request https://localhost:44367/api/documentos/411003?doctipo=10 
2024-10-15 21:41:06.1950 loggerfile request https://localhost:44367/api/documentos/411003?doctipo=10 
2024-10-15 21:41:06.4408 loggerfile request https://localhost:44367/api/parametros 
2024-10-15 21:48:53.3327 loggerfile request https://localhost:44367/api/usuarios/list?idgrupo=CALIDAD&idgrupo2=CAMARA 
2024-10-15 21:48:53.3826 loggerfile request https://localhost:44367/api/usuarios/list?idgrupo=OPERADOR-PROD&idgrupo2=OPERADOR-PROD 
2024-10-15 21:48:53.3982 loggerfile request https://localhost:44367/api/documentos/list?bodegacode=TOLEDO&doctipo=10&estado=A&estadooperativo=PREP&vendedorcode=&fechaini=&fechafin= 
2024-10-15 21:48:53.5007 loggerfile request https://localhost:44367/api/documentos/list?bodegacode=TOLEDO&doctipo=16&estado=A&estadooperativo=&vendedorcode=&fechaini=&fechafin= 
2024-10-15 21:48:57.5468 loggerfile request https://localhost:44367/api/documentos/list?bodegacode=TOLEDO&doctipo=10&estado=A&estadooperativo=PREP&vendedorcode=&fechaini=&fechafin= 
2024-10-15 21:48:57.6405 loggerfile request https://localhost:44367/api/documentos/list?bodegacode=TOLEDO&doctipo=16&estado=A&estadooperativo=&vendedorcode=&fechaini=&fechafin= 
2024-10-15 21:48:58.6570 loggerfile request https://localhost:44367/api/documentos/411003?doctipo=10 
2024-10-15 21:49:03.5042 loggerfile request https://localhost:44367/api/documentos/411003?doctipo=10 
2024-10-15 21:49:03.7277 loggerfile request https://localhost:44367/api/parametros 
2024-10-15 21:50:51.4920 loggerfile request https://localhost:44367/api/usuarios/list?idgrupo=CALIDAD&idgrupo2=CAMARA 
2024-10-15 21:50:51.5135 loggerfile request https://localhost:44367/api/usuarios/list?idgrupo=OPERADOR-PROD&idgrupo2=OPERADOR-PROD 
2024-10-15 21:50:51.5311 loggerfile request https://localhost:44367/api/documentos/list?bodegacode=TOLEDO&doctipo=10&estado=A&estadooperativo=PREP&vendedorcode=&fechaini=&fechafin= 
2024-10-15 21:50:51.6295 loggerfile request https://localhost:44367/api/documentos/list?bodegacode=TOLEDO&doctipo=16&estado=A&estadooperativo=&vendedorcode=&fechaini=&fechafin= 
2024-10-15 21:50:55.0133 loggerfile request https://localhost:44367/api/documentos/list?bodegacode=TOLEDO&doctipo=10&estado=A&estadooperativo=PREP&vendedorcode=&fechaini=&fechafin= 
2024-10-15 21:50:55.1125 loggerfile request https://localhost:44367/api/documentos/list?bodegacode=TOLEDO&doctipo=16&estado=A&estadooperativo=&vendedorcode=&fechaini=&fechafin= 
2024-10-15 21:50:56.2287 loggerfile request https://localhost:44367/api/documentos/411003?doctipo=10 
2024-10-15 21:50:57.9286 loggerfile request https://localhost:44367/api/documentos/411003?doctipo=10 
2024-10-15 21:50:58.1527 loggerfile request https://localhost:44367/api/parametros 
2024-10-15 21:51:22.3508 loggerfile request https://localhost:44367/api/documentos/411003?doctipo=10 
2024-10-15 21:51:24.3990 loggerfile request https://localhost:44367/api/documentos/411003?doctipo=10 
2024-10-15 21:51:24.6166 loggerfile request https://localhost:44367/api/parametros 
2024-10-15 21:53:07.9524 loggerfile request https://localhost:44367/api/usuarios/list?idgrupo=CALIDAD&idgrupo2=CAMARA 
2024-10-15 21:53:07.9739 loggerfile request https://localhost:44367/api/usuarios/list?idgrupo=OPERADOR-PROD&idgrupo2=OPERADOR-PROD 
2024-10-15 21:53:07.9934 loggerfile request https://localhost:44367/api/documentos/list?bodegacode=TOLEDO&doctipo=10&estado=A&estadooperativo=PREP&vendedorcode=&fechaini=&fechafin= 
2024-10-15 21:53:08.0930 loggerfile request https://localhost:44367/api/documentos/list?bodegacode=TOLEDO&doctipo=16&estado=A&estadooperativo=&vendedorcode=&fechaini=&fechafin= 
2024-10-15 21:53:15.5254 loggerfile request https://localhost:44367/api/documentos/list?bodegacode=TOLEDO&doctipo=10&estado=A&estadooperativo=PREP&vendedorcode=&fechaini=&fechafin= 
2024-10-15 21:53:15.6337 loggerfile request https://localhost:44367/api/documentos/list?bodegacode=TOLEDO&doctipo=16&estado=A&estadooperativo=&vendedorcode=&fechaini=&fechafin= 
2024-10-15 21:53:19.2168 loggerfile request https://localhost:44367/api/documentos/411003?doctipo=10 
2024-10-15 21:53:22.6212 loggerfile request https://localhost:44367/api/documentos/411003?doctipo=10 
2024-10-15 21:53:22.8545 loggerfile request https://localhost:44367/api/parametros 
2024-10-15 21:53:32.8500 loggerfile request https://localhost:44367/api/documentos/411003?doctipo=10 
2024-10-15 21:53:35.4442 loggerfile request https://localhost:44367/api/documentos/411003?doctipo=10 
2024-10-15 21:53:35.6693 loggerfile request https://localhost:44367/api/parametros 
2024-10-15 21:55:40.4235 loggerfile request https://localhost:44367/api/usuarios/list?idgrupo=CALIDAD&idgrupo2=CAMARA 
2024-10-15 21:55:42.8345 loggerfile request https://localhost:44367/api/usuarios/list?idgrupo=OPERADOR-PROD&idgrupo2=OPERADOR-PROD 
2024-10-15 21:55:42.8945 loggerfile request https://localhost:44367/api/documentos/list?bodegacode=TOLEDO&doctipo=10&estado=A&estadooperativo=PREP&vendedorcode=&fechaini=&fechafin= 
2024-10-15 21:55:43.1835 loggerfile request https://localhost:44367/api/documentos/list?bodegacode=TOLEDO&doctipo=16&estado=A&estadooperativo=&vendedorcode=&fechaini=&fechafin= 
2024-10-15 21:55:49.6810 loggerfile request https://localhost:44367/api/documentos/list?bodegacode=TOLEDO&doctipo=10&estado=A&estadooperativo=PREP&vendedorcode=&fechaini=&fechafin= 
2024-10-15 21:55:49.8047 loggerfile request https://localhost:44367/api/documentos/list?bodegacode=TOLEDO&doctipo=16&estado=A&estadooperativo=&vendedorcode=&fechaini=&fechafin= 
2024-10-15 21:55:51.1163 loggerfile request https://localhost:44367/api/documentos/411003?doctipo=10 
2024-10-15 21:55:53.5761 loggerfile request https://localhost:44367/api/documentos/411003?doctipo=10 
2024-10-15 21:55:53.8533 loggerfile request https://localhost:44367/api/parametros 
2024-10-15 21:56:24.3719 loggerfile request https://localhost:44367/api/documentos/411003?doctipo=10 
2024-10-15 21:56:25.8827 loggerfile request https://localhost:44367/api/parametros 
2024-10-15 21:57:52.2966 loggerfile request https://localhost:44367/api/documentos/411003?doctipo=10 
2024-10-15 21:57:53.5021 loggerfile request https://localhost:44367/api/parametros 
2024-10-15 22:00:48.0014 loggerfile request https://localhost:44367/api/documentos 
2024-10-15 22:01:07.7005 loggerfile request https://localhost:44367/api/documentos/list?bodegacode=TOLEDO&doctipo=10&estado=A&estadooperativo=PREP&vendedorcode=&fechaini=&fechafin= 
2024-10-15 22:01:07.8730 loggerfile request https://localhost:44367/api/documentos/list?bodegacode=TOLEDO&doctipo=16&estado=A&estadooperativo=&vendedorcode=&fechaini=&fechafin= 
2024-10-15 22:02:57.0193 loggerfile request https://localhost:44367/api/documentos/411000?doctipo=10 
2024-10-15 22:03:03.4335 loggerfile request https://localhost:44367/api/documentos/411003?doctipo=10 
2024-10-15 22:03:06.0793 loggerfile request https://localhost:44367/api/documentos/411003?doctipo=10 
2024-10-15 22:03:06.3239 loggerfile request https://localhost:44367/api/parametros 
2024-10-15 22:03:19.9934 loggerfile request https://localhost:44367/api/documentos/411003?doctipo=10 
2024-10-15 22:03:20.2222 loggerfile request https://localhost:44367/api/parametros 
2024-10-15 22:03:23.9751 loggerfile request https://localhost:44367/api/documentos 
2024-10-15 22:03:24.2065 loggerfile request https://localhost:44367/api/documentos/list?bodegacode=TOLEDO&doctipo=10&estado=A&estadooperativo=PREP&vendedorcode=&fechaini=&fechafin= 
2024-10-15 22:03:24.3412 loggerfile request https://localhost:44367/api/documentos/list?bodegacode=TOLEDO&doctipo=16&estado=A&estadooperativo=&vendedorcode=&fechaini=&fechafin= 
2024-10-15 22:03:35.0511 loggerfile request https://localhost:44367/api/usuarios/list?idgrupo=CALIDAD&idgrupo2=OPERADOR-PROD 
2024-10-15 22:03:35.0755 loggerfile request https://localhost:44367/api/documentos/list?bodegacode=PRODUCCION&doctipo=3010&estado=A&estadooperativo=&vendedorcode=&fechaini=&fechafin= 
2024-10-15 22:03:45.8068 loggerfile request https://localhost:44367/api/documentos/20283?doctipo=3010 
2024-10-15 22:11:16.6659 loggerfile request https://localhost:44367/api/usuarios/list?idgrupo=CALIDAD&idgrupo2=CAMARA 
2024-10-15 22:11:17.8072 loggerfile request https://localhost:44367/api/usuarios/list?idgrupo=OPERADOR-PROD&idgrupo2=OPERADOR-PROD 
2024-10-15 22:11:17.8898 loggerfile request https://localhost:44367/api/documentos/list?bodegacode=TOLEDO&doctipo=10&estado=A&estadooperativo=PREP&vendedorcode=&fechaini=&fechafin= 
2024-10-15 22:11:18.1362 loggerfile request https://localhost:44367/api/documentos/list?bodegacode=TOLEDO&doctipo=16&estado=A&estadooperativo=&vendedorcode=&fechaini=&fechafin= 
2024-10-15 22:11:22.1037 loggerfile request https://localhost:44367/api/documentos/list?bodegacode=TOLEDO&doctipo=10&estado=A&estadooperativo=PREP&vendedorcode=&fechaini=&fechafin= 
2024-10-15 22:11:22.2140 loggerfile request https://localhost:44367/api/documentos/list?bodegacode=TOLEDO&doctipo=16&estado=A&estadooperativo=&vendedorcode=&fechaini=&fechafin= 
2024-10-15 22:11:23.5634 loggerfile request https://localhost:44367/api/documentos/411003?doctipo=10 
2024-10-15 22:11:25.6356 loggerfile request https://localhost:44367/api/documentos/411003?doctipo=10 
2024-10-15 22:11:26.0857 loggerfile request https://localhost:44367/api/parametros 
2024-10-15 22:11:36.7071 loggerfile request https://localhost:44367/api/documentos/411003?doctipo=10 
2024-10-15 22:11:36.9563 loggerfile request https://localhost:44367/api/parametros 
2024-10-15 22:11:41.6428 loggerfile request https://localhost:44367/api/documentos 
2024-10-15 22:11:41.9483 loggerfile mensaje: Pedido de venta ya tiene una solicitud de producción generada. Data:    en Colonos.Manager.ManagerProduccion.Add(Documento doc) 
2024-10-15 22:12:31.7446 loggerfile request https://localhost:44367/api/usuarios/list?idgrupo=CALIDAD&idgrupo2=CAMARA 
2024-10-15 22:12:31.7647 loggerfile request https://localhost:44367/api/usuarios/list?idgrupo=OPERADOR-PROD&idgrupo2=OPERADOR-PROD 
2024-10-15 22:12:31.7813 loggerfile request https://localhost:44367/api/documentos/list?bodegacode=TOLEDO&doctipo=10&estado=A&estadooperativo=PREP&vendedorcode=&fechaini=&fechafin= 
2024-10-15 22:12:31.8813 loggerfile request https://localhost:44367/api/documentos/list?bodegacode=TOLEDO&doctipo=16&estado=A&estadooperativo=&vendedorcode=&fechaini=&fechafin= 
2024-10-15 22:12:35.1732 loggerfile request https://localhost:44367/api/documentos/list?bodegacode=TOLEDO&doctipo=10&estado=A&estadooperativo=PREP&vendedorcode=&fechaini=&fechafin= 
2024-10-15 22:12:35.2809 loggerfile request https://localhost:44367/api/documentos/list?bodegacode=TOLEDO&doctipo=16&estado=A&estadooperativo=&vendedorcode=&fechaini=&fechafin= 
2024-10-15 22:12:36.7430 loggerfile request https://localhost:44367/api/documentos/411003?doctipo=10 
2024-10-15 22:12:38.7650 loggerfile request https://localhost:44367/api/documentos/411003?doctipo=10 
2024-10-15 22:12:38.9907 loggerfile request https://localhost:44367/api/parametros 
2024-10-15 22:14:52.9728 loggerfile request https://localhost:44367/api/documentos/411003?doctipo=10 
2024-10-15 22:14:53.3289 loggerfile request https://localhost:44367/api/parametros 
2024-10-15 22:14:54.6265 loggerfile request https://localhost:44367/api/documentos 
2024-10-15 22:14:54.7422 loggerfile mensaje: Pedido de venta ya tiene una solicitud de producción generada. Data:    en Colonos.Manager.ManagerProduccion.Add(Documento doc) 
2024-10-15 22:15:02.6389 loggerfile request https://localhost:44367/api/usuarios/list?idgrupo=CALIDAD&idgrupo2=CAMARA 
2024-10-15 22:15:02.6574 loggerfile request https://localhost:44367/api/usuarios/list?idgrupo=OPERADOR-PROD&idgrupo2=OPERADOR-PROD 
2024-10-15 22:15:02.6750 loggerfile request https://localhost:44367/api/documentos/list?bodegacode=TOLEDO&doctipo=10&estado=A&estadooperativo=PREP&vendedorcode=&fechaini=&fechafin= 
2024-10-15 22:15:02.7931 loggerfile request https://localhost:44367/api/documentos/list?bodegacode=TOLEDO&doctipo=16&estado=A&estadooperativo=&vendedorcode=&fechaini=&fechafin= 
2024-10-15 22:15:06.8985 loggerfile request https://localhost:44367/api/usuarios/list?idgrupo=CALIDAD&idgrupo2=CAMARA 
2024-10-15 22:15:06.9245 loggerfile request https://localhost:44367/api/usuarios/list?idgrupo=OPERADOR-PROD&idgrupo2=OPERADOR-PROD 
2024-10-15 22:15:06.9558 loggerfile request https://localhost:44367/api/documentos/list?bodegacode=TOLEDO&doctipo=10&estado=A&estadooperativo=PREP&vendedorcode=&fechaini=&fechafin= 
2024-10-15 22:15:07.0805 loggerfile request https://localhost:44367/api/documentos/list?bodegacode=TOLEDO&doctipo=16&estado=A&estadooperativo=&vendedorcode=&fechaini=&fechafin= 
2024-10-15 22:15:10.8832 loggerfile request https://localhost:44367/api/documentos/list?bodegacode=TOLEDO&doctipo=10&estado=A&estadooperativo=PREP&vendedorcode=&fechaini=&fechafin= 
2024-10-15 22:15:10.9968 loggerfile request https://localhost:44367/api/documentos/list?bodegacode=TOLEDO&doctipo=16&estado=A&estadooperativo=&vendedorcode=&fechaini=&fechafin= 
2024-10-15 22:15:13.1402 loggerfile request https://localhost:44367/api/documentos/411003?doctipo=10 
2024-10-15 22:15:15.1941 loggerfile request https://localhost:44367/api/documentos/411003?doctipo=10 
2024-10-15 22:15:15.4957 loggerfile request https://localhost:44367/api/parametros 
2024-10-15 22:15:26.1896 loggerfile request https://localhost:44367/api/documentos/411003?doctipo=10 
2024-10-15 22:15:26.4591 loggerfile request https://localhost:44367/api/parametros 
2024-10-15 22:15:29.9696 loggerfile request https://localhost:44367/api/documentos 
2024-10-15 22:15:30.1068 loggerfile mensaje: Pedido de venta ya tiene una solicitud de producción generada. Data:    en Colonos.Manager.ManagerProduccion.Add(Documento doc) 
2024-10-15 22:17:00.2336 loggerfile request https://localhost:44367/api/usuarios/list?idgrupo=CALIDAD&idgrupo2=CAMARA 
2024-10-15 22:17:00.2565 loggerfile request https://localhost:44367/api/usuarios/list?idgrupo=OPERADOR-PROD&idgrupo2=OPERADOR-PROD 
2024-10-15 22:17:00.2751 loggerfile request https://localhost:44367/api/documentos/list?bodegacode=TOLEDO&doctipo=10&estado=A&estadooperativo=PREP&vendedorcode=&fechaini=&fechafin= 
2024-10-15 22:17:00.4164 loggerfile request https://localhost:44367/api/documentos/list?bodegacode=TOLEDO&doctipo=16&estado=A&estadooperativo=&vendedorcode=&fechaini=&fechafin= 
2024-10-15 22:17:04.9384 loggerfile request https://localhost:44367/api/documentos/list?bodegacode=TOLEDO&doctipo=10&estado=A&estadooperativo=PREP&vendedorcode=&fechaini=&fechafin= 
2024-10-15 22:17:05.4219 loggerfile request https://localhost:44367/api/documentos/list?bodegacode=TOLEDO&doctipo=16&estado=A&estadooperativo=&vendedorcode=&fechaini=&fechafin= 
2024-10-15 22:17:07.8130 loggerfile request https://localhost:44367/api/documentos/411003?doctipo=10 
2024-10-15 22:17:09.8276 loggerfile request https://localhost:44367/api/documentos/411003?doctipo=10 
2024-10-15 22:17:10.0956 loggerfile request https://localhost:44367/api/parametros 
2024-10-15 22:17:36.4966 loggerfile request https://localhost:44367/api/usuarios/list?idgrupo=CALIDAD&idgrupo2=CAMARA 
2024-10-15 22:17:36.5181 loggerfile request https://localhost:44367/api/usuarios/list?idgrupo=OPERADOR-PROD&idgrupo2=OPERADOR-PROD 
2024-10-15 22:17:36.5464 loggerfile request https://localhost:44367/api/documentos/list?bodegacode=TOLEDO&doctipo=10&estado=A&estadooperativo=PREP&vendedorcode=&fechaini=&fechafin= 
2024-10-15 22:17:36.6499 loggerfile request https://localhost:44367/api/documentos/list?bodegacode=TOLEDO&doctipo=16&estado=A&estadooperativo=&vendedorcode=&fechaini=&fechafin= 
2024-10-15 22:17:37.0347 loggerfile request https://localhost:44367/api/documentos/411003?doctipo=10 
2024-10-15 22:17:39.2122 loggerfile request https://localhost:44367/api/parametros 
2024-10-15 22:17:45.1406 loggerfile request https://localhost:44367/api/documentos/list?bodegacode=TOLEDO&doctipo=10&estado=A&estadooperativo=PREP&vendedorcode=&fechaini=&fechafin= 
2024-10-15 22:17:45.2723 loggerfile request https://localhost:44367/api/documentos/list?bodegacode=TOLEDO&doctipo=16&estado=A&estadooperativo=&vendedorcode=&fechaini=&fechafin= 
2024-10-15 22:17:48.6373 loggerfile request https://localhost:44367/api/documentos/411003?doctipo=10 
2024-10-15 22:17:51.2733 loggerfile request https://localhost:44367/api/documentos/411003?doctipo=10 
2024-10-15 22:17:51.5192 loggerfile request https://localhost:44367/api/parametros 
2024-10-15 22:18:04.3329 loggerfile request https://localhost:44367/api/documentos/411003?doctipo=10 
2024-10-15 22:18:04.9753 loggerfile request https://localhost:44367/api/parametros 
2024-10-15 22:18:06.1085 loggerfile request https://localhost:44367/api/documentos 
2024-10-15 22:18:06.3814 loggerfile mensaje: Pedido de venta 411003 ya tiene una Solicitud de Producción generada: 20262. Data:    en Colonos.Manager.ManagerProduccion.Add(Documento doc) 
2024-10-15 22:18:52.8072 loggerfile request https://localhost:44367/api/documentos/411003?doctipo=10 
2024-10-15 22:18:53.0693 loggerfile request https://localhost:44367/api/parametros 
2024-10-15 22:18:53.8605 loggerfile request https://localhost:44367/api/documentos 
2024-10-15 22:18:54.0284 loggerfile mensaje: Pedido: 411003 ya tiene una Solicitud de Producción generada: 20262. Data:    en Colonos.Manager.ManagerProduccion.Add(Documento doc) 
2024-10-15 22:19:21.0741 loggerfile request https://localhost:44367/api/documentos/410813?doctipo=10 
2024-10-15 22:19:23.1099 loggerfile request https://localhost:44367/api/documentos/410813?doctipo=10 
2024-10-15 22:19:23.3861 loggerfile request https://localhost:44367/api/parametros 
2024-10-15 22:19:46.0996 loggerfile request https://localhost:44367/api/documentos/410813?doctipo=10 
2024-10-15 22:19:49.0735 loggerfile request https://localhost:44367/api/documentos/410813?doctipo=10 
2024-10-15 22:19:49.4450 loggerfile request https://localhost:44367/api/parametros 
2024-10-15 22:19:57.4040 loggerfile request https://localhost:44367/api/documentos/410813?doctipo=10 
2024-10-15 22:19:57.8509 loggerfile request https://localhost:44367/api/parametros 
2024-10-15 22:19:59.0136 loggerfile request https://localhost:44367/api/documentos 
2024-10-15 22:19:59.2458 loggerfile request https://localhost:44367/api/documentos/list?bodegacode=TOLEDO&doctipo=10&estado=A&estadooperativo=PREP&vendedorcode=&fechaini=&fechafin= 
2024-10-15 22:19:59.3424 loggerfile request https://localhost:44367/api/documentos/list?bodegacode=TOLEDO&doctipo=16&estado=A&estadooperativo=&vendedorcode=&fechaini=&fechafin= 
2024-10-15 22:21:33.7183 loggerfile request https://localhost:44367/api/documentos/410813?doctipo=10 
2024-10-15 22:21:35.8755 loggerfile request https://localhost:44367/api/documentos/410813?doctipo=10 
2024-10-15 22:21:36.1238 loggerfile request https://localhost:44367/api/parametros 
2024-10-15 22:21:44.1311 loggerfile request https://localhost:44367/api/documentos/410813?doctipo=10 
2024-10-15 22:21:44.4175 loggerfile request https://localhost:44367/api/parametros 
2024-10-15 22:21:45.4752 loggerfile request https://localhost:44367/api/documentos 
2024-10-15 22:21:45.6910 loggerfile mensaje: Pedido: 410813 ya tiene una Solicitud de Producción generada: 20285. Data:    en Colonos.Manager.ManagerProduccion.Add(Documento doc) 
