2024-11-05 13:21:18.2934 loggerfile request https://localhost:44367/api/usuarios/list?idgrupo=COMERCIAL&idgrupo2= 
2024-11-05 13:22:37.7445 loggerfile request https://localhost:44367/api/documentos/list?doctipo=10&estado=&estadooperativo=&pendiente=-1&usuario=Admin&desde=2024-11-01&hasta=2024-11-05 
2024-11-05 13:25:42.6653 loggerfile request https://localhost:44367/api/documentos/list?doctipo=10&estado=&estadooperativo=&pendiente=-1&usuario=&desde=2024-11-01&hasta=2024-11-05 
2024-11-05 13:26:02.8709 loggerfile request https://localhost:44367/api/documentos/list?doctipo=10&estado=&estadooperativo=&pendiente=-1&usuario=&desde=2024-11-04&hasta=2024-11-04 
2024-11-05 13:27:30.0815 loggerfile request https://localhost:44367/api/documentos/list?doctipo=10&estado=&estadooperativo=&pendiente=-1&usuario=HAVENDANO&desde=2024-11-04&hasta=2024-11-04 
2024-11-05 13:27:32.8548 loggerfile request https://localhost:44367/api/documentos/list?doctipo=10&estado=&estadooperativo=&pendiente=-1&usuario=LESPINDOLA&desde=2024-11-04&hasta=2024-11-04 
2024-11-05 13:27:59.9870 loggerfile request https://localhost:44367/api/usuarios/list?idgrupo=COMERCIAL&idgrupo2= 
2024-11-05 13:28:03.0371 loggerfile request https://localhost:44367/api/documentos/list?doctipo=10&estado=&estadooperativo=&pendiente=-1&usuario=Admin&desde=2024-11-01&hasta=2024-11-05 
2024-11-05 13:28:19.0043 loggerfile request https://localhost:44367/api/documentos/list?doctipo=10&estado=A&estadooperativo=PREP&pendiente=1&usuario=&desde=&hasta= 
2024-11-05 13:29:02.1362 loggerfile request https://localhost:44367/api/usuarios/list?idgrupo=COMERCIAL&idgrupo2= 
2024-11-05 13:29:05.2186 loggerfile request https://localhost:44367/api/documentos/list?doctipo=10&estado=&estadooperativo=&pendiente=-1&usuario=Admin&desde=2024-11-01&hasta=2024-11-05 
2024-11-05 13:29:19.5602 loggerfile request https://localhost:44367/api/documentos/search?palabras=411342&vendedorcode=LESPINDOLA&doctipo=10&usuario=Admin 
2024-11-05 13:29:25.9795 loggerfile request https://localhost:44367/api/documentos/411342?doctipo=10 
2024-11-05 13:29:28.0542 loggerfile request https://localhost:44367/api/socios/76273940-2C/ 
2024-11-05 13:29:28.5251 loggerfile request https://localhost:44367/api/socios/propiedades 
2024-11-05 13:29:29.4139 loggerfile request https://localhost:44367/api/socios/76273940-2C/TopFamilia 
2024-11-05 13:29:29.5086 loggerfile request https://localhost:44367/api/socios/76273940-2C/TopRubro 
2024-11-05 13:29:29.5848 loggerfile request https://localhost:44367/api/socios/76273940-2C/TopVentas 
2024-11-05 13:31:54.7995 loggerfile request https://localhost:44367/api/documentos/list?doctipo=10&estado=&estadooperativo=&pendiente=-1&usuario=Admin&desde=2024-11-01&hasta=2024-11-05 
2024-11-05 13:31:57.6221 loggerfile request https://localhost:44367/api/documentos/list?doctipo=10&estado=&estadooperativo=&pendiente=-1&usuario=LESPINDOLA&desde=2024-11-04&hasta=2024-11-04 
2024-11-05 13:32:19.6176 loggerfile request https://localhost:44367/api/documentos/list?doctipo=10&estado=A&estadooperativo=PREP&pendiente=1&usuario=&desde=&hasta= 
2024-11-05 13:32:34.8770 loggerfile request https://localhost:44367/api/documentos/412017?doctipo=10 
