2024-09-25 02:21:37.5998 loggerfile request https://localhost:44367/api/documentos/list?bodegacode=PRODUCCION&doctipo=18&estado=A&estadooperativo=&vendedorcode=&fechaini=&fechafin= 
2024-09-25 02:21:48.0801 loggerfile request https://localhost:44367/api/productos/bodegas 
2024-09-25 02:21:48.1838 loggerfile request https://localhost:44367/api/documentos/listpicking?bodegacode=PRODUCCION&estado=A 
2024-09-25 02:21:50.6787 loggerfile request https://localhost:44367/api/documentos/5573?doctipo=2010 
2024-09-25 02:21:51.1499 loggerfile request https://localhost:44367/api/documentos/20101?doctipo=3010 
2024-09-25 02:22:10.5654 loggerfile request https://localhost:44367/api/documentos/5573?doctipo=2010 
2024-09-25 02:22:10.6361 loggerfile request https://localhost:44367/api/documentos/20101?doctipo=3010 
2024-09-25 02:22:16.5549 loggerfile request https://localhost:44367/api/documentos/picking/produccion?docentry=5573 
2024-09-25 02:22:52.5975 loggerfile request https://localhost:44367/api/documentos/5573?doctipo=2010 
2024-09-25 02:22:52.6644 loggerfile request https://localhost:44367/api/documentos/20101?doctipo=3010 
2024-09-25 02:25:00.1536 loggerfile request https://localhost:44367/api/documentos/5573?doctipo=2010 
2024-09-25 02:25:00.2124 loggerfile request https://localhost:44367/api/documentos/20101?doctipo=3010 
2024-09-25 02:26:08.3872 loggerfile request https://localhost:44367/api/documentos/5573?doctipo=2010 
2024-09-25 02:26:08.4518 loggerfile request https://localhost:44367/api/documentos/20101?doctipo=3010 
2024-09-25 02:27:39.4183 loggerfile request https://localhost:44367/api/documentos/5573?doctipo=2010 
2024-09-25 02:27:39.4881 loggerfile request https://localhost:44367/api/documentos/20101?doctipo=3010 
2024-09-25 02:27:49.0134 loggerfile request https://localhost:44367/api/documentos/listpicking?bodegacode=TOLEDO&estado=A 
2024-09-25 02:27:56.5452 loggerfile request https://localhost:44367/api/documentos/listpicking?bodegacode=TOLEDO&estado=A 
2024-09-25 02:28:02.3705 loggerfile request https://localhost:44367/api/usuarios/list?idgrupo=CALIDAD&idgrupo2=CAMARA 
2024-09-25 02:28:02.4464 loggerfile request https://localhost:44367/api/documentos/list?bodegacode=TOLEDO&doctipo=10&estado=A&estadooperativo=PREP&vendedorcode=&fechaini=&fechafin= 
2024-09-25 02:28:02.5766 loggerfile request https://localhost:44367/api/documentos/list?bodegacode=TOLEDO&doctipo=16&estado=A&estadooperativo=&vendedorcode=&fechaini=&fechafin= 
2024-09-25 02:28:09.7005 loggerfile request https://localhost:44367/api/documentos/410415?doctipo=10 
2024-09-25 02:28:14.1050 loggerfile request https://localhost:44367/api/documentos/410415?doctipo=10 
2024-09-25 02:28:14.3634 loggerfile request https://localhost:44367/api/productos/VAFILCYC05 
2024-09-25 02:28:14.4632 loggerfile request https://localhost:44367/api/documentos 
2024-09-25 02:28:15.0188 loggerfile request https://localhost:44367/api/documentos/list?bodegacode=TOLEDO&doctipo=10&estado=A&estadooperativo=PREP&vendedorcode=&fechaini=&fechafin= 
2024-09-25 02:28:15.0687 loggerfile request https://localhost:44367/api/documentos/list?bodegacode=TOLEDO&doctipo=16&estado=A&estadooperativo=&vendedorcode=&fechaini=&fechafin= 
2024-09-25 02:28:18.8668 loggerfile request https://localhost:44367/api/documentos/listpicking?bodegacode=TOLEDO&estado=A 
2024-09-25 02:28:20.1906 loggerfile request https://localhost:44367/api/documentos/5576?doctipo=2010 
2024-09-25 02:28:20.2604 loggerfile request https://localhost:44367/api/documentos/410415?doctipo=10 
2024-09-25 02:28:26.6942 loggerfile request https://localhost:44367/api/documentos/listpicking?bodegacode=PRODUCCION&estado=A 
2024-09-25 02:28:28.2614 loggerfile request https://localhost:44367/api/documentos/5573?doctipo=2010 
2024-09-25 02:28:28.3284 loggerfile request https://localhost:44367/api/documentos/20101?doctipo=3010 
2024-09-25 02:29:31.3115 loggerfile request https://localhost:44367/api/documentos/5573?doctipo=2010 
2024-09-25 02:29:31.3784 loggerfile request https://localhost:44367/api/documentos/20101?doctipo=3010 
2024-09-25 02:29:55.8245 loggerfile request https://localhost:44367/api/documentos/5573?doctipo=2010 
2024-09-25 02:29:55.8930 loggerfile request https://localhost:44367/api/documentos/20101?doctipo=3010 
2024-09-25 02:30:22.9879 loggerfile request https://localhost:44367/api/documentos/5573?doctipo=2010 
2024-09-25 02:30:23.0409 loggerfile request https://localhost:44367/api/documentos/20101?doctipo=3010 
2024-09-25 02:31:43.8389 loggerfile request https://localhost:44367/api/documentos/listpicking?bodegacode=PRODUCCION&estado=A 
2024-09-25 02:31:48.5188 loggerfile request https://localhost:44367/api/documentos/listpicking?bodegacode=TOLEDO&estado=A 
2024-09-25 02:31:49.8636 loggerfile request https://localhost:44367/api/documentos/5576?doctipo=2010 
2024-09-25 02:31:49.9633 loggerfile request https://localhost:44367/api/documentos/410415?doctipo=10 
2024-09-25 02:34:07.7574 loggerfile request https://localhost:44367/api/documentos/5573?doctipo=2010 
2024-09-25 02:34:07.8321 loggerfile request https://localhost:44367/api/documentos/20101?doctipo=3010 
2024-09-25 02:35:37.0834 loggerfile request https://localhost:44367/api/documentos/5573?doctipo=2010 
2024-09-25 02:35:37.1333 loggerfile request https://localhost:44367/api/documentos/20101?doctipo=3010 
2024-09-25 02:35:58.3644 loggerfile request https://localhost:44367/api/documentos/5573?doctipo=2010 
2024-09-25 02:36:12.2427 loggerfile request https://localhost:44367/api/documentos/5573?doctipo=2010 
2024-09-25 02:36:23.6050 loggerfile request https://localhost:44367/api/documentos/5573?doctipo=2010 
2024-09-25 02:36:23.7041 loggerfile request https://localhost:44367/api/documentos 
2024-09-25 02:36:27.1590 loggerfile request https://localhost:44367/api/documentos/listpicking?bodegacode=PRODUCCION&estado=A 
2024-09-25 02:36:27.1984 loggerfile request https://localhost:44367/api/documentos/listpicking?bodegacode=PRODUCCION&estado=A 
2024-09-25 02:36:29.7412 loggerfile request https://localhost:44367/api/documentos/5573?doctipo=2010 
2024-09-25 02:36:29.8131 loggerfile request https://localhost:44367/api/documentos/20101?doctipo=3010 
2024-09-25 02:36:34.7504 loggerfile request https://localhost:44367/api/documentos/5573?doctipo=2010 
2024-09-25 02:36:34.8299 loggerfile request https://localhost:44367/api/documentos 
2024-09-25 02:36:43.5304 loggerfile request https://localhost:44367/api/documentos/listpicking?bodegacode=PRODUCCION&estado=A 
2024-09-25 02:41:21.5503 loggerfile request https://localhost:44367/api/usuarios/list?idgrupo=CALIDAD&idgrupo2=CAMARA 
2024-09-25 02:41:21.6003 loggerfile request https://localhost:44367/api/documentos/list?bodegacode=TOLEDO&doctipo=10&estado=A&estadooperativo=PREP&vendedorcode=&fechaini=&fechafin= 
2024-09-25 02:41:21.6574 loggerfile request https://localhost:44367/api/documentos/list?bodegacode=TOLEDO&doctipo=16&estado=A&estadooperativo=&vendedorcode=&fechaini=&fechafin= 
2024-09-25 02:41:27.3641 loggerfile request https://localhost:44367/api/documentos/list?bodegacode=TOLEDO&doctipo=10&estado=A&estadooperativo=PREP&vendedorcode=&fechaini=&fechafin= 
2024-09-25 02:41:27.4178 loggerfile request https://localhost:44367/api/documentos/list?bodegacode=TOLEDO&doctipo=16&estado=A&estadooperativo=&vendedorcode=&fechaini=&fechafin= 
2024-09-25 02:41:29.8842 loggerfile request https://localhost:44367/api/documentos/list?bodegacode=TOLEDO&doctipo=10&estado=A&estadooperativo=PREP&vendedorcode=&fechaini=&fechafin= 
2024-09-25 02:41:29.9423 loggerfile request https://localhost:44367/api/documentos/list?bodegacode=TOLEDO&doctipo=16&estado=A&estadooperativo=&vendedorcode=&fechaini=&fechafin= 
2024-09-25 02:41:35.4680 loggerfile request https://localhost:44367/api/usuarios/list?idgrupo=CALIDAD&idgrupo2=OPERADOR-PROD 
2024-09-25 02:41:35.4879 loggerfile request https://localhost:44367/api/documentos/list?bodegacode=PRODUCCION&doctipo=3010&estado=A&estadooperativo=&vendedorcode=&fechaini=&fechafin= 
2024-09-25 02:41:38.6124 loggerfile request https://localhost:44367/api/documentos/listpicking?bodegacode=TOLEDO&estado=A 
2024-09-25 02:41:47.8507 loggerfile request https://localhost:44367/api/documentos/5576?doctipo=2010 
2024-09-25 02:41:47.9394 loggerfile request https://localhost:44367/api/documentos/410415?doctipo=10 
2024-09-25 02:50:20.0502 loggerfile request https://localhost:44367/api/usuarios/list?idgrupo=COMERCIAL&idgrupo2= 
2024-09-25 02:50:20.1040 loggerfile request https://localhost:44367/api/documentos/list?doctipo=10&estado=&estadooperativo=&pendiente=-1&usuario=Admin&desde=2024-09-01&hasta=2024-09-25 
2024-09-25 02:54:29.8408 loggerfile request https://localhost:44367/api/usuarios/list?idgrupo=CALIDAD&idgrupo2=CAMARA 
2024-09-25 02:54:29.8639 loggerfile request https://localhost:44367/api/documentos/list?bodegacode=TOLEDO&doctipo=10&estado=A&estadooperativo=PREP&vendedorcode=&fechaini=&fechafin= 
2024-09-25 02:54:29.9097 loggerfile request https://localhost:44367/api/documentos/list?bodegacode=TOLEDO&doctipo=16&estado=A&estadooperativo=&vendedorcode=&fechaini=&fechafin= 
2024-09-25 02:54:32.3240 loggerfile request https://localhost:44367/api/documentos/410412?doctipo=10 
2024-09-25 02:54:42.8248 loggerfile request https://localhost:44367/api/documentos/410412?doctipo=10 
2024-09-25 02:54:43.0254 loggerfile request https://localhost:44367/api/productos/VALOMLI999 
2024-09-25 02:54:43.0504 loggerfile request https://localhost:44367/api/documentos 
2024-09-25 02:54:43.3208 loggerfile request https://localhost:44367/api/documentos/list?bodegacode=TOLEDO&doctipo=10&estado=A&estadooperativo=PREP&vendedorcode=&fechaini=&fechafin= 
2024-09-25 02:54:43.3677 loggerfile request https://localhost:44367/api/documentos/list?bodegacode=TOLEDO&doctipo=16&estado=A&estadooperativo=&vendedorcode=&fechaini=&fechafin= 
2024-09-25 02:54:47.0003 loggerfile request https://localhost:44367/api/documentos/listpicking?bodegacode=TOLEDO&estado=A 
2024-09-25 02:54:49.5802 loggerfile request https://localhost:44367/api/documentos/5577?doctipo=2010 
2024-09-25 02:54:49.6689 loggerfile request https://localhost:44367/api/documentos/410412?doctipo=10 
2024-09-25 02:57:25.6164 loggerfile request https://localhost:44367/api/documentos/listpicking?bodegacode=TOLEDO&estado=A 
2024-09-25 02:57:34.7848 loggerfile request https://localhost:44367/api/documentos/list?bodegacode=PRODUCCION&doctipo=18&estado=A&estadooperativo=&vendedorcode=&fechaini=&fechafin= 
2024-09-25 02:57:35.8653 loggerfile request https://localhost:44367/api/documentos 
2024-09-25 02:57:35.9028 loggerfile request https://localhost:44367/api/documentos/list?bodegacode=PRODUCCION&doctipo=18&estado=A&estadooperativo=&vendedorcode=&fechaini=&fechafin= 
2024-09-25 02:57:49.7608 loggerfile request https://localhost:44367/api/documentos 
2024-09-25 02:57:49.9603 loggerfile request https://localhost:44367/api/documentos/list?bodegacode=PRODUCCION&doctipo=18&estado=A&estadooperativo=&vendedorcode=&fechaini=&fechafin= 
2024-09-25 02:57:54.5439 loggerfile request https://localhost:44367/api/documentos/list?bodegacode=PRODUCCION&doctipo=18&estado=A&estadooperativo=&vendedorcode=&fechaini=&fechafin= 
2024-09-25 02:57:55.3074 loggerfile request https://localhost:44367/api/documentos/list?bodegacode=PRODUCCION&doctipo=18&estado=A&estadooperativo=&vendedorcode=&fechaini=&fechafin= 
2024-09-25 02:57:55.8576 loggerfile request https://localhost:44367/api/documentos/list?bodegacode=PRODUCCION&doctipo=18&estado=A&estadooperativo=&vendedorcode=&fechaini=&fechafin= 
2024-09-25 02:57:56.5534 loggerfile request https://localhost:44367/api/documentos 
2024-09-25 02:57:56.5833 loggerfile request https://localhost:44367/api/documentos/list?bodegacode=PRODUCCION&doctipo=18&estado=A&estadooperativo=&vendedorcode=&fechaini=&fechafin= 
2024-09-25 02:57:59.7861 loggerfile request https://localhost:44367/api/documentos/list?bodegacode=PRODUCCION&doctipo=18&estado=A&estadooperativo=&vendedorcode=&fechaini=&fechafin= 
2024-09-25 02:58:00.4398 loggerfile request https://localhost:44367/api/documentos/list?bodegacode=PRODUCCION&doctipo=18&estado=A&estadooperativo=&vendedorcode=&fechaini=&fechafin= 
2024-09-25 15:13:02.3481 loggerfile request https://localhost:44367/api/documentos/217?doctipo=18 
2024-09-25 15:13:22.0818 loggerfile request https://localhost:44367/api/productos/bodegas 
2024-09-25 15:13:22.2485 loggerfile request https://localhost:44367/api/documentos/listpicking?bodegacode=PRODUCCION&estado=A 
2024-09-25 15:13:24.8376 loggerfile request https://localhost:44367/api/documentos/5535?doctipo=2010 
2024-09-25 15:13:25.5297 loggerfile request https://localhost:44367/api/documentos/20093?doctipo=3010 
2024-09-25 15:13:39.3150 loggerfile request https://localhost:44367/api/documentos/5535?doctipo=2010 
2024-09-25 15:13:39.4696 loggerfile request https://localhost:44367/api/documentos 
2024-09-25 15:16:56.8508 loggerfile Ajuste inventario en DF: {0} 
 {2} 
2024-09-25 15:16:56.8618 loggerfile RenovarToken... 
2024-09-25 15:16:56.8618 loggerfile RenovarToken, url: https://replapi.defontana.com/api/auth?client=GVLIMITADA&company=GVLIMITADA&user=INTEGRACION&password=2 
2024-09-25 15:16:58.1685 loggerfile response.ErrorMessage:  
2024-09-25 15:16:58.1685 loggerfile response.ErrorException:  
2024-09-25 15:16:58.1685 loggerfile response.ProtocolVersion: 1.1 
2024-09-25 15:16:58.1685 loggerfile response.StatusCode: OK 
2024-09-25 15:16:58.1685 loggerfile response.StatusDescription: OK 
2024-09-25 15:16:58.1685 loggerfile response.Content: {"success":true,"message":null,"access_token":"eyJ0eXAiOiJKV1QiLCJhbGciOiJIUzI1NiJ9.eyJuYW1laWQiOiJBRDEyM0ZULUhHREY1Ni1LSTIzS0wtS0pUUDk4NzYtSEdUMTIiLCJ1bmlxdWVfbmFtZSI6ImNsaWVudC5sZWdhY3lAZGVmb250YW5hLmNvbSIsImh0dHA6Ly9zY2hlbWFzLm1pY3Jvc29mdC5jb20vYWNjZXNzY29udHJvbHNlcnZpY2UvMjAxMC8wNy9jbGFpbXMvaWRlbnRpdHlwcm92aWRlciI6IkFTUC5ORVQgSWRlbnRpdHkiLCJBc3BOZXQuSWRlbnRpdHkuU2VjdXJpdHlTdGFtcCI6IkdIVEQyMzQtS0xISjc4NjgtRkc0OTIzLUhKRzA4RlQ1NiIsImNvbXBhbnkiOiJHVkxJTUlUQURBIiwiY2xpZW50IjoiR1ZMSU1JVEFEQSIsIm9sZHNlcnZpY2UiOiJwbGF0aW51bSIsInVzZXIiOiJJTlRFR1JBQ0lPTiIsInNlc3Npb24iOiIxNzI3Mjg4MjE3Iiwic2VydmljZSI6InBsYXRpbnVtIiwiY291bnRyeSI6IkNMIiwiY29tcGFueV9uYW1lIjoiU2VydmljaW9zIHkgUmVudGFzIEcuVi4gU3BBIiwiY29tcGFueV9jb3VudHJ5IjoiQ0wiLCJ1c2VyX25hbWUiOiJJTlRFR1JBQ0lPTiIsImV4cGlyYXRpb25fZGF0ZSI6MTczMzAxMTIwMCwiY2xpZW50X2NvbmRpdGlvbiI6IlMiLCJyb2xlc1BvcyI6IltcInVzdWFyaW9cIixcInVzdWFyaW9lcnBcIl0iLCJydXRfdXN1YXJpbyI6IjE2LjA0MS4xNjktNCIsImlzcyI6Imh0dHBzOi8vKi5kZWZvbnRhbmEuY29tIiwiYXVkIjoiMDk5MTUzYzI2MjUxNDliYzhlY2IzZTg1ZTAzZjAwMjIiLCJleHAiOjE3NTg4MjQyMTcsIm5iZiI6MTcyNzI4ODIxN30.U5w0ZtPbjV6aPo7BSk2QRSnmT_G7mAKp14RunLrfse0","expires_in":31535999,"token_type":"bearer"} 
2024-09-25 15:18:35.0468 loggerfile mensaje: El articulo CECER22009 no existe.
. Data:  
2024-09-25 15:18:42.8713 loggerfile request https://localhost:44367/api/documentos/listpicking?bodegacode=PRODUCCION&estado=A 
2024-09-25 15:18:48.7853 loggerfile request https://localhost:44367/api/usuarios/list?idgrupo=COMERCIAL&idgrupo2= 
2024-09-25 15:18:48.8509 loggerfile request https://localhost:44367/api/documentos/list?doctipo=10&estado=&estadooperativo=&pendiente=-1&usuario=Admin&desde=2024-09-01&hasta=2024-09-25 
2024-09-25 15:18:56.2994 loggerfile request https://localhost:44367/api/documentos/listpicking?bodegacode=TOLEDO&estado=A 
2024-09-25 15:18:58.6416 loggerfile request https://localhost:44367/api/usuarios/list?idgrupo=CALIDAD&idgrupo2=CAMARA 
2024-09-25 15:18:58.6675 loggerfile request https://localhost:44367/api/documentos/list?bodegacode=TOLEDO&doctipo=10&estado=A&estadooperativo=PREP&vendedorcode=&fechaini=&fechafin= 
2024-09-25 15:18:58.7174 loggerfile request https://localhost:44367/api/documentos/list?bodegacode=TOLEDO&doctipo=16&estado=A&estadooperativo=&vendedorcode=&fechaini=&fechafin= 
2024-09-25 15:19:02.3780 loggerfile request https://localhost:44367/api/documentos/410414?doctipo=10 
2024-09-25 15:19:17.3014 loggerfile request https://localhost:44367/api/usuarios/list?idgrupo=CALIDAD&idgrupo2=OPERADOR-PROD 
2024-09-25 15:19:17.3243 loggerfile request https://localhost:44367/api/documentos/list?bodegacode=PRODUCCION&doctipo=3010&estado=A&estadooperativo=&vendedorcode=&fechaini=&fechafin= 
2024-09-25 15:19:19.6164 loggerfile request https://localhost:44367/api/documentos/20100?doctipo=3010 
2024-09-25 15:19:23.5132 loggerfile request https://localhost:44367/api/documentos/20100?doctipo=3010 
2024-09-25 15:19:23.6798 loggerfile request https://localhost:44367/api/productos/LCCDNCD197 
2024-09-25 15:19:23.7192 loggerfile request https://localhost:44367/api/documentos 
2024-09-25 15:19:24.0819 loggerfile request https://localhost:44367/api/documentos/list?bodegacode=PRODUCCION&doctipo=3010&estado=A&estadooperativo=&vendedorcode=&fechaini=&fechafin= 
2024-09-25 15:19:28.2581 loggerfile request https://localhost:44367/api/documentos/listpicking?bodegacode=PRODUCCION&estado=A 
2024-09-25 15:19:32.6064 loggerfile request https://localhost:44367/api/documentos/5578?doctipo=2010 
2024-09-25 15:19:32.6776 loggerfile request https://localhost:44367/api/documentos/20100?doctipo=3010 
2024-09-25 15:19:39.9492 loggerfile request https://localhost:44367/api/documentos/5578?doctipo=2010 
2024-09-25 15:19:40.0595 loggerfile request https://localhost:44367/api/documentos 
2024-09-25 15:19:50.0615 loggerfile Ajuste inventario en DF: {0} 
 {2} 
2024-09-25 15:19:50.0615 loggerfile RenovarToken... 
2024-09-25 15:19:50.0615 loggerfile RenovarToken, url: https://replapi.defontana.com/api/auth?client=GVLIMITADA&company=GVLIMITADA&user=INTEGRACION&password=2 
2024-09-25 15:19:51.2467 loggerfile response.ErrorMessage:  
2024-09-25 15:19:51.2467 loggerfile response.ErrorException:  
2024-09-25 15:19:51.2467 loggerfile response.ProtocolVersion: 1.1 
2024-09-25 15:19:51.2467 loggerfile response.StatusCode: OK 
2024-09-25 15:19:51.2467 loggerfile response.StatusDescription: OK 
2024-09-25 15:19:51.2467 loggerfile response.Content: {"success":true,"message":null,"access_token":"eyJ0eXAiOiJKV1QiLCJhbGciOiJIUzI1NiJ9.eyJuYW1laWQiOiJBRDEyM0ZULUhHREY1Ni1LSTIzS0wtS0pUUDk4NzYtSEdUMTIiLCJ1bmlxdWVfbmFtZSI6ImNsaWVudC5sZWdhY3lAZGVmb250YW5hLmNvbSIsImh0dHA6Ly9zY2hlbWFzLm1pY3Jvc29mdC5jb20vYWNjZXNzY29udHJvbHNlcnZpY2UvMjAxMC8wNy9jbGFpbXMvaWRlbnRpdHlwcm92aWRlciI6IkFTUC5ORVQgSWRlbnRpdHkiLCJBc3BOZXQuSWRlbnRpdHkuU2VjdXJpdHlTdGFtcCI6IkdIVEQyMzQtS0xISjc4NjgtRkc0OTIzLUhKRzA4RlQ1NiIsImNvbXBhbnkiOiJHVkxJTUlUQURBIiwiY2xpZW50IjoiR1ZMSU1JVEFEQSIsIm9sZHNlcnZpY2UiOiJwbGF0aW51bSIsInVzZXIiOiJJTlRFR1JBQ0lPTiIsInNlc3Npb24iOiIxNzI3Mjg4MjE3Iiwic2VydmljZSI6InBsYXRpbnVtIiwiY291bnRyeSI6IkNMIiwiY29tcGFueV9uYW1lIjoiU2VydmljaW9zIHkgUmVudGFzIEcuVi4gU3BBIiwiY29tcGFueV9jb3VudHJ5IjoiQ0wiLCJ1c2VyX25hbWUiOiJJTlRFR1JBQ0lPTiIsImV4cGlyYXRpb25fZGF0ZSI6MTczMzAxMTIwMCwiY2xpZW50X2NvbmRpdGlvbiI6IlMiLCJyb2xlc1BvcyI6IltcInVzdWFyaW9cIixcInVzdWFyaW9lcnBcIl0iLCJydXRfdXN1YXJpbyI6IjE2LjA0MS4xNjktNCIsImlzcyI6Imh0dHBzOi8vKi5kZWZvbnRhbmEuY29tIiwiYXVkIjoiMDk5MTUzYzI2MjUxNDliYzhlY2IzZTg1ZTAzZjAwMjIiLCJleHAiOjE3NTg4MjQzOTAsIm5iZiI6MTcyNzI4ODM5MH0.sPl0XnH2GLIKKf5J3hfFohj1LXih18_57-_ieQCRhtM","expires_in":31535999,"token_type":"bearer"} 
2024-09-25 15:20:09.2180 loggerfile request https://localhost:44367/api/documentos/listpicking?bodegacode=PRODUCCION&estado=A 
2024-09-25 15:20:24.0264 loggerfile request https://localhost:44367/api/usuarios/list?idgrupo=CALIDAD&idgrupo2=CAMARA 
2024-09-25 15:20:24.0723 loggerfile request https://localhost:44367/api/documentos/list?bodegacode=TOLEDO&doctipo=10&estado=A&estadooperativo=PREP&vendedorcode=&fechaini=&fechafin= 
2024-09-25 15:20:24.1666 loggerfile request https://localhost:44367/api/documentos/list?bodegacode=TOLEDO&doctipo=16&estado=A&estadooperativo=&vendedorcode=&fechaini=&fechafin= 
2024-09-25 15:20:29.9142 loggerfile request https://localhost:44367/api/documentos/list?bodegacode=TOLEDO&doctipo=10&estado=A&estadooperativo=PREP&vendedorcode=&fechaini=&fechafin= 
2024-09-25 15:20:29.9841 loggerfile request https://localhost:44367/api/documentos/list?bodegacode=TOLEDO&doctipo=16&estado=A&estadooperativo=&vendedorcode=&fechaini=&fechafin= 
2024-09-25 15:20:36.0748 loggerfile request https://localhost:44367/api/documentos/410343?doctipo=10 
2024-09-25 15:20:42.1635 loggerfile request https://localhost:44367/api/documentos/410320?doctipo=10 
2024-09-25 15:20:46.4316 loggerfile request https://localhost:44367/api/documentos/list?bodegacode=TOLEDO&doctipo=10&estado=A&estadooperativo=PREP&vendedorcode=&fechaini=&fechafin= 
2024-09-25 15:20:46.5216 loggerfile request https://localhost:44367/api/documentos/list?bodegacode=TOLEDO&doctipo=16&estado=A&estadooperativo=&vendedorcode=&fechaini=&fechafin= 
2024-09-25 15:20:48.4324 loggerfile request https://localhost:44367/api/documentos/list?bodegacode=TOLEDO&doctipo=10&estado=A&estadooperativo=PREP&vendedorcode=&fechaini=&fechafin= 
2024-09-25 15:20:48.5301 loggerfile request https://localhost:44367/api/documentos/list?bodegacode=TOLEDO&doctipo=16&estado=A&estadooperativo=&vendedorcode=&fechaini=&fechafin= 
2024-09-25 15:20:49.7409 loggerfile request https://localhost:44367/api/documentos/410411?doctipo=10 
2024-09-25 15:20:55.4103 loggerfile request https://localhost:44367/api/documentos/410413?doctipo=10 
2024-09-25 15:20:59.2384 loggerfile request https://localhost:44367/api/documentos/410414?doctipo=10 
2024-09-25 15:22:25.7329 loggerfile request https://localhost:44367/api/documentos/410414?doctipo=10 
2024-09-25 15:22:29.5625 loggerfile request https://localhost:44367/api/documentos/410413?doctipo=10 
2024-09-25 15:22:33.6040 loggerfile request https://localhost:44367/api/documentos/410411?doctipo=10 
2024-09-25 15:22:46.0889 loggerfile request https://localhost:44367/api/documentos/410411?doctipo=10 
2024-09-25 15:22:46.3415 loggerfile request https://localhost:44367/api/productos/LCCDNCD197 
2024-09-25 15:22:46.3664 loggerfile request https://localhost:44367/api/documentos 
2024-09-25 15:22:46.6404 loggerfile request https://localhost:44367/api/documentos/list?bodegacode=TOLEDO&doctipo=10&estado=A&estadooperativo=PREP&vendedorcode=&fechaini=&fechafin= 
2024-09-25 15:22:46.6951 loggerfile request https://localhost:44367/api/documentos/list?bodegacode=TOLEDO&doctipo=16&estado=A&estadooperativo=&vendedorcode=&fechaini=&fechafin= 
2024-09-25 15:22:51.3485 loggerfile request https://localhost:44367/api/documentos/listpicking?bodegacode=TOLEDO&estado=A 
2024-09-25 15:22:57.8596 loggerfile request https://localhost:44367/api/documentos/5579?doctipo=2010 
2024-09-25 15:22:57.9172 loggerfile request https://localhost:44367/api/documentos/410411?doctipo=10 
2024-09-25 15:23:05.4666 loggerfile request https://localhost:44367/api/documentos/5579?doctipo=2010 
2024-09-25 15:23:05.5545 loggerfile request https://localhost:44367/api/documentos 
2024-09-25 15:23:08.7306 loggerfile request https://localhost:44367/api/documentos/listpicking?bodegacode=TOLEDO&estado=A 
2024-09-25 15:25:17.9399 loggerfile request https://localhost:44367/api/vehiculos 
2024-09-25 15:25:18.7056 loggerfile request https://localhost:44367/api/documentos/list?bodegacode=&doctipo=12&estado=A&estadooperativo=&vendedorcode=&fechaini=&fechafin= 
2024-09-25 15:26:14.3214 loggerfile request https://localhost:44367/api/socios/propiedades 
2024-09-25 15:26:24.1248 loggerfile request https://localhost:44367/api/socios/search?palabras=gustavo&usuario=Admin 
2024-09-25 15:26:31.1338 loggerfile request https://localhost:44367/api/socios/13436067-4C/ 
2024-09-25 15:26:32.3921 loggerfile request https://localhost:44367/api/bandejas/CRED?sociocode=13436067-4C&top=0 
2024-09-25 15:26:40.2143 loggerfile request https://localhost:44367/api/socios/13436067-4C/direcciones/806 
2024-09-25 15:26:49.9202 loggerfile request https://localhost:44367/api/socios/13436067-4C/direcciones/806 
2024-09-25 15:27:54.1544 loggerfile request https://localhost:44367/api/socios/13436067-4C/direcciones/806 
2024-09-25 15:28:03.0620 loggerfile request https://localhost:44367/api/socios/13436067-4C/direcciones/806 
2024-09-25 15:28:15.0055 loggerfile request https://localhost:44367/api/socios/13436067-4C/direcciones/806 
2024-09-25 15:28:59.8288 loggerfile request https://localhost:44367/api/socios/13436067-4C/direcciones/806 
2024-09-25 15:40:15.0633 loggerfile request https://localhost:44367/api/socios/propiedades 
2024-09-25 15:40:31.3665 loggerfile request https://localhost:44367/api/socios/search?palabras=gustavo&usuario=Admin 
2024-09-25 15:40:40.0373 loggerfile request https://localhost:44367/api/socios/13436067-4C/ 
2024-09-25 15:40:41.1409 loggerfile request https://localhost:44367/api/bandejas/CRED?sociocode=13436067-4C&top=0 
2024-09-25 15:42:40.7571 loggerfile request https://localhost:44367/api/socios/13436067-4C/ 
2024-09-25 15:42:40.8723 loggerfile request https://localhost:44367/api/socios 
2024-09-25 15:42:47.5923 loggerfile request https://localhost:44367/api/socios/13436067-4C/ 
2024-09-25 15:42:49.2070 loggerfile request https://localhost:44367/api/bandejas/CRED?sociocode=13436067-4C&top=0 
2024-09-25 15:42:54.9308 loggerfile request https://localhost:44367/api/socios/search?palabras=gustavo&usuario=Admin 
2024-09-25 15:43:02.7751 loggerfile request https://localhost:44367/api/socios/15375462-4C/ 
2024-09-25 15:43:05.5925 loggerfile request https://localhost:44367/api/bandejas/CRED?sociocode=15375462-4C&top=0 
2024-09-25 15:43:19.1578 loggerfile request https://localhost:44367/api/socios/search?palabras=gustavo&usuario=Admin 
2024-09-25 15:43:21.5154 loggerfile request https://localhost:44367/api/socios/13436067-4C/ 
2024-09-25 15:43:21.6097 loggerfile request https://localhost:44367/api/bandejas/CRED?sociocode=13436067-4C&top=0 
2024-09-25 15:44:13.5115 loggerfile request https://localhost:44367/api/socios/13436067-4C/ 
2024-09-25 15:44:13.6427 loggerfile request https://localhost:44367/api/socios 
2024-09-25 15:44:13.9185 loggerfile request https://localhost:44367/api/socios/13436067-4C/ 
2024-09-25 15:44:14.0082 loggerfile request https://localhost:44367/api/bandejas/CRED?sociocode=13436067-4C&top=0 
2024-09-25 15:44:17.1741 loggerfile request https://localhost:44367/api/socios/search?palabras=gustavo&usuario=Admin 
2024-09-25 15:44:18.8811 loggerfile request https://localhost:44367/api/socios/09908765-KC/ 
2024-09-25 15:44:18.9610 loggerfile request https://localhost:44367/api/bandejas/CRED?sociocode=09908765-KC&top=0 
2024-09-25 15:44:20.3936 loggerfile request https://localhost:44367/api/socios/search?palabras=gustavo&usuario=Admin 
2024-09-25 15:44:22.5072 loggerfile request https://localhost:44367/api/socios/13436067-4C/ 
2024-09-25 15:44:22.5999 loggerfile request https://localhost:44367/api/bandejas/CRED?sociocode=13436067-4C&top=0 
2024-09-25 15:44:25.0206 loggerfile request https://localhost:44367/api/socios/13436067-4C/contactos/12 
2024-09-25 15:44:41.9972 loggerfile request https://localhost:44367/api/socios/13436067-4C/contactos/12 
2024-09-25 15:53:43.7099 loggerfile request https://localhost:44367/api/socios/propiedades 
2024-09-25 15:53:51.6737 loggerfile request https://localhost:44367/api/socios/search?palabras=gustavo&usuario=Admin 
2024-09-25 15:53:53.7663 loggerfile request https://localhost:44367/api/socios/13436067-4C/ 
2024-09-25 15:53:53.9418 loggerfile request https://localhost:44367/api/bandejas/CRED?sociocode=13436067-4C&top=0 
2024-09-25 15:54:09.6360 loggerfile request https://localhost:44367/api/socios/13436067-4C/ 
2024-09-25 15:54:09.7566 loggerfile request https://localhost:44367/api/socios 
2024-09-25 15:54:10.0447 loggerfile request https://localhost:44367/api/socios/13436067-4C/ 
2024-09-25 15:54:10.1435 loggerfile request https://localhost:44367/api/bandejas/CRED?sociocode=13436067-4C&top=0 
2024-09-25 15:54:13.6880 loggerfile request https://localhost:44367/api/socios/search?palabras=gustavo&usuario=Admin 
2024-09-25 15:54:16.3351 loggerfile request https://localhost:44367/api/socios/13436067-4P/ 
2024-09-25 15:54:16.4199 loggerfile request https://localhost:44367/api/bandejas/CRED?sociocode=13436067-4P&top=0 
2024-09-25 15:54:17.8249 loggerfile request https://localhost:44367/api/socios/search?palabras=gustavo&usuario=Admin 
2024-09-25 15:54:20.8360 loggerfile request https://localhost:44367/api/socios/13436067-4C/ 
2024-09-25 15:54:20.9138 loggerfile request https://localhost:44367/api/bandejas/CRED?sociocode=13436067-4C&top=0 
2024-09-25 15:54:32.9129 loggerfile request https://localhost:44367/api/socios/propiedades 
2024-09-25 15:54:38.7056 loggerfile request https://localhost:44367/api/usuarios/list?idgrupo=COMERCIAL&idgrupo2= 
2024-09-25 15:54:38.7440 loggerfile request https://localhost:44367/api/documentos/list?doctipo=10&estado=&estadooperativo=&pendiente=-1&usuario=Admin&desde=2024-09-01&hasta=2024-09-25 
2024-09-25 15:54:49.5594 loggerfile request https://localhost:44367/api/socios/search?palabras=gustavo&usuario=Admin 
2024-09-25 15:54:57.4165 loggerfile request https://localhost:44367/api/socios/13436067-4C/ 
2024-09-25 15:54:57.5082 loggerfile request https://localhost:44367/api/socios/propiedades 
2024-09-25 15:54:57.6469 loggerfile request https://localhost:44367/api/socios/13436067-4C/TopFamilia 
2024-09-25 15:54:57.7326 loggerfile request https://localhost:44367/api/socios/13436067-4C/TopRubro 
2024-09-25 15:54:57.8144 loggerfile request https://localhost:44367/api/socios/13436067-4C/TopVentas 
2024-09-25 15:55:45.5697 loggerfile request https://localhost:44367/api/socios/13436067-4C/ 
2024-09-25 15:55:45.6714 loggerfile request https://localhost:44367/api/socios 
2024-09-25 15:55:45.9804 loggerfile request https://localhost:44367/api/socios/13436067-4C/ 
2024-09-25 15:55:46.0703 loggerfile request https://localhost:44367/api/bandejas/CRED?sociocode=13436067-4C&top=0 
2024-09-25 15:55:50.2115 loggerfile request https://localhost:44367/api/socios/13436067-4C/ 
2024-09-25 15:57:15.7693 loggerfile request https://localhost:44367/api/socios/search?palabras=gustavo&usuario=Admin 
2024-09-25 15:57:18.8856 loggerfile request https://localhost:44367/api/socios/13436067-4C/ 
2024-09-25 15:57:18.9728 loggerfile request https://localhost:44367/api/bandejas/CRED?sociocode=13436067-4C&top=0 
2024-09-25 15:57:35.2855 loggerfile request https://localhost:44367/api/socios/search?palabras=gustavo&usuario=Admin 
2024-09-25 15:57:37.6960 loggerfile request https://localhost:44367/api/socios/09908765-KC/ 
2024-09-25 15:57:37.8359 loggerfile request https://localhost:44367/api/bandejas/CRED?sociocode=09908765-KC&top=0 
2024-09-25 15:57:40.1857 loggerfile request https://localhost:44367/api/socios/search?palabras=gustavo&usuario=Admin 
2024-09-25 15:57:43.9357 loggerfile request https://localhost:44367/api/socios/13436067-4C/ 
2024-09-25 15:57:44.0295 loggerfile request https://localhost:44367/api/bandejas/CRED?sociocode=13436067-4C&top=0 
2024-09-25 15:57:45.8530 loggerfile request https://localhost:44367/api/socios/search?palabras=gustavo&usuario=Admin 
2024-09-25 15:57:47.9681 loggerfile request https://localhost:44367/api/socios/09908765-KC/ 
2024-09-25 15:57:48.0651 loggerfile request https://localhost:44367/api/bandejas/CRED?sociocode=09908765-KC&top=0 
2024-09-25 15:58:31.4565 loggerfile request https://localhost:44367/api/socios/search?palabras=09908765-KC&usuario=Admin 
2024-09-25 15:58:33.8276 loggerfile request https://localhost:44367/api/socios/09908765-KC/ 
2024-09-25 15:58:34.1711 loggerfile request https://localhost:44367/api/socios/propiedades 
2024-09-25 15:58:34.3604 loggerfile request https://localhost:44367/api/socios/09908765-KC/TopFamilia 
2024-09-25 15:58:34.4033 loggerfile request https://localhost:44367/api/socios/09908765-KC/TopRubro 
2024-09-25 15:58:34.4906 loggerfile request https://localhost:44367/api/socios/09908765-KC/TopVentas 
2024-09-25 15:58:39.3621 loggerfile request https://localhost:44367/api/socios/09908765-KC/ 
2024-09-25 15:58:39.4577 loggerfile request https://localhost:44367/api/socios 
2024-09-25 15:58:39.8222 loggerfile request https://localhost:44367/api/socios/09908765-KC/ 
2024-09-25 15:58:39.9013 loggerfile request https://localhost:44367/api/bandejas/CRED?sociocode=09908765-KC&top=0 
2024-09-25 15:58:46.9328 loggerfile request https://localhost:44367/api/socios/09908765-KC/ 
2024-09-25 15:59:17.2550 loggerfile request https://localhost:44367/api/socios/09908765-KC/ 
2024-09-25 15:59:17.3698 loggerfile request https://localhost:44367/api/socios 
2024-09-25 15:59:17.6438 loggerfile request https://localhost:44367/api/socios/09908765-KC/ 
2024-09-25 15:59:17.7253 loggerfile request https://localhost:44367/api/bandejas/CRED?sociocode=09908765-KC&top=0 
2024-09-25 16:07:31.9224 loggerfile request https://localhost:44367/api/socios/09908765-KC/ 
2024-09-25 16:07:32.1073 loggerfile request https://localhost:44367/api/socios 
2024-09-25 16:07:32.4743 loggerfile request https://localhost:44367/api/socios/09908765-KC/ 
2024-09-25 16:07:32.5630 loggerfile request https://localhost:44367/api/bandejas/CRED?sociocode=09908765-KC&top=0 
2024-09-25 16:07:37.4823 loggerfile request https://localhost:44367/api/socios/09908765-KC/ 
2024-09-25 16:15:16.3971 loggerfile request https://localhost:44367/api/usuarios/list?idgrupo=COMERCIAL&idgrupo2= 
2024-09-25 16:15:16.4710 loggerfile request https://localhost:44367/api/documentos/list?doctipo=10&estado=&estadooperativo=&pendiente=-1&usuario=Admin&desde=2024-09-01&hasta=2024-09-25 
2024-09-25 16:15:30.1695 loggerfile request https://localhost:44367/api/documentos/410171?doctipo=10 
2024-09-25 16:15:30.4763 loggerfile request https://localhost:44367/api/socios/76476503-6C/ 
2024-09-25 16:15:30.5723 loggerfile request https://localhost:44367/api/socios/propiedades 
2024-09-25 16:15:30.8491 loggerfile request https://localhost:44367/api/socios/76476503-6C/TopFamilia 
2024-09-25 16:15:30.9039 loggerfile request https://localhost:44367/api/socios/76476503-6C/TopRubro 
2024-09-25 16:15:30.9714 loggerfile request https://localhost:44367/api/socios/76476503-6C/TopVentas 
2024-09-25 16:17:56.3885 loggerfile request https://localhost:44367/api/documentos/410171?doctipo=10 
2024-09-25 16:17:56.6598 loggerfile request https://localhost:44367/api/socios/76476503-6C/ 
2024-09-25 16:17:56.7352 loggerfile request https://localhost:44367/api/socios/propiedades 
2024-09-25 16:17:56.8788 loggerfile request https://localhost:44367/api/socios/76476503-6C/TopFamilia 
2024-09-25 16:17:56.9377 loggerfile request https://localhost:44367/api/socios/76476503-6C/TopRubro 
2024-09-25 16:17:57.0085 loggerfile request https://localhost:44367/api/socios/76476503-6C/TopVentas 
2024-09-25 16:22:53.4124 loggerfile request https://localhost:44367/api/documentos/410171?doctipo=10 
2024-09-25 16:22:53.7649 loggerfile request https://localhost:44367/api/socios/76476503-6C/ 
2024-09-25 16:22:53.8540 loggerfile request https://localhost:44367/api/socios/propiedades 
2024-09-25 16:22:53.9701 loggerfile request https://localhost:44367/api/socios/76476503-6C/TopFamilia 
2024-09-25 16:22:54.0275 loggerfile request https://localhost:44367/api/socios/76476503-6C/TopRubro 
2024-09-25 16:22:54.1009 loggerfile request https://localhost:44367/api/socios/76476503-6C/TopVentas 
2024-09-25 16:26:40.6719 loggerfile request https://localhost:44367/api/documentos/410171?doctipo=10 
2024-09-25 16:26:40.8954 loggerfile request https://localhost:44367/api/socios/76476503-6C/ 
2024-09-25 16:26:41.0037 loggerfile request https://localhost:44367/api/socios/propiedades 
2024-09-25 16:26:41.1428 loggerfile request https://localhost:44367/api/socios/76476503-6C/TopFamilia 
2024-09-25 16:26:41.2076 loggerfile request https://localhost:44367/api/socios/76476503-6C/TopRubro 
2024-09-25 16:26:41.2754 loggerfile request https://localhost:44367/api/socios/76476503-6C/TopVentas 
2024-09-25 16:28:42.2435 loggerfile request https://localhost:44367/api/documentos/410171?doctipo=10 
2024-09-25 16:28:42.7479 loggerfile request https://localhost:44367/api/socios/76476503-6C/ 
2024-09-25 16:28:42.8493 loggerfile request https://localhost:44367/api/socios/propiedades 
2024-09-25 16:28:42.9710 loggerfile request https://localhost:44367/api/socios/76476503-6C/TopFamilia 
2024-09-25 16:28:43.0298 loggerfile request https://localhost:44367/api/socios/76476503-6C/TopRubro 
2024-09-25 16:28:43.5957 loggerfile request https://localhost:44367/api/socios/76476503-6C/TopVentas 
2024-09-25 16:32:52.7543 loggerfile request https://localhost:44367/api/documentos/410171?doctipo=10 
2024-09-25 16:32:53.2223 loggerfile request https://localhost:44367/api/socios/76476503-6C/ 
2024-09-25 16:32:53.3115 loggerfile request https://localhost:44367/api/socios/propiedades 
2024-09-25 16:32:53.4807 loggerfile request https://localhost:44367/api/socios/76476503-6C/TopFamilia 
2024-09-25 16:32:53.5670 loggerfile request https://localhost:44367/api/socios/76476503-6C/TopRubro 
2024-09-25 16:32:53.6323 loggerfile request https://localhost:44367/api/socios/76476503-6C/TopVentas 
2024-09-25 16:33:42.9875 loggerfile request https://localhost:44367/api/documentos/410171?doctipo=10 
2024-09-25 16:33:43.2064 loggerfile request https://localhost:44367/api/socios/76476503-6C/ 
2024-09-25 16:33:43.3012 loggerfile request https://localhost:44367/api/socios/propiedades 
2024-09-25 16:33:43.4402 loggerfile request https://localhost:44367/api/socios/76476503-6C/TopFamilia 
2024-09-25 16:33:43.5150 loggerfile request https://localhost:44367/api/socios/76476503-6C/TopRubro 
2024-09-25 16:33:43.5864 loggerfile request https://localhost:44367/api/socios/76476503-6C/TopVentas 
2024-09-25 16:36:29.8183 loggerfile request https://localhost:44367/api/documentos/410171?doctipo=10 
2024-09-25 16:36:30.2898 loggerfile request https://localhost:44367/api/socios/76476503-6C/ 
2024-09-25 16:36:30.4265 loggerfile request https://localhost:44367/api/socios/propiedades 
2024-09-25 16:36:30.6489 loggerfile request https://localhost:44367/api/socios/76476503-6C/TopFamilia 
2024-09-25 16:36:30.7098 loggerfile request https://localhost:44367/api/socios/76476503-6C/TopRubro 
2024-09-25 16:36:30.7786 loggerfile request https://localhost:44367/api/socios/76476503-6C/TopVentas 
2024-09-25 16:44:46.7250 loggerfile request https://localhost:44367/api/usuarios/list?idgrupo=COMERCIAL&idgrupo2= 
2024-09-25 16:44:47.5822 loggerfile request https://localhost:44367/api/documentos/list?doctipo=10&estado=&estadooperativo=&pendiente=-1&usuario=Admin&desde=2024-09-01&hasta=2024-09-25 
2024-09-25 16:44:51.3400 loggerfile request https://localhost:44367/api/documentos/410171?doctipo=10 
2024-09-25 16:44:52.1926 loggerfile request https://localhost:44367/api/socios/76476503-6C/ 
2024-09-25 16:44:52.3985 loggerfile request https://localhost:44367/api/socios/propiedades 
2024-09-25 16:44:52.7243 loggerfile request https://localhost:44367/api/socios/76476503-6C/TopFamilia 
2024-09-25 16:44:52.7919 loggerfile request https://localhost:44367/api/socios/76476503-6C/TopRubro 
2024-09-25 16:44:52.8622 loggerfile request https://localhost:44367/api/socios/76476503-6C/TopVentas 
2024-09-25 16:45:34.6075 loggerfile request https://localhost:44367/api/documentos/410171?doctipo=10 
2024-09-25 16:45:34.8490 loggerfile request https://localhost:44367/api/socios/76476503-6C/ 
2024-09-25 16:45:34.9528 loggerfile request https://localhost:44367/api/socios/propiedades 
2024-09-25 16:45:35.1710 loggerfile request https://localhost:44367/api/socios/76476503-6C/TopFamilia 
2024-09-25 16:45:35.2309 loggerfile request https://localhost:44367/api/socios/76476503-6C/TopRubro 
2024-09-25 16:45:35.2927 loggerfile request https://localhost:44367/api/socios/76476503-6C/TopVentas 
2024-09-25 16:46:21.1719 loggerfile request https://localhost:44367/api/documentos/410171?doctipo=10 
2024-09-25 16:46:21.9815 loggerfile request https://localhost:44367/api/socios/76476503-6C/ 
2024-09-25 16:46:22.0672 loggerfile request https://localhost:44367/api/socios/propiedades 
2024-09-25 16:46:22.2474 loggerfile request https://localhost:44367/api/socios/76476503-6C/TopFamilia 
2024-09-25 16:46:22.3321 loggerfile request https://localhost:44367/api/socios/76476503-6C/TopRubro 
2024-09-25 16:46:22.4447 loggerfile request https://localhost:44367/api/socios/76476503-6C/TopVentas 
2024-09-25 16:46:57.9077 loggerfile request https://localhost:44367/api/documentos/410171?doctipo=10 
2024-09-25 16:46:58.1467 loggerfile request https://localhost:44367/api/socios/76476503-6C/ 
2024-09-25 16:46:58.2265 loggerfile request https://localhost:44367/api/socios/propiedades 
2024-09-25 16:46:58.3631 loggerfile request https://localhost:44367/api/socios/76476503-6C/TopFamilia 
2024-09-25 16:46:58.4289 loggerfile request https://localhost:44367/api/socios/76476503-6C/TopRubro 
2024-09-25 16:46:58.4948 loggerfile request https://localhost:44367/api/socios/76476503-6C/TopVentas 
2024-09-25 16:52:05.4358 loggerfile request https://localhost:44367/api/documentos/410171?doctipo=10 
2024-09-25 16:52:05.7047 loggerfile request https://localhost:44367/api/socios/76476503-6C/ 
2024-09-25 16:52:05.8040 loggerfile request https://localhost:44367/api/socios/propiedades 
2024-09-25 16:52:05.9726 loggerfile request https://localhost:44367/api/socios/76476503-6C/TopFamilia 
2024-09-25 16:52:06.0404 loggerfile request https://localhost:44367/api/socios/76476503-6C/TopRubro 
2024-09-25 16:52:06.1411 loggerfile request https://localhost:44367/api/socios/76476503-6C/TopVentas 
2024-09-25 18:48:30.8386 loggerfile request https://localhost:44367/api/usuarios/list?idgrupo=COMERCIAL&idgrupo2= 
2024-09-25 18:48:32.2140 loggerfile request https://localhost:44367/api/documentos/list?doctipo=10&estado=&estadooperativo=&pendiente=-1&usuario=Admin&desde=2024-09-01&hasta=2024-09-25 
2024-09-25 18:50:06.8379 loggerfile request https://localhost:44367/api/documentos/410171?doctipo=10 
2024-09-25 18:50:07.4343 loggerfile request https://localhost:44367/api/socios/76476503-6C/ 
2024-09-25 18:50:07.5998 loggerfile request https://localhost:44367/api/socios/propiedades 
2024-09-25 18:50:08.0307 loggerfile request https://localhost:44367/api/socios/76476503-6C/TopFamilia 
2024-09-25 18:50:08.1151 loggerfile request https://localhost:44367/api/socios/76476503-6C/TopRubro 
2024-09-25 18:50:08.1959 loggerfile request https://localhost:44367/api/socios/76476503-6C/TopVentas 
2024-09-25 18:50:36.9143 loggerfile request https://localhost:44367/api/usuarios/list?idgrupo=COMERCIAL&idgrupo2= 
2024-09-25 18:50:36.9472 loggerfile request https://localhost:44367/api/documentos/list?doctipo=10&estado=&estadooperativo=&pendiente=-1&usuario=Admin&desde=2024-09-01&hasta=2024-09-25 
2024-09-25 18:50:39.5579 loggerfile request https://localhost:44367/api/documentos/410325?doctipo=10 
2024-09-25 18:50:40.1155 loggerfile request https://localhost:44367/api/socios/76874359-2C/ 
2024-09-25 18:50:40.2585 loggerfile request https://localhost:44367/api/socios/propiedades 
2024-09-25 18:50:40.4540 loggerfile request https://localhost:44367/api/socios/76874359-2C/TopFamilia 
2024-09-25 18:50:40.5493 loggerfile request https://localhost:44367/api/socios/76874359-2C/TopRubro 
2024-09-25 18:50:40.6749 loggerfile request https://localhost:44367/api/socios/76874359-2C/TopVentas 
2024-09-25 18:51:59.1815 loggerfile request https://localhost:44367/api/documentos/list?doctipo=10&estado=&estadooperativo=&pendiente=-1&usuario=&desde=2024-09-01&hasta=2024-09-25 
2024-09-25 18:52:21.7612 loggerfile request https://localhost:44367/api/socios/search?palabras=gustavo&usuario=Admin 
2024-09-25 18:52:33.8747 loggerfile request https://localhost:44367/api/usuarios/list?idgrupo=COMERCIAL&idgrupo2= 
2024-09-25 18:52:33.9305 loggerfile request https://localhost:44367/api/documentos/list?doctipo=10&estado=&estadooperativo=&pendiente=-1&usuario=Admin&desde=2024-09-01&hasta=2024-09-25 
2024-09-25 18:52:50.3978 loggerfile request https://localhost:44367/api/socios/search?palabras=gustavo&usuario=Admin 
2024-09-25 18:52:52.8738 loggerfile request https://localhost:44367/api/socios/13436067-4C/ 
2024-09-25 18:52:53.0294 loggerfile request https://localhost:44367/api/socios/propiedades 
2024-09-25 18:52:53.1820 loggerfile request https://localhost:44367/api/socios/13436067-4C/TopFamilia 
2024-09-25 18:52:53.2458 loggerfile request https://localhost:44367/api/socios/13436067-4C/TopRubro 
2024-09-25 18:52:53.3142 loggerfile request https://localhost:44367/api/socios/13436067-4C/TopVentas 
