2024-09-05 04:21:40.9088 loggerfile request https://localhost:44366/api/usuarios/list?idgrupo=COMERCIAL&idgrupo2= 
2024-09-05 04:21:42.8527 loggerfile request https://localhost:44366/api/documentos/list?doctipo=10&estado=&estadooperativo=&pendiente=-1&usuario=LESPINDOLA&desde=2024-09-01&hasta=2024-09-05 
2024-09-05 04:22:40.8365 loggerfile request https://localhost:44366/api/documentos/search?palabras=410161&vendedorcode=LESPINDOLA&doctipo=10&usuario=LESPINDOLA 
2024-09-05 04:23:08.3671 loggerfile request https://localhost:44366/api/socios/search?palabras=gustavo&usuario=LESPINDOLA 
2024-09-05 04:23:14.2306 loggerfile request https://localhost:44366/api/socios/search?palabras=gusta&usuario=LESPINDOLA 
2024-09-05 04:23:20.2681 loggerfile request https://localhost:44366/api/socios/search?palabras=gusta&usuario=LESPINDOLA 
2024-09-05 04:24:54.1715 loggerfile request https://localhost:44366/api/socios/propiedades 
2024-09-05 04:25:04.7125 loggerfile request https://localhost:44366/api/socios/search?palabras=gustavo&usuario=LESPINDOLA 
2024-09-05 04:27:22.3636 loggerfile request https://localhost:44366/api/socios/search?palabras=gustavo&usuario= 
2024-09-05 04:31:48.8294 loggerfile request https://localhost:44366/api/usuarios/list?idgrupo=COMERCIAL&idgrupo2= 
2024-09-05 04:31:48.8548 loggerfile request https://localhost:44366/api/documentos/list?doctipo=10&estado=&estadooperativo=&pendiente=-1&usuario=GMARTIN&desde=2024-09-01&hasta=2024-09-05 
2024-09-05 04:31:59.7444 loggerfile request https://localhost:44366/api/documentos/list?doctipo=10&estado=&estadooperativo=&pendiente=-1&usuario=&desde=2024-09-01&hasta=2024-09-05 
2024-09-05 04:32:02.4144 loggerfile request https://localhost:44366/api/documentos/410174?doctipo=10 
2024-09-05 04:32:03.7652 loggerfile request https://localhost:44366/api/socios/77048433-2C/ 
2024-09-05 04:32:04.1751 loggerfile request https://localhost:44366/api/socios/propiedades 
2024-09-05 04:32:04.4845 loggerfile request https://localhost:44366/api/socios/77048433-2C/TopFamilia 
2024-09-05 04:32:04.6299 loggerfile request https://localhost:44366/api/socios/77048433-2C/TopRubro 
2024-09-05 04:32:04.6963 loggerfile request https://localhost:44366/api/socios/77048433-2C/TopVentas 
2024-09-05 04:32:23.4406 loggerfile request https://localhost:44366/api/socios/search?palabras=gustavo&usuario=GMARTIN 
2024-09-05 04:51:04.9644 loggerfile request https://localhost:44366/api/usuarios/list?idgrupo=COMERCIAL&idgrupo2= 
2024-09-05 04:53:31.2592 loggerfile request https://localhost:44366/api/documentos/list?doctipo=10&estado=&estadooperativo=&pendiente=-1&usuario=GMARTIN&desde=2024-09-01&hasta=2024-09-05 
2024-09-05 04:53:45.8224 loggerfile request https://localhost:44366/api/usuarios/list?idgrupo=COMERCIAL&idgrupo2= 
2024-09-05 05:01:47.0211 loggerfile request https://localhost:44366/api/documentos/list?doctipo=10&estado=&estadooperativo=&pendiente=-1&usuario=&desde=2024-09-01&hasta=2024-09-05 
2024-09-05 05:01:54.2835 loggerfile request https://localhost:44366/api/usuarios/list?idgrupo=COMERCIAL&idgrupo2= 
2024-09-05 05:02:01.1006 loggerfile request https://localhost:44366/api/informes/seguimientooperacion?usuario=&fechaini=20240901&fechafin=20240905 
2024-09-05 05:02:14.5122 loggerfile request https://localhost:44366/api/informes/seguimientooperacion?usuario=HAVENDANO&fechaini=20240901&fechafin=20240905 
2024-09-05 05:02:18.1518 loggerfile request https://localhost:44366/api/informes/seguimientooperacion?usuario=KVICENCIO&fechaini=20240901&fechafin=20240905 
2024-09-05 05:02:22.7454 loggerfile request https://localhost:44366/api/informes/seguimientooperacion?usuario=LESPINDOLA&fechaini=20240901&fechafin=20240905 
2024-09-05 05:02:27.4188 loggerfile request https://localhost:44366/api/informes/seguimientooperacion?usuario=MMORALES&fechaini=20240901&fechafin=20240905 
2024-09-05 05:02:31.1087 loggerfile request https://localhost:44366/api/informes/seguimientooperacion?usuario=MGAIMER&fechaini=20240901&fechafin=20240905 
2024-09-05 05:02:35.3390 loggerfile request https://localhost:44366/api/informes/seguimientooperacion?usuario=VARANCIBIA&fechaini=20240901&fechafin=20240905 
2024-09-05 05:02:39.4410 loggerfile request https://localhost:44366/api/informes/seguimientooperacion?usuario=&fechaini=20240901&fechafin=20240905 
2024-09-05 05:03:16.8013 loggerfile request https://localhost:44366/api/informes/seguimientooperacion?usuario=&fechaini=20240904&fechafin=20240905 
2024-09-05 05:04:30.8831 loggerfile request https://localhost:44366/api/usuarios/list?idgrupo=CALIDAD&idgrupo2=CAMARA 
2024-09-05 05:04:30.9324 loggerfile request https://localhost:44366/api/documentos/list?bodegacode=TOLEDO&doctipo=10&estado=A&estadooperativo=PREP&vendedorcode=&fechaini=&fechafin= 
2024-09-05 05:04:31.0228 loggerfile request https://localhost:44366/api/documentos/list?bodegacode=TOLEDO&doctipo=16&estado=A&estadooperativo=&vendedorcode=&fechaini=&fechafin= 
2024-09-05 05:06:48.7255 loggerfile request https://localhost:44366/api/documentos/list?bodegacode=TOLEDO&doctipo=10&estado=A&estadooperativo=PREP&vendedorcode=&fechaini=&fechafin= 
2024-09-05 05:06:48.7850 loggerfile request https://localhost:44366/api/documentos/list?bodegacode=TOLEDO&doctipo=16&estado=A&estadooperativo=&vendedorcode=&fechaini=&fechafin= 
2024-09-05 05:06:54.6219 loggerfile request https://localhost:44366/api/documentos/410194?doctipo=10 
2024-09-05 05:07:27.4468 loggerfile request https://localhost:44366/api/documentos/410194?doctipo=10 
2024-09-05 05:09:44.2229 loggerfile request https://localhost:44366/api/productos/dim/animal 
2024-09-05 05:10:04.9296 loggerfile request https://localhost:44366/api/productos/dim/animal 
2024-09-05 05:10:05.2445 loggerfile request https://localhost:44366/api/productos/dim/animal 
2024-09-05 05:10:14.1997 loggerfile request https://localhost:44366/api/productos/dim/animal 
2024-09-05 05:10:14.4301 loggerfile request https://localhost:44366/api/productos/dim/animal 
2024-09-05 05:11:10.1288 loggerfile request https://localhost:44366/api/productos/dim/familia 
2024-09-05 05:11:27.8005 loggerfile request https://localhost:44366/api/productos/dim/familia 
2024-09-05 05:35:35.4243 loggerfile mensaje: Referencia a objeto no establecida como instancia de un objeto.. Data:    en Colonos.Manager.ManagerFamilia.Modify(String item) en D:\GitKraken\psb-romani\RomaniAPI\ColonosEndPoint\Colonos.Manager\Implement\Inventario\ManagerFamilia.cs:línea 67 
2024-09-05 05:35:36.0691 loggerfile request https://localhost:44366/api/productos/dim/familia 
2024-09-05 05:50:11.6907 loggerfile request https://localhost:44366/api/productos/dim/familia 
2024-09-05 05:50:29.4217 loggerfile request https://localhost:44366/api/productos/dim/familia 
2024-09-05 05:50:30.3856 loggerfile request https://localhost:44366/api/productos/dim/familia 
2024-09-05 05:50:41.2931 loggerfile request https://localhost:44366/api/productos/dim/familia 
2024-09-05 05:50:41.4030 loggerfile request https://localhost:44366/api/productos/dim/familia 
2024-09-05 05:55:32.3540 loggerfile request https://localhost:44366/api/bandejas/CRED?estado=0&visible=1 
2024-09-05 05:56:52.2959 loggerfile request https://localhost:44366/api/bandejas/PREC?estado=0&visible=1 
2024-09-05 05:56:55.6674 loggerfile request https://localhost:44366/api/usuarios/list?idgrupo=CALIDAD&idgrupo2=CAMARA 
2024-09-05 05:56:55.7709 loggerfile request https://localhost:44366/api/documentos/list?bodegacode=TOLEDO&doctipo=10&estado=A&estadooperativo=PREP&vendedorcode=&fechaini=&fechafin= 
2024-09-05 05:56:56.1323 loggerfile request https://localhost:44366/api/documentos/list?bodegacode=TOLEDO&doctipo=16&estado=A&estadooperativo=&vendedorcode=&fechaini=&fechafin= 
2024-09-05 05:57:04.2339 loggerfile request https://localhost:44366/api/documentos/list?bodegacode=TOLEDO&doctipo=10&estado=A&estadooperativo=PREP&vendedorcode=&fechaini=&fechafin= 
2024-09-05 05:57:04.3276 loggerfile request https://localhost:44366/api/documentos/list?bodegacode=TOLEDO&doctipo=16&estado=A&estadooperativo=&vendedorcode=&fechaini=&fechafin= 
2024-09-05 05:57:21.4669 loggerfile request https://localhost:44366/api/productos/bodegas 
2024-09-05 05:57:21.5909 loggerfile request https://localhost:44366/api/documentos/listpicking?bodegacode=TOLEDO&estado=A 
2024-09-05 05:57:26.9168 loggerfile request https://localhost:44366/api/usuarios/list?idgrupo=CALIDAD&idgrupo2=OPERADOR-PROD 
2024-09-05 05:57:26.9461 loggerfile request https://localhost:44366/api/documentos/list?bodegacode=PRODUCCION&doctipo=3010&estado=A&estadooperativo=&vendedorcode=&fechaini=&fechafin= 
2024-09-05 09:54:53.8154 loggerfile request https://localhost:44366/api/usuarios/list?idgrupo=CALIDAD&idgrupo2=CAMARA 
2024-09-05 09:54:56.3709 loggerfile request https://localhost:44366/api/documentos/list?bodegacode=TOLEDO&doctipo=10&estado=A&estadooperativo=PREP&vendedorcode=&fechaini=&fechafin= 
2024-09-05 09:54:56.8572 loggerfile request https://localhost:44366/api/documentos/list?bodegacode=TOLEDO&doctipo=16&estado=A&estadooperativo=&vendedorcode=&fechaini=&fechafin= 
2024-09-05 09:55:01.6552 loggerfile request https://localhost:44366/api/documentos/410249?doctipo=10 
2024-09-05 09:55:06.1753 loggerfile request https://localhost:44366/api/documentos/410249?doctipo=10 
2024-09-05 09:55:06.5010 loggerfile request https://localhost:44366/api/productos/AGANGV1119 
2024-09-05 09:55:06.8334 loggerfile request https://localhost:44366/api/productos/AGANGP1609 
2024-09-05 09:55:07.0410 loggerfile request https://localhost:44366/api/documentos 
2024-09-05 12:46:32.9584 loggerfile request https://localhost:44366/api/usuarios/list?idgrupo=CALIDAD&idgrupo2=CAMARA 
2024-09-05 12:46:36.6714 loggerfile request https://localhost:44366/api/documentos/list?bodegacode=TOLEDO&doctipo=10&estado=A&estadooperativo=PREP&vendedorcode=&fechaini=&fechafin= 
2024-09-05 12:46:37.7284 loggerfile request https://localhost:44366/api/documentos/list?bodegacode=TOLEDO&doctipo=16&estado=A&estadooperativo=&vendedorcode=&fechaini=&fechafin= 
2024-09-05 12:48:26.5305 loggerfile request https://localhost:44366/api/socios/propiedades 
2024-09-05 12:48:38.5048 loggerfile request https://localhost:44366/api/socios/search?palabras=&usuario=Admin 
2024-09-05 12:48:47.0249 loggerfile request https://localhost:44366/api/socios/search?palabras=teaco&usuario= 
2024-09-05 12:48:51.2714 loggerfile request https://localhost:44366/api/socios/search?palabras=tea co&usuario= 
2024-09-05 12:49:06.1622 loggerfile request https://localhost:44366/api/socios/76270296-7C/ 
2024-09-05 12:49:06.9368 loggerfile request https://localhost:44366/api/bandejas/CRED?sociocode=76270296-7C&top=0 
2024-09-05 12:49:14.8880 loggerfile request https://localhost:44366/api/socios/search?palabras=&usuario=Admin 
2024-09-05 12:49:23.3097 loggerfile request https://localhost:44366/api/socios/05745387-7C/ 
2024-09-05 12:49:23.4092 loggerfile request https://localhost:44366/api/bandejas/CRED?sociocode=05745387-7C&top=0 
2024-09-05 12:49:27.3011 loggerfile request https://localhost:44366/api/socios/search?palabras=&usuario=Admin 
2024-09-05 12:49:32.7501 loggerfile request https://localhost:44366/api/socios/03187437-8C/ 
2024-09-05 12:49:32.8507 loggerfile request https://localhost:44366/api/bandejas/CRED?sociocode=03187437-8C&top=0 
2024-09-05 12:49:34.7513 loggerfile request https://localhost:44366/api/socios/search?palabras=&usuario=Admin 
2024-09-05 12:50:30.0838 loggerfile request https://localhost:44366/api/socios/03432047-0C/ 
2024-09-05 12:50:30.2478 loggerfile request https://localhost:44366/api/bandejas/CRED?sociocode=03432047-0C&top=0 
2024-09-05 12:50:34.5123 loggerfile request https://localhost:44366/api/socios/search?palabras=&usuario=Admin 
2024-09-05 12:50:40.6318 loggerfile request https://localhost:44366/api/socios/03432047-0C/ 
2024-09-05 12:50:40.7634 loggerfile request https://localhost:44366/api/bandejas/CRED?sociocode=03432047-0C&top=0 
2024-09-05 12:51:26.7386 loggerfile request https://localhost:44366/api/socios/search?palabras=&usuario=Admin 
2024-09-05 12:51:36.5761 loggerfile request https://localhost:44366/api/socios/03187437-8C/ 
2024-09-05 12:51:36.6805 loggerfile request https://localhost:44366/api/bandejas/CRED?sociocode=03187437-8C&top=0 
2024-09-05 12:54:26.4792 loggerfile request https://localhost:44366/api/socios/search?palabras=&usuario=Admin 
2024-09-05 12:55:12.9558 loggerfile request https://localhost:44366/api/socios/03432047-0C/ 
2024-09-05 12:55:40.5251 loggerfile request https://localhost:44366/api/bandejas/CRED?sociocode=03432047-0C&top=0 
2024-09-05 12:55:46.9032 loggerfile request https://localhost:44366/api/socios/search?palabras=&usuario=Admin 
2024-09-05 12:55:55.0645 loggerfile request https://localhost:44366/api/socios/03187437-8C/ 
2024-09-05 12:56:09.3367 loggerfile request https://localhost:44366/api/bandejas/CRED?sociocode=03187437-8C&top=0 
2024-09-05 12:56:13.0205 loggerfile request https://localhost:44366/api/socios/search?palabras=&usuario=Admin 
2024-09-05 12:56:22.9051 loggerfile request https://localhost:44366/api/socios/05013406-7C/ 
2024-09-05 12:56:35.0974 loggerfile request https://localhost:44366/api/bandejas/CRED?sociocode=05013406-7C&top=0 
2024-09-05 12:56:38.3576 loggerfile request https://localhost:44366/api/socios/search?palabras=&usuario=Admin 
2024-09-05 12:56:50.7694 loggerfile request https://localhost:44366/api/socios/07102803-8C/ 
2024-09-05 12:57:10.4612 loggerfile request https://localhost:44366/api/bandejas/CRED?sociocode=07102803-8C&top=0 
2024-09-05 12:57:17.5196 loggerfile request https://localhost:44366/api/socios/07102803-8C/ 
2024-09-05 12:57:18.6929 loggerfile request https://localhost:44366/api/socios 
2024-09-05 12:57:28.8389 loggerfile request https://localhost:44366/api/socios/07102803-8C/ 
2024-09-05 12:57:30.3868 loggerfile request https://localhost:44366/api/bandejas/CRED?sociocode=07102803-8C&top=0 
2024-09-05 12:58:02.3887 loggerfile request https://localhost:44366/api/socios/search?palabras=&usuario=Admin 
2024-09-05 12:58:14.7822 loggerfile request https://localhost:44366/api/socios/08820470-0C/ 
2024-09-05 13:00:19.9525 loggerfile request https://localhost:44366/api/bandejas/CRED?sociocode=08820470-0C&top=0 
2024-09-05 13:00:27.9983 loggerfile request https://localhost:44366/api/socios/08416099-7C/ 
2024-09-05 13:00:31.5359 loggerfile request https://localhost:44366/api/bandejas/CRED?sociocode=08416099-7C&top=0 
2024-09-05 13:01:33.7063 loggerfile request https://localhost:44366/api/socios/search?palabras=&usuario=Admin 
2024-09-05 13:01:41.4067 loggerfile request https://localhost:44366/api/socios/search?palabras=05473959-1&usuario= 
2024-09-05 13:01:53.6513 loggerfile request https://localhost:44366/api/socios/search?palabras=5473959&usuario= 
2024-09-05 13:02:10.0663 loggerfile request https://localhost:44366/api/socios/search?palabras=SONIA DEL CARMEN ROCO ROJAS&usuario= 
2024-09-05 13:02:19.4727 loggerfile request https://localhost:44366/api/socios/search?palabras=SONIA car&usuario= 
2024-09-05 13:02:46.0147 loggerfile request https://localhost:44366/api/socios/search?palabras=YUNU YU&usuario= 
2024-09-05 13:03:00.0143 loggerfile request https://localhost:44366/api/socios/12.046.884-7C/ 
2024-09-05 13:03:14.4940 loggerfile request https://localhost:44366/api/bandejas/CRED?sociocode=12.046.884-7C&top=0 
2024-09-05 13:06:35.1966 loggerfile request https://localhost:44366/api/socios/search?palabras=&usuario=Admin 
2024-09-05 13:06:49.5614 loggerfile request https://localhost:44366/api/socios/search?palabras=tea con&usuario= 
2024-09-05 13:07:01.1825 loggerfile request https://localhost:44366/api/socios/76270296-7C/ 
2024-09-05 13:07:03.0300 loggerfile request https://localhost:44366/api/bandejas/CRED?sociocode=76270296-7C&top=0 
2024-09-05 13:07:08.2000 loggerfile request https://localhost:44366/api/socios/search?palabras=&usuario=Admin 
2024-09-05 13:07:17.5270 loggerfile request https://localhost:44366/api/socios/search?palabras=77.605.302-3C&usuario= 
2024-09-05 13:07:27.2760 loggerfile request https://localhost:44366/api/socios/77.605.302-3C/ 
2024-09-05 13:07:29.7988 loggerfile request https://localhost:44366/api/bandejas/CRED?sociocode=77.605.302-3C&top=0 
2024-09-05 13:12:36.3181 loggerfile request https://localhost:44366/api/socios/search?palabras=&usuario=Admin 
2024-09-05 13:15:05.3395 loggerfile request https://localhost:44366/api/socios/03187437-8C/ 
2024-09-05 13:15:08.1906 loggerfile request https://localhost:44366/api/bandejas/CRED?sociocode=03187437-8C&top=0 
2024-09-05 13:15:18.7323 loggerfile request https://localhost:44366/api/socios/ 77140150-3C/ 
2024-09-05 13:15:20.4984 loggerfile request https://localhost:44366/api/bandejas/CRED?sociocode= 77140150-3C&top=0 
2024-09-05 13:15:23.7596 loggerfile request https://localhost:44366/api/socios/search?palabras=&usuario=Admin 
2024-09-05 13:15:33.0148 loggerfile request https://localhost:44366/api/socios/03187437-8C/ 
2024-09-05 13:15:35.1398 loggerfile request https://localhost:44366/api/bandejas/CRED?sociocode=03187437-8C&top=0 
2024-09-05 13:15:38.1209 loggerfile request https://localhost:44366/api/socios/search?palabras=&usuario=Admin 
2024-09-05 13:15:48.6733 loggerfile request https://localhost:44366/api/socios/03432047-0C/ 
2024-09-05 13:15:50.4114 loggerfile request https://localhost:44366/api/bandejas/CRED?sociocode=03432047-0C&top=0 
2024-09-05 13:15:53.4149 loggerfile request https://localhost:44366/api/socios/search?palabras=&usuario=Admin 
2024-09-05 13:16:02.0829 loggerfile request https://localhost:44366/api/socios/03616213-9C/ 
2024-09-05 13:16:03.5051 loggerfile request https://localhost:44366/api/bandejas/CRED?sociocode=03616213-9C&top=0 
2024-09-05 13:16:07.5851 loggerfile request https://localhost:44366/api/socios/search?palabras=&usuario=Admin 
2024-09-05 13:16:16.7865 loggerfile request https://localhost:44366/api/socios/04486019-8C/ 
2024-09-05 13:16:18.4065 loggerfile request https://localhost:44366/api/bandejas/CRED?sociocode=04486019-8C&top=0 
2024-09-05 13:16:21.2564 loggerfile request https://localhost:44366/api/socios/search?palabras=&usuario=Admin 
2024-09-05 13:16:27.4248 loggerfile request https://localhost:44366/api/socios/05013406-7C/ 
2024-09-05 13:16:31.7806 loggerfile request https://localhost:44366/api/bandejas/CRED?sociocode=05013406-7C&top=0 
2024-09-05 13:16:34.1537 loggerfile request https://localhost:44366/api/socios/search?palabras=&usuario=Admin 
2024-09-05 13:16:41.1580 loggerfile request https://localhost:44366/api/socios/05077238-1C/ 
2024-09-05 13:16:42.8590 loggerfile request https://localhost:44366/api/bandejas/CRED?sociocode=05077238-1C&top=0 
2024-09-05 13:16:46.5399 loggerfile request https://localhost:44366/api/socios/search?palabras=&usuario=Admin 
2024-09-05 13:54:19.6974 loggerfile request https://localhost:44366/api/documentos/list?doctipo=10&estado=A&estadooperativo=PREP&pendiente=1&usuario=&desde=&hasta= 
2024-09-05 13:55:06.7460 loggerfile request https://localhost:44366/api/socios/propiedades 
2024-09-05 13:55:23.4813 loggerfile request https://localhost:44366/api/socios/search?palabras=&usuario=Admin 
2024-09-05 13:55:27.0838 loggerfile request https://localhost:44366/api/socios/ 77140150-3C/ 
2024-09-05 13:55:30.2111 loggerfile request https://localhost:44366/api/bandejas/CRED?sociocode= 77140150-3C&top=0 
2024-09-05 13:55:32.9930 loggerfile request https://localhost:44366/api/socios/search?palabras=&usuario=Admin 
2024-09-05 13:55:36.7947 loggerfile request https://localhost:44366/api/socios/03187437-8C/ 
2024-09-05 13:55:40.8233 loggerfile request https://localhost:44366/api/bandejas/CRED?sociocode=03187437-8C&top=0 
2024-09-05 13:55:43.6208 loggerfile request https://localhost:44366/api/socios/search?palabras=&usuario=Admin 
2024-09-05 13:55:47.6366 loggerfile request https://localhost:44366/api/socios/03432047-0C/ 
2024-09-05 13:55:49.0105 loggerfile request https://localhost:44366/api/bandejas/CRED?sociocode=03432047-0C&top=0 
2024-09-05 13:55:51.8636 loggerfile request https://localhost:44366/api/socios/search?palabras=&usuario=Admin 
2024-09-05 13:55:55.8951 loggerfile request https://localhost:44366/api/socios/03616213-9C/ 
2024-09-05 13:55:57.8183 loggerfile request https://localhost:44366/api/bandejas/CRED?sociocode=03616213-9C&top=0 
2024-09-05 13:56:00.4911 loggerfile request https://localhost:44366/api/socios/search?palabras=&usuario=Admin 
2024-09-05 13:56:04.4774 loggerfile request https://localhost:44366/api/socios/04486019-8C/ 
2024-09-05 13:56:07.7526 loggerfile request https://localhost:44366/api/bandejas/CRED?sociocode=04486019-8C&top=0 
2024-09-05 13:56:10.2441 loggerfile request https://localhost:44366/api/socios/search?palabras=&usuario=Admin 
2024-09-05 13:56:14.0235 loggerfile request https://localhost:44366/api/socios/05521259-7C/ 
2024-09-05 13:56:15.3090 loggerfile request https://localhost:44366/api/bandejas/CRED?sociocode=05521259-7C&top=0 
2024-09-05 13:56:18.3448 loggerfile request https://localhost:44366/api/socios/search?palabras=&usuario=Admin 
2024-09-05 13:56:21.8558 loggerfile request https://localhost:44366/api/socios/05635895-1C/ 
2024-09-05 13:56:22.9384 loggerfile request https://localhost:44366/api/bandejas/CRED?sociocode=05635895-1C&top=0 
2024-09-05 13:56:30.5506 loggerfile request https://localhost:44366/api/socios/search?palabras=&usuario=Admin 
2024-09-05 13:56:34.3080 loggerfile request https://localhost:44366/api/socios/06116172-4C/ 
2024-09-05 13:56:36.5832 loggerfile request https://localhost:44366/api/bandejas/CRED?sociocode=06116172-4C&top=0 
2024-09-05 13:57:18.7189 loggerfile request https://localhost:44366/api/socios/search?palabras=&usuario=Admin 
2024-09-05 13:57:22.4208 loggerfile request https://localhost:44366/api/socios/05077238-1C/ 
2024-09-05 13:57:22.5180 loggerfile request https://localhost:44366/api/bandejas/CRED?sociocode=05077238-1C&top=0 
2024-09-05 14:02:58.6535 loggerfile request https://localhost:44366/api/documentos/list?doctipo=10&estado=A&estadooperativo=PREP&pendiente=1&usuario=&desde=&hasta= 
