2024-11-04 03:05:56.9193 loggerfile request https://localhost:44367/api/informes/resumenpedidosdeldia?fecha=20241020 
2024-11-04 03:08:20.5089 loggerfile request https://localhost:44367/api/informes/resumenpedidosdeldia?fecha=20241020 
2024-11-04 03:10:42.0478 loggerfile request https://localhost:44367/api/informes/resumenpedidosdeldia?fecha=2024-10-20 
2024-11-04 03:11:14.0279 loggerfile request https://localhost:44367/api/informes/resumenpedidosdeldia?fecha=2024-10-19 
2024-11-04 03:45:34.7899 loggerfile request https://localhost:44367/api/informes/resumenpedidosdeldia?fecha2024-11-04 
2024-11-04 03:45:38.1347 loggerfile request https://localhost:44367/api/informes/resumenpedidosdeldia?fecha2024-11-04 
2024-11-04 03:45:39.2200 loggerfile request https://localhost:44367/api/informes/resumenpedidosdeldia?fecha2024-11-04 
2024-11-04 03:45:43.4743 loggerfile request https://localhost:44367/api/informes/resumenpedidosdeldia?fecha2024-10-31 
2024-11-04 03:45:49.4063 loggerfile request https://localhost:44367/api/informes/resumenpedidosdeldia?fecha2024-10-09 
2024-11-04 03:45:57.0358 loggerfile request https://localhost:44367/api/informes/resumenpedidosdeldia?fecha2024-09-02 
2024-11-04 03:47:31.6885 loggerfile request https://localhost:44367/api/informes/resumenpedidosdeldia?fecha=2024-09-02 
2024-11-04 03:47:59.2738 loggerfile request https://localhost:44367/api/informes/resumenpedidosdeldia?fecha=2024-09-02 
2024-11-04 03:49:09.9240 loggerfile request https://localhost:44367/api/informes/resumenpedidosdeldia?fecha=2024-10-29 
2024-11-04 03:50:11.5362 loggerfile request https://localhost:44367/api/informes/resumenpedidosdeldia?fecha=2024-10-30 
2024-11-04 03:54:25.5507 loggerfile request https://localhost:44367/api/informes/resumenpedidosdeldia?fecha=2024-10-30 
2024-11-04 03:54:46.4048 loggerfile request https://localhost:44367/api/informes/resumenpedidosdeldia?fecha=2024-10-28 
2024-11-04 03:56:01.6366 loggerfile request https://localhost:44367/api/informes/resumenpedidosdeldia?fecha=2024-10-28 
2024-11-04 04:01:06.9249 loggerfile request https://localhost:44367/api/informes/resumenpedidosdeldia?fecha=2024-10-28 
2024-11-04 04:05:09.5910 loggerfile request https://localhost:44367/api/informes/resumenpedidosdeldia?fecha=2024-10-28 
2024-11-04 04:07:44.7698 loggerfile request https://localhost:44367/api/informes/resumenpedidosdeldia?fecha=2024-10-28 
2024-11-04 04:08:24.9431 loggerfile request https://localhost:44367/api/informes/resumenpedidosdeldia?fecha=2024-10-28 
2024-11-04 04:17:46.1972 loggerfile request https://localhost:44367/api/informes/resumenpedidosdeldia?fecha=2024-10-28 
2024-11-04 04:24:46.3962 loggerfile request https://localhost:44367/api/informes/resumenpedidosdeldia?fecha=2024-10-28 
2024-11-04 04:27:28.2244 loggerfile request https://localhost:44367/api/informes/resumenpedidosdeldia?fecha=2024-10-28 
2024-11-04 04:31:24.3819 loggerfile request https://localhost:44367/api/informes/resumenpedidosdeldia?fecha=2024-10-28 
2024-11-04 04:33:25.8237 loggerfile request https://localhost:44367/api/informes/resumenpedidosdeldia?fecha=2024-10-28 
2024-11-04 04:34:20.6637 loggerfile request https://localhost:44367/api/usuarios/list?idgrupo=COMERCIAL&idgrupo2= 
2024-11-04 04:34:26.8238 loggerfile request https://localhost:44367/api/informes/seguimientooperacion?usuario=Admin&fechaini=20241101&fechafin=20241104 
2024-11-04 04:34:32.4165 loggerfile request https://localhost:44367/api/informes/seguimientooperacion?usuario=Admin&fechaini=20241028&fechafin=20241104 
2024-11-04 04:36:23.7840 loggerfile request https://localhost:44367/api/informes/seguimientooperacion?usuario=Admin&fechaini=20241028&fechafin=20241104 
2024-11-04 04:36:24.3108 loggerfile request https://localhost:44367/api/informes/seguimientooperacion?usuario=Admin&fechaini=20241028&fechafin=20241104 
2024-11-04 04:37:13.0459 loggerfile request https://localhost:44367/api/usuarios/list?idgrupo=COMERCIAL&idgrupo2= 
2024-11-04 04:37:24.0401 loggerfile request https://localhost:44367/api/usuarios/list?idgrupo=COMERCIAL&idgrupo2= 
2024-11-04 04:37:44.8566 loggerfile request https://localhost:44367/api/usuarios/list?idgrupo=COMERCIAL&idgrupo2= 
2024-11-04 04:37:50.8043 loggerfile request https://localhost:44367/api/usuarios/list?idgrupo=COMERCIAL&idgrupo2= 
2024-11-04 04:37:50.8786 loggerfile request https://localhost:44367/api/documentos/list?doctipo=10&estado=&estadooperativo=&pendiente=-1&usuario=Admin&desde=2024-11-01&hasta=2024-11-04 
2024-11-04 04:37:54.3335 loggerfile request https://localhost:44367/api/usuarios/list?idgrupo=COMERCIAL&idgrupo2= 
2024-11-04 04:38:09.8193 loggerfile request https://localhost:44367/api/usuarios/list?idgrupo=COMERCIAL&idgrupo2= 
2024-11-04 04:38:28.0092 loggerfile request https://localhost:44367/api/usuarios/list?idgrupo=COMERCIAL&idgrupo2= 
2024-11-04 04:39:28.0513 loggerfile request https://localhost:44367/api/informes/resumenpedidosdeldia?fecha=2024-11-04 
2024-11-04 04:40:03.1940 loggerfile request https://localhost:44367/api/informes/resumenpedidosdeldia?fecha=2024-10-30 
2024-11-04 05:12:45.1771 loggerfile request https://localhost:44367/api/informes/resumenpedidosdeldia?fecha=2024-11-04 
2024-11-04 05:13:42.6958 loggerfile request https://localhost:44367/api/informes/resumenpedidosdeldia?fecha=2024-11-04 
