2024-11-25 03:16:47.3147 loggerfile request https://localhost:44367/api/socios/propiedades 
2024-11-25 03:17:34.3783 loggerfile request https://localhost:44367/api/socios/propiedades 
2024-11-25 03:17:40.1730 loggerfile request https://localhost:44367/api/socios/search?palabras=06691323-6C&usuario=Admin 
2024-11-25 03:17:44.4984 loggerfile request https://localhost:44367/api/socios/06691323-6C/ 
2024-11-25 03:17:45.8117 loggerfile request https://localhost:44367/api/bandejas/CRED?sociocode=06691323-6C&top=0 
2024-11-25 03:19:08.2648 loggerfile request https://localhost:44367/api/socios/06691323-6C/ 
2024-11-25 03:19:08.3878 loggerfile request https://localhost:44367/api/socios 
2024-11-25 03:19:09.9272 loggerfile request https://localhost:44367/api/socios/06691323-6C/ 
2024-11-25 03:19:10.0809 loggerfile request https://localhost:44367/api/bandejas/CRED?sociocode=06691323-6C&top=0 
2024-11-25 03:19:51.7395 loggerfile request https://localhost:44367/api/socios/06691323-6C/ 
2024-11-25 03:19:51.8200 loggerfile request https://localhost:44367/api/socios 
2024-11-25 03:19:52.0954 loggerfile request https://localhost:44367/api/socios/06691323-6C/ 
2024-11-25 03:19:52.1892 loggerfile request https://localhost:44367/api/bandejas/CRED?sociocode=06691323-6C&top=0 
2024-11-25 03:22:05.1902 loggerfile request https://localhost:44367/api/socios/06691323-6C/ 
2024-11-25 03:22:05.2986 loggerfile request https://localhost:44367/api/socios 
2024-11-25 03:22:05.5505 loggerfile request https://localhost:44367/api/socios/06691323-6C/ 
2024-11-25 03:22:05.6520 loggerfile request https://localhost:44367/api/bandejas/CRED?sociocode=06691323-6C&top=0 
2024-11-25 03:24:13.2537 loggerfile request https://localhost:44367/api/socios/search?palabras=13232887-0C&usuario=Admin 
2024-11-25 03:24:15.7290 loggerfile request https://localhost:44367/api/socios/13232887-0C/ 
2024-11-25 03:24:15.8891 loggerfile request https://localhost:44367/api/bandejas/CRED?sociocode=13232887-0C&top=0 
2024-11-25 03:24:46.2732 loggerfile request https://localhost:44367/api/socios/13232887-0C/ 
2024-11-25 03:24:46.3401 loggerfile request https://localhost:44367/api/socios 
2024-11-25 03:24:46.6045 loggerfile request https://localhost:44367/api/socios/13232887-0C/ 
2024-11-25 03:24:46.6992 loggerfile request https://localhost:44367/api/bandejas/CRED?sociocode=13232887-0C&top=0 
2024-11-25 05:37:11.5938 loggerfile request https://localhost:44367/api/usuarios/list?idgrupo=COMERCIAL&idgrupo2= 
2024-11-25 05:37:11.9131 loggerfile request https://localhost:44367/api/documentos/list?doctipo=10&estado=&estadooperativo=&pendiente=-1&usuario=Admin&desde=2024-11-01&hasta=2024-11-25 
2024-11-25 05:37:23.0133 loggerfile request https://localhost:44367/api/usuarios/list?idgrupo=COMERCIAL&idgrupo2= 
2024-11-25 05:37:23.0963 loggerfile request https://localhost:44367/api/documentos/list?doctipo=10&estado=&estadooperativo=&pendiente=-1&usuario=Admin&desde=2024-11-01&hasta=2024-11-25 
2024-11-25 05:37:37.2528 loggerfile request https://localhost:44367/api/documentos/list?doctipo=10&estado=&estadooperativo=&pendiente=-1&usuario=&desde=2024-11-11&hasta=2024-11-22 
2024-11-25 05:57:36.0889 loggerfile request https://localhost:44367/api/documentos/list?doctipo=10&estado=&estadooperativo=&pendiente=-1&usuario=&desde=2024-11-11&hasta=2024-11-22 
2024-11-25 05:57:52.9556 loggerfile request https://localhost:44367/api/usuarios/list?idgrupo=COMERCIAL&idgrupo2= 
2024-11-25 05:58:03.1701 loggerfile request https://localhost:44367/api/informes/seguimientooperacion?usuario=&fechaini=20241118&fechafin=20241125 
