2025-01-03 03:18:58.4945 loggerfile request https://localhost:44367/api/vehiculos 
2025-01-03 03:18:58.8883 loggerfile Drivin ExecuteGet. url: https://external.driv.in/api/external/v2/vehicles 
2025-01-03 03:18:58.8883 loggerfile X-API-Key: 518d4333-9d1a-4f03-b17a-9ca3e323a1af 
2025-01-03 03:19:02.2301 loggerfile Drivin ExecuteGet. response.Content: OK {"status":"OK","response":[{"id":10418162,"code":"AVILLARREAL","description":null,"detail":null,"model":null,"year":null,"peoneta_id":null,"assistant_2_id":null,"assistant_3_id":null,"device_number":"","priority":1,"custom_1":null,"custom_2":null,"kinesis_redirect":false,"is_active":true,"capacity_1":1800.0,"capacity_2":0.0,"capacity_3":0.0,"capacity_4":null,"shift_start":"2000-01-01T07:00:00.000Z","shift_end":"2000-01-01T22:00:00.000Z","reload_time":0,"speed_factor":0.0,"days":"1,1,1,1,1,0,0","driver":{"email":"avillarreal@loscolonosdelnorte.cl","first_name":"Avillarreal","last_name":"41","phone":"","dni":null},"tags":[],"cost_allocation_tags":[],"device_type":"drivin_app","vehicle_tpye":null,"fleets":"COLONOS"},{"id":10417525,"code":"CCERPA","description":null,"detail":null,"model":null,"year":null,"peoneta_id":null,"assistant_2_id":null,"assistant_3_id":null,"device_number":"","priority":1,"custom_1":null,"custom_2":null,"kinesis_redirect":false,"is_active":true,"capacity_1":1800.0,"capacity_2":0.0,"capacity_3":0.0,"capacity_4":null,"shift_start":"2000-01-01T07:00:00.000Z","shift_end":"2000-01-01T22:00:00.000Z","reload_time":0,"speed_factor":0.0,"days":"1,1,1,1,1,0,0","driver":{"email":"ccerpa@loscolonosdelnorte.cl","first_name":"Ccerpa","last_name":"51","phone":"","dni":null},"tags":[],"cost_allocation_tags":[],"device_type":"drivin_app","vehicle_tpye":null,"fleets":"COLONOS"},{"id":10457148,"code":"CCERPA2","description":null,"detail":null,"model":null,"year":null,"peoneta_id":null,"assistant_2_id":null,"assistant_3_id":null,"device_number":"","priority":1,"custom_1":null,"custom_2":null,"kinesis_redirect":false,"is_active":true,"capacity_1":4000.0,"capacity_2":0.0,"capacity_3":0.0,"capacity_4":null,"shift_start":"2000-01-01T07:00:00.000Z","shift_end":"2000-01-01T23:59:00.000Z","reload_time":0,"speed_factor":0.0,"days":"1,1,1,1,1,0,0","driver":{"email":"ccerpa2@loscolonosdelnorte.cl","first_name":"Ccerpa2","last_name":"30","phone":"","dni":null},"tags":[],"cost_allocation_tags":[],"device_type":"drivin_app","vehicle_tpye":null,"fleets":"COLONOS"},{"id":10424777,"code":"EDGAR","description":null,"detail":null,"model":null,"year":null,"peoneta_id":null,"assistant_2_id":null,"assistant_3_id":null,"device_number":"","priority":1,"custom_1":null,"custom_2":null,"kinesis_redirect":false,"is_active":true,"capacity_1":3000.0,"capacity_2":0.0,"capacity_3":0.0,"capacity_4":null,"shift_start":"2000-01-01T07:00:00.000Z","shift_end":"2000-01-01T23:59:00.000Z","reload_time":0,"speed_factor":0.0,"days":"1,1,1,1,1,0,0","driver":{"email":"edgar@loscolonosdelnorte.cl","first_name":"Edgar","last_name":"87","phone":"","dni":null},"tags":[],"cost_allocation_tags":[],"device_type":"drivin_app","vehicle_tpye":null,"fleets":"COLONOS"},{"id":10417502,"code":"EOJEDA","description":null,"detail":null,"model":null,"year":null,"peoneta_id":null,"assistant_2_id":null,"assistant_3_id":null,"device_number":"","priority":1,"custom_1":null,"custom_2":null,"kinesis_redirect":false,"is_active":true,"capacity_1":4000.0,"capacity_2":0.0,"capacity_3":0.0,"capacity_4":null,"shift_start":"2000-01-01T07:00:00.000Z","shift_end":"2000-01-01T22:00:00.000Z","reload_time":0,"speed_factor":0.0,"days":"1,1,1,1,1,0,0","driver":{"email":"eojeda@loscolonosdelnorte.cl","first_name":"Eojeda","last_name":"47","phone":"","dni":null},"tags":[],"cost_allocation_tags":[],"device_type":"drivin_app","vehicle_tpye":null,"fleets":"COLONOS"},{"id":10410229,"code":"HRUBIO","description":null,"detail":null,"model":null,"year":null,"peoneta_id":null,"assistant_2_id":null,"assistant_3_id":null,"device_number":"","priority":1,"custom_1":null,"custom_2":null,"kinesis_redirect":false,"is_active":false,"capacity_1":3000.0,"capacity_2":0.0,"capacity_3":0.0,"capacity_4":null,"shift_start":"2000-01-01T07:00:00.000Z","shift_end":"2000-01-01T22:00:00.000Z","reload_time":0,"speed_factor":0.0,"days":"1,1,1,1,1,0,0","driver":{"email":"hrubio@loscolonosdelnorte.cl","first_name":"Hans","last_name":"Rubio","phone":"","dni":null},"tags":[],"cost_allocation_tags":[],"device_type":"drivin_app","vehicle_tpye":null,"fleets":"COLONOS"},{"id":10417524,"code":"HVERGARA","description":null,"detail":null,"model":null,"year":null,"peoneta_id":null,"assistant_2_id":null,"assistant_3_id":null,"device_number":"","priority":1,"custom_1":null,"custom_2":null,"kinesis_redirect":false,"is_active":true,"capacity_1":3000.0,"capacity_2":0.0,"capacity_3":0.0,"capacity_4":null,"shift_start":"2000-01-01T07:00:00.000Z","shift_end":"2000-01-01T22:00:00.000Z","reload_time":0,"speed_factor":0.0,"days":"1,1,1,1,1,0,0","driver":{"email":"hvergara@loscolonosdelnorte.cl","first_name":"Hvergara","last_name":"60","phone":"","dni":null},"tags":[],"cost_allocation_tags":[],"device_type":"drivin_app","vehicle_tpye":null,"fleets":"COLONOS"},{"id":10417527,"code":"JMOLINA","description":null,"detail":null,"model":null,"year":null,"peoneta_id":null,"assistant_2_id":null,"assistant_3_id":null,"device_number":"","priority":1,"custom_1":null,"custom_2":null,"kinesis_redirect":false,"is_active":true,"capacity_1":3000.0,"capacity_2":0.0,"capacity_3":0.0,"capacity_4":null,"shift_start":"2000-01-01T07:00:00.000Z","shift_end":"2000-01-01T22:00:00.000Z","reload_time":0,"speed_factor":0.0,"days":"1,1,1,1,1,0,0","driver":{"email":"jmolina@loscolonosdelnorte.cl","first_name":"Jmolina","last_name":"90","phone":"","dni":null},"tags":[],"cost_allocation_tags":[],"device_type":"drivin_app","vehicle_tpye":null,"fleets":"COLONOS"},{"id":10417521,"code":"QS","description":null,"detail":null,"model":null,"year":null,"peoneta_id":null,"assistant_2_id":null,"assistant_3_id":null,"device_number":"","priority":1,"custom_1":null,"custom_2":null,"kinesis_redirect":false,"is_active":true,"capacity_1":3000.0,"capacity_2":0.0,"capacity_3":0.0,"capacity_4":null,"shift_start":"2000-01-01T07:00:00.000Z","shift_end":"2000-01-01T22:00:00.000Z","reload_time":0,"speed_factor":0.0,"days":"1,1,1,1,1,0,0","driver":{"email":"qs@loscolonosdelnorte.cl","first_name":"QS","last_name":"","phone":"","dni":null},"tags":[],"cost_allocation_tags":[],"device_type":"drivin_app","vehicle_tpye":null,"fleets":"COLONOS"},{"id":10417522,"code":"SRIOS1","description":null,"detail":null,"model":null,"year":null,"peoneta_id":null,"assistant_2_id":null,"assistant_3_id":null,"device_number":"","priority":1,"custom_1":null,"custom_2":null,"kinesis_redirect":false,"is_active":false,"capacity_1":3000.0,"capacity_2":0.0,"capacity_3":0.0,"capacity_4":null,"shift_start":"2000-01-01T07:00:00.000Z","shift_end":"2000-01-01T22:00:00.000Z","reload_time":0,"speed_factor":0.0,"days":"1,1,1,1,1,0,0","driver":{"email":"srios1@loscolonosdelnorte.cl","first_name":"SEBASTIAN","last_name":"RIOS 1","phone":"","dni":null},"tags":[],"cost_allocation_tags":[],"device_type":"drivin_app","vehicle_tpye":null,"fleets":"COLONOS"},{"id":10417523,"code":"SRIOS2","description":null,"detail":null,"model":null,"year":null,"peoneta_id":null,"assistant_2_id":null,"assistant_3_id":null,"device_number":"","priority":1,"custom_1":null,"custom_2":null,"kinesis_redirect":false,"is_active":false,"capacity_1":3000.0,"capacity_2":0.0,"capacity_3":0.0,"capacity_4":null,"shift_start":"2000-01-01T06:00:00.000Z","shift_end":"2000-01-01T23:00:00.000Z","reload_time":0,"speed_factor":0.0,"days":"1,1,1,1,1,0,0","driver":{"email":"srios2@loscolonosdelnorte.cl","first_name":"SEBASTIAN","last_name":"RIOS 2","phone":"","dni":null},"tags":[],"cost_allocation_tags":[],"device_type":"drivin_app","vehicle_tpye":null,"fleets":"COLONOS"},{"id":10619784,"code":"TFEMOTRI","description":null,"detail":null,"model":null,"year":null,"peoneta_id":null,"assistant_2_id":null,"assistant_3_id":null,"device_number":"","priority":1,"custom_1":null,"custom_2":null,"kinesis_redirect":false,"is_active":true,"capacity_1":3000.0,"capacity_2":0.0,"capacity_3":0.0,"capacity_4":null,"shift_start":"2000-01-01T00:00:00.000Z","shift_end":"2000-01-01T23:59:00.000Z","reload_time":0,"speed_factor":0.0,"days":"1,1,1,1,1,0,0","driver":{"email":"tfemotri@loscolonosdelnorte.cl","first_name":"TFEMOTRI 23","last_name":"","phone":"","dni":"TFEMOTRI"},"tags":[],"cost_allocation_tags":[],"device_type":"drivin_app","vehicle_tpye":null,"fleets":"COLONOS"},{"id":10677811,"code":"TGiron20","description":null,"detail":null,"model":null,"year":null,"peoneta_id":null,"assistant_2_id":null,"assistant_3_id":null,"device_number":"","priority":1,"custom_1":null,"custom_2":null,"kinesis_redirect":false,"is_active":true,"capacity_1":2000.0,"capacity_2":0.0,"capacity_3":0.0,"capacity_4":null,"shift_start":"2000-01-01T00:00:00.000Z","shift_end":"2000-01-01T23:59:00.000Z","reload_time":0,"speed_factor":0.0,"days":"1,1,1,1,1,0,0","driver":{"email":"tgiron@loscolonosdelnorte.cl","first_name":"TGiron20","last_name":"","phone":"","dni":null},"tags":[],"cost_allocation_tags":[],"device_type":"drivin_app","vehicle_tpye":null,"fleets":"COLONOS"},{"id":10491991,"code":"TH","description":null,"detail":null,"model":null,"year":null,"peoneta_id":null,"assistant_2_id":null,"assistant_3_id":null,"device_number":"","priority":1,"custom_1":null,"custom_2":null,"kinesis_redirect":false,"is_active":true,"capacity_1":5000.0,"capacity_2":0.0,"capacity_3":0.0,"capacity_4":null,"shift_start":"2000-01-01T00:00:00.000Z","shift_end":"2000-01-01T23:59:00.000Z","reload_time":0,"speed_factor":0.0,"days":"1,1,1,1,1,0,0","driver":{"email":"th@loscolonosdelnorte.cl","first_name":"TH","last_name":"11","phone":"","dni":null},"tags":[],"cost_allocation_tags":[],"device_type":"drivin_app","vehicle_tpye":null,"fleets":"COLONOS"},{"id":10492137,"code":"TKC","description":null,"detail":null,"model":null,"year":null,"peoneta_id":null,"assistant_2_id":null,"assistant_3_id":null,"device_number":"","priority":1,"custom_1":null,"custom_2":null,"kinesis_redirect":false,"is_active":true,"capacity_1":5000.0,"capacity_2":0.0,"capacity_3":0.0,"capacity_4":null,"shift_start":"2000-01-01T00:00:00.000Z","shift_end":"2000-01-01T23:59:00.000Z","reload_time":0,"speed_factor":0.0,"days":"1,1,1,1,1,0,0","driver":{"email":"tkc@loscolonosdelnorte.cl","first_name":"TKC","last_name":"","phone":"","dni":null},"tags":[],"cost_allocation_tags":[],"device_type":"drivin_app","vehicle_tpye":null,"fleets":"COLONOS"},{"id":10665470,"code":"tpascal","description":null,"detail":null,"model":null,"year":null,"peoneta_id":null,"assistant_2_id":null,"assistant_3_id":null,"device_number":"","priority":1,"custom_1":null,"custom_2":null,"kinesis_redirect":false,"is_active":true,"capacity_1":1500.0,"capacity_2":0.0,"capacity_3":0.0,"capacity_4":null,"shift_start":"2000-01-01T00:00:00.000Z","shift_end":"2000-01-01T23:59:00.000Z","reload_time":0,"speed_factor":0.0,"days":"1,1,1,1,1,0,0","driver":{"email":"tpascal@loscolonosdelnorte.cl","first_name":"tpascal","last_name":"12","phone":"+56986606083","dni":""},"tags":[],"cost_allocation_tags":[],"device_type":"drivin_app","vehicle_tpye":null,"fleets":"COLONOS"},{"id":10705350,"code":"TSJ 77","description":null,"detail":null,"model":null,"year":null,"peoneta_id":null,"assistant_2_id":null,"assistant_3_id":null,"device_number":"","priority":1,"custom_1":null,"custom_2":null,"kinesis_redirect":false,"is_active":true,"capacity_1":1500.0,"capacity_2":0.0,"capacity_3":0.0,"capacity_4":null,"shift_start":"2000-01-01T00:00:00.000Z","shift_end":"2000-01-01T23:59:00.000Z","reload_time":0,"speed_factor":0.0,"days":"1,1,1,1,1,0,0","driver":{"email":"tsj@loscolonosdelnorte.cl","first_name":"TSJ","last_name":"77","phone":"","dni":"TSJ 77"},"tags":[],"cost_allocation_tags":[],"device_type":"drivin_app","vehicle_tpye":null,"fleets":"COLONOS"},{"id":10560778,"code":"TSUSANA","description":null,"detail":null,"model":null,"year":null,"peoneta_id":null,"assistant_2_id":null,"assistant_3_id":null,"device_number":"","priority":1,"custom_1":null,"custom_2":null,"kinesis_redirect":false,"is_active":true,"capacity_1":5000.0,"capacity_2":0.0,"capacity_3":0.0,"capacity_4":null,"shift_start":"2000-01-01T00:00:00.000Z","shift_end":"2000-01-01T23:59:00.000Z","reload_time":0,"speed_factor":0.0,"days":"1,1,1,1,1,0,0","driver":{"email":"tsusana@loscolonosdelnorte.cl","first_name":"TSusana","last_name":"84","phone":"+56933780248","dni":null},"tags":[],"cost_allocation_tags":[],"device_type":"drivin_app","vehicle_tpye":null,"fleets":"COLONOS"},{"id":10582013,"code":"TSUSANA2","description":null,"detail":null,"model":null,"year":null,"peoneta_id":null,"assistant_2_id":null,"assistant_3_id":null,"device_number":"","priority":1,"custom_1":null,"custom_2":null,"kinesis_redirect":false,"is_active":true,"capacity_1":5000.0,"capacity_2":0.0,"capacity_3":0.0,"capacity_4":null,"shift_start":"2000-01-01T00:00:00.000Z","shift_end":"2000-01-01T23:59:00.000Z","reload_time":0,"speed_factor":0.0,"days":"1,1,1,1,1,0,0","driver":{"email":"tsusana2@loscolonosdelnorte.cl","first_name":"tsusana2","last_name":"","phone":"","dni":null},"tags":[],"cost_allocation_tags":[],"device_type":"drivin_app","vehicle_tpye":null,"fleets":"COLONOS"},{"id":10565276,"code":"TY&M","description":null,"detail":null,"model":null,"year":null,"peoneta_id":null,"assistant_2_id":null,"assistant_3_id":null,"device_number":"","priority":1,"custom_1":null,"custom_2":null,"kinesis_redirect":false,"is_active":true,"capacity_1":5000.0,"capacity_2":0.0,"capacity_3":0.0,"capacity_4":null,"shift_start":"2000-01-01T00:00:00.000Z","shift_end":"2000-01-01T23:59:00.000Z","reload_time":0,"speed_factor":0.0,"days":"1,1,1,1,1,0,0","driver":{"email":"tmyv@loscolonosdelnorte.cl","first_name":"TY&M","last_name":"51","phone":"","dni":null},"tags":[],"cost_allocation_tags":[],"device_type":"drivin_app","vehicle_tpye":null,"fleets":"COLONOS"},{"id":10616996,"code":"TY&M2 13","description":null,"detail":null,"model":null,"year":null,"peoneta_id":null,"assistant_2_id":null,"assistant_3_id":null,"device_number":"","priority":1,"custom_1":null,"custom_2":null,"kinesis_redirect":false,"is_active":true,"capacity_1":5000.0,"capacity_2":0.0,"capacity_3":0.0,"capacity_4":null,"shift_start":"2000-01-01T00:00:00.000Z","shift_end":"2000-01-01T23:59:00.000Z","reload_time":0,"speed_factor":0.0,"days":"1,1,1,1,1,0,0","driver":{"email":"tyym2@loscolonosdelnorte.cl","first_name":"TY&M2 13","last_name":"","phone":"","dni":null},"tags":[],"cost_allocation_tags":[],"device_type":"drivin_app","vehicle_tpye":null,"fleets":"COLONOS"},{"id":10454855,"code":"WDELGADO","description":null,"detail":null,"model":null,"year":null,"peoneta_id":null,"assistant_2_id":null,"assistant_3_id":null,"device_number":"","priority":1,"custom_1":null,"custom_2":null,"kinesis_redirect":false,"is_active":true,"capacity_1":3000.0,"capacity_2":0.0,"capacity_3":0.0,"capacity_4":null,"shift_start":"2000-01-01T07:00:00.000Z","shift_end":"2000-01-01T23:59:00.000Z","reload_time":0,"speed_factor":0.0,"days":"1,1,1,1,1,0,0","driver":{"email":"wdelgado@loscolonosdelnorte.cl","first_name":"WDelgado","last_name":"20","phone":"","dni":null},"tags":[],"cost_allocation_tags":[],"device_type":"drivin_app","vehicle_tpye":null,"fleets":"COLONOS"}]} 
2025-01-03 03:19:06.4617 loggerfile request https://localhost:44367/api/documentos/list?bodegacode=&doctipo=12&estado=A&estadooperativo=&vendedorcode=&fechaini=&fechafin= 
2025-01-03 03:19:46.6958 loggerfile request https://localhost:44367/api/documentos/77715?doctipo=12 
2025-01-03 03:19:50.7791 loggerfile request https://localhost:44367/api/documentos/77707?doctipo=12 
2025-01-03 03:19:50.9626 loggerfile request https://localhost:44367/api/documentos 
2025-01-03 03:19:50.9995 loggerfile Drivin ExecutePost. url: https://external.driv.in/api/external/v2/scenarios 
2025-01-03 03:19:50.9995 loggerfile Drivin ExecutePost. json: {
  "description": "03-01-2025 AVILLARREAL",
  "date": "2025-01-03",
  "schema_name": "Asignación"
} 
2025-01-03 03:19:50.9995 loggerfile X-API-Key: 518d4333-9d1a-4f03-b17a-9ca3e323a1af 
2025-01-03 03:19:52.5210 loggerfile Drivin ExecutePost. response.Content: OK {"success":true,"status":"OK","response":{"scenario_token":"28361aaf-2ddc-4fe0-a35d-f1de54eb6a52","addresses_count":0,"orders_count":0,"items_count":0,"vehicles_count":22,"added":[]}} 
2025-01-03 03:19:53.6996 loggerfile Drivin ExecutePost. url: https://external.driv.in/api/external/v2/routes?token=28361aaf-2ddc-4fe0-a35d-f1de54eb6a52 
2025-01-03 03:19:53.6996 loggerfile Drivin ExecutePost. json: {
  "vehicle_code": "AVILLARREAL",
  "clients": [
    {
      "code": "77171330-0",
      "address": "Cienfuegos 280 ",
      "reference": "hrsgm",
      "city": "SANTIAGO",
      "county": "SANTIAGO",
      "country": "Chile",
      "lat": -33.4411226000,
      "lng": -70.6637252000,
      "client_name": "SOCIEDAD GASTRONOMICA LAS VACAS GORDAS LTDA.",
      "contact_name": "SOCIEDAD GASTRONOMICA LAS VACAS GORDAS LTDA.",
      "contact_email": "juanfernandofritztoledo@gmail.com",
      "time_windows": [
        {
          "start": "07:00",
          "end": "16:30"
        }
      ],
      "orders": [
        {
          "code": "336344",
          "description": "SOCIEDAD GASTRONOMICA LAS VACAS GORDAS LTDA.",
          "name": null,
          "supplier_name": "LCDN |  | SOCIEDAD GASTRONOMICA LAS VACAS GORDAS LTDA.",
          "items": [
            {
              "code": "VCOTRENT39",
              "description": "1 ME IBP V ENTRAÑA AMERICANA",
              "units_1": 57.85
            }
          ]
        }
      ]
    },
    {
      "code": "76734043-5",
      "address": "AV PROVIDENCIA 2124 ",
      "reference": "Galería drugstone - LA Resistencia Cafe ",
      "city": "SANTIAGO",
      "county": "PROVIDENCIA",
      "country": "Chile",
      "lat": -33.4224902000,
      "lng": -70.6112482000,
      "client_name": "SOC GASTRONOMICA LA RESISTENCIA LTDA",
      "contact_name": "SOC GASTRONOMICA LA RESISTENCIA LTDA",
      "contact_email": "cocinalr@labiferia.cl",
      "time_windows": [
        {
          "start": "09:00",
          "end": "18:00"
        }
      ],
      "orders": [
        {
          "code": "336335",
          "description": "SOC GASTRONOMICA LA RESISTENCIA LTDA",
          "name": null,
          "supplier_name": "LCDN |  | SOC GASTRONOMICA LA RESISTENCIA LTDA",
          "items": [
            {
              "code": "VALOM22062",
              "description": "1 ÑU LP V LOMO LISO ARGENTINO ",
              "units_1": 43.51
            }
          ]
        }
      ]
    }
  ]
} 
2025-01-03 03:19:53.6996 loggerfile X-API-Key: 518d4333-9d1a-4f03-b17a-9ca3e323a1af 
2025-01-03 03:19:55.3253 loggerfile Drivin ExecutePost. response.Content: OK {"success":true,"status":"OK","response":{"scenario_token":"28361aaf-2ddc-4fe0-a35d-f1de54eb6a52"}} 
2025-01-03 03:20:05.1232 loggerfile request https://localhost:44367/api/documentos/list?bodegacode=&doctipo=12&estado=A&estadooperativo=&vendedorcode=&fechaini=&fechafin= 
