2025-01-06 03:08:31.2213 loggerfile request https://localhost:44367/api/documentos/list?bodegacode=&doctipo=14&estado=A&estadooperativo=&vendedorcode=&fechaini=&fechafin= 
2025-01-06 03:08:32.5305 loggerfile request https://localhost:44367/api/documentos/list?bodegacode=&doctipo=15&estado=A&estadooperativo=&vendedorcode=&fechaini=&fechafin= 
2025-01-06 03:09:03.7833 loggerfile request https://localhost:44367/api/documentos/list?bodegacode=&doctipo=14&estado=A&estadooperativo=&vendedorcode=&fechaini=&fechafin= 
2025-01-06 03:09:03.8870 loggerfile request https://localhost:44367/api/documentos/list?bodegacode=&doctipo=15&estado=A&estadooperativo=&vendedorcode=&fechaini=&fechafin= 
2025-01-06 03:09:07.1238 loggerfile request https://localhost:44367/api/documentos/84?doctipo=14 
2025-01-06 03:10:24.2051 loggerfile request https://localhost:44367/api/documentos/list?bodegacode=&doctipo=14&estado=A&estadooperativo=&vendedorcode=&fechaini=&fechafin= 
2025-01-06 03:10:24.3806 loggerfile request https://localhost:44367/api/documentos/list?bodegacode=&doctipo=15&estado=A&estadooperativo=&vendedorcode=&fechaini=&fechafin= 
2025-01-06 03:10:33.3744 loggerfile request https://localhost:44367/api/documentos/79?doctipo=14 
2025-01-06 03:12:16.4004 loggerfile request https://localhost:44367/api/documentos/list?bodegacode=&doctipo=14&estado=A&estadooperativo=&vendedorcode=&fechaini=&fechafin= 
2025-01-06 03:12:16.4816 loggerfile request https://localhost:44367/api/documentos/list?bodegacode=&doctipo=15&estado=A&estadooperativo=&vendedorcode=&fechaini=&fechafin= 
2025-01-06 03:16:21.6388 loggerfile request https://localhost:44367/api/documentos/list?bodegacode=&doctipo=14&estado=A&estadooperativo=&vendedorcode=&fechaini=&fechafin= 
2025-01-06 03:16:21.6984 loggerfile request https://localhost:44367/api/documentos/list?bodegacode=&doctipo=15&estado=A&estadooperativo=&vendedorcode=&fechaini=&fechafin= 
2025-01-06 03:20:45.0298 loggerfile request https://localhost:44367/api/documentos/list?bodegacode=&doctipo=14&estado=A&estadooperativo=&vendedorcode=&fechaini=&fechafin= 
2025-01-06 03:20:45.8892 loggerfile request https://localhost:44367/api/documentos/list?bodegacode=&doctipo=15&estado=A&estadooperativo=&vendedorcode=&fechaini=&fechafin= 
2025-01-06 03:21:31.1149 loggerfile request https://localhost:44367/api/documentos/list?bodegacode=&doctipo=14&estado=A&estadooperativo=&vendedorcode=&fechaini=&fechafin= 
2025-01-06 03:21:31.2515 loggerfile request https://localhost:44367/api/documentos/list?bodegacode=&doctipo=15&estado=A&estadooperativo=&vendedorcode=&fechaini=&fechafin= 
2025-01-06 03:22:22.8443 loggerfile request https://localhost:44367/api/documentos/list?bodegacode=&doctipo=14&estado=A&estadooperativo=&vendedorcode=&fechaini=&fechafin= 
2025-01-06 03:22:22.9151 loggerfile request https://localhost:44367/api/documentos/list?bodegacode=&doctipo=15&estado=A&estadooperativo=&vendedorcode=&fechaini=&fechafin= 
2025-01-06 03:22:48.3482 loggerfile request https://localhost:44367/api/documentos/79?doctipo=14 
2025-01-06 03:22:50.7342 loggerfile request https://localhost:44367/api/documentos/sets 
2025-01-06 03:22:58.7619 loggerfile request https://localhost:44367/api/documentos/list?bodegacode=&doctipo=14&estado=A&estadooperativo=&vendedorcode=&fechaini=&fechafin= 
2025-01-06 03:22:58.8317 loggerfile request https://localhost:44367/api/documentos/list?bodegacode=&doctipo=15&estado=A&estadooperativo=&vendedorcode=&fechaini=&fechafin= 
2025-01-06 03:23:07.1244 loggerfile request https://localhost:44367/api/documentos/84?doctipo=14 
2025-01-06 03:26:05.6141 loggerfile request https://localhost:44367/api/documentos/list?bodegacode=&doctipo=14&estado=A&estadooperativo=&vendedorcode=&fechaini=&fechafin= 
2025-01-06 03:26:05.7278 loggerfile request https://localhost:44367/api/documentos/list?bodegacode=&doctipo=15&estado=A&estadooperativo=&vendedorcode=&fechaini=&fechafin= 
2025-01-06 03:26:08.1554 loggerfile request https://localhost:44367/api/documentos/84?doctipo=14 
2025-01-06 03:35:37.0743 loggerfile request https://localhost:44367/api/documentos/list?bodegacode=&doctipo=14&estado=A&estadooperativo=&vendedorcode=&fechaini=&fechafin= 
2025-01-06 03:35:39.0026 loggerfile request https://localhost:44367/api/documentos/list?bodegacode=&doctipo=15&estado=A&estadooperativo=&vendedorcode=&fechaini=&fechafin= 
2025-01-06 03:35:43.0366 loggerfile request https://localhost:44367/api/documentos/85?doctipo=14 
2025-01-06 03:49:19.7617 loggerfile request https://localhost:44367/api/documentos/list?bodegacode=&doctipo=14&estado=A&estadooperativo=&vendedorcode=&fechaini=&fechafin= 
2025-01-06 03:49:21.4542 loggerfile request https://localhost:44367/api/documentos/list?bodegacode=&doctipo=15&estado=A&estadooperativo=&vendedorcode=&fechaini=&fechafin= 
2025-01-06 03:49:24.0421 loggerfile request https://localhost:44367/api/documentos/86?doctipo=14 
2025-01-06 03:55:34.2439 loggerfile request https://localhost:44367/api/documentos/list?bodegacode=&doctipo=14&estado=A&estadooperativo=&vendedorcode=&fechaini=&fechafin= 
2025-01-06 03:55:34.6893 loggerfile request https://localhost:44367/api/documentos/list?bodegacode=&doctipo=15&estado=A&estadooperativo=&vendedorcode=&fechaini=&fechafin= 
2025-01-06 03:55:45.8198 loggerfile request https://localhost:44367/api/documentos/84?doctipo=14 
2025-01-06 04:03:36.9166 loggerfile request https://localhost:44367/api/documentos/list?bodegacode=&doctipo=14&estado=A&estadooperativo=&vendedorcode=&fechaini=&fechafin= 
2025-01-06 04:03:37.6566 loggerfile request https://localhost:44367/api/documentos/list?bodegacode=&doctipo=15&estado=A&estadooperativo=&vendedorcode=&fechaini=&fechafin= 
2025-01-06 04:03:45.4065 loggerfile request https://localhost:44367/api/documentos/84?doctipo=14 
2025-01-06 04:11:56.2434 loggerfile request https://localhost:44367/api/documentos/list?bodegacode=&doctipo=14&estado=A&estadooperativo=&vendedorcode=&fechaini=&fechafin= 
2025-01-06 04:11:57.0985 loggerfile request https://localhost:44367/api/documentos/list?bodegacode=&doctipo=15&estado=A&estadooperativo=&vendedorcode=&fechaini=&fechafin= 
2025-01-06 04:12:06.0672 loggerfile request https://localhost:44367/api/documentos/84?doctipo=14 
2025-01-06 04:17:14.7809 loggerfile request https://localhost:44367/api/documentos/84?doctipo=14 
2025-01-06 04:20:44.0046 loggerfile request https://localhost:44367/api/documentos/list?bodegacode=&doctipo=14&estado=A&estadooperativo=&vendedorcode=&fechaini=&fechafin= 
2025-01-06 04:20:44.1109 loggerfile request https://localhost:44367/api/documentos/list?bodegacode=&doctipo=15&estado=A&estadooperativo=&vendedorcode=&fechaini=&fechafin= 
2025-01-06 04:20:50.5495 loggerfile request https://localhost:44367/api/documentos/84?doctipo=14 
2025-01-06 04:23:44.6069 loggerfile request https://localhost:44367/api/documentos/list?bodegacode=&doctipo=14&estado=A&estadooperativo=&vendedorcode=&fechaini=&fechafin= 
2025-01-06 04:23:45.4906 loggerfile request https://localhost:44367/api/documentos/list?bodegacode=&doctipo=15&estado=A&estadooperativo=&vendedorcode=&fechaini=&fechafin= 
2025-01-06 04:23:48.5798 loggerfile request https://localhost:44367/api/documentos/84?doctipo=14 
2025-01-06 04:28:43.6207 loggerfile request https://localhost:44367/api/documentos/list?bodegacode=&doctipo=14&estado=A&estadooperativo=&vendedorcode=&fechaini=&fechafin= 
2025-01-06 04:28:44.4351 loggerfile request https://localhost:44367/api/documentos/list?bodegacode=&doctipo=15&estado=A&estadooperativo=&vendedorcode=&fechaini=&fechafin= 
2025-01-06 04:28:46.9137 loggerfile request https://localhost:44367/api/documentos/84?doctipo=14 
2025-01-06 04:29:09.1013 loggerfile request https://localhost:44367/api/documentos/84?doctipo=14 
2025-01-06 04:47:53.9698 loggerfile request https://localhost:44367/api/documentos/list?bodegacode=&doctipo=14&estado=A&estadooperativo=&vendedorcode=&fechaini=&fechafin= 
2025-01-06 04:47:54.8609 loggerfile request https://localhost:44367/api/documentos/list?bodegacode=&doctipo=15&estado=A&estadooperativo=&vendedorcode=&fechaini=&fechafin= 
2025-01-06 04:47:57.6336 loggerfile request https://localhost:44367/api/documentos/84?doctipo=14 
2025-01-06 04:48:13.4709 loggerfile request https://localhost:44367/api/documentos/84?doctipo=14 
2025-01-06 04:48:20.7739 loggerfile request https://localhost:44367/api/documentos/84?doctipo=14 
2025-01-06 04:50:33.7060 loggerfile request https://localhost:44367/api/documentos/list?bodegacode=&doctipo=14&estado=A&estadooperativo=&vendedorcode=&fechaini=&fechafin= 
2025-01-06 04:50:34.6850 loggerfile request https://localhost:44367/api/documentos/list?bodegacode=&doctipo=15&estado=A&estadooperativo=&vendedorcode=&fechaini=&fechafin= 
2025-01-06 04:50:37.2233 loggerfile request https://localhost:44367/api/documentos/86?doctipo=14 
2025-01-06 04:51:48.6520 loggerfile request https://localhost:44367/api/documentos/list?bodegacode=&doctipo=14&estado=A&estadooperativo=&vendedorcode=&fechaini=&fechafin= 
2025-01-06 04:51:48.7687 loggerfile request https://localhost:44367/api/documentos/list?bodegacode=&doctipo=15&estado=A&estadooperativo=&vendedorcode=&fechaini=&fechafin= 
2025-01-06 04:51:50.7160 loggerfile request https://localhost:44367/api/documentos/84?doctipo=14 
2025-01-06 05:02:22.1740 loggerfile request https://localhost:44367/api/documentos/list?bodegacode=&doctipo=14&estado=A&estadooperativo=&vendedorcode=&fechaini=&fechafin= 
2025-01-06 05:02:23.0908 loggerfile request https://localhost:44367/api/documentos/list?bodegacode=&doctipo=15&estado=A&estadooperativo=&vendedorcode=&fechaini=&fechafin= 
2025-01-06 05:02:25.5192 loggerfile request https://localhost:44367/api/documentos/84?doctipo=14 
2025-01-06 05:47:28.0221 loggerfile request https://localhost:44367/api/documentos/list?bodegacode=&doctipo=14&estado=A&estadooperativo=&vendedorcode=&fechaini=&fechafin= 
2025-01-06 05:47:29.1369 loggerfile request https://localhost:44367/api/documentos/list?bodegacode=&doctipo=15&estado=A&estadooperativo=&vendedorcode=&fechaini=&fechafin= 
2025-01-06 05:47:31.9179 loggerfile request https://localhost:44367/api/documentos/84?doctipo=14 
2025-01-06 05:48:34.5129 loggerfile request https://localhost:44367/api/documentos/list?bodegacode=&doctipo=14&estado=A&estadooperativo=&vendedorcode=&fechaini=&fechafin= 
2025-01-06 05:48:34.5917 loggerfile request https://localhost:44367/api/documentos/list?bodegacode=&doctipo=15&estado=A&estadooperativo=&vendedorcode=&fechaini=&fechafin= 
2025-01-06 05:48:36.6951 loggerfile request https://localhost:44367/api/documentos/85?doctipo=14 
2025-01-06 05:52:34.3884 loggerfile request https://localhost:44367/api/documentos/list?bodegacode=&doctipo=14&estado=A&estadooperativo=&vendedorcode=&fechaini=&fechafin= 
2025-01-06 05:52:34.4931 loggerfile request https://localhost:44367/api/documentos/list?bodegacode=&doctipo=15&estado=A&estadooperativo=&vendedorcode=&fechaini=&fechafin= 
2025-01-06 05:52:59.0625 loggerfile request https://localhost:44367/api/documentos/84?doctipo=14 
2025-01-06 05:53:00.6454 loggerfile request https://localhost:44367/api/documentos/sets 
2025-01-06 05:53:04.6088 loggerfile request https://localhost:44367/api/documentos/list?bodegacode=&doctipo=14&estado=A&estadooperativo=&vendedorcode=&fechaini=&fechafin= 
2025-01-06 05:53:04.7424 loggerfile request https://localhost:44367/api/documentos/list?bodegacode=&doctipo=15&estado=A&estadooperativo=&vendedorcode=&fechaini=&fechafin= 
2025-01-06 05:53:15.8999 loggerfile request https://localhost:44367/api/documentos/85?doctipo=14 
2025-01-06 05:55:04.2696 loggerfile request https://localhost:44367/api/documentos/85?doctipo=14 
2025-01-06 05:55:06.6103 loggerfile request https://localhost:44367/api/documentos/sets 
2025-01-06 05:55:11.9720 loggerfile request https://localhost:44367/api/documentos/list?bodegacode=&doctipo=14&estado=A&estadooperativo=&vendedorcode=&fechaini=&fechafin= 
2025-01-06 05:55:12.0329 loggerfile request https://localhost:44367/api/documentos/list?bodegacode=&doctipo=15&estado=A&estadooperativo=&vendedorcode=&fechaini=&fechafin= 
2025-01-06 05:55:28.9577 loggerfile request https://localhost:44367/api/documentos/list?bodegacode=&doctipo=14&estado=A&estadooperativo=&vendedorcode=&fechaini=&fechafin= 
2025-01-06 05:55:29.0245 loggerfile request https://localhost:44367/api/documentos/list?bodegacode=&doctipo=15&estado=A&estadooperativo=&vendedorcode=&fechaini=&fechafin= 
2025-01-06 05:56:36.5852 loggerfile request https://localhost:44367/api/documentos/86?doctipo=14 
2025-01-06 06:05:59.9680 loggerfile request https://localhost:44367/api/documentos/list?bodegacode=&doctipo=14&estado=A&estadooperativo=&vendedorcode=&fechaini=&fechafin= 
2025-01-06 06:06:01.1723 loggerfile request https://localhost:44367/api/documentos/list?bodegacode=&doctipo=15&estado=A&estadooperativo=&vendedorcode=&fechaini=&fechafin= 
2025-01-06 06:06:04.3209 loggerfile request https://localhost:44367/api/documentos/87?doctipo=14 
2025-01-06 06:06:19.6227 loggerfile request https://localhost:44367/api/documentos/94?doctipo=14 
2025-01-06 06:07:28.7591 loggerfile request https://localhost:44367/api/documentos/list?bodegacode=&doctipo=14&estado=A&estadooperativo=&vendedorcode=&fechaini=&fechafin= 
2025-01-06 06:07:28.8544 loggerfile request https://localhost:44367/api/documentos/list?bodegacode=&doctipo=15&estado=A&estadooperativo=&vendedorcode=&fechaini=&fechafin= 
2025-01-06 06:07:30.3520 loggerfile request https://localhost:44367/api/documentos/92?doctipo=14 
2025-01-06 06:08:44.5276 loggerfile request https://localhost:44367/api/vehiculos 
2025-01-06 06:08:44.5276 loggerfile Drivin ExecuteGet. url: https://external.driv.in/api/external/v2/vehicles 
2025-01-06 06:08:44.5276 loggerfile X-API-Key: 518d4333-9d1a-4f03-b17a-9ca3e323a1af 
2025-01-06 06:08:45.4833 loggerfile Drivin ExecuteGet. response.Content: OK {"status":"OK","response":[{"id":10418162,"code":"AVILLARREAL","description":null,"detail":null,"model":null,"year":null,"peoneta_id":null,"assistant_2_id":null,"assistant_3_id":null,"device_number":"","priority":1,"custom_1":null,"custom_2":null,"kinesis_redirect":false,"is_active":true,"capacity_1":1800.0,"capacity_2":0.0,"capacity_3":0.0,"capacity_4":null,"shift_start":"2000-01-01T07:00:00.000Z","shift_end":"2000-01-01T22:00:00.000Z","reload_time":0,"speed_factor":0.0,"days":"1,1,1,1,1,0,0","driver":{"email":"avillarreal@loscolonosdelnorte.cl","first_name":"Avillarreal","last_name":"41","phone":"","dni":null},"tags":[],"cost_allocation_tags":[],"device_type":"drivin_app","vehicle_tpye":null,"fleets":"COLONOS"},{"id":10417525,"code":"CCERPA","description":null,"detail":null,"model":null,"year":null,"peoneta_id":null,"assistant_2_id":null,"assistant_3_id":null,"device_number":"","priority":1,"custom_1":null,"custom_2":null,"kinesis_redirect":false,"is_active":true,"capacity_1":1800.0,"capacity_2":0.0,"capacity_3":0.0,"capacity_4":null,"shift_start":"2000-01-01T07:00:00.000Z","shift_end":"2000-01-01T22:00:00.000Z","reload_time":0,"speed_factor":0.0,"days":"1,1,1,1,1,0,0","driver":{"email":"ccerpa@loscolonosdelnorte.cl","first_name":"Ccerpa","last_name":"51","phone":"","dni":null},"tags":[],"cost_allocation_tags":[],"device_type":"drivin_app","vehicle_tpye":null,"fleets":"COLONOS"},{"id":10457148,"code":"CCERPA2","description":null,"detail":null,"model":null,"year":null,"peoneta_id":null,"assistant_2_id":null,"assistant_3_id":null,"device_number":"","priority":1,"custom_1":null,"custom_2":null,"kinesis_redirect":false,"is_active":true,"capacity_1":4000.0,"capacity_2":0.0,"capacity_3":0.0,"capacity_4":null,"shift_start":"2000-01-01T07:00:00.000Z","shift_end":"2000-01-01T23:59:00.000Z","reload_time":0,"speed_factor":0.0,"days":"1,1,1,1,1,0,0","driver":{"email":"ccerpa2@loscolonosdelnorte.cl","first_name":"Ccerpa2","last_name":"30","phone":"","dni":null},"tags":[],"cost_allocation_tags":[],"device_type":"drivin_app","vehicle_tpye":null,"fleets":"COLONOS"},{"id":10424777,"code":"EDGAR","description":null,"detail":null,"model":null,"year":null,"peoneta_id":null,"assistant_2_id":null,"assistant_3_id":null,"device_number":"","priority":1,"custom_1":null,"custom_2":null,"kinesis_redirect":false,"is_active":true,"capacity_1":3000.0,"capacity_2":0.0,"capacity_3":0.0,"capacity_4":null,"shift_start":"2000-01-01T07:00:00.000Z","shift_end":"2000-01-01T23:59:00.000Z","reload_time":0,"speed_factor":0.0,"days":"1,1,1,1,1,0,0","driver":{"email":"edgar@loscolonosdelnorte.cl","first_name":"Edgar","last_name":"87","phone":"","dni":null},"tags":[],"cost_allocation_tags":[],"device_type":"drivin_app","vehicle_tpye":null,"fleets":"COLONOS"},{"id":10417502,"code":"EOJEDA","description":null,"detail":null,"model":null,"year":null,"peoneta_id":null,"assistant_2_id":null,"assistant_3_id":null,"device_number":"","priority":1,"custom_1":null,"custom_2":null,"kinesis_redirect":false,"is_active":true,"capacity_1":4000.0,"capacity_2":0.0,"capacity_3":0.0,"capacity_4":null,"shift_start":"2000-01-01T07:00:00.000Z","shift_end":"2000-01-01T22:00:00.000Z","reload_time":0,"speed_factor":0.0,"days":"1,1,1,1,1,0,0","driver":{"email":"eojeda@loscolonosdelnorte.cl","first_name":"Eojeda","last_name":"47","phone":"","dni":null},"tags":[],"cost_allocation_tags":[],"device_type":"drivin_app","vehicle_tpye":null,"fleets":"COLONOS"},{"id":10410229,"code":"HRUBIO","description":null,"detail":null,"model":null,"year":null,"peoneta_id":null,"assistant_2_id":null,"assistant_3_id":null,"device_number":"","priority":1,"custom_1":null,"custom_2":null,"kinesis_redirect":false,"is_active":false,"capacity_1":3000.0,"capacity_2":0.0,"capacity_3":0.0,"capacity_4":null,"shift_start":"2000-01-01T07:00:00.000Z","shift_end":"2000-01-01T22:00:00.000Z","reload_time":0,"speed_factor":0.0,"days":"1,1,1,1,1,0,0","driver":{"email":"hrubio@loscolonosdelnorte.cl","first_name":"Hans","last_name":"Rubio","phone":"","dni":null},"tags":[],"cost_allocation_tags":[],"device_type":"drivin_app","vehicle_tpye":null,"fleets":"COLONOS"},{"id":10417524,"code":"HVERGARA","description":null,"detail":null,"model":null,"year":null,"peoneta_id":null,"assistant_2_id":null,"assistant_3_id":null,"device_number":"","priority":1,"custom_1":null,"custom_2":null,"kinesis_redirect":false,"is_active":true,"capacity_1":3000.0,"capacity_2":0.0,"capacity_3":0.0,"capacity_4":null,"shift_start":"2000-01-01T07:00:00.000Z","shift_end":"2000-01-01T22:00:00.000Z","reload_time":0,"speed_factor":0.0,"days":"1,1,1,1,1,0,0","driver":{"email":"hvergara@loscolonosdelnorte.cl","first_name":"Hvergara","last_name":"60","phone":"","dni":null},"tags":[],"cost_allocation_tags":[],"device_type":"drivin_app","vehicle_tpye":null,"fleets":"COLONOS"},{"id":10417527,"code":"JMOLINA","description":null,"detail":null,"model":null,"year":null,"peoneta_id":null,"assistant_2_id":null,"assistant_3_id":null,"device_number":"","priority":1,"custom_1":null,"custom_2":null,"kinesis_redirect":false,"is_active":true,"capacity_1":3000.0,"capacity_2":0.0,"capacity_3":0.0,"capacity_4":null,"shift_start":"2000-01-01T07:00:00.000Z","shift_end":"2000-01-01T22:00:00.000Z","reload_time":0,"speed_factor":0.0,"days":"1,1,1,1,1,0,0","driver":{"email":"jmolina@loscolonosdelnorte.cl","first_name":"Jmolina","last_name":"90","phone":"","dni":null},"tags":[],"cost_allocation_tags":[],"device_type":"drivin_app","vehicle_tpye":null,"fleets":"COLONOS"},{"id":10417521,"code":"QS","description":null,"detail":null,"model":null,"year":null,"peoneta_id":null,"assistant_2_id":null,"assistant_3_id":null,"device_number":"","priority":1,"custom_1":null,"custom_2":null,"kinesis_redirect":false,"is_active":true,"capacity_1":3000.0,"capacity_2":0.0,"capacity_3":0.0,"capacity_4":null,"shift_start":"2000-01-01T07:00:00.000Z","shift_end":"2000-01-01T22:00:00.000Z","reload_time":0,"speed_factor":0.0,"days":"1,1,1,1,1,0,0","driver":{"email":"qs@loscolonosdelnorte.cl","first_name":"QS","last_name":"","phone":"","dni":null},"tags":[],"cost_allocation_tags":[],"device_type":"drivin_app","vehicle_tpye":null,"fleets":"COLONOS"},{"id":10417522,"code":"SRIOS1","description":null,"detail":null,"model":null,"year":null,"peoneta_id":null,"assistant_2_id":null,"assistant_3_id":null,"device_number":"","priority":1,"custom_1":null,"custom_2":null,"kinesis_redirect":false,"is_active":false,"capacity_1":3000.0,"capacity_2":0.0,"capacity_3":0.0,"capacity_4":null,"shift_start":"2000-01-01T07:00:00.000Z","shift_end":"2000-01-01T22:00:00.000Z","reload_time":0,"speed_factor":0.0,"days":"1,1,1,1,1,0,0","driver":{"email":"srios1@loscolonosdelnorte.cl","first_name":"SEBASTIAN","last_name":"RIOS 1","phone":"","dni":null},"tags":[],"cost_allocation_tags":[],"device_type":"drivin_app","vehicle_tpye":null,"fleets":"COLONOS"},{"id":10417523,"code":"SRIOS2","description":null,"detail":null,"model":null,"year":null,"peoneta_id":null,"assistant_2_id":null,"assistant_3_id":null,"device_number":"","priority":1,"custom_1":null,"custom_2":null,"kinesis_redirect":false,"is_active":false,"capacity_1":3000.0,"capacity_2":0.0,"capacity_3":0.0,"capacity_4":null,"shift_start":"2000-01-01T06:00:00.000Z","shift_end":"2000-01-01T23:00:00.000Z","reload_time":0,"speed_factor":0.0,"days":"1,1,1,1,1,0,0","driver":{"email":"srios2@loscolonosdelnorte.cl","first_name":"SEBASTIAN","last_name":"RIOS 2","phone":"","dni":null},"tags":[],"cost_allocation_tags":[],"device_type":"drivin_app","vehicle_tpye":null,"fleets":"COLONOS"},{"id":10619784,"code":"TFEMOTRI","description":null,"detail":null,"model":null,"year":null,"peoneta_id":null,"assistant_2_id":null,"assistant_3_id":null,"device_number":"","priority":1,"custom_1":null,"custom_2":null,"kinesis_redirect":false,"is_active":true,"capacity_1":3000.0,"capacity_2":0.0,"capacity_3":0.0,"capacity_4":null,"shift_start":"2000-01-01T00:00:00.000Z","shift_end":"2000-01-01T23:59:00.000Z","reload_time":0,"speed_factor":0.0,"days":"1,1,1,1,1,0,0","driver":{"email":"tfemotri@loscolonosdelnorte.cl","first_name":"TFEMOTRI 23","last_name":"","phone":"","dni":"TFEMOTRI"},"tags":[],"cost_allocation_tags":[],"device_type":"drivin_app","vehicle_tpye":null,"fleets":"COLONOS"},{"id":10677811,"code":"TGiron20","description":null,"detail":null,"model":null,"year":null,"peoneta_id":null,"assistant_2_id":null,"assistant_3_id":null,"device_number":"","priority":1,"custom_1":null,"custom_2":null,"kinesis_redirect":false,"is_active":true,"capacity_1":2000.0,"capacity_2":0.0,"capacity_3":0.0,"capacity_4":null,"shift_start":"2000-01-01T00:00:00.000Z","shift_end":"2000-01-01T23:59:00.000Z","reload_time":0,"speed_factor":0.0,"days":"1,1,1,1,1,0,0","driver":{"email":"tgiron@loscolonosdelnorte.cl","first_name":"TGiron20","last_name":"","phone":"","dni":null},"tags":[],"cost_allocation_tags":[],"device_type":"drivin_app","vehicle_tpye":null,"fleets":"COLONOS"},{"id":10491991,"code":"TH","description":null,"detail":null,"model":null,"year":null,"peoneta_id":null,"assistant_2_id":null,"assistant_3_id":null,"device_number":"","priority":1,"custom_1":null,"custom_2":null,"kinesis_redirect":false,"is_active":true,"capacity_1":5000.0,"capacity_2":0.0,"capacity_3":0.0,"capacity_4":null,"shift_start":"2000-01-01T00:00:00.000Z","shift_end":"2000-01-01T23:59:00.000Z","reload_time":0,"speed_factor":0.0,"days":"1,1,1,1,1,0,0","driver":{"email":"th@loscolonosdelnorte.cl","first_name":"TH","last_name":"11","phone":"","dni":null},"tags":[],"cost_allocation_tags":[],"device_type":"drivin_app","vehicle_tpye":null,"fleets":"COLONOS"},{"id":10492137,"code":"TKC","description":null,"detail":null,"model":null,"year":null,"peoneta_id":null,"assistant_2_id":null,"assistant_3_id":null,"device_number":"","priority":1,"custom_1":null,"custom_2":null,"kinesis_redirect":false,"is_active":true,"capacity_1":5000.0,"capacity_2":0.0,"capacity_3":0.0,"capacity_4":null,"shift_start":"2000-01-01T00:00:00.000Z","shift_end":"2000-01-01T23:59:00.000Z","reload_time":0,"speed_factor":0.0,"days":"1,1,1,1,1,0,0","driver":{"email":"tkc@loscolonosdelnorte.cl","first_name":"TKC","last_name":"","phone":"","dni":null},"tags":[],"cost_allocation_tags":[],"device_type":"drivin_app","vehicle_tpye":null,"fleets":"COLONOS"},{"id":10665470,"code":"tpascal","description":null,"detail":null,"model":null,"year":null,"peoneta_id":null,"assistant_2_id":null,"assistant_3_id":null,"device_number":"","priority":1,"custom_1":null,"custom_2":null,"kinesis_redirect":false,"is_active":true,"capacity_1":1500.0,"capacity_2":0.0,"capacity_3":0.0,"capacity_4":null,"shift_start":"2000-01-01T00:00:00.000Z","shift_end":"2000-01-01T23:59:00.000Z","reload_time":0,"speed_factor":0.0,"days":"1,1,1,1,1,0,0","driver":{"email":"tpascal@loscolonosdelnorte.cl","first_name":"tpascal","last_name":"12","phone":"+56986606083","dni":""},"tags":[],"cost_allocation_tags":[],"device_type":"drivin_app","vehicle_tpye":null,"fleets":"COLONOS"},{"id":10705350,"code":"TSJ 77","description":null,"detail":null,"model":null,"year":null,"peoneta_id":null,"assistant_2_id":null,"assistant_3_id":null,"device_number":"","priority":1,"custom_1":null,"custom_2":null,"kinesis_redirect":false,"is_active":true,"capacity_1":1500.0,"capacity_2":0.0,"capacity_3":0.0,"capacity_4":null,"shift_start":"2000-01-01T00:00:00.000Z","shift_end":"2000-01-01T23:59:00.000Z","reload_time":0,"speed_factor":0.0,"days":"1,1,1,1,1,0,0","driver":{"email":"tsj@loscolonosdelnorte.cl","first_name":"TSJ","last_name":"77","phone":"","dni":"TSJ 77"},"tags":[],"cost_allocation_tags":[],"device_type":"drivin_app","vehicle_tpye":null,"fleets":"COLONOS"},{"id":10560778,"code":"TSUSANA","description":null,"detail":null,"model":null,"year":null,"peoneta_id":null,"assistant_2_id":null,"assistant_3_id":null,"device_number":"","priority":1,"custom_1":null,"custom_2":null,"kinesis_redirect":false,"is_active":true,"capacity_1":5000.0,"capacity_2":0.0,"capacity_3":0.0,"capacity_4":null,"shift_start":"2000-01-01T00:00:00.000Z","shift_end":"2000-01-01T23:59:00.000Z","reload_time":0,"speed_factor":0.0,"days":"1,1,1,1,1,0,0","driver":{"email":"tsusana@loscolonosdelnorte.cl","first_name":"TSusana","last_name":"84","phone":"+56933780248","dni":null},"tags":[],"cost_allocation_tags":[],"device_type":"drivin_app","vehicle_tpye":null,"fleets":"COLONOS"},{"id":10582013,"code":"TSUSANA2","description":null,"detail":null,"model":null,"year":null,"peoneta_id":null,"assistant_2_id":null,"assistant_3_id":null,"device_number":"","priority":1,"custom_1":null,"custom_2":null,"kinesis_redirect":false,"is_active":true,"capacity_1":5000.0,"capacity_2":0.0,"capacity_3":0.0,"capacity_4":null,"shift_start":"2000-01-01T00:00:00.000Z","shift_end":"2000-01-01T23:59:00.000Z","reload_time":0,"speed_factor":0.0,"days":"1,1,1,1,1,0,0","driver":{"email":"tsusana2@loscolonosdelnorte.cl","first_name":"tsusana2","last_name":"","phone":"","dni":null},"tags":[],"cost_allocation_tags":[],"device_type":"drivin_app","vehicle_tpye":null,"fleets":"COLONOS"},{"id":10565276,"code":"TY&M","description":null,"detail":null,"model":null,"year":null,"peoneta_id":null,"assistant_2_id":null,"assistant_3_id":null,"device_number":"","priority":1,"custom_1":null,"custom_2":null,"kinesis_redirect":false,"is_active":true,"capacity_1":5000.0,"capacity_2":0.0,"capacity_3":0.0,"capacity_4":null,"shift_start":"2000-01-01T00:00:00.000Z","shift_end":"2000-01-01T23:59:00.000Z","reload_time":0,"speed_factor":0.0,"days":"1,1,1,1,1,0,0","driver":{"email":"tmyv@loscolonosdelnorte.cl","first_name":"TY&M","last_name":"51","phone":"","dni":null},"tags":[],"cost_allocation_tags":[],"device_type":"drivin_app","vehicle_tpye":null,"fleets":"COLONOS"},{"id":10616996,"code":"TY&M2 13","description":null,"detail":null,"model":null,"year":null,"peoneta_id":null,"assistant_2_id":null,"assistant_3_id":null,"device_number":"","priority":1,"custom_1":null,"custom_2":null,"kinesis_redirect":false,"is_active":true,"capacity_1":5000.0,"capacity_2":0.0,"capacity_3":0.0,"capacity_4":null,"shift_start":"2000-01-01T00:00:00.000Z","shift_end":"2000-01-01T23:59:00.000Z","reload_time":0,"speed_factor":0.0,"days":"1,1,1,1,1,0,0","driver":{"email":"tyym2@loscolonosdelnorte.cl","first_name":"TY&M2 13","last_name":"","phone":"","dni":null},"tags":[],"cost_allocation_tags":[],"device_type":"drivin_app","vehicle_tpye":null,"fleets":"COLONOS"},{"id":10454855,"code":"WDELGADO","description":null,"detail":null,"model":null,"year":null,"peoneta_id":null,"assistant_2_id":null,"assistant_3_id":null,"device_number":"","priority":1,"custom_1":null,"custom_2":null,"kinesis_redirect":false,"is_active":true,"capacity_1":3000.0,"capacity_2":0.0,"capacity_3":0.0,"capacity_4":null,"shift_start":"2000-01-01T07:00:00.000Z","shift_end":"2000-01-01T23:59:00.000Z","reload_time":0,"speed_factor":0.0,"days":"1,1,1,1,1,0,0","driver":{"email":"wdelgado@loscolonosdelnorte.cl","first_name":"WDelgado","last_name":"20","phone":"","dni":null},"tags":[],"cost_allocation_tags":[],"device_type":"drivin_app","vehicle_tpye":null,"fleets":"COLONOS"}]} 
2025-01-06 06:08:46.2988 loggerfile request https://localhost:44367/api/documentos/list?bodegacode=&doctipo=12&estado=A&estadooperativo=&vendedorcode=&fechaini=&fechafin= 
2025-01-06 06:08:53.9116 loggerfile request https://localhost:44367/api/documentos/list?bodegacode=&doctipo=14&estado=A&estadooperativo=&vendedorcode=&fechaini=&fechafin= 
2025-01-06 06:08:54.0024 loggerfile request https://localhost:44367/api/documentos/list?bodegacode=&doctipo=15&estado=A&estadooperativo=&vendedorcode=&fechaini=&fechafin= 
2025-01-06 06:08:56.2177 loggerfile request https://localhost:44367/api/documentos/91?doctipo=14 
2025-01-06 06:09:46.2799 loggerfile request https://localhost:44367/api/documentos/94?doctipo=14 
2025-01-06 06:09:49.1136 loggerfile request https://localhost:44367/api/documentos/96?doctipo=14 
2025-01-06 06:09:52.1966 loggerfile request https://localhost:44367/api/documentos/99?doctipo=14 
2025-01-06 06:09:57.6146 loggerfile request https://localhost:44367/api/documentos/101?doctipo=14 
2025-01-06 06:10:00.9423 loggerfile request https://localhost:44367/api/documentos/86?doctipo=14 
2025-01-06 06:10:03.7591 loggerfile request https://localhost:44367/api/documentos/87?doctipo=14 
2025-01-06 06:20:56.0753 loggerfile request https://localhost:44367/api/documentos/list?bodegacode=&doctipo=14&estado=A&estadooperativo=&vendedorcode=&fechaini=&fechafin= 
2025-01-06 06:20:56.3739 loggerfile request https://localhost:44367/api/documentos/list?bodegacode=&doctipo=15&estado=A&estadooperativo=&vendedorcode=&fechaini=&fechafin= 
2025-01-06 06:20:58.6920 loggerfile request https://localhost:44367/api/documentos/86?doctipo=14 
2025-01-06 06:26:41.9438 loggerfile request https://localhost:44367/api/documentos/list?bodegacode=&doctipo=14&estado=A&estadooperativo=&vendedorcode=&fechaini=&fechafin= 
2025-01-06 06:26:42.1373 loggerfile request https://localhost:44367/api/documentos/list?bodegacode=&doctipo=15&estado=A&estadooperativo=&vendedorcode=&fechaini=&fechafin= 
2025-01-06 06:27:02.2051 loggerfile request https://localhost:44367/api/documentos/87?doctipo=14 
2025-01-06 06:28:58.1240 loggerfile request https://localhost:44367/api/documentos/list?bodegacode=&doctipo=14&estado=A&estadooperativo=&vendedorcode=&fechaini=&fechafin= 
2025-01-06 06:28:58.2217 loggerfile request https://localhost:44367/api/documentos/list?bodegacode=&doctipo=15&estado=A&estadooperativo=&vendedorcode=&fechaini=&fechafin= 
2025-01-06 06:29:02.6751 loggerfile request https://localhost:44367/api/documentos/93?doctipo=14 
2025-01-06 06:56:41.2828 loggerfile request https://localhost:44367/api/documentos/list?bodegacode=&doctipo=14&estado=A&estadooperativo=&vendedorcode=&fechaini=&fechafin= 
2025-01-06 06:56:42.8821 loggerfile request https://localhost:44367/api/documentos/list?bodegacode=&doctipo=15&estado=A&estadooperativo=&vendedorcode=&fechaini=&fechafin= 
2025-01-06 06:56:46.4398 loggerfile request https://localhost:44367/api/documentos/87?doctipo=14 
