2024-12-02 23:13:41.2673 loggerfile request https://localhost:44367/api/usuarios/list?idgrupo=COMERCIAL&idgrupo2= 
2024-12-02 23:13:43.1685 loggerfile request https://localhost:44367/api/documentos/list?doctipo=10&estado=&estadooperativo=&pendiente=-1&usuario=Admin&desde=2024-12-01&hasta=2024-12-02 
2024-12-02 23:13:59.7422 loggerfile request https://localhost:44367/api/usuarios/list?idgrupo=COMERCIAL&idgrupo2= 
2024-12-02 23:13:59.7627 loggerfile request https://localhost:44367/api/documentos/list?doctipo=10&estado=&estadooperativo=&pendiente=-1&usuario=Admin&desde=2024-12-01&hasta=2024-12-02 
2024-12-02 23:14:06.5490 loggerfile request https://localhost:44367/api/documentos/list?doctipo=10&estado=&estadooperativo=&pendiente=-1&usuario=ARAMIREZ&desde=2024-11-29&hasta=2024-12-02 
2024-12-02 23:14:19.7491 loggerfile request https://localhost:44367/api/bandejas/CRED?estado=0&visible=1 
2024-12-02 23:14:22.3208 loggerfile request https://localhost:44367/api/bandejas/PREC?estado=0&visible=1 
2024-12-02 23:14:24.3244 loggerfile request https://localhost:44367/api/usuarios/list?idgrupo=CALIDAD&idgrupo2=CAMARA 
2024-12-02 23:14:24.3441 loggerfile request https://localhost:44367/api/usuarios/list?idgrupo=OPERADOR-PROD&idgrupo2=OPERADOR-PROD 
2024-12-02 23:14:24.3665 loggerfile request https://localhost:44367/api/documentos/list?bodegacode=TOLEDO&doctipo=10&estado=A&estadooperativo=PREP&vendedorcode=&fechaini=&fechafin= 
2024-12-02 23:14:28.0580 loggerfile request https://localhost:44367/api/productos/bodegas 
2024-12-02 23:14:28.1019 loggerfile request https://localhost:44367/api/documentos/listpicking?bodegacode=TOLEDO&estado=A 
2024-12-02 23:14:32.2485 loggerfile request https://localhost:44367/api/usuarios/list?idgrupo=CALIDAD&idgrupo2=CAMARA 
2024-12-02 23:14:32.2886 loggerfile request https://localhost:44367/api/usuarios/list?idgrupo=OPERADOR-PROD&idgrupo2=OPERADOR-PROD 
2024-12-02 23:14:32.3222 loggerfile request https://localhost:44367/api/documentos/list?bodegacode=TOLEDO&doctipo=10&estado=A&estadooperativo=PREP&vendedorcode=&fechaini=&fechafin= 
2024-12-02 23:18:10.1046 loggerfile request https://localhost:44367/api/usuarios/list?idgrupo=CALIDAD&idgrupo2=CAMARA 
2024-12-02 23:18:10.1238 loggerfile request https://localhost:44367/api/usuarios/list?idgrupo=OPERADOR-PROD&idgrupo2=OPERADOR-PROD 
2024-12-02 23:18:10.1483 loggerfile request https://localhost:44367/api/documentos/list?bodegacode=TOLEDO&doctipo=10&estado=A&estadooperativo=PREP&vendedorcode=&fechaini=&fechafin= 
2024-12-02 23:19:27.4611 loggerfile request https://localhost:44367/api/usuarios/list?idgrupo=CALIDAD&idgrupo2=CAMARA 
2024-12-02 23:19:27.4930 loggerfile request https://localhost:44367/api/usuarios/list?idgrupo=OPERADOR-PROD&idgrupo2=OPERADOR-PROD 
2024-12-02 23:19:27.5091 loggerfile request https://localhost:44367/api/documentos/list?bodegacode=TOLEDO&doctipo=10&estado=A&estadooperativo=PREP&vendedorcode=&fechaini=&fechafin= 
2024-12-02 23:20:49.9836 loggerfile request https://localhost:44367/api/usuarios/list?idgrupo=CALIDAD&idgrupo2=CAMARA 
2024-12-02 23:20:50.0012 loggerfile request https://localhost:44367/api/usuarios/list?idgrupo=OPERADOR-PROD&idgrupo2=OPERADOR-PROD 
2024-12-02 23:20:50.0246 loggerfile request https://localhost:44367/api/documentos/list?bodegacode=TOLEDO&doctipo=10&estado=A&estadooperativo=PREP&vendedorcode=&fechaini=&fechafin= 
2024-12-02 23:21:00.7210 loggerfile request https://localhost:44367/api/bandejas/CRED?estado=0&visible=1 
2024-12-02 23:21:04.9802 loggerfile request https://localhost:44367/api/documentos/listpicking?bodegacode=TOLEDO&estado=A 
2024-12-02 23:21:12.1450 loggerfile request https://localhost:44367/api/usuarios/list?idgrupo=CALIDAD&idgrupo2=CAMARA 
2024-12-02 23:21:12.1694 loggerfile request https://localhost:44367/api/usuarios/list?idgrupo=OPERADOR-PROD&idgrupo2=OPERADOR-PROD 
2024-12-02 23:21:12.2051 loggerfile request https://localhost:44367/api/documentos/list?bodegacode=TOLEDO&doctipo=10&estado=A&estadooperativo=PREP&vendedorcode=&fechaini=&fechafin= 
2024-12-02 23:21:15.5851 loggerfile request https://localhost:44367/api/documentos/listpicking?bodegacode=TOLEDO&estado=A 
2024-12-02 23:21:19.5346 loggerfile request https://localhost:44367/api/usuarios/list?idgrupo=CALIDAD&idgrupo2=OPERADOR-PROD 
2024-12-02 23:21:19.5570 loggerfile request https://localhost:44367/api/documentos/list?bodegacode=PRODUCCION&doctipo=3010&estado=A&estadooperativo=&vendedorcode=&fechaini=&fechafin= 
2024-12-02 23:21:23.0101 loggerfile request https://localhost:44367/api/documentos/listpicking?bodegacode=PRODUCCION&estado=A 
2024-12-02 23:22:24.7233 loggerfile request https://localhost:44367/api/documentos/listpicking?bodegacode=PRODUCCION&estado=A 
2024-12-02 23:23:47.6912 loggerfile request https://localhost:44367/api/documentos/listpicking?bodegacode=PRODUCCION&estado=A 
2024-12-02 23:24:24.1523 loggerfile request https://localhost:44367/api/documentos/list?doctipo=10&estado=A&estadooperativo=PREP&pendiente=1&usuario=&desde=&hasta= 
2024-12-02 23:26:05.2180 loggerfile request https://localhost:44367/api/documentos/listpicking?bodegacode=PRODUCCION&estado=A 
2024-12-02 23:28:05.6040 loggerfile request https://localhost:44367/api/bandejas/CRED?estado=0&visible=1 
2024-12-02 23:29:25.1547 loggerfile request https://localhost:44367/api/bandejas/CRED?estado=0&visible=1 
2024-12-02 23:29:25.5998 loggerfile request https://localhost:44367/api/bandejas/CRED?estado=0&visible=1 
2024-12-02 23:29:28.1508 loggerfile request https://localhost:44367/api/documentos/listpicking?bodegacode=TOLEDO&estado=A 
2024-12-02 23:29:32.9360 loggerfile request https://localhost:44367/api/usuarios/list?idgrupo=CALIDAD&idgrupo2=CAMARA 
2024-12-02 23:29:32.9565 loggerfile request https://localhost:44367/api/usuarios/list?idgrupo=OPERADOR-PROD&idgrupo2=OPERADOR-PROD 
2024-12-02 23:29:32.9760 loggerfile request https://localhost:44367/api/documentos/list?bodegacode=TOLEDO&doctipo=10&estado=A&estadooperativo=PREP&vendedorcode=&fechaini=&fechafin= 
2024-12-02 23:29:50.8051 loggerfile request https://localhost:44367/api/documentos/list?doctipo=10&estado=A&estadooperativo=PREP&pendiente=1&usuario=&desde=&hasta= 
2024-12-02 23:29:58.2167 loggerfile request https://localhost:44367/api/vehiculos 
2024-12-02 23:29:59.0664 loggerfile request https://localhost:44367/api/documentos/list?bodegacode=&doctipo=12&estado=A&estadooperativo=&vendedorcode=&fechaini=&fechafin= 
2024-12-02 23:30:08.0057 loggerfile request https://localhost:44367/api/usuarios/list?idgrupo=COMERCIAL&idgrupo2= 
2024-12-02 23:30:08.0253 loggerfile request https://localhost:44367/api/documentos/list?doctipo=10&estado=&estadooperativo=&pendiente=-1&usuario=Admin&desde=2024-12-01&hasta=2024-12-02 
2024-12-02 23:30:10.9374 loggerfile request https://localhost:44367/api/bandejas/CRED?estado=0&visible=1 
2024-12-02 23:30:13.0578 loggerfile request https://localhost:44367/api/bandejas/PREC?estado=0&visible=1 
2024-12-02 23:30:16.0723 loggerfile request https://localhost:44367/api/usuarios/list?idgrupo=CALIDAD&idgrupo2=CAMARA 
2024-12-02 23:30:16.1707 loggerfile request https://localhost:44367/api/usuarios/list?idgrupo=OPERADOR-PROD&idgrupo2=OPERADOR-PROD 
2024-12-02 23:30:16.2035 loggerfile request https://localhost:44367/api/documentos/list?bodegacode=TOLEDO&doctipo=10&estado=A&estadooperativo=PREP&vendedorcode=&fechaini=&fechafin= 
2024-12-02 23:32:00.2301 loggerfile request https://localhost:44367/api/usuarios/list?idgrupo=CALIDAD&idgrupo2=OPERADOR-PROD 
2024-12-02 23:32:00.2626 loggerfile request https://localhost:44367/api/documentos/list?bodegacode=PRODUCCION&doctipo=3010&estado=A&estadooperativo=&vendedorcode=&fechaini=&fechafin= 
2024-12-02 23:32:03.0972 loggerfile request https://localhost:44367/api/documentos/listpicking?bodegacode=TOLEDO&estado=A 
2024-12-02 23:36:28.4650 loggerfile request https://localhost:44367/api/usuarios/list?idgrupo=COMERCIAL&idgrupo2= 
2024-12-02 23:36:28.4807 loggerfile request https://localhost:44367/api/documentos/list?doctipo=10&estado=&estadooperativo=&pendiente=-1&usuario=Admin&desde=2024-12-01&hasta=2024-12-02 
2024-12-02 23:37:28.1249 loggerfile request https://localhost:44367/api/usuarios/list?idgrupo=COMERCIAL&idgrupo2= 
2024-12-02 23:37:28.1493 loggerfile request https://localhost:44367/api/documentos/list?doctipo=10&estado=&estadooperativo=&pendiente=-1&usuario=Admin&desde=2024-12-01&hasta=2024-12-02 
2024-12-02 23:37:48.3813 loggerfile request https://localhost:44367/api/documentos/list?doctipo=10&estado=&estadooperativo=&pendiente=-1&usuario=ARAMIREZ&desde=2024-11-25&hasta=2024-12-02 
2024-12-02 23:37:58.8245 loggerfile request https://localhost:44367/api/bandejas/CRED?estado=0&visible=1 
2024-12-02 23:38:07.1748 loggerfile request https://localhost:44367/api/bandejas/PREC?estado=0&visible=1 
2024-12-02 23:38:07.6843 loggerfile request https://localhost:44367/api/usuarios/list?idgrupo=CALIDAD&idgrupo2=CAMARA 
2024-12-02 23:38:07.6999 loggerfile request https://localhost:44367/api/usuarios/list?idgrupo=OPERADOR-PROD&idgrupo2=OPERADOR-PROD 
2024-12-02 23:38:07.7106 loggerfile request https://localhost:44367/api/documentos/list?bodegacode=TOLEDO&doctipo=10&estado=A&estadooperativo=PREP&vendedorcode=&fechaini=&fechafin= 
2024-12-02 23:38:11.1227 loggerfile request https://localhost:44367/api/documentos/listpicking?bodegacode=TOLEDO&estado=A 
2024-12-02 23:38:13.9332 loggerfile request https://localhost:44367/api/usuarios/list?idgrupo=CALIDAD&idgrupo2=OPERADOR-PROD 
2024-12-02 23:38:13.9546 loggerfile request https://localhost:44367/api/documentos/list?bodegacode=PRODUCCION&doctipo=3010&estado=A&estadooperativo=&vendedorcode=&fechaini=&fechafin= 
2024-12-02 23:39:09.9453 loggerfile request https://localhost:44367/api/usuarios/list?idgrupo=CALIDAD&idgrupo2=OPERADOR-PROD 
2024-12-02 23:39:09.9609 loggerfile request https://localhost:44367/api/documentos/list?bodegacode=PRODUCCION&doctipo=3010&estado=A&estadooperativo=&vendedorcode=&fechaini=&fechafin= 
2024-12-02 23:40:01.8856 loggerfile request https://localhost:44367/api/usuarios/list?idgrupo=CALIDAD&idgrupo2=OPERADOR-PROD 
2024-12-02 23:40:01.9031 loggerfile request https://localhost:44367/api/documentos/list?bodegacode=PRODUCCION&doctipo=3010&estado=A&estadooperativo=&vendedorcode=&fechaini=&fechafin= 
2024-12-02 23:40:07.8460 loggerfile request https://localhost:44367/api/documentos/listpicking?bodegacode=TOLEDO&estado=A 
2024-12-02 23:40:09.5332 loggerfile request https://localhost:44367/api/documentos/listpicking?bodegacode=PRODUCCION&estado=A 
2024-12-02 23:40:12.1458 loggerfile request https://localhost:44367/api/documentos/list?doctipo=10&estado=A&estadooperativo=PREP&pendiente=1&usuario=&desde=&hasta= 
2024-12-02 23:40:15.7215 loggerfile request https://localhost:44367/api/vehiculos 
2024-12-02 23:40:17.4627 loggerfile request https://localhost:44367/api/documentos/list?bodegacode=&doctipo=12&estado=A&estadooperativo=&vendedorcode=&fechaini=&fechafin= 
2024-12-02 23:40:27.7291 loggerfile request https://localhost:44367/api/usuarios/list?idgrupo=COMERCIAL&idgrupo2= 
2024-12-02 23:41:26.1419 loggerfile request https://localhost:44367/api/usuarios/list?idgrupo=COMERCIAL&idgrupo2= 
2024-12-02 23:41:38.4967 loggerfile request https://localhost:44367/api/informes/seguimientooperacion?usuario=ARAMIREZ&fechaini=20241125&fechafin=20241202 
2024-12-02 23:42:48.9141 loggerfile request https://localhost:44367/api/usuarios/list?idgrupo=COMERCIAL&idgrupo2= 
2024-12-02 23:42:57.1117 loggerfile request https://localhost:44367/api/informes/seguimientooperacion?usuario=ARAMIREZ&fechaini=20241125&fechafin=20241202 
