2024-08-29 22:39:17.5652 loggerfile request https://localhost:44366/api/usuarios/list?idgrupo=COMERCIAL&idgrupo2= 
2024-08-29 22:39:19.5010 loggerfile request https://localhost:44366/api/documentos/list?doctipo=10&estado=&estadooperativo=&pendiente=-1&usuario=Admin&desde=2024-08-01&hasta=2024-08-29 
2024-08-29 22:40:54.7886 loggerfile request https://localhost:44366/api/usuarios/list?idgrupo=COMERCIAL&idgrupo2= 
2024-08-29 22:40:54.8147 loggerfile request https://localhost:44366/api/documentos/list?doctipo=10&estado=&estadooperativo=&pendiente=-1&usuario=Admin&desde=2024-08-01&hasta=2024-08-29 
2024-08-29 22:41:42.5576 loggerfile request https://localhost:44366/api/socios/search?palabras=gustavo 
2024-08-29 22:41:46.2645 loggerfile request https://localhost:44366/api/socios/05603828-0C/ 
2024-08-29 22:41:46.8186 loggerfile request https://localhost:44366/api/socios/propiedades 
2024-08-29 22:41:48.6885 loggerfile request https://localhost:44366/api/socios/05603828-0C/TopFamilia 
2024-08-29 22:41:48.8018 loggerfile request https://localhost:44366/api/socios/05603828-0C/TopRubro 
2024-08-29 22:41:48.9139 loggerfile request https://localhost:44366/api/socios/05603828-0C/TopVentas 
2024-08-29 22:41:56.2088 loggerfile request https://localhost:44366/api/socios/search?palabras=luis 
2024-08-29 22:41:59.2632 loggerfile request https://localhost:44366/api/socios/04367089-1C/ 
2024-08-29 22:41:59.3823 loggerfile request https://localhost:44366/api/socios/propiedades 
2024-08-29 22:41:59.5208 loggerfile request https://localhost:44366/api/socios/04367089-1C/TopFamilia 
2024-08-29 22:41:59.5628 loggerfile request https://localhost:44366/api/socios/04367089-1C/TopRubro 
2024-08-29 22:41:59.6112 loggerfile request https://localhost:44366/api/socios/04367089-1C/TopVentas 
2024-08-29 22:43:00.4839 loggerfile request https://localhost:44366/api/socios/search?palabras=luis 
2024-08-29 22:43:15.0928 loggerfile request https://localhost:44366/api/socios/04367089-1C/ 
2024-08-29 22:43:15.3964 loggerfile request https://localhost:44366/api/socios/propiedades 
2024-08-29 22:43:15.8727 loggerfile request https://localhost:44366/api/socios/04367089-1C/TopFamilia 
2024-08-29 22:43:16.0227 loggerfile request https://localhost:44366/api/socios/04367089-1C/TopRubro 
2024-08-29 22:43:16.1194 loggerfile request https://localhost:44366/api/socios/04367089-1C/TopVentas 
2024-08-29 22:43:24.0626 loggerfile request https://localhost:44366/api/productos/search?palabras=lomo&solorecetas=&maestro=&bodegacode= 
2024-08-29 22:43:35.0431 loggerfile request https://localhost:44366/api/productos/search?palabras=pollo&solorecetas=&maestro=&bodegacode= 
2024-08-29 23:45:55.5639 loggerfile request https://localhost:44366/api/usuarios/list?idgrupo=COMERCIAL&idgrupo2= 
2024-08-29 23:45:57.0602 loggerfile request https://localhost:44366/api/documentos/list?doctipo=10&estado=&estadooperativo=&pendiente=-1&usuario=Admin&desde=2024-08-01&hasta=2024-08-29 
2024-08-29 23:46:01.6891 loggerfile request https://localhost:44366/api/documentos/410091?doctipo=10 
2024-08-29 23:46:02.5660 loggerfile request https://localhost:44366/api/socios/77676401-9C/ 
2024-08-29 23:46:02.9298 loggerfile request https://localhost:44366/api/socios/propiedades 
2024-08-29 23:46:03.5975 loggerfile request https://localhost:44366/api/socios/77676401-9C/TopFamilia 
2024-08-29 23:46:03.6628 loggerfile request https://localhost:44366/api/socios/77676401-9C/TopRubro 
2024-08-29 23:46:03.7103 loggerfile request https://localhost:44366/api/socios/77676401-9C/TopVentas 
2024-08-29 23:54:29.5709 loggerfile request https://localhost:44366/api/usuarios/list?idgrupo=COMERCIAL&idgrupo2= 
2024-08-29 23:54:30.4691 loggerfile request https://localhost:44366/api/documentos/list?doctipo=10&estado=&estadooperativo=&pendiente=-1&usuario=Admin&desde=2024-08-01&hasta=2024-08-29 
2024-08-29 23:54:33.2686 loggerfile request https://localhost:44366/api/documentos/410091?doctipo=10 
2024-08-29 23:54:33.5600 loggerfile request https://localhost:44366/api/socios/77676401-9C/ 
2024-08-29 23:54:33.7638 loggerfile request https://localhost:44366/api/socios/propiedades 
2024-08-29 23:54:34.0856 loggerfile request https://localhost:44366/api/socios/77676401-9C/TopFamilia 
2024-08-29 23:54:34.1344 loggerfile request https://localhost:44366/api/socios/77676401-9C/TopRubro 
2024-08-29 23:54:34.1783 loggerfile request https://localhost:44366/api/socios/77676401-9C/TopVentas 
