2024-11-28 05:51:19.0575 loggerfile request https://localhost:44367/api/usuarios/list?idgrupo=CALIDAD&idgrupo2=CAMARA 
2024-11-28 05:51:21.5279 loggerfile request https://localhost:44367/api/usuarios/list?idgrupo=OPERADOR-PROD&idgrupo2=OPERADOR-PROD 
2024-11-28 05:51:21.6261 loggerfile request https://localhost:44367/api/documentos/list?bodegacode=TOLEDO&doctipo=10&estado=A&estadooperativo=PREP&vendedorcode=&fechaini=&fechafin= 
2024-11-28 05:53:50.1361 loggerfile request https://localhost:44367/api/usuarios/list?idgrupo=CALIDAD&idgrupo2=CAMARA 
2024-11-28 05:53:50.1527 loggerfile request https://localhost:44367/api/usuarios/list?idgrupo=OPERADOR-PROD&idgrupo2=OPERADOR-PROD 
2024-11-28 05:53:50.1703 loggerfile request https://localhost:44367/api/documentos/list?bodegacode=TOLEDO&doctipo=10&estado=A&estadooperativo=PREP&vendedorcode=&fechaini=&fechafin= 
2024-11-28 05:54:44.8983 loggerfile request https://localhost:44367/api/usuarios/list?idgrupo=CALIDAD&idgrupo2=CAMARA 
2024-11-28 05:54:44.9140 loggerfile request https://localhost:44367/api/usuarios/list?idgrupo=OPERADOR-PROD&idgrupo2=OPERADOR-PROD 
2024-11-28 05:54:44.9315 loggerfile request https://localhost:44367/api/documentos/list?bodegacode=TOLEDO&doctipo=10&estado=A&estadooperativo=PREP&vendedorcode=&fechaini=&fechafin= 
2024-11-28 05:54:54.3689 loggerfile request https://localhost:44367/api/documentos/list?bodegacode=TOLEDO&doctipo=10&estado=A&estadooperativo=PREP&vendedorcode=&fechaini=&fechafin= 
2024-11-28 05:55:19.3621 loggerfile request https://localhost:44367/api/documentos/415175?doctipo=10 
2024-11-28 05:59:38.7197 loggerfile request https://localhost:44367/api/usuarios/list?idgrupo=CALIDAD&idgrupo2=CAMARA 
2024-11-28 05:59:38.7402 loggerfile request https://localhost:44367/api/usuarios/list?idgrupo=OPERADOR-PROD&idgrupo2=OPERADOR-PROD 
2024-11-28 05:59:38.7559 loggerfile request https://localhost:44367/api/documentos/list?bodegacode=TOLEDO&doctipo=10&estado=A&estadooperativo=PREP&vendedorcode=&fechaini=&fechafin= 
2024-11-28 06:00:25.1935 loggerfile request https://localhost:44367/api/documentos/list?bodegacode=TOLEDO&doctipo=10&estado=A&estadooperativo=PREP&vendedorcode=&fechaini=&fechafin= 
2024-11-28 06:21:18.9722 loggerfile request https://localhost:44367/api/productos/bodegas 
2024-11-28 06:21:28.0648 loggerfile request https://localhost:44367/api/documentos/listpicking?bodegacode=TOLEDO&estado=A 
2024-11-28 06:23:57.4839 loggerfile request https://localhost:44367/api/documentos/listpicking?bodegacode=TOLEDO&estado=A 
2024-11-28 06:25:19.9672 loggerfile request https://localhost:44367/api/documentos/listpicking?bodegacode=TOLEDO&estado=A 
2024-11-28 06:26:08.8193 loggerfile request https://localhost:44367/api/usuarios/list?idgrupo=CALIDAD&idgrupo2=CAMARA 
2024-11-28 06:26:08.8644 loggerfile request https://localhost:44367/api/usuarios/list?idgrupo=OPERADOR-PROD&idgrupo2=OPERADOR-PROD 
2024-11-28 06:26:08.8929 loggerfile request https://localhost:44367/api/documentos/list?bodegacode=TOLEDO&doctipo=10&estado=A&estadooperativo=PREP&vendedorcode=&fechaini=&fechafin= 
2024-11-28 06:26:22.9948 loggerfile request https://localhost:44367/api/documentos/listpicking?bodegacode=TOLEDO&estado=A 
2024-11-28 06:27:19.7218 loggerfile request https://localhost:44367/api/documentos/listpicking?bodegacode=TOLEDO&estado=A 
2024-11-28 06:27:56.9980 loggerfile request https://localhost:44367/api/usuarios/list?idgrupo=CALIDAD&idgrupo2=OPERADOR-PROD 
2024-11-28 06:27:57.0214 loggerfile request https://localhost:44367/api/documentos/list?bodegacode=PRODUCCION&doctipo=3010&estado=A&estadooperativo=&vendedorcode=&fechaini=&fechafin= 
2024-11-28 06:28:13.8050 loggerfile request https://localhost:44367/api/documentos/list?doctipo=10&estado=A&estadooperativo=PREP&pendiente=1&usuario=&desde=&hasta= 
2024-11-28 06:34:20.7219 loggerfile request https://localhost:44367/api/documentos/listpicking?bodegacode=TOLEDO&estado=A 
2024-11-28 06:35:16.9431 loggerfile request https://localhost:44367/api/documentos/listpicking?bodegacode=TOLEDO&estado=A 
2024-11-28 06:35:20.0406 loggerfile request https://localhost:44367/api/documentos/listpicking?bodegacode=TOLEDO&estado=A 
2024-11-28 06:35:22.5262 loggerfile request https://localhost:44367/api/documentos/listpicking?bodegacode=TOLEDO&estado=A 
2024-11-28 06:36:54.0567 loggerfile request https://localhost:44367/api/documentos/listpicking?bodegacode=TOLEDO&estado=A 
2024-11-28 06:37:53.5953 loggerfile request https://localhost:44367/api/documentos/listpicking?bodegacode=PRODUCCION&estado=A 
2024-11-28 06:38:22.2086 loggerfile request https://localhost:44367/api/documentos/listpicking?bodegacode=TOLEDO&estado=A 
2024-11-28 06:44:14.1095 loggerfile request https://localhost:44367/api/documentos/listpicking?bodegacode=PRODUCCION&estado=A 
2024-11-28 06:44:30.1152 loggerfile request https://localhost:44367/api/usuarios/list?idgrupo=CALIDAD&idgrupo2=OPERADOR-PROD 
2024-11-28 06:44:30.1474 loggerfile request https://localhost:44367/api/documentos/list?bodegacode=PRODUCCION&doctipo=3010&estado=A&estadooperativo=&vendedorcode=&fechaini=&fechafin= 
2024-11-28 06:44:32.5017 loggerfile request https://localhost:44367/api/documentos/listpicking?bodegacode=PRODUCCION&estado=A 
2024-11-28 06:44:36.9711 loggerfile request https://localhost:44367/api/documentos/listpicking?bodegacode=TOLEDO&estado=A 
2024-11-28 06:44:46.0622 loggerfile request https://localhost:44367/api/usuarios/list?idgrupo=CALIDAD&idgrupo2=OPERADOR-PROD 
2024-11-28 06:44:46.1200 loggerfile request https://localhost:44367/api/documentos/list?bodegacode=PRODUCCION&doctipo=3010&estado=A&estadooperativo=&vendedorcode=&fechaini=&fechafin= 
2024-11-28 06:44:52.6356 loggerfile request https://localhost:44367/api/documentos/list?doctipo=10&estado=A&estadooperativo=PREP&pendiente=1&usuario=&desde=&hasta= 
2024-11-28 06:45:42.1877 loggerfile request https://localhost:44367/api/documentos/list?doctipo=10&estado=A&estadooperativo=PREP&pendiente=1&usuario=&desde=&hasta= 
