2024-09-03 04:03:20.5254 loggerfile request https://localhost:44366/api/usuarios/list?idgrupo=CALIDAD&idgrupo2=CAMARA 
2024-09-03 04:03:21.5915 loggerfile request https://localhost:44366/api/documentos/list?bodegacode=TOLEDO&doctipo=10&estado=A&estadooperativo=PREP&vendedorcode=&fechaini=&fechafin= 
2024-09-03 04:03:35.9287 loggerfile request https://localhost:44366/api/documentos/list?bodegacode=TOLEDO&doctipo=16&estado=A&estadooperativo=&vendedorcode=&fechaini=&fechafin= 
2024-09-03 04:03:51.9314 loggerfile request https://localhost:44366/api/usuarios/list?idgrupo=CALIDAD&idgrupo2=CAMARA 
2024-09-03 04:03:51.9606 loggerfile request https://localhost:44366/api/documentos/list?bodegacode=TOLEDO&doctipo=10&estado=A&estadooperativo=PREP&vendedorcode=&fechaini=&fechafin= 
2024-09-03 04:03:54.5511 loggerfile request https://localhost:44366/api/documentos/list?bodegacode=TOLEDO&doctipo=16&estado=A&estadooperativo=&vendedorcode=&fechaini=&fechafin= 
2024-09-03 04:04:01.5360 loggerfile request https://localhost:44366/api/documentos/410188?doctipo=10 
2024-09-03 04:04:09.6875 loggerfile request https://localhost:44366/api/productos/bodegas 
2024-09-03 04:04:10.0269 loggerfile request https://localhost:44366/api/documentos/listpicking?bodegacode=TOLEDO&estado=A 
2024-09-03 04:04:13.0049 loggerfile request https://localhost:44366/api/documentos/5254?doctipo=2010 
2024-09-03 04:04:13.5880 loggerfile request https://localhost:44366/api/documentos/410166?doctipo=10 
2024-09-03 04:04:23.0884 loggerfile request https://localhost:44366/api/documentos/5254?doctipo=2010 
2024-09-03 04:04:23.2777 loggerfile request https://localhost:44366/api/documentos/410166?doctipo=10 
2024-09-03 04:04:23.5276 loggerfile request https://localhost:44366/api/documentos/picking/toledo?docentry=5254 
2024-09-03 04:05:18.5108 loggerfile request https://localhost:44366/api/documentos/listpicking?bodegacode=PRODUCCION&estado=A 
2024-09-03 04:05:21.1579 loggerfile request https://localhost:44366/api/documentos/5249?doctipo=2010 
2024-09-03 04:05:21.3264 loggerfile request https://localhost:44366/api/documentos/20028?doctipo=3010 
2024-09-03 04:05:29.0877 loggerfile request https://localhost:44366/api/documentos/5249?doctipo=2010 
2024-09-03 04:05:29.2009 loggerfile request https://localhost:44366/api/documentos/20028?doctipo=3010 
2024-09-03 04:05:29.3014 loggerfile request https://localhost:44366/api/documentos/picking/produccion?docentry=5249 
2024-09-03 04:07:00.0009 loggerfile request https://localhost:44366/api/documentos/listpicking?bodegacode=TOLEDO&estado=A 
2024-09-03 04:07:02.6381 loggerfile request https://localhost:44366/api/documentos/5254?doctipo=2010 
2024-09-03 04:07:02.7884 loggerfile request https://localhost:44366/api/documentos/410166?doctipo=10 
2024-09-03 04:07:10.1031 loggerfile request https://localhost:44366/api/documentos/5254?doctipo=2010 
2024-09-03 04:07:10.2627 loggerfile request https://localhost:44366/api/documentos/410166?doctipo=10 
2024-09-03 04:07:10.5113 loggerfile request https://localhost:44366/api/documentos/picking/toledo?docentry=5254 
2024-09-03 04:09:00.6086 loggerfile request https://localhost:44366/api/documentos/listpicking?bodegacode=PRODUCCION&estado=A 
2024-09-03 04:09:03.9638 loggerfile request https://localhost:44366/api/documentos/5259?doctipo=2010 
2024-09-03 04:09:04.4830 loggerfile request https://localhost:44366/api/documentos/20031?doctipo=3010 
2024-09-03 04:09:11.2928 loggerfile request https://localhost:44366/api/documentos/5259?doctipo=2010 
2024-09-03 04:09:11.4905 loggerfile request https://localhost:44366/api/documentos/20031?doctipo=3010 
2024-09-03 04:09:11.8698 loggerfile request https://localhost:44366/api/documentos/picking/produccion?docentry=5259 
2024-09-03 04:10:07.1543 loggerfile request https://localhost:44366/api/documentos/5259?doctipo=2010 
2024-09-03 04:10:07.2588 loggerfile request https://localhost:44366/api/documentos/20031?doctipo=3010 
2024-09-03 04:10:15.1890 loggerfile request https://localhost:44366/api/documentos/5259?doctipo=2010 
2024-09-03 04:10:15.2719 loggerfile request https://localhost:44366/api/documentos/20031?doctipo=3010 
2024-09-03 04:10:15.4427 loggerfile request https://localhost:44366/api/documentos/picking/produccion?docentry=5259 
2024-09-03 04:23:20.3773 loggerfile request https://localhost:44366/api/documentos/5249?doctipo=2010 
2024-09-03 04:23:20.5106 loggerfile request https://localhost:44366/api/documentos/20028?doctipo=3010 
2024-09-03 04:23:28.0746 loggerfile request https://localhost:44366/api/documentos/5249?doctipo=2010 
2024-09-03 04:23:28.1517 loggerfile request https://localhost:44366/api/documentos/20028?doctipo=3010 
2024-09-03 04:23:28.2406 loggerfile request https://localhost:44366/api/documentos/picking/produccion?docentry=5249 
2024-09-03 04:46:44.7915 loggerfile request https://localhost:44366/api/productos/bodegas 
2024-09-03 04:46:44.9508 loggerfile request https://localhost:44366/api/documentos/listpicking?bodegacode=TOLEDO&estado=A 
2024-09-03 04:46:59.0727 loggerfile request https://localhost:44366/api/documentos/listpicking?bodegacode=TOLEDO&estado=A 
2024-09-03 05:14:47.7266 loggerfile request https://localhost:44366/api/productos/bodegas 
2024-09-03 05:14:49.7431 loggerfile request https://localhost:44366/api/documentos/listpicking?bodegacode=PRODUCCION&estado=A 
2024-09-03 05:14:55.4440 loggerfile request https://localhost:44366/api/documentos/5259?doctipo=2010 
2024-09-03 05:14:56.0944 loggerfile request https://localhost:44366/api/documentos/20031?doctipo=3010 
2024-09-03 05:15:03.7031 loggerfile request https://localhost:44366/api/documentos/5259?doctipo=2010 
2024-09-03 05:15:03.8384 loggerfile request https://localhost:44366/api/documentos/20031?doctipo=3010 
2024-09-03 05:15:04.1294 loggerfile request https://localhost:44366/api/documentos/picking/produccion?docentry=5259 
2024-09-03 05:18:34.0674 loggerfile request https://localhost:44366/api/productos/bodegas 
2024-09-03 05:18:35.1918 loggerfile request https://localhost:44366/api/documentos/listpicking?bodegacode=PRODUCCION&estado=A 
2024-09-03 05:18:39.2620 loggerfile request https://localhost:44366/api/documentos/5259?doctipo=2010 
2024-09-03 05:18:39.4073 loggerfile request https://localhost:44366/api/documentos/20031?doctipo=3010 
2024-09-03 05:18:46.5811 loggerfile request https://localhost:44366/api/documentos/5259?doctipo=2010 
2024-09-03 05:18:46.6889 loggerfile request https://localhost:44366/api/documentos/20031?doctipo=3010 
2024-09-03 05:18:46.8541 loggerfile request https://localhost:44366/api/documentos/picking/produccion?docentry=5259 
2024-09-03 05:28:18.5332 loggerfile request https://localhost:44366/api/productos/bodegas 
2024-09-03 05:28:19.7124 loggerfile request https://localhost:44366/api/documentos/listpicking?bodegacode=TOLEDO&estado=A 
2024-09-03 05:28:23.9622 loggerfile request https://localhost:44366/api/documentos/5254?doctipo=2010 
2024-09-03 05:28:24.1717 loggerfile request https://localhost:44366/api/documentos/410166?doctipo=10 
2024-09-03 05:28:33.4545 loggerfile request https://localhost:44366/api/documentos/5254?doctipo=2010 
2024-09-03 05:28:33.5937 loggerfile request https://localhost:44366/api/documentos/410166?doctipo=10 
2024-09-03 05:28:33.8575 loggerfile request https://localhost:44366/api/documentos/picking/toledo?docentry=5254 
2024-09-03 05:29:23.4165 loggerfile request https://localhost:44366/api/documentos/5260?doctipo=2010 
2024-09-03 05:29:23.4922 loggerfile request https://localhost:44366/api/documentos/410181?doctipo=10 
2024-09-03 05:29:30.4337 loggerfile request https://localhost:44366/api/documentos/5260?doctipo=2010 
2024-09-03 05:29:30.5084 loggerfile request https://localhost:44366/api/documentos/410181?doctipo=10 
2024-09-03 05:29:30.6773 loggerfile request https://localhost:44366/api/documentos/picking/toledo?docentry=5260 
2024-09-03 05:31:37.1696 loggerfile request https://localhost:44366/api/documentos/5260?doctipo=2010 
2024-09-03 05:31:37.2394 loggerfile request https://localhost:44366/api/documentos/410181?doctipo=10 
2024-09-03 05:31:44.5248 loggerfile request https://localhost:44366/api/documentos/5260?doctipo=2010 
2024-09-03 05:31:44.6126 loggerfile request https://localhost:44366/api/documentos/410181?doctipo=10 
2024-09-03 05:31:44.7503 loggerfile request https://localhost:44366/api/documentos/picking/toledo?docentry=5260 
2024-09-03 07:10:50.8179 loggerfile request https://localhost:44366/api/usuarios/list?idgrupo=COMERCIAL&idgrupo2= 
2024-09-03 07:10:53.0524 loggerfile request https://localhost:44366/api/documentos/list?doctipo=10&estado=&estadooperativo=&pendiente=-1&usuario=Admin&desde=2024-09-01&hasta=2024-09-03 
2024-09-03 07:10:58.2346 loggerfile request https://localhost:44366/api/documentos/410171?doctipo=10 
2024-09-03 07:10:58.6183 loggerfile request https://localhost:44366/api/socios/76476503-6C/ 
2024-09-03 07:10:59.5729 loggerfile request https://localhost:44366/api/socios/propiedades 
2024-09-03 07:11:00.7750 loggerfile request https://localhost:44366/api/socios/76476503-6C/TopFamilia 
2024-09-03 07:11:00.8840 loggerfile request https://localhost:44366/api/socios/76476503-6C/TopRubro 
2024-09-03 07:11:00.9534 loggerfile request https://localhost:44366/api/socios/76476503-6C/TopVentas 
2024-09-03 07:15:34.9657 loggerfile request https://localhost:44366/api/documentos/410171?doctipo=10 
2024-09-03 07:16:50.8003 loggerfile request https://localhost:44366/api/documentos/410171?doctipo=10 
2024-09-03 07:19:38.4423 loggerfile request https://localhost:44366/api/documentos/410171?doctipo=10 
2024-09-03 07:19:38.6488 loggerfile request https://localhost:44366/api/documentos/410171?doctipo=10 
2024-09-03 07:20:58.8778 loggerfile request https://localhost:44366/api/documentos/410171?doctipo=10 
2024-09-03 07:20:59.0808 loggerfile request https://localhost:44366/api/documentos/410171?doctipo=10 
2024-09-03 07:21:51.1479 loggerfile request https://localhost:44366/api/documentos/410171?doctipo=10 
2024-09-03 07:21:51.3470 loggerfile request https://localhost:44366/api/documentos/410171?doctipo=10 
2024-09-03 07:27:09.9733 loggerfile request https://localhost:44366/api/usuarios/list?idgrupo=COMERCIAL&idgrupo2= 
2024-09-03 07:27:11.0652 loggerfile request https://localhost:44366/api/documentos/list?doctipo=10&estado=&estadooperativo=&pendiente=-1&usuario=Admin&desde=2024-09-01&hasta=2024-09-03 
2024-09-03 07:27:22.7628 loggerfile request https://localhost:44366/api/documentos/410171?doctipo=10 
2024-09-03 07:27:23.0381 loggerfile request https://localhost:44366/api/socios/76476503-6C/ 
2024-09-03 07:27:23.2428 loggerfile request https://localhost:44366/api/socios/propiedades 
2024-09-03 07:27:23.6494 loggerfile request https://localhost:44366/api/socios/76476503-6C/TopFamilia 
2024-09-03 07:27:23.7154 loggerfile request https://localhost:44366/api/socios/76476503-6C/TopRubro 
2024-09-03 07:27:23.7609 loggerfile request https://localhost:44366/api/socios/76476503-6C/TopVentas 
2024-09-03 07:27:34.7760 loggerfile request https://localhost:44366/api/documentos/410171?doctipo=10 
2024-09-03 07:27:34.9723 loggerfile request https://localhost:44366/api/documentos/410171?doctipo=10 
2024-09-03 07:31:23.6401 loggerfile request https://localhost:44366/api/documentos/410171?doctipo=10 
2024-09-03 07:31:23.8349 loggerfile request https://localhost:44366/api/documentos/410171?doctipo=10 
2024-09-03 07:33:19.6476 loggerfile request https://localhost:44366/api/documentos/410171?doctipo=10 
2024-09-03 07:33:19.8350 loggerfile request https://localhost:44366/api/documentos/410171?doctipo=10 
2024-09-03 07:37:23.3629 loggerfile request https://localhost:44366/api/documentos/410171?doctipo=10 
2024-09-03 07:37:23.5554 loggerfile request https://localhost:44366/api/documentos/410171?doctipo=10 
2024-09-03 08:22:08.1593 loggerfile request https://localhost:44366/api/usuarios/list?idgrupo=COMERCIAL&idgrupo2= 
2024-09-03 08:22:09.9014 loggerfile request https://localhost:44366/api/documentos/list?doctipo=10&estado=&estadooperativo=&pendiente=-1&usuario=Admin&desde=2024-09-01&hasta=2024-09-03 
2024-09-03 08:22:22.2903 loggerfile request https://localhost:44366/api/documentos/410171?doctipo=10 
2024-09-03 08:22:23.3512 loggerfile request https://localhost:44366/api/socios/76476503-6C/ 
2024-09-03 08:22:23.6469 loggerfile request https://localhost:44366/api/socios/propiedades 
2024-09-03 08:22:24.2608 loggerfile request https://localhost:44366/api/socios/76476503-6C/TopFamilia 
2024-09-03 08:22:24.3175 loggerfile request https://localhost:44366/api/socios/76476503-6C/TopRubro 
2024-09-03 08:22:24.3721 loggerfile request https://localhost:44366/api/socios/76476503-6C/TopVentas 
2024-09-03 08:22:33.3101 loggerfile request https://localhost:44366/api/documentos/410171?doctipo=10 
2024-09-03 08:22:38.0616 loggerfile request https://localhost:44366/api/documentos/410171?doctipo=10 
2024-09-03 08:25:07.1092 loggerfile request https://localhost:44366/api/documentos/410171?doctipo=10 
2024-09-03 08:25:07.3064 loggerfile request https://localhost:44366/api/documentos/410171?doctipo=10 
2024-09-03 08:31:40.4493 loggerfile request https://localhost:44366/api/documentos/410171?doctipo=10 
2024-09-03 08:31:40.6797 loggerfile request https://localhost:44366/api/documentos/410171?doctipo=10 
2024-09-03 08:32:42.3572 loggerfile request https://localhost:44366/api/documentos/410171?doctipo=10 
2024-09-03 08:32:42.5309 loggerfile request https://localhost:44366/api/documentos/410171?doctipo=10 
2024-09-03 08:34:00.7328 loggerfile request https://localhost:44366/api/documentos/410171?doctipo=10 
2024-09-03 08:34:00.9251 loggerfile request https://localhost:44366/api/documentos/410171?doctipo=10 
2024-09-03 08:41:14.0862 loggerfile request https://localhost:44366/api/documentos/410171?doctipo=10 
2024-09-03 08:41:14.2912 loggerfile request https://localhost:44366/api/socios/76476503-6C/ 
2024-09-03 08:41:14.3946 loggerfile request https://localhost:44366/api/socios/propiedades 
2024-09-03 08:41:14.5684 loggerfile request https://localhost:44366/api/socios/76476503-6C/TopFamilia 
2024-09-03 08:41:14.6103 loggerfile request https://localhost:44366/api/socios/76476503-6C/TopRubro 
2024-09-03 08:41:14.6503 loggerfile request https://localhost:44366/api/socios/76476503-6C/TopVentas 
2024-09-03 08:41:26.8543 loggerfile request https://localhost:44366/api/documentos/410171?doctipo=10 
2024-09-03 08:41:27.0310 loggerfile request https://localhost:44366/api/documentos/410171?doctipo=10 
2024-09-03 08:42:09.1064 loggerfile request https://localhost:44366/api/documentos/410171?doctipo=10 
2024-09-03 08:42:09.2987 loggerfile request https://localhost:44366/api/documentos/410171?doctipo=10 
2024-09-03 08:42:33.5147 loggerfile request https://localhost:44366/api/documentos/410171?doctipo=10 
2024-09-03 08:42:33.7411 loggerfile request https://localhost:44366/api/socios/76476503-6C/ 
2024-09-03 08:42:33.8387 loggerfile request https://localhost:44366/api/socios/propiedades 
2024-09-03 08:42:33.9802 loggerfile request https://localhost:44366/api/socios/76476503-6C/TopFamilia 
2024-09-03 08:42:34.1081 loggerfile request https://localhost:44366/api/socios/76476503-6C/TopRubro 
2024-09-03 08:42:34.1471 loggerfile request https://localhost:44366/api/socios/76476503-6C/TopVentas 
2024-09-03 08:42:49.7144 loggerfile request https://localhost:44366/api/documentos/410171?doctipo=10 
2024-09-03 08:42:49.9057 loggerfile request https://localhost:44366/api/documentos/410171?doctipo=10 
2024-09-03 08:45:18.7443 loggerfile request https://localhost:44366/api/usuarios/list?idgrupo=COMERCIAL&idgrupo2= 
2024-09-03 08:45:19.8423 loggerfile request https://localhost:44366/api/documentos/list?doctipo=10&estado=&estadooperativo=&pendiente=-1&usuario=Admin&desde=2024-09-01&hasta=2024-09-03 
2024-09-03 08:45:25.2881 loggerfile request https://localhost:44366/api/documentos/410171?doctipo=10 
2024-09-03 08:45:25.5448 loggerfile request https://localhost:44366/api/socios/76476503-6C/ 
2024-09-03 08:45:25.6580 loggerfile request https://localhost:44366/api/socios/propiedades 
2024-09-03 08:45:26.0152 loggerfile request https://localhost:44366/api/socios/76476503-6C/TopFamilia 
2024-09-03 08:45:26.0718 loggerfile request https://localhost:44366/api/socios/76476503-6C/TopRubro 
2024-09-03 08:45:26.1216 loggerfile request https://localhost:44366/api/socios/76476503-6C/TopVentas 
2024-09-03 08:45:34.6289 loggerfile request https://localhost:44366/api/documentos/410171?doctipo=10 
2024-09-03 08:45:34.8104 loggerfile request https://localhost:44366/api/documentos/410171?doctipo=10 
2024-09-03 08:48:02.0687 loggerfile request https://localhost:44366/api/usuarios/list?idgrupo=COMERCIAL&idgrupo2= 
2024-09-03 08:48:02.0944 loggerfile request https://localhost:44366/api/documentos/list?doctipo=10&estado=&estadooperativo=&pendiente=-1&usuario=Admin&desde=2024-09-01&hasta=2024-09-03 
2024-09-03 08:48:10.2856 loggerfile request https://localhost:44366/api/documentos/list?doctipo=10&estado=&estadooperativo=&pendiente=-1&usuario=&desde=2024-09-01&hasta=2024-09-03 
2024-09-03 08:48:15.0249 loggerfile request https://localhost:44366/api/documentos/410176?doctipo=10 
2024-09-03 08:48:15.2630 loggerfile request https://localhost:44366/api/socios/77295677-0C/ 
2024-09-03 08:48:15.3519 loggerfile request https://localhost:44366/api/socios/propiedades 
2024-09-03 08:48:15.4826 loggerfile request https://localhost:44366/api/socios/77295677-0C/TopFamilia 
2024-09-03 08:48:15.5119 loggerfile request https://localhost:44366/api/socios/77295677-0C/TopRubro 
2024-09-03 08:48:15.5558 loggerfile request https://localhost:44366/api/socios/77295677-0C/TopVentas 
2024-09-03 08:48:27.1719 loggerfile request https://localhost:44366/api/documentos/410176?doctipo=10 
2024-09-03 08:48:27.3281 loggerfile request https://localhost:44366/api/documentos/410176?doctipo=10 
2024-09-03 08:48:50.2538 loggerfile request https://localhost:44366/api/usuarios/list?idgrupo=COMERCIAL&idgrupo2= 
2024-09-03 08:48:54.5617 loggerfile request https://localhost:44366/api/informes/seguimientooperacion?usuario=&fechaini=20240901&fechafin=20240903 
2024-09-03 08:49:33.1089 loggerfile request https://localhost:44366/api/usuarios/list?idgrupo=COMERCIAL&idgrupo2= 
2024-09-03 08:49:33.1592 loggerfile request https://localhost:44366/api/documentos/list?doctipo=10&estado=&estadooperativo=&pendiente=-1&usuario=Admin&desde=2024-09-01&hasta=2024-09-03 
2024-09-03 08:49:36.4558 loggerfile request https://localhost:44366/api/documentos/search?palabras=410141&vendedorcode=Admin&doctipo=10&usuario=Admin 
2024-09-03 08:49:37.3994 loggerfile request https://localhost:44366/api/documentos/410141?doctipo=10 
2024-09-03 08:49:37.6327 loggerfile request https://localhost:44366/api/socios/19.078.803-2C/ 
2024-09-03 08:49:37.7186 loggerfile request https://localhost:44366/api/socios/propiedades 
2024-09-03 08:49:37.8645 loggerfile request https://localhost:44366/api/socios/19.078.803-2C/TopFamilia 
2024-09-03 08:49:37.9094 loggerfile request https://localhost:44366/api/socios/19.078.803-2C/TopRubro 
2024-09-03 08:49:37.9484 loggerfile request https://localhost:44366/api/socios/19.078.803-2C/TopVentas 
2024-09-03 08:49:45.3067 loggerfile request https://localhost:44366/api/documentos/410141?doctipo=10 
2024-09-03 08:49:45.4902 loggerfile request https://localhost:44366/api/documentos/410141?doctipo=10 
2024-09-03 08:51:07.0484 loggerfile request https://localhost:44366/api/documentos/410141?doctipo=10 
2024-09-03 08:51:07.2201 loggerfile request https://localhost:44366/api/documentos/410141?doctipo=10 
2024-09-03 08:52:57.9592 loggerfile request https://localhost:44366/api/documentos/410141?doctipo=10 
2024-09-03 08:52:58.1232 loggerfile request https://localhost:44366/api/socios/19.078.803-2C/ 
2024-09-03 08:52:58.2042 loggerfile request https://localhost:44366/api/socios/propiedades 
2024-09-03 08:52:58.3242 loggerfile request https://localhost:44366/api/socios/19.078.803-2C/TopFamilia 
2024-09-03 08:52:58.3594 loggerfile request https://localhost:44366/api/socios/19.078.803-2C/TopRubro 
2024-09-03 08:52:58.3955 loggerfile request https://localhost:44366/api/socios/19.078.803-2C/TopVentas 
2024-09-03 08:53:11.9692 loggerfile request https://localhost:44366/api/documentos/410141?doctipo=10 
2024-09-03 08:53:12.1733 loggerfile request https://localhost:44366/api/documentos/410141?doctipo=10 
2024-09-03 08:53:24.1513 loggerfile request https://localhost:44366/api/documentos/410141?doctipo=10 
2024-09-03 08:53:24.3232 loggerfile request https://localhost:44366/api/documentos/410141?doctipo=10 
2024-09-03 08:53:24.4964 loggerfile request https://localhost:44366/api/socios/19.078.803-2C/ 
2024-09-03 08:53:24.5828 loggerfile request https://localhost:44366/api/socios/propiedades 
2024-09-03 08:53:24.7097 loggerfile request https://localhost:44366/api/socios/19.078.803-2C/TopFamilia 
2024-09-03 08:53:24.7502 loggerfile request https://localhost:44366/api/socios/19.078.803-2C/TopRubro 
2024-09-03 08:53:24.7864 loggerfile request https://localhost:44366/api/socios/19.078.803-2C/TopVentas 
2024-09-03 09:34:30.6381 loggerfile request https://localhost:44366/api/productos/propiedades 
2024-09-03 09:34:35.2773 loggerfile RenovarToken... 
2024-09-03 09:34:35.2773 loggerfile RenovarToken, url: https://api.defontana.com/api/auth?client=GVLIMITADA&company=GVLIMITADA&user=COBRANZAS&password=JHernandez21 
2024-09-03 09:34:36.0999 loggerfile response.ErrorMessage:  
2024-09-03 09:34:36.0999 loggerfile response.ErrorException:  
2024-09-03 09:34:36.0999 loggerfile response.ProtocolVersion: 1.1 
2024-09-03 09:34:36.0999 loggerfile response.StatusCode: OK 
2024-09-03 09:34:36.0999 loggerfile response.StatusDescription: OK 
2024-09-03 09:34:36.0999 loggerfile response.Content: {"success":true,"message":null,"access_token":"eyJ0eXAiOiJKV1QiLCJhbGciOiJIUzI1NiJ9.eyJuYW1laWQiOiJBRDEyM0ZULUhHREY1Ni1LSTIzS0wtS0pUUDk4NzYtSEdUMTIiLCJ1bmlxdWVfbmFtZSI6ImNsaWVudC5sZWdhY3lAZGVmb250YW5hLmNvbSIsImh0dHA6Ly9zY2hlbWFzLm1pY3Jvc29mdC5jb20vYWNjZXNzY29udHJvbHNlcnZpY2UvMjAxMC8wNy9jbGFpbXMvaWRlbnRpdHlwcm92aWRlciI6IkFTUC5ORVQgSWRlbnRpdHkiLCJBc3BOZXQuSWRlbnRpdHkuU2VjdXJpdHlTdGFtcCI6IkdIVEQyMzQtS0xISjc4NjgtRkc0OTIzLUhKRzA4RlQ1NiIsImNvbXBhbnkiOiJHVkxJTUlUQURBIiwiY2xpZW50IjoiR1ZMSU1JVEFEQSIsIm9sZHNlcnZpY2UiOiJwbGF0aW51bSIsInVzZXIiOiJDT0JSQU5aQVMiLCJzZXNzaW9uIjoiMTcyNTM3MDA3NyIsInNlcnZpY2UiOiJwbGF0aW51bSIsImNvdW50cnkiOiJDTCIsImNvbXBhbnlfbmFtZSI6IlNlcnZpY2lvcyB5IFJlbnRhcyBHLlYuIFNwQSIsImNvbXBhbnlfY291bnRyeSI6IkNMIiwidXNlcl9uYW1lIjoiSm9uYXRoYW4gSGVybmFuZGV6IiwiZXhwaXJhdGlvbl9kYXRlIjoxNzU0Njk3NjAwLCJjbGllbnRfY29uZGl0aW9uIjoiUyIsInJvbGVzUG9zIjoiW1widXN1YXJpb1wiLFwidXN1YXJpb2VycFwiXSIsInJ1dF91c3VhcmlvIjoiMTEuMTExLjExMS0xIiwiaXNzIjoiaHR0cHM6Ly8qLmRlZm9udGFuYS5jb20iLCJhdWQiOiIwOTkxNTNjMjYyNTE0OWJjOGVjYjNlODVlMDNmMDAyMiIsImV4cCI6MTc1NjkwNjQ3NiwibmJmIjoxNzI1MzcwNDc2fQ.2jlV0i7sejzgYRkVnxEV8rTlRhLOb1pLFOfXiGX5eDE","expires_in":31535999,"token_type":"bearer"} 
2024-09-03 09:36:47.6408 loggerfile request https://localhost:44366/api/productos?activo=S 
2024-09-03 09:36:53.0908 loggerfile request https://localhost:44366/api/productos/AVPOLPEC13 
2024-09-03 09:43:32.9653 loggerfile request https://localhost:44366/api/usuarios/list?idgrupo=CALIDAD&idgrupo2=CAMARA 
2024-09-03 09:43:33.0785 loggerfile request https://localhost:44366/api/documentos/list?bodegacode=TOLEDO&doctipo=10&estado=A&estadooperativo=PREP&vendedorcode=&fechaini=&fechafin= 
2024-09-03 09:43:41.1301 loggerfile request https://localhost:44366/api/documentos/list?bodegacode=TOLEDO&doctipo=16&estado=A&estadooperativo=&vendedorcode=&fechaini=&fechafin= 
2024-09-03 09:51:22.1707 loggerfile request https://localhost:44366/api/documentos/410200?doctipo=10 
2024-09-03 09:51:22.1707 loggerfile request https://localhost:44366/api/documentos/410200?doctipo=10 
2024-09-03 09:51:40.5200 loggerfile request https://localhost:44366/api/documentos/list?bodegacode=TOLEDO&doctipo=10&estado=A&estadooperativo=PREP&vendedorcode=&fechaini=&fechafin= 
2024-09-03 09:51:42.6626 loggerfile request https://localhost:44366/api/documentos/list?bodegacode=TOLEDO&doctipo=16&estado=A&estadooperativo=&vendedorcode=&fechaini=&fechafin= 
2024-09-03 09:51:47.7116 loggerfile request https://localhost:44366/api/documentos/410183?doctipo=10 
2024-09-03 09:52:01.5277 loggerfile request https://localhost:44366/api/documentos/410191?doctipo=10 
2024-09-03 09:52:25.1042 loggerfile request https://localhost:44366/api/documentos/410191?doctipo=10 
2024-09-03 09:53:20.4245 loggerfile request https://localhost:44366/api/documentos/410191?doctipo=10 
2024-09-03 09:59:02.8883 loggerfile request https://localhost:44366/api/usuarios/list?idgrupo=CALIDAD&idgrupo2=CAMARA 
2024-09-03 09:59:03.5515 loggerfile request https://localhost:44366/api/documentos/list?bodegacode=TOLEDO&doctipo=10&estado=A&estadooperativo=PREP&vendedorcode=&fechaini=&fechafin= 
2024-09-03 09:59:08.5896 loggerfile request https://localhost:44366/api/documentos/list?bodegacode=TOLEDO&doctipo=16&estado=A&estadooperativo=&vendedorcode=&fechaini=&fechafin= 
2024-09-03 09:59:19.6947 loggerfile request https://localhost:44366/api/documentos/list?bodegacode=TOLEDO&doctipo=10&estado=A&estadooperativo=PREP&vendedorcode=&fechaini=&fechafin= 
2024-09-03 09:59:22.6884 loggerfile request https://localhost:44366/api/documentos/list?bodegacode=TOLEDO&doctipo=16&estado=A&estadooperativo=&vendedorcode=&fechaini=&fechafin= 
2024-09-03 09:59:27.4266 loggerfile request https://localhost:44366/api/documentos/410191?doctipo=10 
2024-09-03 10:03:48.4544 loggerfile request https://localhost:44366/api/productos/bodegas 
2024-09-03 10:03:50.5122 loggerfile request https://localhost:44366/api/documentos/listpicking?bodegacode=TOLEDO&estado=A 
2024-09-03 10:04:07.2219 loggerfile request https://localhost:44366/api/usuarios/list?idgrupo=CALIDAD&idgrupo2=CAMARA 
2024-09-03 10:04:07.2728 loggerfile request https://localhost:44366/api/documentos/list?bodegacode=TOLEDO&doctipo=10&estado=A&estadooperativo=PREP&vendedorcode=&fechaini=&fechafin= 
2024-09-03 10:04:15.0858 loggerfile request https://localhost:44366/api/documentos/list?bodegacode=TOLEDO&doctipo=16&estado=A&estadooperativo=&vendedorcode=&fechaini=&fechafin= 
2024-09-03 10:04:21.5829 loggerfile request https://localhost:44366/api/documentos/list?bodegacode=TOLEDO&doctipo=10&estado=A&estadooperativo=PREP&vendedorcode=&fechaini=&fechafin= 
2024-09-03 10:04:21.6635 loggerfile request https://localhost:44366/api/documentos/list?bodegacode=TOLEDO&doctipo=16&estado=A&estadooperativo=&vendedorcode=&fechaini=&fechafin= 
2024-09-03 10:04:29.4325 loggerfile request https://localhost:44366/api/documentos/410191?doctipo=10 
2024-09-03 10:05:01.1699 loggerfile request https://localhost:44366/api/documentos/410178?doctipo=10 
2024-09-03 10:05:17.3311 loggerfile request https://localhost:44366/api/documentos/410178?doctipo=10 
2024-09-03 10:05:22.2683 loggerfile request https://localhost:44366/api/documentos/410189?doctipo=10 
2024-09-03 10:05:31.3301 loggerfile request https://localhost:44366/api/documentos/410163?doctipo=10 
2024-09-03 10:05:44.9366 loggerfile request https://localhost:44366/api/documentos/410151?doctipo=10 
2024-09-03 10:05:49.9885 loggerfile request https://localhost:44366/api/documentos/410183?doctipo=10 
2024-09-03 10:05:55.6695 loggerfile request https://localhost:44366/api/documentos/410191?doctipo=10 
2024-09-03 10:06:09.6500 loggerfile request https://localhost:44366/api/documentos/410191?doctipo=10 
2024-09-03 13:28:43.1960 loggerfile request https://localhost:44366/api/usuarios/list?idgrupo=COMERCIAL&idgrupo2= 
2024-09-03 13:28:46.6478 loggerfile request https://localhost:44366/api/documentos/list?doctipo=10&estado=&estadooperativo=&pendiente=-1&usuario=Admin&desde=2024-09-01&hasta=2024-09-03 
2024-09-03 13:28:51.1131 loggerfile request https://localhost:44366/api/documentos/search?palabras=410185&vendedorcode=Admin&doctipo=10&usuario=Admin 
2024-09-03 13:29:09.7995 loggerfile request https://localhost:44366/api/documentos/410185?doctipo=10 
2024-09-03 13:37:00.8133 loggerfile request https://localhost:44366/api/documentos/410185?doctipo=10 
2024-09-03 13:37:10.2362 loggerfile request https://localhost:44366/api/socios/87020800-6C/ 
2024-09-03 13:37:10.6416 loggerfile request https://localhost:44366/api/socios/propiedades 
2024-09-03 13:37:12.3975 loggerfile request https://localhost:44366/api/socios/87020800-6C/TopFamilia 
2024-09-03 13:37:12.5555 loggerfile request https://localhost:44366/api/socios/87020800-6C/TopRubro 
2024-09-03 13:37:12.6459 loggerfile request https://localhost:44366/api/socios/87020800-6C/TopVentas 
2024-09-03 13:38:14.4192 loggerfile request https://localhost:44366/api/documentos/410185?doctipo=10 
2024-09-03 13:38:14.6848 loggerfile request https://localhost:44366/api/socios/87020800-6C/ 
2024-09-03 13:38:14.8533 loggerfile request https://localhost:44366/api/socios/propiedades 
2024-09-03 13:38:15.0236 loggerfile request https://localhost:44366/api/socios/87020800-6C/TopFamilia 
2024-09-03 13:38:15.0558 loggerfile request https://localhost:44366/api/socios/87020800-6C/TopRubro 
2024-09-03 13:38:15.0909 loggerfile request https://localhost:44366/api/socios/87020800-6C/TopVentas 
2024-09-03 13:38:25.4956 loggerfile request https://localhost:44366/api/socios/propiedades 
2024-09-03 13:38:29.8100 loggerfile request https://localhost:44366/api/socios/search?palabras=87020800-6C&usuario=Admin 
2024-09-03 13:38:31.8847 loggerfile request https://localhost:44366/api/socios/87020800-6C/ 
2024-09-03 13:38:31.9998 loggerfile request https://localhost:44366/api/bandejas/CRED?sociocode=87020800-6C&top=0 
